[rhis_server] 2025-06-15 00:00:03.934 INFO 当前模式:prod
[rhis_server] 2025-06-15 00:00:03.935 INFO env:undefined
[rhis_server] 2025-06-15 00:00:03.935 INFO Web服务端口：80
[rhis_server] 2025-06-15 00:00:04.066 INFO http 服务启动成功，进程ID：19
[rhis_server] 2025-06-15 00:00:04.937 DEBUG 开始监听日志消息队列
[rhis_server] 2025-06-15 00:00:17.904 INFO 当前模式:prod
[rhis_server] 2025-06-15 00:00:17.905 INFO env:undefined
[rhis_server] 2025-06-15 00:00:17.905 INFO Web服务端口：80
[rhis_server] 2025-06-15 00:00:17.971 INFO http 服务启动成功，进程ID：19
[rhis_server] 2025-06-15 00:00:18.907 DEBUG 开始监听日志消息队列
[rhis_server] 2025-06-15 00:00:33.624 INFO 当前模式:prod
[rhis_server] 2025-06-15 00:00:33.625 INFO env:undefined
[rhis_server] 2025-06-15 00:00:33.626 INFO Web服务端口：80
[rhis_server] 2025-06-15 00:00:33.693 INFO http 服务启动成功，进程ID：19
[rhis_server] 2025-06-15 00:00:34.627 DEBUG 开始监听日志消息队列
[rhis_server] 2025-06-15 00:00:48.932 INFO 当前模式:prod
[rhis_server] 2025-06-15 00:00:48.933 INFO env:undefined
[rhis_server] 2025-06-15 00:00:48.933 INFO Web服务端口：80
[rhis_server] 2025-06-15 00:00:49.009 INFO http 服务启动成功，进程ID：19
[rhis_server] 2025-06-15 00:00:49.935 DEBUG 开始监听日志消息队列
[rhis_server] 2025-06-15 00:01:02.202 INFO 当前模式:prod
[rhis_server] 2025-06-15 00:01:02.203 INFO env:undefined
[rhis_server] 2025-06-15 00:01:02.203 INFO Web服务端口：80
[rhis_server] 2025-06-15 00:01:02.268 INFO http 服务启动成功，进程ID：19
[rhis_server] 2025-06-15 00:01:03.205 DEBUG 开始监听日志消息队列
[rhis_server] 2025-06-15 00:01:15.942 INFO 当前模式:prod
[rhis_server] 2025-06-15 00:01:15.943 INFO env:undefined
[rhis_server] 2025-06-15 00:01:15.943 INFO Web服务端口：80
[rhis_server] 2025-06-15 00:01:16.008 INFO http 服务启动成功，进程ID：19
[rhis_server] 2025-06-15 00:01:16.944 DEBUG 开始监听日志消息队列
[rhis_server] 2025-06-15 00:01:29.924 INFO 当前模式:prod
[rhis_server] 2025-06-15 00:01:29.925 INFO env:undefined
[rhis_server] 2025-06-15 00:01:29.925 INFO Web服务端口：80
[rhis_server] 2025-06-15 00:01:29.989 INFO http 服务启动成功，进程ID：20
[rhis_server] 2025-06-15 00:01:30.927 DEBUG 开始监听日志消息队列
[rhis_server] 2025-06-15 00:01:43.107 INFO 当前模式:prod
[rhis_server] 2025-06-15 00:01:43.108 INFO env:undefined
[rhis_server] 2025-06-15 00:01:43.108 INFO Web服务端口：80
[rhis_server] 2025-06-15 00:01:43.175 INFO http 服务启动成功，进程ID：19
[rhis_server] 2025-06-15 00:01:44.109 DEBUG 开始监听日志消息队列
[rhis_server] 2025-06-15 00:01:56.930 INFO 当前模式:prod
[rhis_server] 2025-06-15 00:01:56.931 INFO env:undefined
[rhis_server] 2025-06-15 00:01:56.931 INFO Web服务端口：80
[rhis_server] 2025-06-15 00:01:56.995 INFO http 服务启动成功，进程ID：19
[rhis_server] 2025-06-15 00:01:57.933 DEBUG 开始监听日志消息队列
[rhis_server] 2025-06-15 00:02:09.183 INFO 当前模式:prod
[rhis_server] 2025-06-15 00:02:09.184 INFO env:undefined
[rhis_server] 2025-06-15 00:02:09.184 INFO Web服务端口：80
[rhis_server] 2025-06-15 00:02:09.249 INFO http 服务启动成功，进程ID：19
[rhis_server] 2025-06-15 00:02:10.185 DEBUG 开始监听日志消息队列
[rhis_server] 2025-06-15 00:02:22.947 INFO 当前模式:prod
[rhis_server] 2025-06-15 00:02:22.948 INFO env:undefined
[rhis_server] 2025-06-15 00:02:22.948 INFO Web服务端口：80
[rhis_server] 2025-06-15 00:02:23.013 INFO http 服务启动成功，进程ID：19
[rhis_server] 2025-06-15 00:02:23.950 DEBUG 开始监听日志消息队列
[rhis_server] 2025-06-15 00:02:37.008 INFO 当前模式:prod
[rhis_server] 2025-06-15 00:02:37.009 INFO env:undefined
[rhis_server] 2025-06-15 00:02:37.009 INFO Web服务端口：80
[rhis_server] 2025-06-15 00:02:37.074 INFO http 服务启动成功，进程ID：19
[rhis_server] 2025-06-15 00:02:38.011 DEBUG 开始监听日志消息队列
[rhis_server] 2025-06-15 00:02:50.971 INFO 当前模式:prod
[rhis_server] 2025-06-15 00:02:50.972 INFO env:undefined
[rhis_server] 2025-06-15 00:02:50.972 INFO Web服务端口：80
[rhis_server] 2025-06-15 00:02:51.038 INFO http 服务启动成功，进程ID：19
[rhis_server] 2025-06-15 00:02:51.974 DEBUG 开始监听日志消息队列
[rhis_server] 2025-06-15 00:03:04.983 INFO 当前模式:prod
[rhis_server] 2025-06-15 00:03:04.984 INFO env:undefined
[rhis_server] 2025-06-15 00:03:04.984 INFO Web服务端口：80
[rhis_server] 2025-06-15 00:03:05.048 INFO http 服务启动成功，进程ID：19
[rhis_server] 2025-06-15 00:03:05.986 DEBUG 开始监听日志消息队列
[rhis_server] 2025-06-15 00:03:19.013 INFO 当前模式:prod
[rhis_server] 2025-06-15 00:03:19.014 INFO env:undefined
[rhis_server] 2025-06-15 00:03:19.014 INFO Web服务端口：80
[rhis_server] 2025-06-15 00:03:19.087 INFO http 服务启动成功，进程ID：19
[rhis_server] 2025-06-15 00:03:20.016 DEBUG 开始监听日志消息队列
[rhis_server] 2025-06-15 00:03:33.014 INFO 当前模式:prod
[rhis_server] 2025-06-15 00:03:33.015 INFO env:undefined
[rhis_server] 2025-06-15 00:03:33.015 INFO Web服务端口：80
[rhis_server] 2025-06-15 00:03:33.080 INFO http 服务启动成功，进程ID：19
[rhis_server] 2025-06-15 00:03:34.016 DEBUG 开始监听日志消息队列
[rhis_server] 2025-06-15 00:03:47.064 INFO 当前模式:prod
[rhis_server] 2025-06-15 00:03:47.065 INFO env:undefined
[rhis_server] 2025-06-15 00:03:47.065 INFO Web服务端口：80
[rhis_server] 2025-06-15 00:03:47.135 INFO http 服务启动成功，进程ID：19
[rhis_server] 2025-06-15 00:03:48.065 DEBUG 开始监听日志消息队列
[rhis_server] 2025-06-15 00:04:03.673 INFO 当前模式:prod
[rhis_server] 2025-06-15 00:04:03.674 INFO env:undefined
[rhis_server] 2025-06-15 00:04:03.674 INFO Web服务端口：80
[rhis_server] 2025-06-15 00:04:03.739 INFO http 服务启动成功，进程ID：19
[rhis_server] 2025-06-15 00:04:04.676 DEBUG 开始监听日志消息队列
[rhis_server] 2025-06-15 00:04:17.974 INFO 当前模式:prod
[rhis_server] 2025-06-15 00:04:17.975 INFO env:undefined
[rhis_server] 2025-06-15 00:04:17.975 INFO Web服务端口：80
[rhis_server] 2025-06-15 00:04:18.108 INFO http 服务启动成功，进程ID：19
[rhis_server] 2025-06-15 00:04:18.976 DEBUG 开始监听日志消息队列
[rhis_server] 2025-06-15 00:04:32.196 INFO 当前模式:prod
[rhis_server] 2025-06-15 00:04:32.197 INFO env:undefined
[rhis_server] 2025-06-15 00:04:32.197 INFO Web服务端口：80
[rhis_server] 2025-06-15 00:04:32.263 INFO http 服务启动成功，进程ID：19
[rhis_server] 2025-06-15 00:04:33.198 DEBUG 开始监听日志消息队列
[rhis_server] 2025-06-15 00:04:46.006 INFO 当前模式:prod
[rhis_server] 2025-06-15 00:04:46.007 INFO env:undefined
[rhis_server] 2025-06-15 00:04:46.007 INFO Web服务端口：80
[rhis_server] 2025-06-15 00:04:46.075 INFO http 服务启动成功，进程ID：20
[rhis_server] 2025-06-15 00:04:47.008 DEBUG 开始监听日志消息队列
[rhis_server] 2025-06-15 00:04:59.992 INFO 当前模式:prod
[rhis_server] 2025-06-15 00:04:59.993 INFO env:undefined
[rhis_server] 2025-06-15 00:04:59.993 INFO Web服务端口：80
[rhis_server] 2025-06-15 00:05:00.057 INFO http 服务启动成功，进程ID：19
[rhis_server] 2025-06-15 00:05:00.995 DEBUG 开始监听日志消息队列
[rhis_server] 2025-06-15 00:05:13.979 INFO 当前模式:prod
[rhis_server] 2025-06-15 00:05:13.980 INFO env:undefined
[rhis_server] 2025-06-15 00:05:13.980 INFO Web服务端口：80
[rhis_server] 2025-06-15 00:05:14.046 INFO http 服务启动成功，进程ID：19
[rhis_server] 2025-06-15 00:05:14.981 DEBUG 开始监听日志消息队列
[rhis_server] 2025-06-15 00:05:29.039 INFO 当前模式:prod
[rhis_server] 2025-06-15 00:05:29.040 INFO env:undefined
[rhis_server] 2025-06-15 00:05:29.040 INFO Web服务端口：80
[rhis_server] 2025-06-15 00:05:29.104 INFO http 服务启动成功，进程ID：19
[rhis_server] 2025-06-15 00:05:30.041 DEBUG 开始监听日志消息队列
[rhis_server] 2025-06-15 00:05:43.071 INFO 当前模式:prod
[rhis_server] 2025-06-15 00:05:43.072 INFO env:undefined
[rhis_server] 2025-06-15 00:05:43.072 INFO Web服务端口：80
[rhis_server] 2025-06-15 00:05:43.137 INFO http 服务启动成功，进程ID：19
[rhis_server] 2025-06-15 00:05:44.073 DEBUG 开始监听日志消息队列
[rhis_server] 2025-06-15 00:05:56.012 INFO 当前模式:prod
[rhis_server] 2025-06-15 00:05:56.013 INFO env:undefined
[rhis_server] 2025-06-15 00:05:56.013 INFO Web服务端口：80
[rhis_server] 2025-06-15 00:05:56.084 INFO http 服务启动成功，进程ID：19
[rhis_server] 2025-06-15 00:05:57.014 DEBUG 开始监听日志消息队列
[rhis_server] 2025-06-15 00:06:10.034 INFO 当前模式:prod
[rhis_server] 2025-06-15 00:06:10.035 INFO env:undefined
[rhis_server] 2025-06-15 00:06:10.035 INFO Web服务端口：80
[rhis_server] 2025-06-15 00:06:10.101 INFO http 服务启动成功，进程ID：20
[rhis_server] 2025-06-15 00:06:11.037 DEBUG 开始监听日志消息队列
[rhis_server] 2025-06-15 00:06:24.419 INFO 当前模式:prod
[rhis_server] 2025-06-15 00:06:24.420 INFO env:undefined
[rhis_server] 2025-06-15 00:06:24.420 INFO Web服务端口：80
[rhis_server] 2025-06-15 00:06:24.485 INFO http 服务启动成功，进程ID：19
[rhis_server] 2025-06-15 00:06:25.421 DEBUG 开始监听日志消息队列
[rhis_server] 2025-06-15 00:06:38.338 INFO 当前模式:prod
[rhis_server] 2025-06-15 00:06:38.339 INFO env:undefined
[rhis_server] 2025-06-15 00:06:38.339 INFO Web服务端口：80
[rhis_server] 2025-06-15 00:06:38.416 INFO http 服务启动成功，进程ID：19
[rhis_server] 2025-06-15 00:06:39.340 DEBUG 开始监听日志消息队列
[rhis_server] 2025-06-15 00:06:52.039 INFO 当前模式:prod
[rhis_server] 2025-06-15 00:06:52.044 INFO env:undefined
[rhis_server] 2025-06-15 00:06:52.045 INFO Web服务端口：80
[rhis_server] 2025-06-15 00:06:52.204 INFO http 服务启动成功，进程ID：19
[rhis_server] 2025-06-15 00:06:53.048 DEBUG 开始监听日志消息队列
[rhis_server] 2025-06-15 00:07:06.072 INFO 当前模式:prod
[rhis_server] 2025-06-15 00:07:06.073 INFO env:undefined
[rhis_server] 2025-06-15 00:07:06.074 INFO Web服务端口：80
[rhis_server] 2025-06-15 00:07:06.142 INFO http 服务启动成功，进程ID：19
[rhis_server] 2025-06-15 00:07:07.075 DEBUG 开始监听日志消息队列
[rhis_server] 2025-06-15 00:07:19.198 INFO 当前模式:prod
[rhis_server] 2025-06-15 00:07:19.200 INFO env:undefined
[rhis_server] 2025-06-15 00:07:19.200 INFO Web服务端口：80
[rhis_server] 2025-06-15 00:07:19.270 INFO http 服务启动成功，进程ID：19
[rhis_server] 2025-06-15 00:07:20.200 DEBUG 开始监听日志消息队列
[rhis_server] 2025-06-15 00:07:33.031 INFO 当前模式:prod
[rhis_server] 2025-06-15 00:07:33.032 INFO env:undefined
[rhis_server] 2025-06-15 00:07:33.032 INFO Web服务端口：80
[rhis_server] 2025-06-15 00:07:33.097 INFO http 服务启动成功，进程ID：19
[rhis_server] 2025-06-15 00:07:34.033 DEBUG 开始监听日志消息队列
[rhis_server] 2025-06-15 00:07:47.053 INFO 当前模式:prod
[rhis_server] 2025-06-15 00:07:47.054 INFO env:undefined
[rhis_server] 2025-06-15 00:07:47.054 INFO Web服务端口：80
[rhis_server] 2025-06-15 00:07:47.119 INFO http 服务启动成功，进程ID：19
[rhis_server] 2025-06-15 00:07:48.054 DEBUG 开始监听日志消息队列
[rhis_server] 2025-06-15 00:08:01.088 INFO 当前模式:prod
[rhis_server] 2025-06-15 00:08:01.089 INFO env:undefined
[rhis_server] 2025-06-15 00:08:01.089 INFO Web服务端口：80
[rhis_server] 2025-06-15 00:08:01.157 INFO http 服务启动成功，进程ID：19
[rhis_server] 2025-06-15 00:08:02.089 DEBUG 开始监听日志消息队列
[rhis_server] 2025-06-15 00:08:17.683 INFO 当前模式:prod
[rhis_server] 2025-06-15 00:08:17.684 INFO env:undefined
[rhis_server] 2025-06-15 00:08:17.684 INFO Web服务端口：80
[rhis_server] 2025-06-15 00:08:17.751 INFO http 服务启动成功，进程ID：19
[rhis_server] 2025-06-15 00:08:18.685 DEBUG 开始监听日志消息队列
[rhis_server] 2025-06-15 00:08:33.703 INFO 当前模式:prod
[rhis_server] 2025-06-15 00:08:33.704 INFO env:undefined
[rhis_server] 2025-06-15 00:08:33.704 INFO Web服务端口：80
[rhis_server] 2025-06-15 00:08:33.769 INFO http 服务启动成功，进程ID：19
[rhis_server] 2025-06-15 00:08:34.705 DEBUG 开始监听日志消息队列
[rhis_server] 2025-06-15 00:08:48.160 INFO 当前模式:prod
[rhis_server] 2025-06-15 00:08:48.161 INFO env:undefined
[rhis_server] 2025-06-15 00:08:48.161 INFO Web服务端口：80
[rhis_server] 2025-06-15 00:08:48.226 INFO http 服务启动成功，进程ID：19
[rhis_server] 2025-06-15 00:08:49.162 DEBUG 开始监听日志消息队列
[rhis_server] 2025-06-15 00:09:01.089 INFO 当前模式:prod
[rhis_server] 2025-06-15 00:09:01.090 INFO env:undefined
[rhis_server] 2025-06-15 00:09:01.090 INFO Web服务端口：80
[rhis_server] 2025-06-15 00:09:01.160 INFO http 服务启动成功，进程ID：19
[rhis_server] 2025-06-15 00:09:02.092 DEBUG 开始监听日志消息队列
[rhis_server] 2025-06-15 00:09:15.101 INFO 当前模式:prod
[rhis_server] 2025-06-15 00:09:15.102 INFO env:undefined
[rhis_server] 2025-06-15 00:09:15.102 INFO Web服务端口：80
[rhis_server] 2025-06-15 00:09:15.168 INFO http 服务启动成功，进程ID：19
[rhis_server] 2025-06-15 00:09:16.102 DEBUG 开始监听日志消息队列
[rhis_server] 2025-06-15 00:09:30.128 INFO 当前模式:prod
[rhis_server] 2025-06-15 00:09:30.129 INFO env:undefined
[rhis_server] 2025-06-15 00:09:30.129 INFO Web服务端口：80
[rhis_server] 2025-06-15 00:09:30.194 INFO http 服务启动成功，进程ID：19
[rhis_server] 2025-06-15 00:09:31.131 DEBUG 开始监听日志消息队列
[rhis_server] 2025-06-15 00:09:44.085 INFO 当前模式:prod
[rhis_server] 2025-06-15 00:09:44.086 INFO env:undefined
[rhis_server] 2025-06-15 00:09:44.086 INFO Web服务端口：80
[rhis_server] 2025-06-15 00:09:44.154 INFO http 服务启动成功，进程ID：19
[rhis_server] 2025-06-15 00:09:45.087 DEBUG 开始监听日志消息队列
[rhis_server] 2025-06-15 00:09:57.282 INFO 当前模式:prod
[rhis_server] 2025-06-15 00:09:57.283 INFO env:undefined
[rhis_server] 2025-06-15 00:09:57.283 INFO Web服务端口：80
[rhis_server] 2025-06-15 00:09:57.348 INFO http 服务启动成功，进程ID：19
[rhis_server] 2025-06-15 00:09:58.285 DEBUG 开始监听日志消息队列
[rhis_server] 2025-06-15 00:10:11.081 INFO 当前模式:prod
[rhis_server] 2025-06-15 00:10:11.082 INFO env:undefined
[rhis_server] 2025-06-15 00:10:11.082 INFO Web服务端口：80
[rhis_server] 2025-06-15 00:10:11.148 INFO http 服务启动成功，进程ID：19
[rhis_server] 2025-06-15 00:10:12.082 DEBUG 开始监听日志消息队列
[rhis_server] 2025-06-15 00:10:24.383 INFO 当前模式:prod
[rhis_server] 2025-06-15 00:10:24.384 INFO env:undefined
[rhis_server] 2025-06-15 00:10:24.384 INFO Web服务端口：80
[rhis_server] 2025-06-15 00:10:24.461 INFO http 服务启动成功，进程ID：19
[rhis_server] 2025-06-15 00:10:25.385 DEBUG 开始监听日志消息队列
[rhis_server] 2025-06-15 00:10:38.339 INFO 当前模式:prod
[rhis_server] 2025-06-15 00:10:38.340 INFO env:undefined
[rhis_server] 2025-06-15 00:10:38.340 INFO Web服务端口：80
[rhis_server] 2025-06-15 00:10:38.406 INFO http 服务启动成功，进程ID：19
[rhis_server] 2025-06-15 00:10:39.341 DEBUG 开始监听日志消息队列
[rhis_server] 2025-06-15 00:10:53.148 INFO 当前模式:prod
[rhis_server] 2025-06-15 00:10:53.149 INFO env:undefined
[rhis_server] 2025-06-15 00:10:53.149 INFO Web服务端口：80
[rhis_server] 2025-06-15 00:10:53.238 INFO http 服务启动成功，进程ID：19
[rhis_server] 2025-06-15 00:10:54.150 DEBUG 开始监听日志消息队列
[rhis_server] 2025-06-15 00:11:06.346 INFO 当前模式:prod
[rhis_server] 2025-06-15 00:11:06.347 INFO env:undefined
[rhis_server] 2025-06-15 00:11:06.347 INFO Web服务端口：80
[rhis_server] 2025-06-15 00:11:06.412 INFO http 服务启动成功，进程ID：19
[rhis_server] 2025-06-15 00:11:07.348 DEBUG 开始监听日志消息队列
[rhis_server] 2025-06-15 00:11:21.118 INFO 当前模式:prod
[rhis_server] 2025-06-15 00:11:21.119 INFO env:undefined
[rhis_server] 2025-06-15 00:11:21.119 INFO Web服务端口：80
[rhis_server] 2025-06-15 00:11:21.188 INFO http 服务启动成功，进程ID：19
[rhis_server] 2025-06-15 00:11:22.120 DEBUG 开始监听日志消息队列
[rhis_server] 2025-06-15 00:11:35.112 INFO 当前模式:prod
[rhis_server] 2025-06-15 00:11:35.113 INFO env:undefined
[rhis_server] 2025-06-15 00:11:35.113 INFO Web服务端口：80
[rhis_server] 2025-06-15 00:11:35.185 INFO http 服务启动成功，进程ID：19
[rhis_server] 2025-06-15 00:11:36.115 DEBUG 开始监听日志消息队列
[rhis_server] 2025-06-15 00:11:49.165 INFO 当前模式:prod
[rhis_server] 2025-06-15 00:11:49.166 INFO env:undefined
[rhis_server] 2025-06-15 00:11:49.166 INFO Web服务端口：80
[rhis_server] 2025-06-15 00:11:49.233 INFO http 服务启动成功，进程ID：19
[rhis_server] 2025-06-15 00:11:50.168 DEBUG 开始监听日志消息队列
[rhis_server] 2025-06-15 00:12:02.301 INFO 当前模式:prod
[rhis_server] 2025-06-15 00:12:02.302 INFO env:undefined
[rhis_server] 2025-06-15 00:12:02.302 INFO Web服务端口：80
[rhis_server] 2025-06-15 00:12:02.367 INFO http 服务启动成功，进程ID：19
[rhis_server] 2025-06-15 00:12:03.304 DEBUG 开始监听日志消息队列
[rhis_server] 2025-06-15 00:12:15.371 INFO http 服务启动成功，进程ID：19
[rhis_server] 2025-06-15 00:12:15.306 INFO 当前模式:prod
[rhis_server] 2025-06-15 00:12:15.307 INFO env:undefined
[rhis_server] 2025-06-15 00:12:15.307 INFO Web服务端口：80
[rhis_server] 2025-06-15 00:12:16.307 DEBUG 开始监听日志消息队列
[rhis_server] 2025-06-15 00:12:29.089 INFO 当前模式:prod
[rhis_server] 2025-06-15 00:12:29.090 INFO env:undefined
[rhis_server] 2025-06-15 00:12:29.090 INFO Web服务端口：80
[rhis_server] 2025-06-15 00:12:29.161 INFO http 服务启动成功，进程ID：19
[rhis_server] 2025-06-15 00:12:30.091 DEBUG 开始监听日志消息队列
[rhis_server] 2025-06-15 00:12:43.152 INFO 当前模式:prod
[rhis_server] 2025-06-15 00:12:43.153 INFO env:undefined
[rhis_server] 2025-06-15 00:12:43.153 INFO Web服务端口：80
[rhis_server] 2025-06-15 00:12:43.220 INFO http 服务启动成功，进程ID：19
[rhis_server] 2025-06-15 00:12:44.154 DEBUG 开始监听日志消息队列
[rhis_server] 2025-06-15 00:12:56.311 INFO 当前模式:prod
[rhis_server] 2025-06-15 00:12:56.312 INFO env:undefined
[rhis_server] 2025-06-15 00:12:56.312 INFO Web服务端口：80
[rhis_server] 2025-06-15 00:12:56.378 INFO http 服务启动成功，进程ID：19
[rhis_server] 2025-06-15 00:12:57.313 DEBUG 开始监听日志消息队列
[rhis_server] 2025-06-15 00:13:09.309 INFO 当前模式:prod
[rhis_server] 2025-06-15 00:13:09.310 INFO env:undefined
[rhis_server] 2025-06-15 00:13:09.310 INFO Web服务端口：80
[rhis_server] 2025-06-15 00:13:09.375 INFO http 服务启动成功，进程ID：19
[rhis_server] 2025-06-15 00:13:10.310 DEBUG 开始监听日志消息队列
[rhis_server] 2025-06-15 00:13:24.123 INFO 当前模式:prod
[rhis_server] 2025-06-15 00:13:24.124 INFO env:undefined
[rhis_server] 2025-06-15 00:13:24.124 INFO Web服务端口：80
[rhis_server] 2025-06-15 00:13:24.194 INFO http 服务启动成功，进程ID：19
[rhis_server] 2025-06-15 00:13:25.126 DEBUG 开始监听日志消息队列
[rhis_server] 2025-06-15 00:13:37.361 INFO 当前模式:prod
[rhis_server] 2025-06-15 00:13:37.362 INFO env:undefined
[rhis_server] 2025-06-15 00:13:37.362 INFO Web服务端口：80
[rhis_server] 2025-06-15 00:13:37.426 INFO http 服务启动成功，进程ID：19
[rhis_server] 2025-06-15 00:13:38.362 DEBUG 开始监听日志消息队列
[rhis_server] 2025-06-15 00:13:50.125 INFO 当前模式:prod
[rhis_server] 2025-06-15 00:13:50.126 INFO env:undefined
[rhis_server] 2025-06-15 00:13:50.126 INFO Web服务端口：80
[rhis_server] 2025-06-15 00:13:50.193 INFO http 服务启动成功，进程ID：19
[rhis_server] 2025-06-15 00:13:51.128 DEBUG 开始监听日志消息队列
[rhis_server] 2025-06-15 00:14:04.203 INFO 当前模式:prod
[rhis_server] 2025-06-15 00:14:04.204 INFO env:undefined
[rhis_server] 2025-06-15 00:14:04.204 INFO Web服务端口：80
[rhis_server] 2025-06-15 00:14:04.268 INFO http 服务启动成功，进程ID：19
[rhis_server] 2025-06-15 00:14:05.204 DEBUG 开始监听日志消息队列
[rhis_server] 2025-06-15 00:14:18.147 INFO 当前模式:prod
[rhis_server] 2025-06-15 00:14:18.148 INFO env:undefined
[rhis_server] 2025-06-15 00:14:18.148 INFO Web服务端口：80
[rhis_server] 2025-06-15 00:14:18.213 INFO http 服务启动成功，进程ID：19
[rhis_server] 2025-06-15 00:14:19.149 DEBUG 开始监听日志消息队列
[rhis_server] 2025-06-15 00:14:31.195 INFO 当前模式:prod
[rhis_server] 2025-06-15 00:14:31.196 INFO env:undefined
[rhis_server] 2025-06-15 00:14:31.196 INFO Web服务端口：80
[rhis_server] 2025-06-15 00:14:31.262 INFO http 服务启动成功，进程ID：19
[rhis_server] 2025-06-15 00:14:32.197 DEBUG 开始监听日志消息队列
[rhis_server] 2025-06-15 00:14:45.154 INFO 当前模式:prod
[rhis_server] 2025-06-15 00:14:45.155 INFO env:undefined
[rhis_server] 2025-06-15 00:14:45.156 INFO Web服务端口：80
[rhis_server] 2025-06-15 00:14:45.221 INFO http 服务启动成功，进程ID：19
[rhis_server] 2025-06-15 00:14:46.157 DEBUG 开始监听日志消息队列
[rhis_server] 2025-06-15 00:14:59.203 INFO 当前模式:prod
[rhis_server] 2025-06-15 00:14:59.204 INFO env:undefined
[rhis_server] 2025-06-15 00:14:59.204 INFO Web服务端口：80
[rhis_server] 2025-06-15 00:14:59.272 INFO http 服务启动成功，进程ID：19
[rhis_server] 2025-06-15 00:15:00.206 DEBUG 开始监听日志消息队列
[rhis_server] 2025-06-15 00:15:12.513 INFO 当前模式:prod
[rhis_server] 2025-06-15 00:15:12.514 INFO env:undefined
[rhis_server] 2025-06-15 00:15:12.514 INFO Web服务端口：80
[rhis_server] 2025-06-15 00:15:12.679 INFO http 服务启动成功，进程ID：19
[rhis_server] 2025-06-15 00:15:13.515 DEBUG 开始监听日志消息队列
[rhis_server] 2025-06-15 00:15:27.154 INFO 当前模式:prod
[rhis_server] 2025-06-15 00:15:27.155 INFO env:undefined
[rhis_server] 2025-06-15 00:15:27.155 INFO Web服务端口：80
[rhis_server] 2025-06-15 00:15:27.234 INFO http 服务启动成功，进程ID：19
[rhis_server] 2025-06-15 00:15:28.156 DEBUG 开始监听日志消息队列
[rhis_server] 2025-06-15 00:15:40.186 INFO 当前模式:prod
[rhis_server] 2025-06-15 00:15:40.187 INFO env:undefined
[rhis_server] 2025-06-15 00:15:40.187 INFO Web服务端口：80
[rhis_server] 2025-06-15 00:15:40.253 INFO http 服务启动成功，进程ID：19
[rhis_server] 2025-06-15 00:15:41.188 DEBUG 开始监听日志消息队列
[rhis_server] 2025-06-15 00:15:54.220 INFO 当前模式:prod
[rhis_server] 2025-06-15 00:15:54.221 INFO env:undefined
[rhis_server] 2025-06-15 00:15:54.221 INFO Web服务端口：80
[rhis_server] 2025-06-15 00:15:54.286 INFO http 服务启动成功，进程ID：19
[rhis_server] 2025-06-15 00:15:55.223 DEBUG 开始监听日志消息队列
[rhis_server] 2025-06-15 00:16:08.232 INFO 当前模式:prod
[rhis_server] 2025-06-15 00:16:08.233 INFO env:undefined
[rhis_server] 2025-06-15 00:16:08.233 INFO Web服务端口：80
[rhis_server] 2025-06-15 00:16:08.298 INFO http 服务启动成功，进程ID：19
[rhis_server] 2025-06-15 00:16:09.234 DEBUG 开始监听日志消息队列
[rhis_server] 2025-06-15 00:16:21.387 INFO 当前模式:prod
[rhis_server] 2025-06-15 00:16:21.388 INFO env:undefined
[rhis_server] 2025-06-15 00:16:21.388 INFO Web服务端口：80
[rhis_server] 2025-06-15 00:16:21.454 INFO http 服务启动成功，进程ID：19
[rhis_server] 2025-06-15 00:16:22.390 DEBUG 开始监听日志消息队列
[rhis_server] 2025-06-15 00:16:35.190 INFO 当前模式:prod
[rhis_server] 2025-06-15 00:16:35.191 INFO env:undefined
[rhis_server] 2025-06-15 00:16:35.192 INFO Web服务端口：80
[rhis_server] 2025-06-15 00:16:35.258 INFO http 服务启动成功，进程ID：19
[rhis_server] 2025-06-15 00:16:36.193 DEBUG 开始监听日志消息队列
[rhis_server] 2025-06-15 00:16:48.439 INFO 当前模式:prod
[rhis_server] 2025-06-15 00:16:48.440 INFO env:undefined
[rhis_server] 2025-06-15 00:16:48.440 INFO Web服务端口：80
[rhis_server] 2025-06-15 00:16:48.506 INFO http 服务启动成功，进程ID：19
[rhis_server] 2025-06-15 00:16:49.442 DEBUG 开始监听日志消息队列
[rhis_server] 2025-06-15 00:17:02.439 INFO 当前模式:prod
[rhis_server] 2025-06-15 00:17:02.440 INFO env:undefined
[rhis_server] 2025-06-15 00:17:02.440 INFO Web服务端口：80
[rhis_server] 2025-06-15 00:17:02.506 INFO http 服务启动成功，进程ID：19
[rhis_server] 2025-06-15 00:17:03.442 DEBUG 开始监听日志消息队列
[rhis_server] 2025-06-15 00:17:16.255 INFO 当前模式:prod
[rhis_server] 2025-06-15 00:17:16.257 INFO env:undefined
[rhis_server] 2025-06-15 00:17:16.257 INFO Web服务端口：80
[rhis_server] 2025-06-15 00:17:16.367 INFO http 服务启动成功，进程ID：19
[rhis_server] 2025-06-15 00:17:17.260 DEBUG 开始监听日志消息队列
[rhis_server] 2025-06-15 00:17:30.239 INFO 当前模式:prod
[rhis_server] 2025-06-15 00:17:30.240 INFO env:undefined
[rhis_server] 2025-06-15 00:17:30.240 INFO Web服务端口：80
[rhis_server] 2025-06-15 00:17:30.304 INFO http 服务启动成功，进程ID：19
[rhis_server] 2025-06-15 00:17:31.241 DEBUG 开始监听日志消息队列
[rhis_server] 2025-06-15 00:17:44.201 INFO 当前模式:prod
[rhis_server] 2025-06-15 00:17:44.202 INFO env:undefined
[rhis_server] 2025-06-15 00:17:44.202 INFO Web服务端口：80
[rhis_server] 2025-06-15 00:17:44.268 INFO http 服务启动成功，进程ID：19
[rhis_server] 2025-06-15 00:17:45.204 DEBUG 开始监听日志消息队列
[rhis_server] 2025-06-15 00:17:58.226 INFO 当前模式:prod
[rhis_server] 2025-06-15 00:17:58.227 INFO env:undefined
[rhis_server] 2025-06-15 00:17:58.227 INFO Web服务端口：80
[rhis_server] 2025-06-15 00:17:58.293 INFO http 服务启动成功，进程ID：20
[rhis_server] 2025-06-15 00:17:59.229 DEBUG 开始监听日志消息队列
[rhis_server] 2025-06-15 00:18:12.241 INFO 当前模式:prod
[rhis_server] 2025-06-15 00:18:12.242 INFO env:undefined
[rhis_server] 2025-06-15 00:18:12.242 INFO Web服务端口：80
[rhis_server] 2025-06-15 00:18:12.308 INFO http 服务启动成功，进程ID：19
[rhis_server] 2025-06-15 00:18:13.243 DEBUG 开始监听日志消息队列
[rhis_server] 2025-06-15 00:18:26.271 INFO 当前模式:prod
[rhis_server] 2025-06-15 00:18:26.272 INFO env:undefined
[rhis_server] 2025-06-15 00:18:26.272 INFO Web服务端口：80
[rhis_server] 2025-06-15 00:18:26.338 INFO http 服务启动成功，进程ID：19
[rhis_server] 2025-06-15 00:18:27.274 DEBUG 开始监听日志消息队列
[rhis_server] 2025-06-15 00:18:40.237 INFO 当前模式:prod
[rhis_server] 2025-06-15 00:18:40.238 INFO env:undefined
[rhis_server] 2025-06-15 00:18:40.238 INFO Web服务端口：80
[rhis_server] 2025-06-15 00:18:40.303 INFO http 服务启动成功，进程ID：19
[rhis_server] 2025-06-15 00:18:41.239 DEBUG 开始监听日志消息队列
[rhis_server] 2025-06-15 00:18:54.220 INFO 当前模式:prod
[rhis_server] 2025-06-15 00:18:54.221 INFO env:undefined
[rhis_server] 2025-06-15 00:18:54.221 INFO Web服务端口：80
[rhis_server] 2025-06-15 00:18:54.287 INFO http 服务启动成功，进程ID：19
[rhis_server] 2025-06-15 00:18:55.222 DEBUG 开始监听日志消息队列
[rhis_server] 2025-06-15 00:19:08.201 INFO 当前模式:prod
[rhis_server] 2025-06-15 00:19:08.202 INFO env:undefined
[rhis_server] 2025-06-15 00:19:08.202 INFO Web服务端口：80
[rhis_server] 2025-06-15 00:19:08.268 INFO http 服务启动成功，进程ID：19
[rhis_server] 2025-06-15 00:19:09.204 DEBUG 开始监听日志消息队列
[rhis_server] 2025-06-15 00:19:22.301 INFO 当前模式:prod
[rhis_server] 2025-06-15 00:19:22.303 INFO env:undefined
[rhis_server] 2025-06-15 00:19:22.304 INFO Web服务端口：80
[rhis_server] 2025-06-15 00:19:22.419 INFO http 服务启动成功，进程ID：19
[rhis_server] 2025-06-15 00:19:23.306 DEBUG 开始监听日志消息队列
[rhis_server] 2025-06-15 00:19:36.274 INFO 当前模式:prod
[rhis_server] 2025-06-15 00:19:36.275 INFO env:undefined
[rhis_server] 2025-06-15 00:19:36.275 INFO Web服务端口：80
[rhis_server] 2025-06-15 00:19:36.341 INFO http 服务启动成功，进程ID：19
[rhis_server] 2025-06-15 00:19:37.276 DEBUG 开始监听日志消息队列
[rhis_server] 2025-06-15 00:19:50.237 INFO 当前模式:prod
[rhis_server] 2025-06-15 00:19:50.238 INFO env:undefined
[rhis_server] 2025-06-15 00:19:50.238 INFO Web服务端口：80
[rhis_server] 2025-06-15 00:19:50.303 INFO http 服务启动成功，进程ID：19
[rhis_server] 2025-06-15 00:19:51.240 DEBUG 开始监听日志消息队列
[rhis_server] 2025-06-15 00:20:04.946 INFO 当前模式:prod
[rhis_server] 2025-06-15 00:20:04.947 INFO env:undefined
[rhis_server] 2025-06-15 00:20:04.947 INFO Web服务端口：80
[rhis_server] 2025-06-15 00:20:05.012 INFO http 服务启动成功，进程ID：19
[rhis_server] 2025-06-15 00:20:05.948 DEBUG 开始监听日志消息队列
[rhis_server] 2025-06-15 00:20:19.237 INFO 当前模式:prod
[rhis_server] 2025-06-15 00:20:19.238 INFO env:undefined
[rhis_server] 2025-06-15 00:20:19.238 INFO Web服务端口：80
[rhis_server] 2025-06-15 00:20:19.304 INFO http 服务启动成功，进程ID：19
[rhis_server] 2025-06-15 00:20:20.240 DEBUG 开始监听日志消息队列
[rhis_server] 2025-06-15 00:20:32.541 INFO 当前模式:prod
[rhis_server] 2025-06-15 00:20:32.542 INFO env:undefined
[rhis_server] 2025-06-15 00:20:32.542 INFO Web服务端口：80
[rhis_server] 2025-06-15 00:20:32.607 INFO http 服务启动成功，进程ID：19
[rhis_server] 2025-06-15 00:20:33.544 DEBUG 开始监听日志消息队列
[rhis_server] 2025-06-15 00:20:47.253 INFO 当前模式:prod
[rhis_server] 2025-06-15 00:20:47.254 INFO env:undefined
[rhis_server] 2025-06-15 00:20:47.254 INFO Web服务端口：80
[rhis_server] 2025-06-15 00:20:47.318 INFO http 服务启动成功，进程ID：19
[rhis_server] 2025-06-15 00:20:48.255 DEBUG 开始监听日志消息队列
[rhis_server] 2025-06-15 00:21:01.268 INFO 当前模式:prod
[rhis_server] 2025-06-15 00:21:01.269 INFO env:undefined
[rhis_server] 2025-06-15 00:21:01.269 INFO Web服务端口：80
[rhis_server] 2025-06-15 00:21:01.335 INFO http 服务启动成功，进程ID：19
[rhis_server] 2025-06-15 00:21:02.269 DEBUG 开始监听日志消息队列
[rhis_server] 2025-06-15 00:21:15.290 INFO 当前模式:prod
[rhis_server] 2025-06-15 00:21:15.291 INFO env:undefined
[rhis_server] 2025-06-15 00:21:15.291 INFO Web服务端口：80
[rhis_server] 2025-06-15 00:21:15.356 INFO http 服务启动成功，进程ID：19
[rhis_server] 2025-06-15 00:21:16.293 DEBUG 开始监听日志消息队列
[rhis_server] 2025-06-15 00:35:41.867 INFO 当前模式:prod
[rhis_server] 2025-06-15 00:35:41.868 INFO env:undefined
[rhis_server] 2025-06-15 00:35:41.868 INFO Web服务端口：80
[rhis_server] 2025-06-15 00:35:41.939 INFO http 服务启动成功，进程ID：19
[rhis_server] 2025-06-15 00:35:42.870 DEBUG 开始监听日志消息队列
[rhis_server] 2025-06-15 01:24:56.207 INFO 当前模式:prod
[rhis_server] 2025-06-15 01:24:56.208 INFO env:undefined
[rhis_server] 2025-06-15 01:24:56.208 INFO Web服务端口：80
[rhis_server] 2025-06-15 01:24:56.275 INFO http 服务启动成功，进程ID：19
[rhis_server] 2025-06-15 01:24:57.210 DEBUG 开始监听日志消息队列
[rhis_server] 2025-06-15 01:55:21.710 INFO 当前模式:prod
[rhis_server] 2025-06-15 01:55:21.713 INFO env:undefined
[rhis_server] 2025-06-15 01:55:21.713 INFO Web服务端口：80
[rhis_server] 2025-06-15 01:55:21.979 INFO http 服务启动成功，进程ID：19
[rhis_server] 2025-06-15 01:55:22.717 DEBUG 开始监听日志消息队列
[rhis_server] 2025-06-15 02:01:12.057 INFO 当前模式:prod
[rhis_server] 2025-06-15 02:01:12.060 INFO env:undefined
[rhis_server] 2025-06-15 02:01:12.061 INFO Web服务端口：80
[rhis_server] 2025-06-15 02:01:12.339 INFO http 服务启动成功，进程ID：19
[rhis_server] 2025-06-15 02:01:13.064 DEBUG 开始监听日志消息队列
[rhis_server] 2025-06-15 02:01:51.407 INFO 当前模式:prod
[rhis_server] 2025-06-15 02:01:51.408 INFO env:undefined
[rhis_server] 2025-06-15 02:01:51.409 INFO Web服务端口：80
[rhis_server] 2025-06-15 02:01:51.523 INFO http 服务启动成功，进程ID：19
[rhis_server] 2025-06-15 02:01:52.411 DEBUG 开始监听日志消息队列
[rhis_server] 2025-06-15 02:02:03.692 INFO 当前模式:prod
[rhis_server] 2025-06-15 02:02:03.693 INFO env:undefined
[rhis_server] 2025-06-15 02:02:03.693 INFO Web服务端口：80
[rhis_server] 2025-06-15 02:02:03.774 INFO http 服务启动成功，进程ID：20
[rhis_server] 2025-06-15 02:02:04.695 DEBUG 开始监听日志消息队列
[rhis_server] 2025-06-15 02:02:16.098 INFO 当前模式:prod
[rhis_server] 2025-06-15 02:02:16.099 INFO env:undefined
[rhis_server] 2025-06-15 02:02:16.099 INFO Web服务端口：80
[rhis_server] 2025-06-15 02:02:16.176 INFO http 服务启动成功，进程ID：19
[rhis_server] 2025-06-15 02:02:17.102 DEBUG 开始监听日志消息队列
[rhis_server] 2025-06-15 02:02:28.669 INFO 当前模式:prod
[rhis_server] 2025-06-15 02:02:28.670 INFO env:undefined
[rhis_server] 2025-06-15 02:02:28.670 INFO Web服务端口：80
[rhis_server] 2025-06-15 02:02:28.747 INFO http 服务启动成功，进程ID：19
[rhis_server] 2025-06-15 02:02:29.672 DEBUG 开始监听日志消息队列
[rhis_server] 2025-06-15 02:02:41.642 INFO 当前模式:prod
[rhis_server] 2025-06-15 02:02:41.643 INFO env:undefined
[rhis_server] 2025-06-15 02:02:41.643 INFO Web服务端口：80
[rhis_server] 2025-06-15 02:02:41.720 INFO http 服务启动成功，进程ID：19
[rhis_server] 2025-06-15 02:02:42.644 DEBUG 开始监听日志消息队列
[rhis_server] 2025-06-15 02:04:55.268 INFO 当前模式:prod
[rhis_server] 2025-06-15 02:04:55.271 INFO env:undefined
[rhis_server] 2025-06-15 02:04:55.271 INFO Web服务端口：80
[rhis_server] 2025-06-15 02:04:55.610 INFO http 服务启动成功，进程ID：19
[rhis_server] 2025-06-15 02:04:56.274 DEBUG 开始监听日志消息队列
[rhis_server] 2025-06-15 02:05:36.559 INFO 当前模式:prod
[rhis_server] 2025-06-15 02:05:36.561 INFO env:undefined
[rhis_server] 2025-06-15 02:05:36.561 INFO Web服务端口：80
[rhis_server] 2025-06-15 02:05:36.657 INFO http 服务启动成功，进程ID：19
[rhis_server] 2025-06-15 02:05:37.562 DEBUG 开始监听日志消息队列
[rhis_server] 2025-06-15 02:06:04.755 INFO 当前模式:prod
[rhis_server] 2025-06-15 02:06:04.757 INFO env:undefined
[rhis_server] 2025-06-15 02:06:04.757 INFO Web服务端口：80
[rhis_server] 2025-06-15 02:06:04.839 INFO http 服务启动成功，进程ID：19
[rhis_server] 2025-06-15 02:06:05.759 DEBUG 开始监听日志消息队列
[rhis_server] 2025-06-15 02:07:48.080 INFO 当前模式:prod
[rhis_server] 2025-06-15 02:07:48.082 INFO env:undefined
[rhis_server] 2025-06-15 02:07:48.082 INFO Web服务端口：80
[rhis_server] 2025-06-15 02:07:48.169 INFO http 服务启动成功，进程ID：19
[rhis_server] 2025-06-15 02:07:49.083 DEBUG 开始监听日志消息队列
[rhis_server] 2025-06-15 02:08:00.429 INFO 当前模式:prod
[rhis_server] 2025-06-15 02:08:00.430 INFO env:undefined
[rhis_server] 2025-06-15 02:08:00.430 INFO Web服务端口：80
[rhis_server] 2025-06-15 02:08:00.516 INFO http 服务启动成功，进程ID：19
[rhis_server] 2025-06-15 02:08:01.432 DEBUG 开始监听日志消息队列
[rhis_server] 2025-06-15 02:08:12.746 INFO 当前模式:prod
[rhis_server] 2025-06-15 02:08:12.747 INFO env:undefined
[rhis_server] 2025-06-15 02:08:12.747 INFO Web服务端口：80
[rhis_server] 2025-06-15 02:08:12.832 INFO http 服务启动成功，进程ID：19
[rhis_server] 2025-06-15 02:08:13.749 DEBUG 开始监听日志消息队列
[rhis_server] 2025-06-15 02:08:25.660 INFO 当前模式:prod
[rhis_server] 2025-06-15 02:08:25.662 INFO env:undefined
[rhis_server] 2025-06-15 02:08:25.662 INFO Web服务端口：80
[rhis_server] 2025-06-15 02:08:25.781 INFO http 服务启动成功，进程ID：19
[rhis_server] 2025-06-15 02:08:26.664 DEBUG 开始监听日志消息队列
[rhis_server] 2025-06-15 02:08:38.806 INFO 当前模式:prod
[rhis_server] 2025-06-15 02:08:38.807 INFO env:undefined
[rhis_server] 2025-06-15 02:08:38.807 INFO Web服务端口：80
[rhis_server] 2025-06-15 02:08:38.878 INFO http 服务启动成功，进程ID：19
[rhis_server] 2025-06-15 02:08:39.808 DEBUG 开始监听日志消息队列
[rhis_server] 2025-06-15 02:52:35.448 INFO 当前模式:prod
[rhis_server] 2025-06-15 02:52:35.450 INFO env:undefined
[rhis_server] 2025-06-15 02:52:35.451 INFO Web服务端口：80
[rhis_server] 2025-06-15 02:52:35.690 INFO http 服务启动成功，进程ID：19
[rhis_server] 2025-06-15 02:52:36.453 DEBUG 开始监听日志消息队列
[rhis_server] 2025-06-15 02:52:47.689 INFO 当前模式:prod
[rhis_server] 2025-06-15 02:52:47.690 INFO env:undefined
[rhis_server] 2025-06-15 02:52:47.690 INFO Web服务端口：80
[rhis_server] 2025-06-15 02:52:47.759 INFO http 服务启动成功，进程ID：19
[rhis_server] 2025-06-15 02:52:48.691 DEBUG 开始监听日志消息队列
[rhis_server] 2025-06-15 02:53:01.954 INFO 当前模式:prod
[rhis_server] 2025-06-15 02:53:01.956 INFO env:undefined
[rhis_server] 2025-06-15 02:53:01.956 INFO Web服务端口：80
[rhis_server] 2025-06-15 02:53:02.055 INFO http 服务启动成功，进程ID：19
[rhis_server] 2025-06-15 02:53:02.958 DEBUG 开始监听日志消息队列
[rhis_server] 2025-06-15 02:53:14.806 INFO 当前模式:prod
[rhis_server] 2025-06-15 02:53:14.807 INFO env:undefined
[rhis_server] 2025-06-15 02:53:14.807 INFO Web服务端口：80
[rhis_server] 2025-06-15 02:53:14.877 INFO http 服务启动成功，进程ID：19
[rhis_server] 2025-06-15 02:53:15.808 DEBUG 开始监听日志消息队列
[rhis_server] 2025-06-15 02:53:27.894 INFO 当前模式:prod
[rhis_server] 2025-06-15 02:53:27.895 INFO env:undefined
[rhis_server] 2025-06-15 02:53:27.895 INFO Web服务端口：80
[rhis_server] 2025-06-15 02:53:27.964 INFO http 服务启动成功，进程ID：19
[rhis_server] 2025-06-15 02:53:28.897 DEBUG 开始监听日志消息队列
[rhis_server] 2025-06-15 02:53:41.484 INFO 当前模式:prod
[rhis_server] 2025-06-15 02:53:41.485 INFO env:undefined
[rhis_server] 2025-06-15 02:53:41.486 INFO Web服务端口：80
[rhis_server] 2025-06-15 02:53:41.554 INFO http 服务启动成功，进程ID：19
[rhis_server] 2025-06-15 02:53:42.486 DEBUG 开始监听日志消息队列
[rhis_server] 2025-06-15 02:53:55.063 INFO 当前模式:prod
[rhis_server] 2025-06-15 02:53:55.064 INFO env:undefined
[rhis_server] 2025-06-15 02:53:55.064 INFO Web服务端口：80
[rhis_server] 2025-06-15 02:53:55.136 INFO http 服务启动成功，进程ID：19
[rhis_server] 2025-06-15 02:53:56.066 DEBUG 开始监听日志消息队列
[rhis_server] 2025-06-15 03:24:07.504 INFO 当前模式:prod
[rhis_server] 2025-06-15 03:24:07.506 INFO env:undefined
[rhis_server] 2025-06-15 03:24:07.507 INFO Web服务端口：80
[rhis_server] 2025-06-15 03:24:07.793 INFO http 服务启动成功，进程ID：19
[rhis_server] 2025-06-15 03:24:08.510 DEBUG 开始监听日志消息队列
[rhis_server] 2025-06-15 03:30:50.576 INFO 当前模式:prod
[rhis_server] 2025-06-15 03:30:50.579 INFO env:undefined
[rhis_server] 2025-06-15 03:30:50.580 INFO Web服务端口：80
[rhis_server] 2025-06-15 03:30:50.862 INFO http 服务启动成功，进程ID：19
[rhis_server] 2025-06-15 03:30:51.582 DEBUG 开始监听日志消息队列
[rhis_server] 2025-06-15 05:02:28.414 INFO 当前模式:prod
[rhis_server] 2025-06-15 05:02:28.415 INFO env:undefined
[rhis_server] 2025-06-15 05:02:28.415 INFO Web服务端口：80
[rhis_server] 2025-06-15 05:02:28.491 INFO http 服务启动成功，进程ID：19
[rhis_server] 2025-06-15 05:02:29.416 DEBUG 开始监听日志消息队列
[rhis_server] 2025-06-15 05:12:24.055 INFO 当前模式:prod
[rhis_server] 2025-06-15 05:12:24.059 INFO env:undefined
[rhis_server] 2025-06-15 05:12:24.059 INFO Web服务端口：80
[rhis_server] 2025-06-15 05:12:24.361 INFO http 服务启动成功，进程ID：19
[rhis_server] 2025-06-15 05:12:25.064 DEBUG 开始监听日志消息队列
[rhis_server] 2025-06-15 05:16:33.991 INFO 当前模式:prod
[rhis_server] 2025-06-15 05:16:33.994 INFO env:undefined
[rhis_server] 2025-06-15 05:16:33.994 INFO Web服务端口：80
[rhis_server] 2025-06-15 05:16:34.283 INFO http 服务启动成功，进程ID：19
[rhis_server] 2025-06-15 05:16:34.997 DEBUG 开始监听日志消息队列
[rhis_server] 2025-06-15 05:19:41.815 INFO 当前模式:prod
[rhis_server] 2025-06-15 05:19:41.819 INFO env:undefined
[rhis_server] 2025-06-15 05:19:41.819 INFO Web服务端口：80
[rhis_server] 2025-06-15 05:19:42.097 INFO http 服务启动成功，进程ID：19
[rhis_server] 2025-06-15 05:19:42.823 DEBUG 开始监听日志消息队列
[rhis_server] 2025-06-15 05:19:54.402 INFO 当前模式:prod
[rhis_server] 2025-06-15 05:19:54.403 INFO env:undefined
[rhis_server] 2025-06-15 05:19:54.403 INFO Web服务端口：80
[rhis_server] 2025-06-15 05:19:54.485 INFO http 服务启动成功，进程ID：19
[rhis_server] 2025-06-15 05:19:55.406 DEBUG 开始监听日志消息队列
[rhis_server] 2025-06-15 05:20:06.666 INFO 当前模式:prod
[rhis_server] 2025-06-15 05:20:06.668 INFO env:undefined
[rhis_server] 2025-06-15 05:20:06.668 INFO Web服务端口：80
[rhis_server] 2025-06-15 05:20:06.745 INFO http 服务启动成功，进程ID：19
[rhis_server] 2025-06-15 05:20:07.669 DEBUG 开始监听日志消息队列
[rhis_server] 2025-06-15 05:20:19.475 INFO 当前模式:prod
[rhis_server] 2025-06-15 05:20:19.476 INFO env:undefined
[rhis_server] 2025-06-15 05:20:19.477 INFO Web服务端口：80
[rhis_server] 2025-06-15 05:20:19.557 INFO http 服务启动成功，进程ID：19
[rhis_server] 2025-06-15 05:20:20.479 DEBUG 开始监听日志消息队列
[rhis_server] 2025-06-15 05:20:34.661 INFO 当前模式:prod
[rhis_server] 2025-06-15 05:20:34.662 INFO env:undefined
[rhis_server] 2025-06-15 05:20:34.662 INFO Web服务端口：80
[rhis_server] 2025-06-15 05:20:34.740 INFO http 服务启动成功，进程ID：19
[rhis_server] 2025-06-15 05:20:35.663 DEBUG 开始监听日志消息队列
[rhis_server] 2025-06-15 05:20:48.368 INFO 当前模式:prod
[rhis_server] 2025-06-15 05:20:48.369 INFO env:undefined
[rhis_server] 2025-06-15 05:20:48.370 INFO Web服务端口：80
[rhis_server] 2025-06-15 05:20:48.446 INFO http 服务启动成功，进程ID：19
[rhis_server] 2025-06-15 05:20:49.371 DEBUG 开始监听日志消息队列
[rhis_server] 2025-06-15 05:21:03.234 INFO 当前模式:prod
[rhis_server] 2025-06-15 05:21:03.235 INFO env:undefined
[rhis_server] 2025-06-15 05:21:03.235 INFO Web服务端口：80
[rhis_server] 2025-06-15 05:21:03.313 INFO http 服务启动成功，进程ID：19
[rhis_server] 2025-06-15 05:21:04.237 DEBUG 开始监听日志消息队列
[rhis_server] 2025-06-15 05:21:18.277 INFO 当前模式:prod
[rhis_server] 2025-06-15 05:21:18.278 INFO env:undefined
[rhis_server] 2025-06-15 05:21:18.278 INFO Web服务端口：80
[rhis_server] 2025-06-15 05:21:18.355 INFO http 服务启动成功，进程ID：19
[rhis_server] 2025-06-15 05:21:19.280 DEBUG 开始监听日志消息队列
[rhis_server] 2025-06-15 05:21:32.413 INFO 当前模式:prod
[rhis_server] 2025-06-15 05:21:32.414 INFO env:undefined
[rhis_server] 2025-06-15 05:21:32.414 INFO Web服务端口：80
[rhis_server] 2025-06-15 05:21:32.493 INFO http 服务启动成功，进程ID：19
[rhis_server] 2025-06-15 05:21:33.415 DEBUG 开始监听日志消息队列
[rhis_server] 2025-06-15 05:21:46.486 INFO 当前模式:prod
[rhis_server] 2025-06-15 05:21:46.487 INFO env:undefined
[rhis_server] 2025-06-15 05:21:46.487 INFO Web服务端口：80
[rhis_server] 2025-06-15 05:21:46.568 INFO http 服务启动成功，进程ID：19
[rhis_server] 2025-06-15 05:21:47.490 DEBUG 开始监听日志消息队列
[rhis_server] 2025-06-15 05:21:58.711 INFO 当前模式:prod
[rhis_server] 2025-06-15 05:21:58.712 INFO env:undefined
[rhis_server] 2025-06-15 05:21:58.712 INFO Web服务端口：80
[rhis_server] 2025-06-15 05:21:58.791 INFO http 服务启动成功，进程ID：19
[rhis_server] 2025-06-15 05:21:59.714 DEBUG 开始监听日志消息队列
[rhis_server] 2025-06-15 05:22:12.757 INFO 当前模式:prod
[rhis_server] 2025-06-15 05:22:12.758 INFO env:undefined
[rhis_server] 2025-06-15 05:22:12.758 INFO Web服务端口：80
[rhis_server] 2025-06-15 05:22:12.837 INFO http 服务启动成功，进程ID：19
[rhis_server] 2025-06-15 05:22:13.759 DEBUG 开始监听日志消息队列
[rhis_server] 2025-06-15 05:24:38.359 INFO 当前模式:prod
[rhis_server] 2025-06-15 05:24:38.363 INFO env:undefined
[rhis_server] 2025-06-15 05:24:38.363 INFO Web服务端口：80
[rhis_server] 2025-06-15 05:24:38.664 INFO http 服务启动成功，进程ID：19
[rhis_server] 2025-06-15 05:24:39.366 DEBUG 开始监听日志消息队列
[rhis_server] 2025-06-15 05:24:51.668 INFO 当前模式:prod
[rhis_server] 2025-06-15 05:24:51.669 INFO env:undefined
[rhis_server] 2025-06-15 05:24:51.669 INFO Web服务端口：80
[rhis_server] 2025-06-15 05:24:51.759 INFO http 服务启动成功，进程ID：19
[rhis_server] 2025-06-15 05:24:52.671 DEBUG 开始监听日志消息队列
[rhis_server] 2025-06-15 05:25:06.163 INFO 当前模式:prod
[rhis_server] 2025-06-15 05:25:06.164 INFO env:undefined
[rhis_server] 2025-06-15 05:25:06.164 INFO Web服务端口：80
[rhis_server] 2025-06-15 05:25:06.236 INFO http 服务启动成功，进程ID：19
[rhis_server] 2025-06-15 05:25:07.166 DEBUG 开始监听日志消息队列
[rhis_server] 2025-06-15 05:41:04.704 INFO 当前模式:prod
[rhis_server] 2025-06-15 05:41:04.706 INFO env:undefined
[rhis_server] 2025-06-15 05:41:04.706 INFO Web服务端口：80
[rhis_server] 2025-06-15 05:41:04.971 INFO http 服务启动成功，进程ID：19
[rhis_server] 2025-06-15 05:41:05.709 DEBUG 开始监听日志消息队列
[rhis_server] 2025-06-15 05:41:19.003 INFO 当前模式:prod
[rhis_server] 2025-06-15 05:41:19.004 INFO env:undefined
[rhis_server] 2025-06-15 05:41:19.004 INFO Web服务端口：80
[rhis_server] 2025-06-15 05:41:19.082 INFO http 服务启动成功，进程ID：19
[rhis_server] 2025-06-15 05:41:20.006 DEBUG 开始监听日志消息队列
[rhis_server] 2025-06-15 05:41:34.147 INFO 当前模式:prod
[rhis_server] 2025-06-15 05:41:34.148 INFO env:undefined
[rhis_server] 2025-06-15 05:41:34.148 INFO Web服务端口：80
[rhis_server] 2025-06-15 05:41:34.227 INFO http 服务启动成功，进程ID：19
[rhis_server] 2025-06-15 05:41:35.150 DEBUG 开始监听日志消息队列
[rhis_server] 2025-06-15 05:41:47.753 INFO http 服务启动成功，进程ID：19
[rhis_server] 2025-06-15 05:41:47.675 INFO 当前模式:prod
[rhis_server] 2025-06-15 05:41:47.676 INFO env:undefined
[rhis_server] 2025-06-15 05:41:47.676 INFO Web服务端口：80
[rhis_server] 2025-06-15 05:41:48.678 DEBUG 开始监听日志消息队列
[rhis_server] 2025-06-15 05:42:01.503 INFO 当前模式:prod
[rhis_server] 2025-06-15 05:42:01.504 INFO env:undefined
[rhis_server] 2025-06-15 05:42:01.504 INFO Web服务端口：80
[rhis_server] 2025-06-15 05:42:01.581 INFO http 服务启动成功，进程ID：19
[rhis_server] 2025-06-15 05:42:02.505 DEBUG 开始监听日志消息队列
[rhis_server] 2025-06-15 05:42:13.765 INFO 当前模式:prod
[rhis_server] 2025-06-15 05:42:13.766 INFO env:undefined
[rhis_server] 2025-06-15 05:42:13.766 INFO Web服务端口：80
[rhis_server] 2025-06-15 05:42:13.843 INFO http 服务启动成功，进程ID：19
[rhis_server] 2025-06-15 05:42:14.767 DEBUG 开始监听日志消息队列
[rhis_server] 2025-06-15 05:42:27.502 INFO 当前模式:prod
[rhis_server] 2025-06-15 05:42:27.503 INFO env:undefined
[rhis_server] 2025-06-15 05:42:27.504 INFO Web服务端口：80
[rhis_server] 2025-06-15 05:42:27.580 INFO http 服务启动成功，进程ID：19
[rhis_server] 2025-06-15 05:42:28.505 DEBUG 开始监听日志消息队列
[rhis_server] 2025-06-15 05:42:40.711 INFO 当前模式:prod
[rhis_server] 2025-06-15 05:42:40.712 INFO env:undefined
[rhis_server] 2025-06-15 05:42:40.712 INFO Web服务端口：80
[rhis_server] 2025-06-15 05:42:40.790 INFO http 服务启动成功，进程ID：20
[rhis_server] 2025-06-15 05:42:41.714 DEBUG 开始监听日志消息队列
[rhis_server] 2025-06-15 05:42:56.187 INFO 当前模式:prod
[rhis_server] 2025-06-15 05:42:56.188 INFO env:undefined
[rhis_server] 2025-06-15 05:42:56.188 INFO Web服务端口：80
[rhis_server] 2025-06-15 05:42:56.267 INFO http 服务启动成功，进程ID：19
[rhis_server] 2025-06-15 05:42:57.190 DEBUG 开始监听日志消息队列
[rhis_server] 2025-06-15 05:43:08.839 INFO 当前模式:prod
[rhis_server] 2025-06-15 05:43:08.840 INFO env:undefined
[rhis_server] 2025-06-15 05:43:08.840 INFO Web服务端口：80
[rhis_server] 2025-06-15 05:43:08.922 INFO http 服务启动成功，进程ID：18
[rhis_server] 2025-06-15 05:43:09.842 DEBUG 开始监听日志消息队列
[rhis_server] 2025-06-15 05:43:24.242 INFO 当前模式:prod
[rhis_server] 2025-06-15 05:43:24.243 INFO env:undefined
[rhis_server] 2025-06-15 05:43:24.244 INFO Web服务端口：80
[rhis_server] 2025-06-15 05:43:24.323 INFO http 服务启动成功，进程ID：19
[rhis_server] 2025-06-15 05:43:25.245 DEBUG 开始监听日志消息队列
[rhis_server] 2025-06-15 05:43:37.706 INFO 当前模式:prod
[rhis_server] 2025-06-15 05:43:37.707 INFO env:undefined
[rhis_server] 2025-06-15 05:43:37.708 INFO Web服务端口：80
[rhis_server] 2025-06-15 05:43:37.784 INFO http 服务启动成功，进程ID：19
[rhis_server] 2025-06-15 05:43:38.709 DEBUG 开始监听日志消息队列
[rhis_server] 2025-06-15 05:43:50.812 INFO 当前模式:prod
[rhis_server] 2025-06-15 05:43:50.813 INFO env:undefined
[rhis_server] 2025-06-15 05:43:50.813 INFO Web服务端口：80
[rhis_server] 2025-06-15 05:43:50.892 INFO http 服务启动成功，进程ID：19
[rhis_server] 2025-06-15 05:43:51.815 DEBUG 开始监听日志消息队列
[rhis_server] 2025-06-15 07:21:03.275 INFO 当前模式:prod
[rhis_server] 2025-06-15 07:21:03.276 INFO env:undefined
[rhis_server] 2025-06-15 07:21:03.276 INFO Web服务端口：80
[rhis_server] 2025-06-15 07:21:03.356 INFO http 服务启动成功，进程ID：19
[rhis_server] 2025-06-15 07:21:04.278 DEBUG 开始监听日志消息队列
[rhis_server] 2025-06-15 07:23:03.615 INFO 当前模式:prod
[rhis_server] 2025-06-15 07:23:03.619 INFO env:undefined
[rhis_server] 2025-06-15 07:23:03.619 INFO Web服务端口：80
[rhis_server] 2025-06-15 07:23:03.906 INFO http 服务启动成功，进程ID：19
[rhis_server] 2025-06-15 07:23:04.627 DEBUG 开始监听日志消息队列
[rhis_server] 2025-06-15 07:23:16.257 INFO 当前模式:prod
[rhis_server] 2025-06-15 07:23:16.259 INFO env:undefined
[rhis_server] 2025-06-15 07:23:16.259 INFO Web服务端口：80
[rhis_server] 2025-06-15 07:23:16.335 INFO http 服务启动成功，进程ID：19
[rhis_server] 2025-06-15 07:23:17.261 DEBUG 开始监听日志消息队列
[rhis_server] 2025-06-15 07:23:31.022 INFO 当前模式:prod
[rhis_server] 2025-06-15 07:23:31.023 INFO env:undefined
[rhis_server] 2025-06-15 07:23:31.023 INFO Web服务端口：80
[rhis_server] 2025-06-15 07:23:31.098 INFO http 服务启动成功，进程ID：19
[rhis_server] 2025-06-15 07:23:32.025 DEBUG 开始监听日志消息队列
[rhis_server] 2025-06-15 07:23:45.525 INFO 当前模式:prod
[rhis_server] 2025-06-15 07:23:45.526 INFO env:undefined
[rhis_server] 2025-06-15 07:23:45.526 INFO Web服务端口：80
[rhis_server] 2025-06-15 07:23:45.604 INFO http 服务启动成功，进程ID：19
[rhis_server] 2025-06-15 07:23:46.528 DEBUG 开始监听日志消息队列
[rhis_server] 2025-06-15 07:24:01.250 INFO 当前模式:prod
[rhis_server] 2025-06-15 07:24:01.251 INFO env:undefined
[rhis_server] 2025-06-15 07:24:01.251 INFO Web服务端口：80
[rhis_server] 2025-06-15 07:24:01.327 INFO http 服务启动成功，进程ID：19
[rhis_server] 2025-06-15 07:24:02.253 DEBUG 开始监听日志消息队列
[rhis_server] 2025-06-15 07:24:15.610 INFO 当前模式:prod
[rhis_server] 2025-06-15 07:24:15.612 INFO env:undefined
[rhis_server] 2025-06-15 07:24:15.612 INFO Web服务端口：80
[rhis_server] 2025-06-15 07:24:15.690 INFO http 服务启动成功，进程ID：19
[rhis_server] 2025-06-15 07:24:16.614 DEBUG 开始监听日志消息队列
[rhis_server] 2025-06-15 07:24:29.402 INFO 当前模式:prod
[rhis_server] 2025-06-15 07:24:29.403 INFO env:undefined
[rhis_server] 2025-06-15 07:24:29.403 INFO Web服务端口：80
[rhis_server] 2025-06-15 07:24:29.481 INFO http 服务启动成功，进程ID：19
[rhis_server] 2025-06-15 07:24:30.404 DEBUG 开始监听日志消息队列
[rhis_server] 2025-06-15 07:24:42.620 INFO 当前模式:prod
[rhis_server] 2025-06-15 07:24:42.622 INFO env:undefined
[rhis_server] 2025-06-15 07:24:42.622 INFO Web服务端口：80
[rhis_server] 2025-06-15 07:24:42.700 INFO http 服务启动成功，进程ID：19
[rhis_server] 2025-06-15 07:24:43.623 DEBUG 开始监听日志消息队列
[rhis_server] 2025-06-15 07:24:56.581 INFO 当前模式:prod
[rhis_server] 2025-06-15 07:24:56.582 INFO env:undefined
[rhis_server] 2025-06-15 07:24:56.582 INFO Web服务端口：80
[rhis_server] 2025-06-15 07:24:56.662 INFO http 服务启动成功，进程ID：19
[rhis_server] 2025-06-15 07:24:57.583 DEBUG 开始监听日志消息队列
[rhis_server] 2025-06-15 07:25:12.247 INFO 当前模式:prod
[rhis_server] 2025-06-15 07:25:12.248 INFO env:undefined
[rhis_server] 2025-06-15 07:25:12.249 INFO Web服务端口：80
[rhis_server] 2025-06-15 07:25:12.325 INFO http 服务启动成功，进程ID：19
[rhis_server] 2025-06-15 07:25:13.250 DEBUG 开始监听日志消息队列
[rhis_server] 2025-06-15 07:25:25.754 INFO 当前模式:prod
[rhis_server] 2025-06-15 07:25:25.756 INFO env:undefined
[rhis_server] 2025-06-15 07:25:25.756 INFO Web服务端口：80
[rhis_server] 2025-06-15 07:25:25.834 INFO http 服务启动成功，进程ID：19
[rhis_server] 2025-06-15 07:25:26.756 DEBUG 开始监听日志消息队列
[rhis_server] 2025-06-15 07:25:39.724 INFO 当前模式:prod
[rhis_server] 2025-06-15 07:25:39.725 INFO env:undefined
[rhis_server] 2025-06-15 07:25:39.725 INFO Web服务端口：80
[rhis_server] 2025-06-15 07:25:39.803 INFO http 服务启动成功，进程ID：19
[rhis_server] 2025-06-15 07:25:40.727 DEBUG 开始监听日志消息队列
[rhis_server] 2025-06-15 07:25:53.573 INFO 当前模式:prod
[rhis_server] 2025-06-15 07:25:53.575 INFO env:undefined
[rhis_server] 2025-06-15 07:25:53.575 INFO Web服务端口：80
[rhis_server] 2025-06-15 07:25:53.652 INFO http 服务启动成功，进程ID：19
[rhis_server] 2025-06-15 07:25:54.575 DEBUG 开始监听日志消息队列
[rhis_server] 2025-06-15 07:26:06.834 INFO http 服务启动成功，进程ID：19
[rhis_server] 2025-06-15 07:26:06.756 INFO 当前模式:prod
[rhis_server] 2025-06-15 07:26:06.757 INFO env:undefined
[rhis_server] 2025-06-15 07:26:06.757 INFO Web服务端口：80
[rhis_server] 2025-06-15 07:26:07.759 DEBUG 开始监听日志消息队列
[rhis_server] 2025-06-15 07:26:20.200 INFO 当前模式:prod
[rhis_server] 2025-06-15 07:26:20.201 INFO env:undefined
[rhis_server] 2025-06-15 07:26:20.201 INFO Web服务端口：80
[rhis_server] 2025-06-15 07:26:20.279 INFO http 服务启动成功，进程ID：19
[rhis_server] 2025-06-15 07:26:21.202 DEBUG 开始监听日志消息队列
[rhis_server] 2025-06-15 07:26:34.605 INFO 当前模式:prod
[rhis_server] 2025-06-15 07:26:34.607 INFO env:undefined
[rhis_server] 2025-06-15 07:26:34.607 INFO Web服务端口：80
[rhis_server] 2025-06-15 07:26:34.691 INFO http 服务启动成功，进程ID：19
[rhis_server] 2025-06-15 07:26:35.607 DEBUG 开始监听日志消息队列
[rhis_server] 2025-06-15 07:26:48.601 INFO http 服务启动成功，进程ID：19
[rhis_server] 2025-06-15 07:26:48.522 INFO 当前模式:prod
[rhis_server] 2025-06-15 07:26:48.523 INFO env:undefined
[rhis_server] 2025-06-15 07:26:48.523 INFO Web服务端口：80
[rhis_server] 2025-06-15 07:26:49.525 DEBUG 开始监听日志消息队列
[rhis_server] 2025-06-15 07:27:02.957 INFO http 服务启动成功，进程ID：19
[rhis_server] 2025-06-15 07:27:02.877 INFO 当前模式:prod
[rhis_server] 2025-06-15 07:27:02.878 INFO env:undefined
[rhis_server] 2025-06-15 07:27:02.878 INFO Web服务端口：80
[rhis_server] 2025-06-15 07:27:03.880 DEBUG 开始监听日志消息队列
[rhis_server] 2025-06-15 07:27:16.716 INFO 当前模式:prod
[rhis_server] 2025-06-15 07:27:16.717 INFO env:undefined
[rhis_server] 2025-06-15 07:27:16.717 INFO Web服务端口：80
[rhis_server] 2025-06-15 07:27:16.793 INFO http 服务启动成功，进程ID：19
[rhis_server] 2025-06-15 07:27:17.719 DEBUG 开始监听日志消息队列
[rhis_server] 2025-06-15 07:45:16.900 INFO 当前模式:prod
[rhis_server] 2025-06-15 07:45:16.901 INFO env:undefined
[rhis_server] 2025-06-15 07:45:16.901 INFO Web服务端口：80
[rhis_server] 2025-06-15 07:45:16.978 INFO http 服务启动成功，进程ID：19
[rhis_server] 2025-06-15 07:45:17.902 DEBUG 开始监听日志消息队列
[rhis_server] 2025-06-15 07:45:29.439 INFO 当前模式:prod
[rhis_server] 2025-06-15 07:45:29.440 INFO env:undefined
[rhis_server] 2025-06-15 07:45:29.440 INFO Web服务端口：80
[rhis_server] 2025-06-15 07:45:29.521 INFO http 服务启动成功，进程ID：19
[rhis_server] 2025-06-15 07:45:30.442 DEBUG 开始监听日志消息队列
[rhis_server] 2025-06-15 07:45:42.013 INFO 当前模式:prod
[rhis_server] 2025-06-15 07:45:42.014 INFO env:undefined
[rhis_server] 2025-06-15 07:45:42.014 INFO Web服务端口：80
[rhis_server] 2025-06-15 07:45:42.093 INFO http 服务启动成功，进程ID：19
[rhis_server] 2025-06-15 07:45:43.016 DEBUG 开始监听日志消息队列
[rhis_server] 2025-06-15 07:45:56.777 INFO 当前模式:prod
[rhis_server] 2025-06-15 07:45:56.779 INFO env:undefined
[rhis_server] 2025-06-15 07:45:56.779 INFO Web服务端口：80
[rhis_server] 2025-06-15 07:45:56.858 INFO http 服务启动成功，进程ID：19
[rhis_server] 2025-06-15 07:45:57.781 DEBUG 开始监听日志消息队列
[rhis_server] 2025-06-15 07:46:11.622 INFO 当前模式:prod
[rhis_server] 2025-06-15 07:46:11.624 INFO env:undefined
[rhis_server] 2025-06-15 07:46:11.624 INFO Web服务端口：80
[rhis_server] 2025-06-15 07:46:11.708 INFO http 服务启动成功，进程ID：19
[rhis_server] 2025-06-15 07:46:12.626 DEBUG 开始监听日志消息队列
[rhis_server] 2025-06-15 07:46:26.117 INFO 当前模式:prod
[rhis_server] 2025-06-15 07:46:26.118 INFO env:undefined
[rhis_server] 2025-06-15 07:46:26.118 INFO Web服务端口：80
[rhis_server] 2025-06-15 07:46:26.201 INFO http 服务启动成功，进程ID：19
[rhis_server] 2025-06-15 07:46:27.120 DEBUG 开始监听日志消息队列
[rhis_server] 2025-06-15 07:46:40.637 INFO 当前模式:prod
[rhis_server] 2025-06-15 07:46:40.638 INFO env:undefined
[rhis_server] 2025-06-15 07:46:40.639 INFO Web服务端口：80
[rhis_server] 2025-06-15 07:46:40.717 INFO http 服务启动成功，进程ID：19
[rhis_server] 2025-06-15 07:46:41.640 DEBUG 开始监听日志消息队列
[rhis_server] 2025-06-15 07:46:55.138 INFO 当前模式:prod
[rhis_server] 2025-06-15 07:46:55.140 INFO env:undefined
[rhis_server] 2025-06-15 07:46:55.140 INFO Web服务端口：80
[rhis_server] 2025-06-15 07:46:55.219 INFO http 服务启动成功，进程ID：19
[rhis_server] 2025-06-15 07:46:56.141 DEBUG 开始监听日志消息队列
[rhis_server] 2025-06-15 07:47:07.587 INFO 当前模式:prod
[rhis_server] 2025-06-15 07:47:07.588 INFO env:undefined
[rhis_server] 2025-06-15 07:47:07.589 INFO Web服务端口：80
[rhis_server] 2025-06-15 07:47:07.669 INFO http 服务启动成功，进程ID：19
[rhis_server] 2025-06-15 07:47:08.589 DEBUG 开始监听日志消息队列
[rhis_server] 2025-06-15 07:47:20.277 INFO http 服务启动成功，进程ID：19
[rhis_server] 2025-06-15 07:47:20.193 INFO 当前模式:prod
[rhis_server] 2025-06-15 07:47:20.194 INFO env:undefined
[rhis_server] 2025-06-15 07:47:20.194 INFO Web服务端口：80
[rhis_server] 2025-06-15 07:47:21.195 DEBUG 开始监听日志消息队列
[rhis_server] 2025-06-15 07:47:32.653 INFO 当前模式:prod
[rhis_server] 2025-06-15 07:47:32.654 INFO env:undefined
[rhis_server] 2025-06-15 07:47:32.654 INFO Web服务端口：80
[rhis_server] 2025-06-15 07:47:32.735 INFO http 服务启动成功，进程ID：19
[rhis_server] 2025-06-15 07:47:44.764 INFO 当前模式:prod
[rhis_server] 2025-06-15 07:47:44.766 INFO env:undefined
[rhis_server] 2025-06-15 07:47:44.766 INFO Web服务端口：80
[rhis_server] 2025-06-15 07:47:44.844 INFO http 服务启动成功，进程ID：19
[rhis_server] 2025-06-15 07:47:45.768 DEBUG 开始监听日志消息队列
[rhis_server] 2025-06-15 07:47:59.744 INFO 当前模式:prod
[rhis_server] 2025-06-15 07:47:59.746 INFO env:undefined
[rhis_server] 2025-06-15 07:47:59.746 INFO Web服务端口：80
[rhis_server] 2025-06-15 07:47:59.901 INFO http 服务启动成功，进程ID：19
[rhis_server] 2025-06-15 07:48:00.747 DEBUG 开始监听日志消息队列
[rhis_server] 2025-06-15 07:48:12.216 INFO 当前模式:prod
[rhis_server] 2025-06-15 07:48:12.218 INFO env:undefined
[rhis_server] 2025-06-15 07:48:12.218 INFO Web服务端口：80
[rhis_server] 2025-06-15 07:48:12.304 INFO http 服务启动成功，进程ID：19
[rhis_server] 2025-06-15 07:48:13.220 DEBUG 开始监听日志消息队列
[rhis_server] 2025-06-15 07:48:26.760 INFO 当前模式:prod
[rhis_server] 2025-06-15 07:48:26.761 INFO env:undefined
[rhis_server] 2025-06-15 07:48:26.761 INFO Web服务端口：80
[rhis_server] 2025-06-15 07:48:26.840 INFO http 服务启动成功，进程ID：19
[rhis_server] 2025-06-15 07:48:27.762 DEBUG 开始监听日志消息队列
[rhis_server] 2025-06-15 07:48:40.875 INFO 当前模式:prod
[rhis_server] 2025-06-15 07:48:40.876 INFO env:undefined
[rhis_server] 2025-06-15 07:48:40.876 INFO Web服务端口：80
[rhis_server] 2025-06-15 07:48:40.955 INFO http 服务启动成功，进程ID：19
[rhis_server] 2025-06-15 07:48:41.878 DEBUG 开始监听日志消息队列
[rhis_server] 2025-06-15 07:48:55.669 INFO 当前模式:prod
[rhis_server] 2025-06-15 07:48:55.670 INFO env:undefined
[rhis_server] 2025-06-15 07:48:55.671 INFO Web服务端口：80
[rhis_server] 2025-06-15 07:48:55.749 INFO http 服务启动成功，进程ID：19
[rhis_server] 2025-06-15 07:48:56.672 DEBUG 开始监听日志消息队列
[rhis_server] 2025-06-15 07:49:09.633 INFO 当前模式:prod
[rhis_server] 2025-06-15 07:49:09.634 INFO env:undefined
[rhis_server] 2025-06-15 07:49:09.634 INFO Web服务端口：80
[rhis_server] 2025-06-15 07:49:09.714 INFO http 服务启动成功，进程ID：19
[rhis_server] 2025-06-15 07:49:10.636 DEBUG 开始监听日志消息队列
[rhis_server] 2025-06-15 07:49:24.029 INFO 当前模式:prod
[rhis_server] 2025-06-15 07:49:24.030 INFO env:undefined
[rhis_server] 2025-06-15 07:49:24.030 INFO Web服务端口：80
[rhis_server] 2025-06-15 07:49:24.107 INFO http 服务启动成功，进程ID：19
[rhis_server] 2025-06-15 07:49:25.032 DEBUG 开始监听日志消息队列
[rhis_server] 2025-06-15 07:49:38.629 INFO 当前模式:prod
[rhis_server] 2025-06-15 07:49:38.630 INFO env:undefined
[rhis_server] 2025-06-15 07:49:38.630 INFO Web服务端口：80
[rhis_server] 2025-06-15 07:49:38.709 INFO http 服务启动成功，进程ID：19
[rhis_server] 2025-06-15 07:49:39.631 DEBUG 开始监听日志消息队列
[rhis_server] 2025-06-15 07:49:53.137 INFO 当前模式:prod
[rhis_server] 2025-06-15 07:49:53.139 INFO env:undefined
[rhis_server] 2025-06-15 07:49:53.139 INFO Web服务端口：80
[rhis_server] 2025-06-15 07:49:53.219 INFO http 服务启动成功，进程ID：19
[rhis_server] 2025-06-15 07:49:54.140 DEBUG 开始监听日志消息队列
[rhis_server] 2025-06-15 07:50:08.351 INFO 当前模式:prod
[rhis_server] 2025-06-15 07:50:08.352 INFO env:undefined
[rhis_server] 2025-06-15 07:50:08.352 INFO Web服务端口：80
[rhis_server] 2025-06-15 07:50:08.434 INFO http 服务启动成功，进程ID：19
[rhis_server] 2025-06-15 07:50:09.354 DEBUG 开始监听日志消息队列
[rhis_server] 2025-06-15 07:50:24.119 INFO 当前模式:prod
[rhis_server] 2025-06-15 07:50:24.120 INFO env:undefined
[rhis_server] 2025-06-15 07:50:24.120 INFO Web服务端口：80
[rhis_server] 2025-06-15 07:50:24.198 INFO http 服务启动成功，进程ID：19
[rhis_server] 2025-06-15 07:50:25.121 DEBUG 开始监听日志消息队列
[rhis_server] 2025-06-15 07:50:38.338 INFO 当前模式:prod
[rhis_server] 2025-06-15 07:50:38.339 INFO env:undefined
[rhis_server] 2025-06-15 07:50:38.340 INFO Web服务端口：80
[rhis_server] 2025-06-15 07:50:38.420 INFO http 服务启动成功，进程ID：19
[rhis_server] 2025-06-15 07:50:39.341 DEBUG 开始监听日志消息队列
[rhis_server] 2025-06-15 07:50:52.829 INFO 当前模式:prod
[rhis_server] 2025-06-15 07:50:52.831 INFO env:undefined
[rhis_server] 2025-06-15 07:50:52.831 INFO Web服务端口：80
[rhis_server] 2025-06-15 07:50:52.909 INFO http 服务启动成功，进程ID：19
[rhis_server] 2025-06-15 07:50:53.833 DEBUG 开始监听日志消息队列
[rhis_server] 2025-06-15 07:51:05.458 INFO 当前模式:prod
[rhis_server] 2025-06-15 07:51:05.459 INFO env:undefined
[rhis_server] 2025-06-15 07:51:05.459 INFO Web服务端口：80
[rhis_server] 2025-06-15 07:51:05.541 INFO http 服务启动成功，进程ID：19
[rhis_server] 2025-06-15 07:51:06.461 DEBUG 开始监听日志消息队列
[rhis_server] 2025-06-15 07:51:20.231 INFO 当前模式:prod
[rhis_server] 2025-06-15 07:51:20.232 INFO env:undefined
[rhis_server] 2025-06-15 07:51:20.232 INFO Web服务端口：80
[rhis_server] 2025-06-15 07:51:20.316 INFO http 服务启动成功，进程ID：19
[rhis_server] 2025-06-15 07:51:21.234 DEBUG 开始监听日志消息队列
[rhis_server] 2025-06-15 07:51:34.735 INFO 当前模式:prod
[rhis_server] 2025-06-15 07:51:34.737 INFO env:undefined
[rhis_server] 2025-06-15 07:51:34.737 INFO Web服务端口：80
[rhis_server] 2025-06-15 07:51:34.816 INFO http 服务启动成功，进程ID：19
[rhis_server] 2025-06-15 07:51:35.739 DEBUG 开始监听日志消息队列
[rhis_server] 2025-06-15 07:51:50.875 INFO http 服务启动成功，进程ID：19
[rhis_server] 2025-06-15 07:51:50.799 INFO 当前模式:prod
[rhis_server] 2025-06-15 07:51:50.800 INFO env:undefined
[rhis_server] 2025-06-15 07:51:50.800 INFO Web服务端口：80
[rhis_server] 2025-06-15 07:51:51.802 DEBUG 开始监听日志消息队列
[rhis_server] 2025-06-15 07:52:10.572 INFO 当前模式:prod
[rhis_server] 2025-06-15 07:52:10.574 INFO env:undefined
[rhis_server] 2025-06-15 07:52:10.574 INFO Web服务端口：80
[rhis_server] 2025-06-15 07:52:10.654 INFO http 服务启动成功，进程ID：19
[rhis_server] 2025-06-15 07:52:11.576 DEBUG 开始监听日志消息队列
[rhis_server] 2025-06-15 07:52:25.072 INFO 当前模式:prod
[rhis_server] 2025-06-15 07:52:25.073 INFO env:undefined
[rhis_server] 2025-06-15 07:52:25.073 INFO Web服务端口：80
[rhis_server] 2025-06-15 07:52:25.154 INFO http 服务启动成功，进程ID：19
[rhis_server] 2025-06-15 07:52:26.075 DEBUG 开始监听日志消息队列
[rhis_server] 2025-06-15 07:52:39.579 INFO 当前模式:prod
[rhis_server] 2025-06-15 07:52:39.581 INFO env:undefined
[rhis_server] 2025-06-15 07:52:39.581 INFO Web服务端口：80
[rhis_server] 2025-06-15 07:52:39.662 INFO http 服务启动成功，进程ID：19
[rhis_server] 2025-06-15 07:52:40.582 DEBUG 开始监听日志消息队列
[rhis_server] 2025-06-15 07:52:54.729 INFO 当前模式:prod
[rhis_server] 2025-06-15 07:52:54.730 INFO env:undefined
[rhis_server] 2025-06-15 07:52:54.731 INFO Web服务端口：80
[rhis_server] 2025-06-15 07:52:54.812 INFO http 服务启动成功，进程ID：19
[rhis_server] 2025-06-15 07:52:55.732 DEBUG 开始监听日志消息队列
[rhis_server] 2025-06-15 07:53:08.994 INFO 当前模式:prod
[rhis_server] 2025-06-15 07:53:08.995 INFO env:undefined
[rhis_server] 2025-06-15 07:53:08.995 INFO Web服务端口：80
[rhis_server] 2025-06-15 07:53:09.072 INFO http 服务启动成功，进程ID：19
[rhis_server] 2025-06-15 07:53:09.997 DEBUG 开始监听日志消息队列
[rhis_server] 2025-06-15 07:53:23.743 INFO 当前模式:prod
[rhis_server] 2025-06-15 07:53:23.744 INFO env:undefined
[rhis_server] 2025-06-15 07:53:23.745 INFO Web服务端口：80
[rhis_server] 2025-06-15 07:53:23.823 INFO http 服务启动成功，进程ID：19
[rhis_server] 2025-06-15 07:53:24.746 DEBUG 开始监听日志消息队列
[rhis_server] 2025-06-15 07:53:37.634 INFO http 服务启动成功，进程ID：19
[rhis_server] 2025-06-15 07:53:37.555 INFO 当前模式:prod
[rhis_server] 2025-06-15 07:53:37.556 INFO env:undefined
[rhis_server] 2025-06-15 07:53:37.556 INFO Web服务端口：80
[rhis_server] 2025-06-15 07:53:38.558 DEBUG 开始监听日志消息队列
[rhis_server] 2025-06-15 07:53:50.828 INFO 当前模式:prod
[rhis_server] 2025-06-15 07:53:50.829 INFO env:undefined
[rhis_server] 2025-06-15 07:53:50.829 INFO Web服务端口：80
[rhis_server] 2025-06-15 07:53:50.907 INFO http 服务启动成功，进程ID：19
[rhis_server] 2025-06-15 07:53:51.831 DEBUG 开始监听日志消息队列
[rhis_server] 2025-06-15 07:54:05.584 INFO 当前模式:prod
[rhis_server] 2025-06-15 07:54:05.586 INFO env:undefined
[rhis_server] 2025-06-15 07:54:05.586 INFO Web服务端口：80
[rhis_server] 2025-06-15 07:54:05.664 INFO http 服务启动成功，进程ID：19
[rhis_server] 2025-06-15 07:54:06.587 DEBUG 开始监听日志消息队列
[rhis_server] 2025-06-15 07:54:19.909 INFO 当前模式:prod
[rhis_server] 2025-06-15 07:54:19.910 INFO env:undefined
[rhis_server] 2025-06-15 07:54:19.910 INFO Web服务端口：80
[rhis_server] 2025-06-15 07:54:19.992 INFO http 服务启动成功，进程ID：19
[rhis_server] 2025-06-15 07:54:20.912 DEBUG 开始监听日志消息队列
[rhis_server] 2025-06-15 07:54:34.695 INFO 当前模式:prod
[rhis_server] 2025-06-15 07:54:34.696 INFO env:undefined
[rhis_server] 2025-06-15 07:54:34.696 INFO Web服务端口：80
[rhis_server] 2025-06-15 07:54:34.777 INFO http 服务启动成功，进程ID：19
[rhis_server] 2025-06-15 07:54:35.698 DEBUG 开始监听日志消息队列
[rhis_server] 2025-06-15 07:54:50.709 INFO 当前模式:prod
[rhis_server] 2025-06-15 07:54:50.711 INFO env:undefined
[rhis_server] 2025-06-15 07:54:50.711 INFO Web服务端口：80
[rhis_server] 2025-06-15 07:54:50.792 INFO http 服务启动成功，进程ID：19
[rhis_server] 2025-06-15 07:54:51.713 DEBUG 开始监听日志消息队列
[rhis_server] 2025-06-15 07:55:05.354 INFO 当前模式:prod
[rhis_server] 2025-06-15 07:55:05.356 INFO env:undefined
[rhis_server] 2025-06-15 07:55:05.356 INFO Web服务端口：80
[rhis_server] 2025-06-15 07:55:05.439 INFO http 服务启动成功，进程ID：19
[rhis_server] 2025-06-15 07:55:06.358 DEBUG 开始监听日志消息队列
[rhis_server] 2025-06-15 07:55:28.899 INFO 当前模式:prod
[rhis_server] 2025-06-15 07:55:28.900 INFO env:undefined
[rhis_server] 2025-06-15 07:55:28.900 INFO Web服务端口：80
[rhis_server] 2025-06-15 07:55:28.982 INFO http 服务启动成功，进程ID：19
[rhis_server] 2025-06-15 07:55:29.902 DEBUG 开始监听日志消息队列
[rhis_server] 2025-06-15 08:00:56.725 INFO 当前模式:prod
[rhis_server] 2025-06-15 08:00:56.729 INFO env:undefined
[rhis_server] 2025-06-15 08:00:56.729 INFO Web服务端口：80
[rhis_server] 2025-06-15 08:00:57.048 INFO http 服务启动成功，进程ID：19
[rhis_server] 2025-06-15 08:00:57.733 DEBUG 开始监听日志消息队列
[rhis_server] 2025-06-15 08:01:09.335 INFO 当前模式:prod
[rhis_server] 2025-06-15 08:01:09.337 INFO env:undefined
[rhis_server] 2025-06-15 08:01:09.337 INFO Web服务端口：80
[rhis_server] 2025-06-15 08:01:09.421 INFO http 服务启动成功，进程ID：19
[rhis_server] 2025-06-15 08:01:10.338 DEBUG 开始监听日志消息队列
[rhis_server] 2025-06-15 08:01:26.995 INFO 当前模式:prod
[rhis_server] 2025-06-15 08:01:26.996 INFO env:undefined
[rhis_server] 2025-06-15 08:01:26.996 INFO Web服务端口：80
[rhis_server] 2025-06-15 08:01:27.075 INFO http 服务启动成功，进程ID：19
[rhis_server] 2025-06-15 08:01:27.998 DEBUG 开始监听日志消息队列
[rhis_server] 2025-06-15 08:01:42.872 INFO 当前模式:prod
[rhis_server] 2025-06-15 08:01:42.873 INFO env:undefined
[rhis_server] 2025-06-15 08:01:42.873 INFO Web服务端口：80
[rhis_server] 2025-06-15 08:01:42.950 INFO http 服务启动成功，进程ID：19
[rhis_server] 2025-06-15 08:01:43.874 DEBUG 开始监听日志消息队列
[rhis_server] 2025-06-15 08:02:00.589 INFO 当前模式:prod
[rhis_server] 2025-06-15 08:02:00.590 INFO env:undefined
[rhis_server] 2025-06-15 08:02:00.590 INFO Web服务端口：80
[rhis_server] 2025-06-15 08:02:00.671 INFO http 服务启动成功，进程ID：19
[rhis_server] 2025-06-15 08:02:01.592 DEBUG 开始监听日志消息队列
[rhis_server] 2025-06-15 08:02:12.998 INFO 当前模式:prod
[rhis_server] 2025-06-15 08:02:12.999 INFO env:undefined
[rhis_server] 2025-06-15 08:02:12.999 INFO Web服务端口：80
[rhis_server] 2025-06-15 08:02:13.073 INFO http 服务启动成功，进程ID：19
[rhis_server] 2025-06-15 08:02:14.000 DEBUG 开始监听日志消息队列
[rhis_server] 2025-06-15 08:08:11.847 INFO 当前模式:prod
[rhis_server] 2025-06-15 08:08:11.848 INFO env:undefined
[rhis_server] 2025-06-15 08:08:11.848 INFO Web服务端口：80
[rhis_server] 2025-06-15 08:08:11.927 INFO http 服务启动成功，进程ID：19
[rhis_server] 2025-06-15 08:08:12.849 DEBUG 开始监听日志消息队列
[rhis_server] 2025-06-15 08:11:35.528 INFO 当前模式:prod
[rhis_server] 2025-06-15 08:11:35.532 INFO env:undefined
[rhis_server] 2025-06-15 08:11:35.532 INFO Web服务端口：80
[rhis_server] 2025-06-15 08:11:35.830 INFO http 服务启动成功，进程ID：19
[rhis_server] 2025-06-15 08:11:36.535 DEBUG 开始监听日志消息队列
[rhis_server] 2025-06-15 08:11:48.196 INFO 当前模式:prod
[rhis_server] 2025-06-15 08:11:48.197 INFO env:undefined
[rhis_server] 2025-06-15 08:11:48.197 INFO Web服务端口：80
[rhis_server] 2025-06-15 08:11:48.370 INFO http 服务启动成功，进程ID：19
[rhis_server] 2025-06-15 08:11:49.199 DEBUG 开始监听日志消息队列
[rhis_server] 2025-06-15 08:12:00.579 INFO 当前模式:prod
[rhis_server] 2025-06-15 08:12:00.581 INFO env:undefined
[rhis_server] 2025-06-15 08:12:00.581 INFO Web服务端口：80
[rhis_server] 2025-06-15 08:12:00.662 INFO http 服务启动成功，进程ID：19
[rhis_server] 2025-06-15 08:12:01.582 DEBUG 开始监听日志消息队列
[rhis_server] 2025-06-15 08:12:13.125 INFO 当前模式:prod
[rhis_server] 2025-06-15 08:12:13.126 INFO env:undefined
[rhis_server] 2025-06-15 08:12:13.126 INFO Web服务端口：80
[rhis_server] 2025-06-15 08:12:13.207 INFO http 服务启动成功，进程ID：19
[rhis_server] 2025-06-15 08:12:14.128 DEBUG 开始监听日志消息队列
[rhis_server] 2025-06-15 08:12:25.366 INFO 当前模式:prod
[rhis_server] 2025-06-15 08:12:25.368 INFO env:undefined
[rhis_server] 2025-06-15 08:12:25.368 INFO Web服务端口：80
[rhis_server] 2025-06-15 08:12:25.445 INFO http 服务启动成功，进程ID：19
[rhis_server] 2025-06-15 08:12:26.369 DEBUG 开始监听日志消息队列
[rhis_server] 2025-06-15 08:12:38.788 INFO 当前模式:prod
[rhis_server] 2025-06-15 08:12:38.790 INFO env:undefined
[rhis_server] 2025-06-15 08:12:38.790 INFO Web服务端口：80
[rhis_server] 2025-06-15 08:12:38.872 INFO http 服务启动成功，进程ID：19
[rhis_server] 2025-06-15 08:12:39.791 DEBUG 开始监听日志消息队列
[rhis_server] 2025-06-15 08:12:51.076 INFO 当前模式:prod
[rhis_server] 2025-06-15 08:12:51.077 INFO env:undefined
[rhis_server] 2025-06-15 08:12:51.078 INFO Web服务端口：80
[rhis_server] 2025-06-15 08:12:51.159 INFO http 服务启动成功，进程ID：19
[rhis_server] 2025-06-15 08:12:52.079 DEBUG 开始监听日志消息队列
[rhis_server] 2025-06-15 08:13:04.128 INFO 当前模式:prod
[rhis_server] 2025-06-15 08:13:04.129 INFO env:undefined
[rhis_server] 2025-06-15 08:13:04.129 INFO Web服务端口：80
[rhis_server] 2025-06-15 08:13:04.214 INFO http 服务启动成功，进程ID：19
[rhis_server] 2025-06-15 08:13:05.132 DEBUG 开始监听日志消息队列
[rhis_server] 2025-06-15 15:18:17.441 INFO 当前模式:prod
[rhis_server] 2025-06-15 15:18:17.442 INFO env:undefined
[rhis_server] 2025-06-15 15:18:17.442 INFO Web服务端口：80
[rhis_server] 2025-06-15 15:18:17.522 INFO http 服务启动成功，进程ID：19
[rhis_server] 2025-06-15 15:18:18.444 DEBUG 开始监听日志消息队列
[rhis_server] 2025-06-15 16:52:15.552 INFO 当前模式:prod
[rhis_server] 2025-06-15 16:52:15.555 INFO env:undefined
[rhis_server] 2025-06-15 16:52:15.555 INFO Web服务端口：80
[rhis_server] 2025-06-15 16:52:15.835 INFO http 服务启动成功，进程ID：19
[rhis_server] 2025-06-15 16:52:16.559 DEBUG 开始监听日志消息队列
[rhis_server] 2025-06-15 17:06:50.048 INFO 当前模式:prod
[rhis_server] 2025-06-15 17:06:50.053 INFO env:undefined
[rhis_server] 2025-06-15 17:06:50.053 INFO Web服务端口：80
[rhis_server] 2025-06-15 17:06:50.387 INFO http 服务启动成功，进程ID：19
[rhis_server] 2025-06-15 17:06:51.058 DEBUG 开始监听日志消息队列
[rhis_server] 2025-06-15 17:17:22.196 INFO 当前模式:prod
[rhis_server] 2025-06-15 17:17:22.198 INFO env:undefined
[rhis_server] 2025-06-15 17:17:22.198 INFO Web服务端口：80
[rhis_server] 2025-06-15 17:17:22.467 INFO http 服务启动成功，进程ID：19
[rhis_server] 2025-06-15 17:17:23.201 DEBUG 开始监听日志消息队列
[rhis_server] 2025-06-15 17:35:27.250 INFO 当前模式:prod
[rhis_server] 2025-06-15 17:35:27.253 INFO env:undefined
[rhis_server] 2025-06-15 17:35:27.254 INFO Web服务端口：80
[rhis_server] 2025-06-15 17:35:27.565 INFO http 服务启动成功，进程ID：19
[rhis_server] 2025-06-15 17:35:28.257 DEBUG 开始监听日志消息队列
[rhis_server] 2025-06-15 17:45:39.548 INFO 当前模式:prod
[rhis_server] 2025-06-15 17:45:39.552 INFO env:undefined
[rhis_server] 2025-06-15 17:45:39.552 INFO Web服务端口：80
[rhis_server] 2025-06-15 17:45:39.848 INFO http 服务启动成功，进程ID：19
[rhis_server] 2025-06-15 17:45:40.555 DEBUG 开始监听日志消息队列
[rhis_server] 2025-06-15 17:54:46.237 INFO 当前模式:prod
[rhis_server] 2025-06-15 17:54:46.242 INFO env:undefined
[rhis_server] 2025-06-15 17:54:46.242 INFO Web服务端口：80
[rhis_server] 2025-06-15 17:54:56.630 INFO http 服务启动成功，进程ID：19
[rhis_server] 2025-06-15 17:54:56.638 DEBUG 开始监听日志消息队列
[rhis_server] 2025-06-15 18:10:54.527 INFO 当前模式:prod
[rhis_server] 2025-06-15 18:10:54.530 INFO env:undefined
[rhis_server] 2025-06-15 18:10:54.531 INFO Web服务端口：80
[rhis_server] 2025-06-15 18:10:54.836 INFO http 服务启动成功，进程ID：19
[rhis_server] 2025-06-15 18:10:55.534 DEBUG 开始监听日志消息队列
[rhis_server] 2025-06-15 18:22:43.046 INFO 当前模式:prod
[rhis_server] 2025-06-15 18:22:43.050 INFO env:undefined
[rhis_server] 2025-06-15 18:22:43.050 INFO Web服务端口：80
[rhis_server] 2025-06-15 18:22:43.333 INFO http 服务启动成功，进程ID：19
[rhis_server] 2025-06-15 18:22:44.053 DEBUG 开始监听日志消息队列
