2025-06-17 23:44:52,594 INFO     54 task_executor_50b9bd246581_0 log path: /ragflow/logs/task_executor_50b9bd246581_0.log, log levels: {'peewee': 'WARNING', 'pdfminer': 'WARNING', 'root': 'INFO'}
2025-06-17 23:44:52,595 INFO     54 
  ______           __      ______                     __
 /_  __/___ ______/ /__   / ____/  _____  _______  __/ /_____  _____
  / / / __ `/ ___/ //_/  / __/ | |/_/ _ \/ ___/ / / / __/ __ \/ ___/
 / / / /_/ (__  ) ,<    / /____>  </  __/ /__/ /_/ / /_/ /_/ / /
/_/  \__,_/____/_/|_|  /_____/_/|_|\___/\___/\__,_/\__/\____/_/
    
2025-06-17 23:44:52,595 INFO     54 TaskExecutor: RAGFlow version: v0.19.0 slim
2025-06-17 23:44:52,596 INFO     54 Use Elasticsearch http://es01:9200 as the doc engine.
2025-06-17 23:44:52,600 INFO     54 GET http://es01:9200/ [status:N/A duration:0.004s]
2025-06-17 23:44:52,601 WARNING  54 Node <Urllib3HttpNode(http://es01:9200)> has failed for 1 times in a row, putting on 1 second timeout
2025-06-17 23:44:52,601 WARNING  54 Retrying request after failure (attempt 0 of 3)
Traceback (most recent call last):
  File "/ragflow/.venv/lib/python3.10/site-packages/elastic_transport/_transport.py", line 328, in perform_request
    meta, raw_data = node.perform_request(
  File "/ragflow/.venv/lib/python3.10/site-packages/elastic_transport/_node/_http_urllib3.py", line 202, in perform_request
    raise err from None
elastic_transport.ConnectionError: Connection error caused by: NameResolutionError(<urllib3.connection.HTTPConnection object at 0x7f3dfd8338e0>: Failed to resolve 'es01' ([Errno -3] Temporary failure in name resolution))
2025-06-17 23:44:52,603 INFO     54 GET http://es01:9200/ [status:N/A duration:0.002s]
2025-06-17 23:44:52,603 WARNING  54 Node <Urllib3HttpNode(http://es01:9200)> has failed for 2 times in a row, putting on 2 second timeout
2025-06-17 23:44:52,603 WARNING  54 Retrying request after failure (attempt 1 of 3)
Traceback (most recent call last):
  File "/ragflow/.venv/lib/python3.10/site-packages/elastic_transport/_transport.py", line 328, in perform_request
    meta, raw_data = node.perform_request(
  File "/ragflow/.venv/lib/python3.10/site-packages/elastic_transport/_node/_http_urllib3.py", line 202, in perform_request
    raise err from None
elastic_transport.ConnectionError: Connection error caused by: NameResolutionError(<urllib3.connection.HTTPConnection object at 0x7f3dfd833fa0>: Failed to resolve 'es01' ([Errno -3] Temporary failure in name resolution))
2025-06-17 23:44:52,605 INFO     54 GET http://es01:9200/ [status:N/A duration:0.001s]
2025-06-17 23:44:52,605 WARNING  54 Node <Urllib3HttpNode(http://es01:9200)> has failed for 3 times in a row, putting on 4 second timeout
2025-06-17 23:44:52,605 WARNING  54 Retrying request after failure (attempt 2 of 3)
Traceback (most recent call last):
  File "/ragflow/.venv/lib/python3.10/site-packages/elastic_transport/_transport.py", line 328, in perform_request
    meta, raw_data = node.perform_request(
  File "/ragflow/.venv/lib/python3.10/site-packages/elastic_transport/_node/_http_urllib3.py", line 202, in perform_request
    raise err from None
elastic_transport.ConnectionError: Connection error caused by: NameResolutionError(<urllib3.connection.HTTPConnection object at 0x7f3dfd831c90>: Failed to resolve 'es01' ([Errno -3] Temporary failure in name resolution))
2025-06-17 23:44:52,606 INFO     54 GET http://es01:9200/ [status:N/A duration:0.001s]
2025-06-17 23:44:52,606 WARNING  54 Node <Urllib3HttpNode(http://es01:9200)> has failed for 4 times in a row, putting on 8 second timeout
2025-06-17 23:44:52,607 WARNING  54 Connection error caused by: ConnectionError(Connection error caused by: NameResolutionError(<urllib3.connection.HTTPConnection object at 0x7f3dfd8338e0>: Failed to resolve 'es01' ([Errno -3] Temporary failure in name resolution))). Waiting Elasticsearch http://es01:9200 to be healthy.
