2026-01-07 18:42:52,073 INFO     38 task_executor_817c2b2686a1_0 log path: /ragflow/logs/task_executor_817c2b2686a1_0.log, log levels: {'peewee': 'WARNING', 'pdfminer': 'WARNING', 'root': 'INFO'}
2026-01-07 18:42:52,073 INFO     38 
  ______           __      ______                     __
 /_  __/___ ______/ /__   / ____/  _____  _______  __/ /_____  _____
  / / / __ `/ ___/ //_/  / __/ | |/_/ _ \/ ___/ / / / __/ __ \/ ___/
 / / / /_/ (__  ) ,<    / /____>  </  __/ /__/ /_/ / /_/ /_/ / /
/_/  \__,_/____/_/|_|  /_____/_/|_|\___/\___/\__,_/\__/\____/_/
    
2026-01-07 18:42:52,073 INFO     38 TaskExecutor: RAGFlow version: v0.19.0 slim
2026-01-07 18:42:52,074 INFO     38 Use Elasticsearch http://es01:9200 as the doc engine.
2026-01-07 18:42:52,075 INFO     38 GET http://es01:9200/ [status:N/A duration:0.001s]
2026-01-07 18:42:52,075 WARNING  38 Node <Urllib3HttpNode(http://es01:9200)> has failed for 1 times in a row, putting on 1 second timeout
2026-01-07 18:42:52,075 WARNING  38 Retrying request after failure (attempt 0 of 3)
Traceback (most recent call last):
  File "/ragflow/.venv/lib/python3.10/site-packages/elastic_transport/_transport.py", line 328, in perform_request
    meta, raw_data = node.perform_request(
  File "/ragflow/.venv/lib/python3.10/site-packages/elastic_transport/_node/_http_urllib3.py", line 202, in perform_request
    raise err from None
elastic_transport.ConnectionError: Connection error caused by: NewConnectionError(<urllib3.connection.HTTPConnection object at 0x7f176af3d1b0>: Failed to establish a new connection: [Errno 111] Connection refused)
2026-01-07 18:42:52,076 INFO     38 GET http://es01:9200/ [status:N/A duration:0.000s]
2026-01-07 18:42:52,076 WARNING  38 Node <Urllib3HttpNode(http://es01:9200)> has failed for 2 times in a row, putting on 2 second timeout
2026-01-07 18:42:52,076 WARNING  38 Retrying request after failure (attempt 1 of 3)
Traceback (most recent call last):
  File "/ragflow/.venv/lib/python3.10/site-packages/elastic_transport/_transport.py", line 328, in perform_request
    meta, raw_data = node.perform_request(
  File "/ragflow/.venv/lib/python3.10/site-packages/elastic_transport/_node/_http_urllib3.py", line 202, in perform_request
    raise err from None
elastic_transport.ConnectionError: Connection error caused by: NewConnectionError(<urllib3.connection.HTTPConnection object at 0x7f176af3dba0>: Failed to establish a new connection: [Errno 111] Connection refused)
2026-01-07 18:42:52,077 INFO     38 GET http://es01:9200/ [status:N/A duration:0.000s]
2026-01-07 18:42:52,077 WARNING  38 Node <Urllib3HttpNode(http://es01:9200)> has failed for 3 times in a row, putting on 4 second timeout
2026-01-07 18:42:52,077 WARNING  38 Retrying request after failure (attempt 2 of 3)
Traceback (most recent call last):
  File "/ragflow/.venv/lib/python3.10/site-packages/elastic_transport/_transport.py", line 328, in perform_request
    meta, raw_data = node.perform_request(
  File "/ragflow/.venv/lib/python3.10/site-packages/elastic_transport/_node/_http_urllib3.py", line 202, in perform_request
    raise err from None
elastic_transport.ConnectionError: Connection error caused by: NewConnectionError(<urllib3.connection.HTTPConnection object at 0x7f176af3c2e0>: Failed to establish a new connection: [Errno 111] Connection refused)
2026-01-07 18:42:52,077 INFO     38 GET http://es01:9200/ [status:N/A duration:0.000s]
2026-01-07 18:42:52,077 WARNING  38 Node <Urllib3HttpNode(http://es01:9200)> has failed for 4 times in a row, putting on 8 second timeout
2026-01-07 18:42:52,078 WARNING  38 Connection error caused by: ConnectionError(Connection error caused by: NewConnectionError(<urllib3.connection.HTTPConnection object at 0x7f176af3d1b0>: Failed to establish a new connection: [Errno 111] Connection refused)). Waiting Elasticsearch http://es01:9200 to be healthy.
2026-01-07 18:42:57,086 INFO     38 GET http://es01:9200/ [status:N/A duration:0.002s]
2026-01-07 18:42:57,087 WARNING  38 Node <Urllib3HttpNode(http://es01:9200)> has failed for 1 times in a row, putting on 1 second timeout
2026-01-07 18:42:57,087 WARNING  38 Retrying request after failure (attempt 0 of 3)
Traceback (most recent call last):
  File "/ragflow/.venv/lib/python3.10/site-packages/elastic_transport/_transport.py", line 328, in perform_request
    meta, raw_data = node.perform_request(
  File "/ragflow/.venv/lib/python3.10/site-packages/elastic_transport/_node/_http_urllib3.py", line 202, in perform_request
    raise err from None
elastic_transport.ConnectionError: Connection error caused by: NewConnectionError(<urllib3.connection.HTTPConnection object at 0x7f176af3e890>: Failed to establish a new connection: [Errno 111] Connection refused)
2026-01-07 18:42:57,089 INFO     38 GET http://es01:9200/ [status:N/A duration:0.001s]
2026-01-07 18:42:57,089 WARNING  38 Node <Urllib3HttpNode(http://es01:9200)> has failed for 2 times in a row, putting on 2 second timeout
2026-01-07 18:42:57,089 WARNING  38 Retrying request after failure (attempt 1 of 3)
Traceback (most recent call last):
  File "/ragflow/.venv/lib/python3.10/site-packages/elastic_transport/_transport.py", line 328, in perform_request
    meta, raw_data = node.perform_request(
  File "/ragflow/.venv/lib/python3.10/site-packages/elastic_transport/_node/_http_urllib3.py", line 202, in perform_request
    raise err from None
elastic_transport.ConnectionError: Connection error caused by: NewConnectionError(<urllib3.connection.HTTPConnection object at 0x7f176af3d960>: Failed to establish a new connection: [Errno 111] Connection refused)
2026-01-07 18:42:57,090 INFO     38 GET http://es01:9200/ [status:N/A duration:0.001s]
2026-01-07 18:42:57,091 WARNING  38 Node <Urllib3HttpNode(http://es01:9200)> has failed for 3 times in a row, putting on 4 second timeout
2026-01-07 18:42:57,091 WARNING  38 Retrying request after failure (attempt 2 of 3)
Traceback (most recent call last):
  File "/ragflow/.venv/lib/python3.10/site-packages/elastic_transport/_transport.py", line 328, in perform_request
    meta, raw_data = node.perform_request(
  File "/ragflow/.venv/lib/python3.10/site-packages/elastic_transport/_node/_http_urllib3.py", line 202, in perform_request
    raise err from None
elastic_transport.ConnectionError: Connection error caused by: NewConnectionError(<urllib3.connection.HTTPConnection object at 0x7f176af3d510>: Failed to establish a new connection: [Errno 111] Connection refused)
2026-01-07 18:42:57,092 INFO     38 GET http://es01:9200/ [status:N/A duration:0.001s]
2026-01-07 18:42:57,092 WARNING  38 Node <Urllib3HttpNode(http://es01:9200)> has failed for 4 times in a row, putting on 8 second timeout
2026-01-07 18:42:57,093 WARNING  38 Connection error caused by: ConnectionError(Connection error caused by: NewConnectionError(<urllib3.connection.HTTPConnection object at 0x7f176af3e890>: Failed to establish a new connection: [Errno 111] Connection refused)). Waiting Elasticsearch http://es01:9200 to be healthy.
2026-01-07 18:43:02,095 INFO     38 Resurrected node <Urllib3HttpNode(http://es01:9200)> (force=False)
2026-01-07 18:43:02,097 INFO     38 HEAD http://es01:9200/ [status:N/A duration:0.001s]
2026-01-07 18:43:02,097 WARNING  38 Node <Urllib3HttpNode(http://es01:9200)> has failed for 5 times in a row, putting on 16 second timeout
2026-01-07 18:43:02,097 WARNING  38 Retrying request after failure (attempt 0 of 3)
Traceback (most recent call last):
  File "/ragflow/.venv/lib/python3.10/site-packages/elastic_transport/_transport.py", line 328, in perform_request
    meta, raw_data = node.perform_request(
  File "/ragflow/.venv/lib/python3.10/site-packages/elastic_transport/_node/_http_urllib3.py", line 202, in perform_request
    raise err from None
elastic_transport.ConnectionError: Connection error caused by: NewConnectionError(<urllib3.connection.HTTPConnection object at 0x7f176af3c220>: Failed to establish a new connection: [Errno 111] Connection refused)
2026-01-07 18:43:02,098 INFO     38 Resurrected node <Urllib3HttpNode(http://es01:9200)> (force=False)
2026-01-07 18:43:02,099 INFO     38 HEAD http://es01:9200/ [status:N/A duration:0.001s]
2026-01-07 18:43:02,100 WARNING  38 Node <Urllib3HttpNode(http://es01:9200)> has failed for 6 times in a row, putting on 30 second timeout
2026-01-07 18:43:02,100 WARNING  38 Retrying request after failure (attempt 1 of 3)
Traceback (most recent call last):
  File "/ragflow/.venv/lib/python3.10/site-packages/elastic_transport/_transport.py", line 328, in perform_request
    meta, raw_data = node.perform_request(
  File "/ragflow/.venv/lib/python3.10/site-packages/elastic_transport/_node/_http_urllib3.py", line 202, in perform_request
    raise err from None
elastic_transport.ConnectionError: Connection error caused by: NewConnectionError(<urllib3.connection.HTTPConnection object at 0x7f17713c9a80>: Failed to establish a new connection: [Errno 111] Connection refused)
2026-01-07 18:43:02,100 INFO     38 Resurrected node <Urllib3HttpNode(http://es01:9200)> (force=False)
2026-01-07 18:43:02,102 INFO     38 HEAD http://es01:9200/ [status:N/A duration:0.001s]
2026-01-07 18:43:02,102 WARNING  38 Node <Urllib3HttpNode(http://es01:9200)> has failed for 7 times in a row, putting on 30 second timeout
2026-01-07 18:43:02,102 WARNING  38 Retrying request after failure (attempt 2 of 3)
Traceback (most recent call last):
  File "/ragflow/.venv/lib/python3.10/site-packages/elastic_transport/_transport.py", line 328, in perform_request
    meta, raw_data = node.perform_request(
  File "/ragflow/.venv/lib/python3.10/site-packages/elastic_transport/_node/_http_urllib3.py", line 202, in perform_request
    raise err from None
elastic_transport.ConnectionError: Connection error caused by: NewConnectionError(<urllib3.connection.HTTPConnection object at 0x7f17713cbb20>: Failed to establish a new connection: [Errno 111] Connection refused)
2026-01-07 18:43:02,103 INFO     38 HEAD http://es01:9200/ [status:N/A duration:0.001s]
2026-01-07 18:43:02,104 WARNING  38 Node <Urllib3HttpNode(http://es01:9200)> has failed for 8 times in a row, putting on 30 second timeout
2026-01-07 18:43:02,104 ERROR    38 Elasticsearch http://es01:9200 is unhealthy in 120s.
