2025-06-19 14:31:40,154 INFO     59 task_executor_193a0f1e64c0_0 log path: /ragflow/logs/task_executor_193a0f1e64c0_0.log, log levels: {'peewee': 'WARNING', 'pdfminer': 'WARNING', 'root': 'INFO'}
2025-06-19 14:31:40,154 INFO     59 
  ______           __      ______                     __
 /_  __/___ ______/ /__   / ____/  _____  _______  __/ /_____  _____
  / / / __ `/ ___/ //_/  / __/ | |/_/ _ \/ ___/ / / / __/ __ \/ ___/
 / / / /_/ (__  ) ,<    / /____>  </  __/ /__/ /_/ / /_/ /_/ / /
/_/  \__,_/____/_/|_|  /_____/_/|_|\___/\___/\__,_/\__/\____/_/
    
2025-06-19 14:31:40,155 INFO     59 TaskExecutor: RAGFlow version: v0.19.0 slim
2025-06-19 14:31:40,155 INFO     59 Use Elasticsearch http://es01:9200 as the doc engine.
2025-06-19 14:31:40,161 INFO     59 GET http://es01:9200/ [status:N/A duration:0.004s]
2025-06-19 14:31:40,162 WARNING  59 Node <Urllib3HttpNode(http://es01:9200)> has failed for 1 times in a row, putting on 1 second timeout
2025-06-19 14:31:40,162 WARNING  59 Retrying request after failure (attempt 0 of 3)
Traceback (most recent call last):
  File "/ragflow/.venv/lib/python3.10/site-packages/elastic_transport/_transport.py", line 328, in perform_request
    meta, raw_data = node.perform_request(
  File "/ragflow/.venv/lib/python3.10/site-packages/elastic_transport/_node/_http_urllib3.py", line 202, in perform_request
    raise err from None
elastic_transport.ConnectionError: Connection error caused by: NameResolutionError(<urllib3.connection.HTTPConnection object at 0x7f9e7c769d50>: Failed to resolve 'es01' ([Errno -3] Temporary failure in name resolution))
2025-06-19 14:31:40,168 INFO     59 GET http://es01:9200/ [status:N/A duration:0.003s]
2025-06-19 14:31:40,168 WARNING  59 Node <Urllib3HttpNode(http://es01:9200)> has failed for 2 times in a row, putting on 2 second timeout
2025-06-19 14:31:40,168 WARNING  59 Retrying request after failure (attempt 1 of 3)
Traceback (most recent call last):
  File "/ragflow/.venv/lib/python3.10/site-packages/elastic_transport/_transport.py", line 328, in perform_request
    meta, raw_data = node.perform_request(
  File "/ragflow/.venv/lib/python3.10/site-packages/elastic_transport/_node/_http_urllib3.py", line 202, in perform_request
    raise err from None
elastic_transport.ConnectionError: Connection error caused by: NameResolutionError(<urllib3.connection.HTTPConnection object at 0x7f9e7c76b3a0>: Failed to resolve 'es01' ([Errno -3] Temporary failure in name resolution))
2025-06-19 14:31:40,172 INFO     59 GET http://es01:9200/ [status:N/A duration:0.003s]
2025-06-19 14:31:40,172 WARNING  59 Node <Urllib3HttpNode(http://es01:9200)> has failed for 3 times in a row, putting on 4 second timeout
2025-06-19 14:31:40,172 WARNING  59 Retrying request after failure (attempt 2 of 3)
Traceback (most recent call last):
  File "/ragflow/.venv/lib/python3.10/site-packages/elastic_transport/_transport.py", line 328, in perform_request
    meta, raw_data = node.perform_request(
  File "/ragflow/.venv/lib/python3.10/site-packages/elastic_transport/_node/_http_urllib3.py", line 202, in perform_request
    raise err from None
elastic_transport.ConnectionError: Connection error caused by: NameResolutionError(<urllib3.connection.HTTPConnection object at 0x7f9e7c76b1f0>: Failed to resolve 'es01' ([Errno -3] Temporary failure in name resolution))
2025-06-19 14:31:40,175 INFO     59 GET http://es01:9200/ [status:N/A duration:0.002s]
2025-06-19 14:31:40,175 WARNING  59 Node <Urllib3HttpNode(http://es01:9200)> has failed for 4 times in a row, putting on 8 second timeout
2025-06-19 14:31:40,175 WARNING  59 Connection error caused by: ConnectionError(Connection error caused by: NameResolutionError(<urllib3.connection.HTTPConnection object at 0x7f9e7c769d50>: Failed to resolve 'es01' ([Errno -3] Temporary failure in name resolution))). Waiting Elasticsearch http://es01:9200 to be healthy.
2025-06-19 14:31:45,189 INFO     59 GET http://es01:9200/ [status:N/A duration:0.005s]
2025-06-19 14:31:45,189 WARNING  59 Node <Urllib3HttpNode(http://es01:9200)> has failed for 1 times in a row, putting on 1 second timeout
2025-06-19 14:31:45,189 WARNING  59 Retrying request after failure (attempt 0 of 3)
Traceback (most recent call last):
  File "/ragflow/.venv/lib/python3.10/site-packages/elastic_transport/_transport.py", line 328, in perform_request
    meta, raw_data = node.perform_request(
  File "/ragflow/.venv/lib/python3.10/site-packages/elastic_transport/_node/_http_urllib3.py", line 202, in perform_request
    raise err from None
elastic_transport.ConnectionError: Connection error caused by: NameResolutionError(<urllib3.connection.HTTPConnection object at 0x7f9e7c768370>: Failed to resolve 'es01' ([Errno -3] Temporary failure in name resolution))
2025-06-19 14:31:45,192 INFO     59 GET http://es01:9200/ [status:N/A duration:0.002s]
2025-06-19 14:31:45,193 WARNING  59 Node <Urllib3HttpNode(http://es01:9200)> has failed for 2 times in a row, putting on 2 second timeout
2025-06-19 14:31:45,193 WARNING  59 Retrying request after failure (attempt 1 of 3)
Traceback (most recent call last):
  File "/ragflow/.venv/lib/python3.10/site-packages/elastic_transport/_transport.py", line 328, in perform_request
    meta, raw_data = node.perform_request(
  File "/ragflow/.venv/lib/python3.10/site-packages/elastic_transport/_node/_http_urllib3.py", line 202, in perform_request
    raise err from None
elastic_transport.ConnectionError: Connection error caused by: NameResolutionError(<urllib3.connection.HTTPConnection object at 0x7f9e7c76a980>: Failed to resolve 'es01' ([Errno -3] Temporary failure in name resolution))
2025-06-19 14:31:45,195 INFO     59 GET http://es01:9200/ [status:N/A duration:0.002s]
2025-06-19 14:31:45,195 WARNING  59 Node <Urllib3HttpNode(http://es01:9200)> has failed for 3 times in a row, putting on 4 second timeout
2025-06-19 14:31:45,196 WARNING  59 Retrying request after failure (attempt 2 of 3)
Traceback (most recent call last):
  File "/ragflow/.venv/lib/python3.10/site-packages/elastic_transport/_transport.py", line 328, in perform_request
    meta, raw_data = node.perform_request(
  File "/ragflow/.venv/lib/python3.10/site-packages/elastic_transport/_node/_http_urllib3.py", line 202, in perform_request
    raise err from None
elastic_transport.ConnectionError: Connection error caused by: NameResolutionError(<urllib3.connection.HTTPConnection object at 0x7f9e7c769c00>: Failed to resolve 'es01' ([Errno -3] Temporary failure in name resolution))
2025-06-19 14:31:45,198 INFO     59 GET http://es01:9200/ [status:N/A duration:0.002s]
2025-06-19 14:31:45,199 WARNING  59 Node <Urllib3HttpNode(http://es01:9200)> has failed for 4 times in a row, putting on 8 second timeout
2025-06-19 14:31:45,199 WARNING  59 Connection error caused by: ConnectionError(Connection error caused by: NameResolutionError(<urllib3.connection.HTTPConnection object at 0x7f9e7c768370>: Failed to resolve 'es01' ([Errno -3] Temporary failure in name resolution))). Waiting Elasticsearch http://es01:9200 to be healthy.
2025-06-19 14:31:50,205 INFO     59 Resurrected node <Urllib3HttpNode(http://es01:9200)> (force=False)
2025-06-19 14:31:50,210 INFO     59 HEAD http://es01:9200/ [status:N/A duration:0.005s]
2025-06-19 14:31:50,211 WARNING  59 Node <Urllib3HttpNode(http://es01:9200)> has failed for 5 times in a row, putting on 16 second timeout
2025-06-19 14:31:50,211 WARNING  59 Retrying request after failure (attempt 0 of 3)
Traceback (most recent call last):
  File "/ragflow/.venv/lib/python3.10/site-packages/elastic_transport/_transport.py", line 328, in perform_request
    meta, raw_data = node.perform_request(
  File "/ragflow/.venv/lib/python3.10/site-packages/elastic_transport/_node/_http_urllib3.py", line 202, in perform_request
    raise err from None
elastic_transport.ConnectionError: Connection error caused by: NameResolutionError(<urllib3.connection.HTTPConnection object at 0x7f9e7c76a380>: Failed to resolve 'es01' ([Errno -3] Temporary failure in name resolution))
2025-06-19 14:31:50,212 INFO     59 Resurrected node <Urllib3HttpNode(http://es01:9200)> (force=False)
2025-06-19 14:31:50,214 INFO     59 HEAD http://es01:9200/ [status:N/A duration:0.002s]
2025-06-19 14:31:50,214 WARNING  59 Node <Urllib3HttpNode(http://es01:9200)> has failed for 6 times in a row, putting on 30 second timeout
2025-06-19 14:31:50,215 WARNING  59 Retrying request after failure (attempt 1 of 3)
Traceback (most recent call last):
  File "/ragflow/.venv/lib/python3.10/site-packages/elastic_transport/_transport.py", line 328, in perform_request
    meta, raw_data = node.perform_request(
  File "/ragflow/.venv/lib/python3.10/site-packages/elastic_transport/_node/_http_urllib3.py", line 202, in perform_request
    raise err from None
elastic_transport.ConnectionError: Connection error caused by: NameResolutionError(<urllib3.connection.HTTPConnection object at 0x7f9e7c76a5f0>: Failed to resolve 'es01' ([Errno -3] Temporary failure in name resolution))
2025-06-19 14:31:50,215 INFO     59 Resurrected node <Urllib3HttpNode(http://es01:9200)> (force=False)
2025-06-19 14:31:50,218 INFO     59 HEAD http://es01:9200/ [status:N/A duration:0.002s]
2025-06-19 14:31:50,218 WARNING  59 Node <Urllib3HttpNode(http://es01:9200)> has failed for 7 times in a row, putting on 30 second timeout
2025-06-19 14:31:50,218 WARNING  59 Retrying request after failure (attempt 2 of 3)
Traceback (most recent call last):
  File "/ragflow/.venv/lib/python3.10/site-packages/elastic_transport/_transport.py", line 328, in perform_request
    meta, raw_data = node.perform_request(
  File "/ragflow/.venv/lib/python3.10/site-packages/elastic_transport/_node/_http_urllib3.py", line 202, in perform_request
    raise err from None
elastic_transport.ConnectionError: Connection error caused by: NameResolutionError(<urllib3.connection.HTTPConnection object at 0x7f9e99576350>: Failed to resolve 'es01' ([Errno -3] Temporary failure in name resolution))
2025-06-19 14:31:50,221 INFO     59 HEAD http://es01:9200/ [status:N/A duration:0.002s]
2025-06-19 14:31:50,221 WARNING  59 Node <Urllib3HttpNode(http://es01:9200)> has failed for 8 times in a row, putting on 30 second timeout
2025-06-19 14:31:50,221 ERROR    59 Elasticsearch http://es01:9200 is unhealthy in 120s.
