2025-06-18 22:43:24,277 INFO     38 task_executor_d433874f0d98_0 log path: /ragflow/logs/task_executor_d433874f0d98_0.log, log levels: {'peewee': 'WARNING', 'pdfminer': 'WARNING', 'root': 'INFO'}
2025-06-18 22:43:24,277 INFO     38 
  ______           __      ______                     __
 /_  __/___ ______/ /__   / ____/  _____  _______  __/ /_____  _____
  / / / __ `/ ___/ //_/  / __/ | |/_/ _ \/ ___/ / / / __/ __ \/ ___/
 / / / /_/ (__  ) ,<    / /____>  </  __/ /__/ /_/ / /_/ /_/ / /
/_/  \__,_/____/_/|_|  /_____/_/|_|\___/\___/\__,_/\__/\____/_/
    
2025-06-18 22:43:24,277 INFO     38 TaskExecutor: RAGFlow version: v0.19.0 slim
2025-06-18 22:43:24,278 INFO     38 Use Elasticsearch http://es01:9200 as the doc engine.
2025-06-18 22:43:24,298 INFO     38 GET http://es01:9200/ [status:200 duration:0.019s]
2025-06-18 22:43:24,307 INFO     38 HEAD http://es01:9200/ [status:200 duration:0.008s]
2025-06-18 22:43:24,308 INFO     38 Elasticsearch http://es01:9200 is healthy.
2025-06-18 22:43:24,318 WARNING  38 Load term.freq FAIL!
2025-06-18 22:43:24,326 WARNING  38 Realtime synonym is disabled, since no redis connection.
2025-06-18 22:43:24,335 WARNING  38 Load term.freq FAIL!
2025-06-18 22:43:24,343 WARNING  38 Realtime synonym is disabled, since no redis connection.
2025-06-18 22:43:24,343 INFO     38 MAX_CONTENT_LENGTH: 134217728
2025-06-18 22:43:24,343 INFO     38 MAX_FILE_COUNT_PER_USER: 0
2025-06-18 22:43:24,350 INFO     38 task_executor_d433874f0d98_0 reported heartbeat: {"name": "task_executor_d433874f0d98_0", "now": "2025-06-18T22:43:24.349+08:00", "boot_at": "2025-06-18T22:43:24.276+08:00", "pending": 0, "lag": 0, "done": 0, "failed": 0, "current": {}}
2025-06-18 22:43:24,352 INFO     38 task_executor_06f09946f1ac_0 expired, removed
2025-06-18 22:43:24,353 WARNING  38 RedisDB.get_unacked_iterator queue rag_flow_svr_queue_1 doesn't exist
2025-06-18 22:43:54,356 INFO     38 task_executor_d433874f0d98_0 reported heartbeat: {"name": "task_executor_d433874f0d98_0", "now": "2025-06-18T22:43:54.354+08:00", "boot_at": "2025-06-18T22:43:24.276+08:00", "pending": 0, "lag": 0, "done": 0, "failed": 0, "current": {}}
2025-06-18 22:44:24,360 INFO     38 task_executor_d433874f0d98_0 reported heartbeat: {"name": "task_executor_d433874f0d98_0", "now": "2025-06-18T22:44:24.359+08:00", "boot_at": "2025-06-18T22:43:24.276+08:00", "pending": 0, "lag": 0, "done": 0, "failed": 0, "current": {}}
2025-06-18 22:44:54,365 INFO     38 task_executor_d433874f0d98_0 reported heartbeat: {"name": "task_executor_d433874f0d98_0", "now": "2025-06-18T22:44:54.363+08:00", "boot_at": "2025-06-18T22:43:24.276+08:00", "pending": 0, "lag": 0, "done": 0, "failed": 0, "current": {}}
2025-06-18 22:45:24,369 INFO     38 task_executor_d433874f0d98_0 reported heartbeat: {"name": "task_executor_d433874f0d98_0", "now": "2025-06-18T22:45:24.368+08:00", "boot_at": "2025-06-18T22:43:24.276+08:00", "pending": 0, "lag": 0, "done": 0, "failed": 0, "current": {}}
2025-06-18 22:45:54,374 INFO     38 task_executor_d433874f0d98_0 reported heartbeat: {"name": "task_executor_d433874f0d98_0", "now": "2025-06-18T22:45:54.372+08:00", "boot_at": "2025-06-18T22:43:24.276+08:00", "pending": 0, "lag": 0, "done": 0, "failed": 0, "current": {}}
2025-06-18 22:46:24,379 INFO     38 task_executor_d433874f0d98_0 reported heartbeat: {"name": "task_executor_d433874f0d98_0", "now": "2025-06-18T22:46:24.377+08:00", "boot_at": "2025-06-18T22:43:24.276+08:00", "pending": 0, "lag": 0, "done": 0, "failed": 0, "current": {}}
2025-06-18 22:46:54,384 INFO     38 task_executor_d433874f0d98_0 reported heartbeat: {"name": "task_executor_d433874f0d98_0", "now": "2025-06-18T22:46:54.382+08:00", "boot_at": "2025-06-18T22:43:24.276+08:00", "pending": 0, "lag": 0, "done": 0, "failed": 0, "current": {}}
2025-06-18 22:47:24,389 INFO     38 task_executor_d433874f0d98_0 reported heartbeat: {"name": "task_executor_d433874f0d98_0", "now": "2025-06-18T22:47:24.387+08:00", "boot_at": "2025-06-18T22:43:24.276+08:00", "pending": 0, "lag": 0, "done": 0, "failed": 0, "current": {}}
2025-06-18 22:47:54,395 INFO     38 task_executor_d433874f0d98_0 reported heartbeat: {"name": "task_executor_d433874f0d98_0", "now": "2025-06-18T22:47:54.393+08:00", "boot_at": "2025-06-18T22:43:24.276+08:00", "pending": 0, "lag": 0, "done": 0, "failed": 0, "current": {}}
2025-06-18 22:48:24,399 INFO     38 task_executor_d433874f0d98_0 reported heartbeat: {"name": "task_executor_d433874f0d98_0", "now": "2025-06-18T22:48:24.398+08:00", "boot_at": "2025-06-18T22:43:24.276+08:00", "pending": 0, "lag": 0, "done": 0, "failed": 0, "current": {}}
2025-06-18 22:48:54,403 INFO     38 task_executor_d433874f0d98_0 reported heartbeat: {"name": "task_executor_d433874f0d98_0", "now": "2025-06-18T22:48:54.401+08:00", "boot_at": "2025-06-18T22:43:24.276+08:00", "pending": 0, "lag": 0, "done": 0, "failed": 0, "current": {}}
2025-06-18 22:49:24,408 INFO     38 task_executor_d433874f0d98_0 reported heartbeat: {"name": "task_executor_d433874f0d98_0", "now": "2025-06-18T22:49:24.406+08:00", "boot_at": "2025-06-18T22:43:24.276+08:00", "pending": 0, "lag": 0, "done": 0, "failed": 0, "current": {}}
2025-06-18 22:49:54,412 INFO     38 task_executor_d433874f0d98_0 reported heartbeat: {"name": "task_executor_d433874f0d98_0", "now": "2025-06-18T22:49:54.410+08:00", "boot_at": "2025-06-18T22:43:24.276+08:00", "pending": 0, "lag": 0, "done": 0, "failed": 0, "current": {}}
2025-06-18 22:50:24,417 INFO     38 task_executor_d433874f0d98_0 reported heartbeat: {"name": "task_executor_d433874f0d98_0", "now": "2025-06-18T22:50:24.415+08:00", "boot_at": "2025-06-18T22:43:24.276+08:00", "pending": 0, "lag": 0, "done": 0, "failed": 0, "current": {}}
2025-06-18 22:50:54,421 INFO     38 task_executor_d433874f0d98_0 reported heartbeat: {"name": "task_executor_d433874f0d98_0", "now": "2025-06-18T22:50:54.420+08:00", "boot_at": "2025-06-18T22:43:24.276+08:00", "pending": 0, "lag": 0, "done": 0, "failed": 0, "current": {}}
2025-06-18 22:51:24,427 INFO     38 task_executor_d433874f0d98_0 reported heartbeat: {"name": "task_executor_d433874f0d98_0", "now": "2025-06-18T22:51:24.425+08:00", "boot_at": "2025-06-18T22:43:24.276+08:00", "pending": 0, "lag": 0, "done": 0, "failed": 0, "current": {}}
2025-06-18 22:51:54,432 INFO     38 task_executor_d433874f0d98_0 reported heartbeat: {"name": "task_executor_d433874f0d98_0", "now": "2025-06-18T22:51:54.430+08:00", "boot_at": "2025-06-18T22:43:24.276+08:00", "pending": 0, "lag": 0, "done": 0, "failed": 0, "current": {}}
2025-06-18 22:52:24,437 INFO     38 task_executor_d433874f0d98_0 reported heartbeat: {"name": "task_executor_d433874f0d98_0", "now": "2025-06-18T22:52:24.435+08:00", "boot_at": "2025-06-18T22:43:24.276+08:00", "pending": 0, "lag": 0, "done": 0, "failed": 0, "current": {}}
2025-06-18 22:52:54,441 INFO     38 task_executor_d433874f0d98_0 reported heartbeat: {"name": "task_executor_d433874f0d98_0", "now": "2025-06-18T22:52:54.440+08:00", "boot_at": "2025-06-18T22:43:24.276+08:00", "pending": 0, "lag": 0, "done": 0, "failed": 0, "current": {}}
2025-06-18 22:53:24,447 INFO     38 task_executor_d433874f0d98_0 reported heartbeat: {"name": "task_executor_d433874f0d98_0", "now": "2025-06-18T22:53:24.444+08:00", "boot_at": "2025-06-18T22:43:24.276+08:00", "pending": 0, "lag": 0, "done": 0, "failed": 0, "current": {}}
2025-06-18 22:53:54,451 INFO     38 task_executor_d433874f0d98_0 reported heartbeat: {"name": "task_executor_d433874f0d98_0", "now": "2025-06-18T22:53:54.449+08:00", "boot_at": "2025-06-18T22:43:24.276+08:00", "pending": 0, "lag": 0, "done": 0, "failed": 0, "current": {}}
2025-06-18 22:54:24,454 INFO     38 task_executor_d433874f0d98_0 reported heartbeat: {"name": "task_executor_d433874f0d98_0", "now": "2025-06-18T22:54:24.453+08:00", "boot_at": "2025-06-18T22:43:24.276+08:00", "pending": 0, "lag": 0, "done": 0, "failed": 0, "current": {}}
2025-06-18 22:54:54,457 INFO     38 task_executor_d433874f0d98_0 reported heartbeat: {"name": "task_executor_d433874f0d98_0", "now": "2025-06-18T22:54:54.456+08:00", "boot_at": "2025-06-18T22:43:24.276+08:00", "pending": 0, "lag": 0, "done": 0, "failed": 0, "current": {}}
2025-06-18 22:55:24,460 INFO     38 task_executor_d433874f0d98_0 reported heartbeat: {"name": "task_executor_d433874f0d98_0", "now": "2025-06-18T22:55:24.459+08:00", "boot_at": "2025-06-18T22:43:24.276+08:00", "pending": 0, "lag": 0, "done": 0, "failed": 0, "current": {}}
2025-06-18 22:55:54,463 INFO     38 task_executor_d433874f0d98_0 reported heartbeat: {"name": "task_executor_d433874f0d98_0", "now": "2025-06-18T22:55:54.462+08:00", "boot_at": "2025-06-18T22:43:24.276+08:00", "pending": 0, "lag": 0, "done": 0, "failed": 0, "current": {}}
2025-06-18 22:56:24,466 INFO     38 task_executor_d433874f0d98_0 reported heartbeat: {"name": "task_executor_d433874f0d98_0", "now": "2025-06-18T22:56:24.465+08:00", "boot_at": "2025-06-18T22:43:24.276+08:00", "pending": 0, "lag": 0, "done": 0, "failed": 0, "current": {}}
2025-06-18 22:56:54,468 INFO     38 task_executor_d433874f0d98_0 reported heartbeat: {"name": "task_executor_d433874f0d98_0", "now": "2025-06-18T22:56:54.468+08:00", "boot_at": "2025-06-18T22:43:24.276+08:00", "pending": 0, "lag": 0, "done": 0, "failed": 0, "current": {}}
2025-06-18 22:57:24,472 INFO     38 task_executor_d433874f0d98_0 reported heartbeat: {"name": "task_executor_d433874f0d98_0", "now": "2025-06-18T22:57:24.471+08:00", "boot_at": "2025-06-18T22:43:24.276+08:00", "pending": 0, "lag": 0, "done": 0, "failed": 0, "current": {}}
2025-06-18 22:57:54,475 INFO     38 task_executor_d433874f0d98_0 reported heartbeat: {"name": "task_executor_d433874f0d98_0", "now": "2025-06-18T22:57:54.474+08:00", "boot_at": "2025-06-18T22:43:24.276+08:00", "pending": 0, "lag": 0, "done": 0, "failed": 0, "current": {}}
2025-06-18 22:58:24,478 INFO     38 task_executor_d433874f0d98_0 reported heartbeat: {"name": "task_executor_d433874f0d98_0", "now": "2025-06-18T22:58:24.477+08:00", "boot_at": "2025-06-18T22:43:24.276+08:00", "pending": 0, "lag": 0, "done": 0, "failed": 0, "current": {}}
2025-06-18 22:58:54,481 INFO     38 task_executor_d433874f0d98_0 reported heartbeat: {"name": "task_executor_d433874f0d98_0", "now": "2025-06-18T22:58:54.480+08:00", "boot_at": "2025-06-18T22:43:24.276+08:00", "pending": 0, "lag": 0, "done": 0, "failed": 0, "current": {}}
2025-06-18 22:59:24,484 INFO     38 task_executor_d433874f0d98_0 reported heartbeat: {"name": "task_executor_d433874f0d98_0", "now": "2025-06-18T22:59:24.483+08:00", "boot_at": "2025-06-18T22:43:24.276+08:00", "pending": 0, "lag": 0, "done": 0, "failed": 0, "current": {}}
2025-06-18 22:59:54,487 INFO     38 task_executor_d433874f0d98_0 reported heartbeat: {"name": "task_executor_d433874f0d98_0", "now": "2025-06-18T22:59:54.486+08:00", "boot_at": "2025-06-18T22:43:24.276+08:00", "pending": 0, "lag": 0, "done": 0, "failed": 0, "current": {}}
2025-06-18 23:00:24,490 INFO     38 task_executor_d433874f0d98_0 reported heartbeat: {"name": "task_executor_d433874f0d98_0", "now": "2025-06-18T23:00:24.489+08:00", "boot_at": "2025-06-18T22:43:24.276+08:00", "pending": 0, "lag": 0, "done": 0, "failed": 0, "current": {}}
2025-06-18 23:00:54,494 INFO     38 task_executor_d433874f0d98_0 reported heartbeat: {"name": "task_executor_d433874f0d98_0", "now": "2025-06-18T23:00:54.493+08:00", "boot_at": "2025-06-18T22:43:24.276+08:00", "pending": 0, "lag": 0, "done": 0, "failed": 0, "current": {}}
2025-06-18 23:01:24,497 INFO     38 task_executor_d433874f0d98_0 reported heartbeat: {"name": "task_executor_d433874f0d98_0", "now": "2025-06-18T23:01:24.496+08:00", "boot_at": "2025-06-18T22:43:24.276+08:00", "pending": 0, "lag": 0, "done": 0, "failed": 0, "current": {}}
2025-06-18 23:01:54,500 INFO     38 task_executor_d433874f0d98_0 reported heartbeat: {"name": "task_executor_d433874f0d98_0", "now": "2025-06-18T23:01:54.499+08:00", "boot_at": "2025-06-18T22:43:24.276+08:00", "pending": 0, "lag": 0, "done": 0, "failed": 0, "current": {}}
2025-06-18 23:02:24,503 INFO     38 task_executor_d433874f0d98_0 reported heartbeat: {"name": "task_executor_d433874f0d98_0", "now": "2025-06-18T23:02:24.502+08:00", "boot_at": "2025-06-18T22:43:24.276+08:00", "pending": 0, "lag": 0, "done": 0, "failed": 0, "current": {}}
2025-06-18 23:02:54,506 INFO     38 task_executor_d433874f0d98_0 reported heartbeat: {"name": "task_executor_d433874f0d98_0", "now": "2025-06-18T23:02:54.504+08:00", "boot_at": "2025-06-18T22:43:24.276+08:00", "pending": 0, "lag": 0, "done": 0, "failed": 0, "current": {}}
2025-06-18 23:03:24,509 INFO     38 task_executor_d433874f0d98_0 reported heartbeat: {"name": "task_executor_d433874f0d98_0", "now": "2025-06-18T23:03:24.508+08:00", "boot_at": "2025-06-18T22:43:24.276+08:00", "pending": 0, "lag": 0, "done": 0, "failed": 0, "current": {}}
2025-06-18 23:03:54,512 INFO     38 task_executor_d433874f0d98_0 reported heartbeat: {"name": "task_executor_d433874f0d98_0", "now": "2025-06-18T23:03:54.511+08:00", "boot_at": "2025-06-18T22:43:24.276+08:00", "pending": 0, "lag": 0, "done": 0, "failed": 0, "current": {}}
2025-06-18 23:04:24,516 INFO     38 task_executor_d433874f0d98_0 reported heartbeat: {"name": "task_executor_d433874f0d98_0", "now": "2025-06-18T23:04:24.515+08:00", "boot_at": "2025-06-18T22:43:24.276+08:00", "pending": 0, "lag": 0, "done": 0, "failed": 0, "current": {}}
2025-06-18 23:04:54,519 INFO     38 task_executor_d433874f0d98_0 reported heartbeat: {"name": "task_executor_d433874f0d98_0", "now": "2025-06-18T23:04:54.518+08:00", "boot_at": "2025-06-18T22:43:24.276+08:00", "pending": 0, "lag": 0, "done": 0, "failed": 0, "current": {}}
2025-06-18 23:05:24,522 INFO     38 task_executor_d433874f0d98_0 reported heartbeat: {"name": "task_executor_d433874f0d98_0", "now": "2025-06-18T23:05:24.521+08:00", "boot_at": "2025-06-18T22:43:24.276+08:00", "pending": 0, "lag": 0, "done": 0, "failed": 0, "current": {}}
2025-06-18 23:05:54,524 INFO     38 task_executor_d433874f0d98_0 reported heartbeat: {"name": "task_executor_d433874f0d98_0", "now": "2025-06-18T23:05:54.524+08:00", "boot_at": "2025-06-18T22:43:24.276+08:00", "pending": 0, "lag": 0, "done": 0, "failed": 0, "current": {}}
2025-06-18 23:06:24,526 INFO     38 task_executor_d433874f0d98_0 reported heartbeat: {"name": "task_executor_d433874f0d98_0", "now": "2025-06-18T23:06:24.526+08:00", "boot_at": "2025-06-18T22:43:24.276+08:00", "pending": 0, "lag": 0, "done": 0, "failed": 0, "current": {}}
2025-06-18 23:06:54,527 INFO     38 task_executor_d433874f0d98_0 reported heartbeat: {"name": "task_executor_d433874f0d98_0", "now": "2025-06-18T23:06:54.527+08:00", "boot_at": "2025-06-18T22:43:24.276+08:00", "pending": 0, "lag": 0, "done": 0, "failed": 0, "current": {}}
2025-06-18 23:07:24,529 INFO     38 task_executor_d433874f0d98_0 reported heartbeat: {"name": "task_executor_d433874f0d98_0", "now": "2025-06-18T23:07:24.529+08:00", "boot_at": "2025-06-18T22:43:24.276+08:00", "pending": 0, "lag": 0, "done": 0, "failed": 0, "current": {}}
2025-06-18 23:07:51,950 ERROR    38 RedisDB.queue_consumer rag_flow_svr_queue_1 got exception: Error -3 connecting to redis:6379. Temporary failure in name resolution.
Traceback (most recent call last):
  File "/ragflow/rag/svr/task_executor.py", line 193, in collect
    redis_msg = next(UNACKED_ITERATOR)
StopIteration

During handling of the above exception, another exception occurred:

Traceback (most recent call last):
  File "/ragflow/.venv/lib/python3.10/site-packages/valkey/connection.py", line 1116, in get_connection
    if connection.can_read() and connection.client_cache is None:
  File "/ragflow/.venv/lib/python3.10/site-packages/valkey/connection.py", line 524, in can_read
    return self._parser.can_read(timeout)
  File "/ragflow/.venv/lib/python3.10/site-packages/valkey/_parsers/base.py", line 128, in can_read
    return self._buffer and self._buffer.can_read(timeout)
  File "/ragflow/.venv/lib/python3.10/site-packages/valkey/_parsers/socket.py", line 95, in can_read
    return bool(self.unread_bytes()) or self._read_from_socket(
  File "/ragflow/.venv/lib/python3.10/site-packages/valkey/_parsers/socket.py", line 68, in _read_from_socket
    raise ConnectionError(SERVER_CLOSED_CONNECTION_ERROR)
valkey.exceptions.ConnectionError: Connection closed by server.

During handling of the above exception, another exception occurred:

Traceback (most recent call last):
  File "/ragflow/.venv/lib/python3.10/site-packages/valkey/connection.py", line 302, in connect
    sock = self.retry.call_with_retry(
  File "/ragflow/.venv/lib/python3.10/site-packages/valkey/retry.py", line 62, in call_with_retry
    return do()
  File "/ragflow/.venv/lib/python3.10/site-packages/valkey/connection.py", line 303, in <lambda>
    lambda: self._connect(), lambda error: self.disconnect(error)
  File "/ragflow/.venv/lib/python3.10/site-packages/valkey/connection.py", line 696, in _connect
    for res in socket.getaddrinfo(
  File "/usr/lib/python3.10/socket.py", line 955, in getaddrinfo
    for res in _socket.getaddrinfo(host, port, family, type, proto, flags):
socket.gaierror: [Errno -3] Temporary failure in name resolution

During handling of the above exception, another exception occurred:

Traceback (most recent call last):
  File "/ragflow/rag/utils/redis_conn.py", line 228, in queue_consumer
    group_info = self.REDIS.xinfo_groups(queue_name)
  File "/ragflow/.venv/lib/python3.10/site-packages/valkey/commands/core.py", line 3810, in xinfo_groups
    return self.execute_command("XINFO GROUPS", name)
  File "/ragflow/.venv/lib/python3.10/site-packages/valkey/client.py", line 564, in execute_command
    conn = self.connection or pool.get_connection(command_name, **options)
  File "/ragflow/.venv/lib/python3.10/site-packages/valkey/connection.py", line 1120, in get_connection
    connection.connect()
  File "/ragflow/.venv/lib/python3.10/site-packages/valkey/connection.py", line 308, in connect
    raise ConnectionError(self._error_message(e))
valkey.exceptions.ConnectionError: Error -3 connecting to redis:6379. Temporary failure in name resolution.
2025-06-18 23:07:51,960 ERROR    38 RedisDB.queue_consumer rag_flow_svr_queue got exception: Error -3 connecting to redis:6379. Temporary failure in name resolution.
Traceback (most recent call last):
  File "/ragflow/rag/svr/task_executor.py", line 193, in collect
    redis_msg = next(UNACKED_ITERATOR)
StopIteration

During handling of the above exception, another exception occurred:

Traceback (most recent call last):
  File "/ragflow/.venv/lib/python3.10/site-packages/valkey/connection.py", line 302, in connect
    sock = self.retry.call_with_retry(
  File "/ragflow/.venv/lib/python3.10/site-packages/valkey/retry.py", line 62, in call_with_retry
    return do()
  File "/ragflow/.venv/lib/python3.10/site-packages/valkey/connection.py", line 303, in <lambda>
    lambda: self._connect(), lambda error: self.disconnect(error)
  File "/ragflow/.venv/lib/python3.10/site-packages/valkey/connection.py", line 696, in _connect
    for res in socket.getaddrinfo(
  File "/usr/lib/python3.10/socket.py", line 955, in getaddrinfo
    for res in _socket.getaddrinfo(host, port, family, type, proto, flags):
socket.gaierror: [Errno -3] Temporary failure in name resolution

During handling of the above exception, another exception occurred:

Traceback (most recent call last):
  File "/ragflow/rag/utils/redis_conn.py", line 228, in queue_consumer
    group_info = self.REDIS.xinfo_groups(queue_name)
  File "/ragflow/.venv/lib/python3.10/site-packages/valkey/commands/core.py", line 3810, in xinfo_groups
    return self.execute_command("XINFO GROUPS", name)
  File "/ragflow/.venv/lib/python3.10/site-packages/valkey/client.py", line 564, in execute_command
    conn = self.connection or pool.get_connection(command_name, **options)
  File "/ragflow/.venv/lib/python3.10/site-packages/valkey/connection.py", line 1107, in get_connection
    connection.connect()
  File "/ragflow/.venv/lib/python3.10/site-packages/valkey/connection.py", line 308, in connect
    raise ConnectionError(self._error_message(e))
valkey.exceptions.ConnectionError: Error -3 connecting to redis:6379. Temporary failure in name resolution.
2025-06-18 23:07:52,050 ERROR    38 RedisDB.queue_consumer rag_flow_svr_queue_1 got exception: Error -3 connecting to redis:6379. Temporary failure in name resolution.
Traceback (most recent call last):
  File "/ragflow/rag/svr/task_executor.py", line 193, in collect
    redis_msg = next(UNACKED_ITERATOR)
StopIteration

During handling of the above exception, another exception occurred:

Traceback (most recent call last):
  File "/ragflow/.venv/lib/python3.10/site-packages/valkey/connection.py", line 302, in connect
    sock = self.retry.call_with_retry(
  File "/ragflow/.venv/lib/python3.10/site-packages/valkey/retry.py", line 62, in call_with_retry
    return do()
  File "/ragflow/.venv/lib/python3.10/site-packages/valkey/connection.py", line 303, in <lambda>
    lambda: self._connect(), lambda error: self.disconnect(error)
  File "/ragflow/.venv/lib/python3.10/site-packages/valkey/connection.py", line 696, in _connect
    for res in socket.getaddrinfo(
  File "/usr/lib/python3.10/socket.py", line 955, in getaddrinfo
    for res in _socket.getaddrinfo(host, port, family, type, proto, flags):
socket.gaierror: [Errno -3] Temporary failure in name resolution

During handling of the above exception, another exception occurred:

Traceback (most recent call last):
  File "/ragflow/rag/utils/redis_conn.py", line 228, in queue_consumer
    group_info = self.REDIS.xinfo_groups(queue_name)
  File "/ragflow/.venv/lib/python3.10/site-packages/valkey/commands/core.py", line 3810, in xinfo_groups
    return self.execute_command("XINFO GROUPS", name)
  File "/ragflow/.venv/lib/python3.10/site-packages/valkey/client.py", line 564, in execute_command
    conn = self.connection or pool.get_connection(command_name, **options)
  File "/ragflow/.venv/lib/python3.10/site-packages/valkey/connection.py", line 1107, in get_connection
    connection.connect()
  File "/ragflow/.venv/lib/python3.10/site-packages/valkey/connection.py", line 308, in connect
    raise ConnectionError(self._error_message(e))
valkey.exceptions.ConnectionError: Error -3 connecting to redis:6379. Temporary failure in name resolution.
2025-06-18 23:07:52,053 ERROR    38 RedisDB.queue_consumer rag_flow_svr_queue got exception: Error -3 connecting to redis:6379. Temporary failure in name resolution.
Traceback (most recent call last):
  File "/ragflow/rag/svr/task_executor.py", line 193, in collect
    redis_msg = next(UNACKED_ITERATOR)
StopIteration

During handling of the above exception, another exception occurred:

Traceback (most recent call last):
  File "/ragflow/.venv/lib/python3.10/site-packages/valkey/connection.py", line 302, in connect
    sock = self.retry.call_with_retry(
  File "/ragflow/.venv/lib/python3.10/site-packages/valkey/retry.py", line 62, in call_with_retry
    return do()
  File "/ragflow/.venv/lib/python3.10/site-packages/valkey/connection.py", line 303, in <lambda>
    lambda: self._connect(), lambda error: self.disconnect(error)
  File "/ragflow/.venv/lib/python3.10/site-packages/valkey/connection.py", line 696, in _connect
    for res in socket.getaddrinfo(
  File "/usr/lib/python3.10/socket.py", line 955, in getaddrinfo
    for res in _socket.getaddrinfo(host, port, family, type, proto, flags):
socket.gaierror: [Errno -3] Temporary failure in name resolution

During handling of the above exception, another exception occurred:

Traceback (most recent call last):
  File "/ragflow/rag/utils/redis_conn.py", line 228, in queue_consumer
    group_info = self.REDIS.xinfo_groups(queue_name)
  File "/ragflow/.venv/lib/python3.10/site-packages/valkey/commands/core.py", line 3810, in xinfo_groups
    return self.execute_command("XINFO GROUPS", name)
  File "/ragflow/.venv/lib/python3.10/site-packages/valkey/client.py", line 564, in execute_command
    conn = self.connection or pool.get_connection(command_name, **options)
  File "/ragflow/.venv/lib/python3.10/site-packages/valkey/connection.py", line 1107, in get_connection
    connection.connect()
  File "/ragflow/.venv/lib/python3.10/site-packages/valkey/connection.py", line 308, in connect
    raise ConnectionError(self._error_message(e))
valkey.exceptions.ConnectionError: Error -3 connecting to redis:6379. Temporary failure in name resolution.
2025-06-18 23:07:52,150 ERROR    38 RedisDB.queue_consumer rag_flow_svr_queue_1 got exception: Error -3 connecting to redis:6379. Temporary failure in name resolution.
Traceback (most recent call last):
  File "/ragflow/rag/svr/task_executor.py", line 193, in collect
    redis_msg = next(UNACKED_ITERATOR)
StopIteration

During handling of the above exception, another exception occurred:

Traceback (most recent call last):
  File "/ragflow/.venv/lib/python3.10/site-packages/valkey/connection.py", line 302, in connect
    sock = self.retry.call_with_retry(
  File "/ragflow/.venv/lib/python3.10/site-packages/valkey/retry.py", line 62, in call_with_retry
    return do()
  File "/ragflow/.venv/lib/python3.10/site-packages/valkey/connection.py", line 303, in <lambda>
    lambda: self._connect(), lambda error: self.disconnect(error)
  File "/ragflow/.venv/lib/python3.10/site-packages/valkey/connection.py", line 696, in _connect
    for res in socket.getaddrinfo(
  File "/usr/lib/python3.10/socket.py", line 955, in getaddrinfo
    for res in _socket.getaddrinfo(host, port, family, type, proto, flags):
socket.gaierror: [Errno -3] Temporary failure in name resolution

During handling of the above exception, another exception occurred:

Traceback (most recent call last):
  File "/ragflow/rag/utils/redis_conn.py", line 228, in queue_consumer
    group_info = self.REDIS.xinfo_groups(queue_name)
  File "/ragflow/.venv/lib/python3.10/site-packages/valkey/commands/core.py", line 3810, in xinfo_groups
    return self.execute_command("XINFO GROUPS", name)
  File "/ragflow/.venv/lib/python3.10/site-packages/valkey/client.py", line 564, in execute_command
    conn = self.connection or pool.get_connection(command_name, **options)
  File "/ragflow/.venv/lib/python3.10/site-packages/valkey/connection.py", line 1107, in get_connection
    connection.connect()
  File "/ragflow/.venv/lib/python3.10/site-packages/valkey/connection.py", line 308, in connect
    raise ConnectionError(self._error_message(e))
valkey.exceptions.ConnectionError: Error -3 connecting to redis:6379. Temporary failure in name resolution.
2025-06-18 23:07:52,152 ERROR    38 RedisDB.queue_consumer rag_flow_svr_queue got exception: Error -3 connecting to redis:6379. Temporary failure in name resolution.
Traceback (most recent call last):
  File "/ragflow/rag/svr/task_executor.py", line 193, in collect
    redis_msg = next(UNACKED_ITERATOR)
StopIteration

During handling of the above exception, another exception occurred:

Traceback (most recent call last):
  File "/ragflow/.venv/lib/python3.10/site-packages/valkey/connection.py", line 302, in connect
    sock = self.retry.call_with_retry(
  File "/ragflow/.venv/lib/python3.10/site-packages/valkey/retry.py", line 62, in call_with_retry
    return do()
  File "/ragflow/.venv/lib/python3.10/site-packages/valkey/connection.py", line 303, in <lambda>
    lambda: self._connect(), lambda error: self.disconnect(error)
  File "/ragflow/.venv/lib/python3.10/site-packages/valkey/connection.py", line 696, in _connect
    for res in socket.getaddrinfo(
  File "/usr/lib/python3.10/socket.py", line 955, in getaddrinfo
    for res in _socket.getaddrinfo(host, port, family, type, proto, flags):
socket.gaierror: [Errno -3] Temporary failure in name resolution

During handling of the above exception, another exception occurred:

Traceback (most recent call last):
  File "/ragflow/rag/utils/redis_conn.py", line 228, in queue_consumer
    group_info = self.REDIS.xinfo_groups(queue_name)
  File "/ragflow/.venv/lib/python3.10/site-packages/valkey/commands/core.py", line 3810, in xinfo_groups
    return self.execute_command("XINFO GROUPS", name)
  File "/ragflow/.venv/lib/python3.10/site-packages/valkey/client.py", line 564, in execute_command
    conn = self.connection or pool.get_connection(command_name, **options)
  File "/ragflow/.venv/lib/python3.10/site-packages/valkey/connection.py", line 1107, in get_connection
    connection.connect()
  File "/ragflow/.venv/lib/python3.10/site-packages/valkey/connection.py", line 308, in connect
    raise ConnectionError(self._error_message(e))
valkey.exceptions.ConnectionError: Error -3 connecting to redis:6379. Temporary failure in name resolution.
2025-06-18 23:07:52,252 ERROR    38 RedisDB.queue_consumer rag_flow_svr_queue_1 got exception: Error -3 connecting to redis:6379. Temporary failure in name resolution.
Traceback (most recent call last):
  File "/ragflow/rag/svr/task_executor.py", line 193, in collect
    redis_msg = next(UNACKED_ITERATOR)
StopIteration

During handling of the above exception, another exception occurred:

Traceback (most recent call last):
  File "/ragflow/.venv/lib/python3.10/site-packages/valkey/connection.py", line 302, in connect
    sock = self.retry.call_with_retry(
  File "/ragflow/.venv/lib/python3.10/site-packages/valkey/retry.py", line 62, in call_with_retry
    return do()
  File "/ragflow/.venv/lib/python3.10/site-packages/valkey/connection.py", line 303, in <lambda>
    lambda: self._connect(), lambda error: self.disconnect(error)
  File "/ragflow/.venv/lib/python3.10/site-packages/valkey/connection.py", line 696, in _connect
    for res in socket.getaddrinfo(
  File "/usr/lib/python3.10/socket.py", line 955, in getaddrinfo
    for res in _socket.getaddrinfo(host, port, family, type, proto, flags):
socket.gaierror: [Errno -3] Temporary failure in name resolution

During handling of the above exception, another exception occurred:

Traceback (most recent call last):
  File "/ragflow/rag/utils/redis_conn.py", line 228, in queue_consumer
    group_info = self.REDIS.xinfo_groups(queue_name)
  File "/ragflow/.venv/lib/python3.10/site-packages/valkey/commands/core.py", line 3810, in xinfo_groups
    return self.execute_command("XINFO GROUPS", name)
  File "/ragflow/.venv/lib/python3.10/site-packages/valkey/client.py", line 564, in execute_command
    conn = self.connection or pool.get_connection(command_name, **options)
  File "/ragflow/.venv/lib/python3.10/site-packages/valkey/connection.py", line 1107, in get_connection
    connection.connect()
  File "/ragflow/.venv/lib/python3.10/site-packages/valkey/connection.py", line 308, in connect
    raise ConnectionError(self._error_message(e))
valkey.exceptions.ConnectionError: Error -3 connecting to redis:6379. Temporary failure in name resolution.
2025-06-18 23:07:52,254 ERROR    38 RedisDB.queue_consumer rag_flow_svr_queue got exception: Error -3 connecting to redis:6379. Temporary failure in name resolution.
Traceback (most recent call last):
  File "/ragflow/rag/svr/task_executor.py", line 193, in collect
    redis_msg = next(UNACKED_ITERATOR)
StopIteration

During handling of the above exception, another exception occurred:

Traceback (most recent call last):
  File "/ragflow/.venv/lib/python3.10/site-packages/valkey/connection.py", line 302, in connect
    sock = self.retry.call_with_retry(
  File "/ragflow/.venv/lib/python3.10/site-packages/valkey/retry.py", line 62, in call_with_retry
    return do()
  File "/ragflow/.venv/lib/python3.10/site-packages/valkey/connection.py", line 303, in <lambda>
    lambda: self._connect(), lambda error: self.disconnect(error)
  File "/ragflow/.venv/lib/python3.10/site-packages/valkey/connection.py", line 696, in _connect
    for res in socket.getaddrinfo(
  File "/usr/lib/python3.10/socket.py", line 955, in getaddrinfo
    for res in _socket.getaddrinfo(host, port, family, type, proto, flags):
socket.gaierror: [Errno -3] Temporary failure in name resolution

During handling of the above exception, another exception occurred:

Traceback (most recent call last):
  File "/ragflow/rag/utils/redis_conn.py", line 228, in queue_consumer
    group_info = self.REDIS.xinfo_groups(queue_name)
  File "/ragflow/.venv/lib/python3.10/site-packages/valkey/commands/core.py", line 3810, in xinfo_groups
    return self.execute_command("XINFO GROUPS", name)
  File "/ragflow/.venv/lib/python3.10/site-packages/valkey/client.py", line 564, in execute_command
    conn = self.connection or pool.get_connection(command_name, **options)
  File "/ragflow/.venv/lib/python3.10/site-packages/valkey/connection.py", line 1107, in get_connection
    connection.connect()
  File "/ragflow/.venv/lib/python3.10/site-packages/valkey/connection.py", line 308, in connect
    raise ConnectionError(self._error_message(e))
valkey.exceptions.ConnectionError: Error -3 connecting to redis:6379. Temporary failure in name resolution.
2025-06-18 23:07:52,350 ERROR    38 RedisDB.queue_consumer rag_flow_svr_queue_1 got exception: Error -3 connecting to redis:6379. Temporary failure in name resolution.
Traceback (most recent call last):
  File "/ragflow/rag/svr/task_executor.py", line 193, in collect
    redis_msg = next(UNACKED_ITERATOR)
StopIteration

During handling of the above exception, another exception occurred:

Traceback (most recent call last):
  File "/ragflow/.venv/lib/python3.10/site-packages/valkey/connection.py", line 302, in connect
    sock = self.retry.call_with_retry(
  File "/ragflow/.venv/lib/python3.10/site-packages/valkey/retry.py", line 62, in call_with_retry
    return do()
  File "/ragflow/.venv/lib/python3.10/site-packages/valkey/connection.py", line 303, in <lambda>
    lambda: self._connect(), lambda error: self.disconnect(error)
  File "/ragflow/.venv/lib/python3.10/site-packages/valkey/connection.py", line 696, in _connect
    for res in socket.getaddrinfo(
  File "/usr/lib/python3.10/socket.py", line 955, in getaddrinfo
    for res in _socket.getaddrinfo(host, port, family, type, proto, flags):
socket.gaierror: [Errno -3] Temporary failure in name resolution

During handling of the above exception, another exception occurred:

Traceback (most recent call last):
  File "/ragflow/rag/utils/redis_conn.py", line 228, in queue_consumer
    group_info = self.REDIS.xinfo_groups(queue_name)
  File "/ragflow/.venv/lib/python3.10/site-packages/valkey/commands/core.py", line 3810, in xinfo_groups
    return self.execute_command("XINFO GROUPS", name)
  File "/ragflow/.venv/lib/python3.10/site-packages/valkey/client.py", line 564, in execute_command
    conn = self.connection or pool.get_connection(command_name, **options)
  File "/ragflow/.venv/lib/python3.10/site-packages/valkey/connection.py", line 1107, in get_connection
    connection.connect()
  File "/ragflow/.venv/lib/python3.10/site-packages/valkey/connection.py", line 308, in connect
    raise ConnectionError(self._error_message(e))
valkey.exceptions.ConnectionError: Error -3 connecting to redis:6379. Temporary failure in name resolution.
2025-06-18 23:07:52,353 ERROR    38 RedisDB.queue_consumer rag_flow_svr_queue got exception: Error -3 connecting to redis:6379. Temporary failure in name resolution.
Traceback (most recent call last):
  File "/ragflow/rag/svr/task_executor.py", line 193, in collect
    redis_msg = next(UNACKED_ITERATOR)
StopIteration

During handling of the above exception, another exception occurred:

Traceback (most recent call last):
  File "/ragflow/.venv/lib/python3.10/site-packages/valkey/connection.py", line 302, in connect
    sock = self.retry.call_with_retry(
  File "/ragflow/.venv/lib/python3.10/site-packages/valkey/retry.py", line 62, in call_with_retry
    return do()
  File "/ragflow/.venv/lib/python3.10/site-packages/valkey/connection.py", line 303, in <lambda>
    lambda: self._connect(), lambda error: self.disconnect(error)
  File "/ragflow/.venv/lib/python3.10/site-packages/valkey/connection.py", line 696, in _connect
    for res in socket.getaddrinfo(
  File "/usr/lib/python3.10/socket.py", line 955, in getaddrinfo
    for res in _socket.getaddrinfo(host, port, family, type, proto, flags):
socket.gaierror: [Errno -3] Temporary failure in name resolution

During handling of the above exception, another exception occurred:

Traceback (most recent call last):
  File "/ragflow/rag/utils/redis_conn.py", line 228, in queue_consumer
    group_info = self.REDIS.xinfo_groups(queue_name)
  File "/ragflow/.venv/lib/python3.10/site-packages/valkey/commands/core.py", line 3810, in xinfo_groups
    return self.execute_command("XINFO GROUPS", name)
  File "/ragflow/.venv/lib/python3.10/site-packages/valkey/client.py", line 564, in execute_command
    conn = self.connection or pool.get_connection(command_name, **options)
  File "/ragflow/.venv/lib/python3.10/site-packages/valkey/connection.py", line 1107, in get_connection
    connection.connect()
  File "/ragflow/.venv/lib/python3.10/site-packages/valkey/connection.py", line 308, in connect
    raise ConnectionError(self._error_message(e))
valkey.exceptions.ConnectionError: Error -3 connecting to redis:6379. Temporary failure in name resolution.
2025-06-18 23:07:54,536 WARNING  38 RedisDB.queue_info rag_flow_svr_queue got exception: Error -3 connecting to redis:6379. Temporary failure in name resolution.
2025-06-18 23:07:54,539 WARNING  38 RedisDB.zadd task_executor_d433874f0d98_0 got exception: Error -3 connecting to redis:6379. Temporary failure in name resolution.
2025-06-18 23:07:54,540 INFO     38 task_executor_d433874f0d98_0 reported heartbeat: {"name": "task_executor_d433874f0d98_0", "now": "2025-06-18T23:07:54.531+08:00", "boot_at": "2025-06-18T22:43:24.276+08:00", "pending": 0, "lag": 0, "done": 0, "failed": 0, "current": {}}
2025-06-18 23:07:54,542 WARNING  38 RedisDB.zcount task_executor_d433874f0d98_0 got exception: Error -3 connecting to redis:6379. Temporary failure in name resolution.
2025-06-18 23:07:54,546 ERROR    38 report_status got exception
Traceback (most recent call last):
  File "/ragflow/.venv/lib/python3.10/site-packages/valkey/connection.py", line 302, in connect
    sock = self.retry.call_with_retry(
  File "/ragflow/.venv/lib/python3.10/site-packages/valkey/retry.py", line 62, in call_with_retry
    return do()
  File "/ragflow/.venv/lib/python3.10/site-packages/valkey/connection.py", line 303, in <lambda>
    lambda: self._connect(), lambda error: self.disconnect(error)
  File "/ragflow/.venv/lib/python3.10/site-packages/valkey/connection.py", line 696, in _connect
    for res in socket.getaddrinfo(
  File "/usr/lib/python3.10/socket.py", line 955, in getaddrinfo
    for res in _socket.getaddrinfo(host, port, family, type, proto, flags):
socket.gaierror: [Errno -3] Temporary failure in name resolution

During handling of the above exception, another exception occurred:

Traceback (most recent call last):
  File "/ragflow/rag/svr/task_executor.py", line 670, in report_status
    if redis_lock.acquire():
  File "/ragflow/rag/utils/redis_conn.py", line 350, in acquire
    REDIS_CONN.delete_if_equal(self.lock_key, self.lock_value)
  File "/ragflow/rag/utils/redis_conn.py", line 324, in delete_if_equal
    return bool(self.lua_delete_if_equal(keys=[key], args=[expected_value], client=self.REDIS))
  File "/ragflow/.venv/lib/python3.10/site-packages/valkey/commands/core.py", line 6356, in __call__
    return client.evalsha(self.sha, len(keys), *args)
  File "/ragflow/.venv/lib/python3.10/site-packages/valkey/commands/core.py", line 5730, in evalsha
    return self._evalsha("EVALSHA", sha, numkeys, *keys_and_args)
  File "/ragflow/.venv/lib/python3.10/site-packages/valkey/commands/core.py", line 5714, in _evalsha
    return self.execute_command(command, sha, numkeys, *keys_and_args)
  File "/ragflow/.venv/lib/python3.10/site-packages/valkey/client.py", line 564, in execute_command
    conn = self.connection or pool.get_connection(command_name, **options)
  File "/ragflow/.venv/lib/python3.10/site-packages/valkey/connection.py", line 1107, in get_connection
    connection.connect()
  File "/ragflow/.venv/lib/python3.10/site-packages/valkey/connection.py", line 308, in connect
    raise ConnectionError(self._error_message(e))
valkey.exceptions.ConnectionError: Error -3 connecting to redis:6379. Temporary failure in name resolution.
