2025-06-18 19:08:33,759 INFO     55 task_executor_2142ff71c6f2_0 log path: /ragflow/logs/task_executor_2142ff71c6f2_0.log, log levels: {'peewee': 'WARNING', 'pdfminer': 'WARNING', 'root': 'INFO'}
2025-06-18 19:08:33,759 INFO     55 
  ______           __      ______                     __
 /_  __/___ ______/ /__   / ____/  _____  _______  __/ /_____  _____
  / / / __ `/ ___/ //_/  / __/ | |/_/ _ \/ ___/ / / / __/ __ \/ ___/
 / / / /_/ (__  ) ,<    / /____>  </  __/ /__/ /_/ / /_/ /_/ / /
/_/  \__,_/____/_/|_|  /_____/_/|_|\___/\___/\__,_/\__/\____/_/
    
2025-06-18 19:08:33,760 INFO     55 TaskExecutor: RAGFlow version: v0.19.0 slim
2025-06-18 19:08:33,761 INFO     55 Use Elasticsearch http://es01:9200 as the doc engine.
2025-06-18 19:08:33,766 INFO     55 GET http://es01:9200/ [status:N/A duration:0.005s]
2025-06-18 19:08:33,766 WARNING  55 Node <Urllib3HttpNode(http://es01:9200)> has failed for 1 times in a row, putting on 1 second timeout
2025-06-18 19:08:33,766 WARNING  55 Retrying request after failure (attempt 0 of 3)
Traceback (most recent call last):
  File "/ragflow/.venv/lib/python3.10/site-packages/elastic_transport/_transport.py", line 328, in perform_request
    meta, raw_data = node.perform_request(
  File "/ragflow/.venv/lib/python3.10/site-packages/elastic_transport/_node/_http_urllib3.py", line 202, in perform_request
    raise err from None
elastic_transport.ConnectionError: Connection error caused by: NameResolutionError(<urllib3.connection.HTTPConnection object at 0x7ff42ddc93f0>: Failed to resolve 'es01' ([Errno -3] Temporary failure in name resolution))
2025-06-18 19:08:33,769 INFO     55 GET http://es01:9200/ [status:N/A duration:0.002s]
2025-06-18 19:08:33,769 WARNING  55 Node <Urllib3HttpNode(http://es01:9200)> has failed for 2 times in a row, putting on 2 second timeout
2025-06-18 19:08:33,769 WARNING  55 Retrying request after failure (attempt 1 of 3)
Traceback (most recent call last):
  File "/ragflow/.venv/lib/python3.10/site-packages/elastic_transport/_transport.py", line 328, in perform_request
    meta, raw_data = node.perform_request(
  File "/ragflow/.venv/lib/python3.10/site-packages/elastic_transport/_node/_http_urllib3.py", line 202, in perform_request
    raise err from None
elastic_transport.ConnectionError: Connection error caused by: NameResolutionError(<urllib3.connection.HTTPConnection object at 0x7ff42ddc8790>: Failed to resolve 'es01' ([Errno -3] Temporary failure in name resolution))
2025-06-18 19:08:33,771 INFO     55 GET http://es01:9200/ [status:N/A duration:0.001s]
2025-06-18 19:08:33,771 WARNING  55 Node <Urllib3HttpNode(http://es01:9200)> has failed for 3 times in a row, putting on 4 second timeout
2025-06-18 19:08:33,771 WARNING  55 Retrying request after failure (attempt 2 of 3)
Traceback (most recent call last):
  File "/ragflow/.venv/lib/python3.10/site-packages/elastic_transport/_transport.py", line 328, in perform_request
    meta, raw_data = node.perform_request(
  File "/ragflow/.venv/lib/python3.10/site-packages/elastic_transport/_node/_http_urllib3.py", line 202, in perform_request
    raise err from None
elastic_transport.ConnectionError: Connection error caused by: NameResolutionError(<urllib3.connection.HTTPConnection object at 0x7ff42ddca980>: Failed to resolve 'es01' ([Errno -3] Temporary failure in name resolution))
2025-06-18 19:08:33,773 INFO     55 GET http://es01:9200/ [status:N/A duration:0.002s]
2025-06-18 19:08:33,773 WARNING  55 Node <Urllib3HttpNode(http://es01:9200)> has failed for 4 times in a row, putting on 8 second timeout
2025-06-18 19:08:33,773 WARNING  55 Connection error caused by: ConnectionError(Connection error caused by: NameResolutionError(<urllib3.connection.HTTPConnection object at 0x7ff42ddc93f0>: Failed to resolve 'es01' ([Errno -3] Temporary failure in name resolution))). Waiting Elasticsearch http://es01:9200 to be healthy.
2025-06-18 19:08:38,786 INFO     55 GET http://es01:9200/ [status:N/A duration:0.005s]
2025-06-18 19:08:38,786 WARNING  55 Node <Urllib3HttpNode(http://es01:9200)> has failed for 1 times in a row, putting on 1 second timeout
2025-06-18 19:08:38,787 WARNING  55 Retrying request after failure (attempt 0 of 3)
Traceback (most recent call last):
  File "/ragflow/.venv/lib/python3.10/site-packages/elastic_transport/_transport.py", line 328, in perform_request
    meta, raw_data = node.perform_request(
  File "/ragflow/.venv/lib/python3.10/site-packages/elastic_transport/_node/_http_urllib3.py", line 202, in perform_request
    raise err from None
elastic_transport.ConnectionError: Connection error caused by: NameResolutionError(<urllib3.connection.HTTPConnection object at 0x7ff46f9f1a80>: Failed to resolve 'es01' ([Errno -3] Temporary failure in name resolution))
2025-06-18 19:08:38,793 INFO     55 GET http://es01:9200/ [status:N/A duration:0.005s]
2025-06-18 19:08:38,793 WARNING  55 Node <Urllib3HttpNode(http://es01:9200)> has failed for 2 times in a row, putting on 2 second timeout
2025-06-18 19:08:38,793 WARNING  55 Retrying request after failure (attempt 1 of 3)
Traceback (most recent call last):
  File "/ragflow/.venv/lib/python3.10/site-packages/elastic_transport/_transport.py", line 328, in perform_request
    meta, raw_data = node.perform_request(
  File "/ragflow/.venv/lib/python3.10/site-packages/elastic_transport/_node/_http_urllib3.py", line 202, in perform_request
    raise err from None
elastic_transport.ConnectionError: Connection error caused by: NameResolutionError(<urllib3.connection.HTTPConnection object at 0x7ff46f9f1450>: Failed to resolve 'es01' ([Errno -3] Temporary failure in name resolution))
2025-06-18 19:08:38,796 INFO     55 GET http://es01:9200/ [status:N/A duration:0.002s]
2025-06-18 19:08:38,796 WARNING  55 Node <Urllib3HttpNode(http://es01:9200)> has failed for 3 times in a row, putting on 4 second timeout
2025-06-18 19:08:38,797 WARNING  55 Retrying request after failure (attempt 2 of 3)
Traceback (most recent call last):
  File "/ragflow/.venv/lib/python3.10/site-packages/elastic_transport/_transport.py", line 328, in perform_request
    meta, raw_data = node.perform_request(
  File "/ragflow/.venv/lib/python3.10/site-packages/elastic_transport/_node/_http_urllib3.py", line 202, in perform_request
    raise err from None
elastic_transport.ConnectionError: Connection error caused by: NameResolutionError(<urllib3.connection.HTTPConnection object at 0x7ff46f9f0be0>: Failed to resolve 'es01' ([Errno -3] Temporary failure in name resolution))
2025-06-18 19:08:38,799 INFO     55 GET http://es01:9200/ [status:N/A duration:0.002s]
2025-06-18 19:08:38,799 WARNING  55 Node <Urllib3HttpNode(http://es01:9200)> has failed for 4 times in a row, putting on 8 second timeout
2025-06-18 19:08:38,799 WARNING  55 Connection error caused by: ConnectionError(Connection error caused by: NameResolutionError(<urllib3.connection.HTTPConnection object at 0x7ff46f9f1a80>: Failed to resolve 'es01' ([Errno -3] Temporary failure in name resolution))). Waiting Elasticsearch http://es01:9200 to be healthy.
2025-06-18 19:08:43,806 INFO     55 Resurrected node <Urllib3HttpNode(http://es01:9200)> (force=False)
2025-06-18 19:08:43,811 INFO     55 HEAD http://es01:9200/ [status:N/A duration:0.005s]
2025-06-18 19:08:43,812 WARNING  55 Node <Urllib3HttpNode(http://es01:9200)> has failed for 5 times in a row, putting on 16 second timeout
2025-06-18 19:08:43,812 WARNING  55 Retrying request after failure (attempt 0 of 3)
Traceback (most recent call last):
  File "/ragflow/.venv/lib/python3.10/site-packages/elastic_transport/_transport.py", line 328, in perform_request
    meta, raw_data = node.perform_request(
  File "/ragflow/.venv/lib/python3.10/site-packages/elastic_transport/_node/_http_urllib3.py", line 202, in perform_request
    raise err from None
elastic_transport.ConnectionError: Connection error caused by: NameResolutionError(<urllib3.connection.HTTPConnection object at 0x7ff46f9f07c0>: Failed to resolve 'es01' ([Errno -3] Temporary failure in name resolution))
2025-06-18 19:08:43,812 INFO     55 Resurrected node <Urllib3HttpNode(http://es01:9200)> (force=False)
2025-06-18 19:08:43,815 INFO     55 HEAD http://es01:9200/ [status:N/A duration:0.002s]
2025-06-18 19:08:43,815 WARNING  55 Node <Urllib3HttpNode(http://es01:9200)> has failed for 6 times in a row, putting on 30 second timeout
2025-06-18 19:08:43,815 WARNING  55 Retrying request after failure (attempt 1 of 3)
Traceback (most recent call last):
  File "/ragflow/.venv/lib/python3.10/site-packages/elastic_transport/_transport.py", line 328, in perform_request
    meta, raw_data = node.perform_request(
  File "/ragflow/.venv/lib/python3.10/site-packages/elastic_transport/_node/_http_urllib3.py", line 202, in perform_request
    raise err from None
elastic_transport.ConnectionError: Connection error caused by: NameResolutionError(<urllib3.connection.HTTPConnection object at 0x7ff46f9f3f40>: Failed to resolve 'es01' ([Errno -3] Temporary failure in name resolution))
2025-06-18 19:08:43,816 INFO     55 Resurrected node <Urllib3HttpNode(http://es01:9200)> (force=False)
2025-06-18 19:08:43,819 INFO     55 HEAD http://es01:9200/ [status:N/A duration:0.003s]
2025-06-18 19:08:43,819 WARNING  55 Node <Urllib3HttpNode(http://es01:9200)> has failed for 7 times in a row, putting on 30 second timeout
2025-06-18 19:08:43,819 WARNING  55 Retrying request after failure (attempt 2 of 3)
Traceback (most recent call last):
  File "/ragflow/.venv/lib/python3.10/site-packages/elastic_transport/_transport.py", line 328, in perform_request
    meta, raw_data = node.perform_request(
  File "/ragflow/.venv/lib/python3.10/site-packages/elastic_transport/_node/_http_urllib3.py", line 202, in perform_request
    raise err from None
elastic_transport.ConnectionError: Connection error caused by: NameResolutionError(<urllib3.connection.HTTPConnection object at 0x7ff46f9f3ac0>: Failed to resolve 'es01' ([Errno -3] Temporary failure in name resolution))
2025-06-18 19:08:43,822 INFO     55 HEAD http://es01:9200/ [status:N/A duration:0.002s]
2025-06-18 19:08:43,822 WARNING  55 Node <Urllib3HttpNode(http://es01:9200)> has failed for 8 times in a row, putting on 30 second timeout
2025-06-18 19:08:43,822 ERROR    55 Elasticsearch http://es01:9200 is unhealthy in 120s.
