2025-06-18 22:34:35,908 INFO     58 task_executor_1ff3601cc767_0 log path: /ragflow/logs/task_executor_1ff3601cc767_0.log, log levels: {'peewee': 'WARNING', 'pdfminer': 'WARNING', 'root': 'INFO'}
2025-06-18 22:34:35,909 INFO     58 
  ______           __      ______                     __
 /_  __/___ ______/ /__   / ____/  _____  _______  __/ /_____  _____
  / / / __ `/ ___/ //_/  / __/ | |/_/ _ \/ ___/ / / / __/ __ \/ ___/
 / / / /_/ (__  ) ,<    / /____>  </  __/ /__/ /_/ / /_/ /_/ / /
/_/  \__,_/____/_/|_|  /_____/_/|_|\___/\___/\__,_/\__/\____/_/
    
2025-06-18 22:34:35,909 INFO     58 TaskExecutor: RAGFlow version: v0.19.0 slim
2025-06-18 22:34:35,910 INFO     58 Use Elasticsearch http://es01:9200 as the doc engine.
2025-06-18 22:34:35,915 INFO     58 GET http://es01:9200/ [status:N/A duration:0.004s]
2025-06-18 22:34:35,915 WARNING  58 Node <Urllib3HttpNode(http://es01:9200)> has failed for 1 times in a row, putting on 1 second timeout
2025-06-18 22:34:35,915 WARNING  58 Retrying request after failure (attempt 0 of 3)
Traceback (most recent call last):
  File "/ragflow/.venv/lib/python3.10/site-packages/elastic_transport/_transport.py", line 328, in perform_request
    meta, raw_data = node.perform_request(
  File "/ragflow/.venv/lib/python3.10/site-packages/elastic_transport/_node/_http_urllib3.py", line 202, in perform_request
    raise err from None
elastic_transport.ConnectionError: Connection error caused by: NameResolutionError(<urllib3.connection.HTTPConnection object at 0x7fda3edb3b80>: Failed to resolve 'es01' ([Errno -3] Temporary failure in name resolution))
2025-06-18 22:34:35,917 INFO     58 GET http://es01:9200/ [status:N/A duration:0.002s]
2025-06-18 22:34:35,918 WARNING  58 Node <Urllib3HttpNode(http://es01:9200)> has failed for 2 times in a row, putting on 2 second timeout
2025-06-18 22:34:35,918 WARNING  58 Retrying request after failure (attempt 1 of 3)
Traceback (most recent call last):
  File "/ragflow/.venv/lib/python3.10/site-packages/elastic_transport/_transport.py", line 328, in perform_request
    meta, raw_data = node.perform_request(
  File "/ragflow/.venv/lib/python3.10/site-packages/elastic_transport/_node/_http_urllib3.py", line 202, in perform_request
    raise err from None
elastic_transport.ConnectionError: Connection error caused by: NameResolutionError(<urllib3.connection.HTTPConnection object at 0x7fda3edb2950>: Failed to resolve 'es01' ([Errno -3] Temporary failure in name resolution))
2025-06-18 22:34:35,920 INFO     58 GET http://es01:9200/ [status:N/A duration:0.002s]
2025-06-18 22:34:35,920 WARNING  58 Node <Urllib3HttpNode(http://es01:9200)> has failed for 3 times in a row, putting on 4 second timeout
2025-06-18 22:34:35,920 WARNING  58 Retrying request after failure (attempt 2 of 3)
Traceback (most recent call last):
  File "/ragflow/.venv/lib/python3.10/site-packages/elastic_transport/_transport.py", line 328, in perform_request
    meta, raw_data = node.perform_request(
  File "/ragflow/.venv/lib/python3.10/site-packages/elastic_transport/_node/_http_urllib3.py", line 202, in perform_request
    raise err from None
elastic_transport.ConnectionError: Connection error caused by: NameResolutionError(<urllib3.connection.HTTPConnection object at 0x7fda3edb19c0>: Failed to resolve 'es01' ([Errno -3] Temporary failure in name resolution))
2025-06-18 22:34:35,922 INFO     58 GET http://es01:9200/ [status:N/A duration:0.002s]
2025-06-18 22:34:35,922 WARNING  58 Node <Urllib3HttpNode(http://es01:9200)> has failed for 4 times in a row, putting on 8 second timeout
2025-06-18 22:34:35,922 WARNING  58 Connection error caused by: ConnectionError(Connection error caused by: NameResolutionError(<urllib3.connection.HTTPConnection object at 0x7fda3edb3b80>: Failed to resolve 'es01' ([Errno -3] Temporary failure in name resolution))). Waiting Elasticsearch http://es01:9200 to be healthy.
2025-06-18 22:34:40,933 INFO     58 GET http://es01:9200/ [status:N/A duration:0.005s]
2025-06-18 22:34:40,934 WARNING  58 Node <Urllib3HttpNode(http://es01:9200)> has failed for 1 times in a row, putting on 1 second timeout
2025-06-18 22:34:40,934 WARNING  58 Retrying request after failure (attempt 0 of 3)
Traceback (most recent call last):
  File "/ragflow/.venv/lib/python3.10/site-packages/elastic_transport/_transport.py", line 328, in perform_request
    meta, raw_data = node.perform_request(
  File "/ragflow/.venv/lib/python3.10/site-packages/elastic_transport/_node/_http_urllib3.py", line 202, in perform_request
    raise err from None
elastic_transport.ConnectionError: Connection error caused by: NameResolutionError(<urllib3.connection.HTTPConnection object at 0x7fd9f7187940>: Failed to resolve 'es01' ([Errno -3] Temporary failure in name resolution))
2025-06-18 22:34:40,937 INFO     58 GET http://es01:9200/ [status:N/A duration:0.002s]
2025-06-18 22:34:40,937 WARNING  58 Node <Urllib3HttpNode(http://es01:9200)> has failed for 2 times in a row, putting on 2 second timeout
2025-06-18 22:34:40,937 WARNING  58 Retrying request after failure (attempt 1 of 3)
Traceback (most recent call last):
  File "/ragflow/.venv/lib/python3.10/site-packages/elastic_transport/_transport.py", line 328, in perform_request
    meta, raw_data = node.perform_request(
  File "/ragflow/.venv/lib/python3.10/site-packages/elastic_transport/_node/_http_urllib3.py", line 202, in perform_request
    raise err from None
elastic_transport.ConnectionError: Connection error caused by: NameResolutionError(<urllib3.connection.HTTPConnection object at 0x7fd9f71840d0>: Failed to resolve 'es01' ([Errno -3] Temporary failure in name resolution))
2025-06-18 22:34:40,940 INFO     58 GET http://es01:9200/ [status:N/A duration:0.002s]
2025-06-18 22:34:40,940 WARNING  58 Node <Urllib3HttpNode(http://es01:9200)> has failed for 3 times in a row, putting on 4 second timeout
2025-06-18 22:34:40,940 WARNING  58 Retrying request after failure (attempt 2 of 3)
Traceback (most recent call last):
  File "/ragflow/.venv/lib/python3.10/site-packages/elastic_transport/_transport.py", line 328, in perform_request
    meta, raw_data = node.perform_request(
  File "/ragflow/.venv/lib/python3.10/site-packages/elastic_transport/_node/_http_urllib3.py", line 202, in perform_request
    raise err from None
elastic_transport.ConnectionError: Connection error caused by: NameResolutionError(<urllib3.connection.HTTPConnection object at 0x7fd9f71866b0>: Failed to resolve 'es01' ([Errno -3] Temporary failure in name resolution))
2025-06-18 22:34:40,943 INFO     58 GET http://es01:9200/ [status:N/A duration:0.002s]
2025-06-18 22:34:40,943 WARNING  58 Node <Urllib3HttpNode(http://es01:9200)> has failed for 4 times in a row, putting on 8 second timeout
2025-06-18 22:34:40,943 WARNING  58 Connection error caused by: ConnectionError(Connection error caused by: NameResolutionError(<urllib3.connection.HTTPConnection object at 0x7fd9f7187940>: Failed to resolve 'es01' ([Errno -3] Temporary failure in name resolution))). Waiting Elasticsearch http://es01:9200 to be healthy.
2025-06-18 22:34:45,949 INFO     58 Resurrected node <Urllib3HttpNode(http://es01:9200)> (force=False)
2025-06-18 22:34:45,954 INFO     58 HEAD http://es01:9200/ [status:N/A duration:0.005s]
2025-06-18 22:34:45,955 WARNING  58 Node <Urllib3HttpNode(http://es01:9200)> has failed for 5 times in a row, putting on 16 second timeout
2025-06-18 22:34:45,955 WARNING  58 Retrying request after failure (attempt 0 of 3)
Traceback (most recent call last):
  File "/ragflow/.venv/lib/python3.10/site-packages/elastic_transport/_transport.py", line 328, in perform_request
    meta, raw_data = node.perform_request(
  File "/ragflow/.venv/lib/python3.10/site-packages/elastic_transport/_node/_http_urllib3.py", line 202, in perform_request
    raise err from None
elastic_transport.ConnectionError: Connection error caused by: NameResolutionError(<urllib3.connection.HTTPConnection object at 0x7fd9f7184250>: Failed to resolve 'es01' ([Errno -3] Temporary failure in name resolution))
2025-06-18 22:34:45,956 INFO     58 Resurrected node <Urllib3HttpNode(http://es01:9200)> (force=False)
2025-06-18 22:34:45,960 INFO     58 HEAD http://es01:9200/ [status:N/A duration:0.004s]
2025-06-18 22:34:45,961 WARNING  58 Node <Urllib3HttpNode(http://es01:9200)> has failed for 6 times in a row, putting on 30 second timeout
2025-06-18 22:34:45,961 WARNING  58 Retrying request after failure (attempt 1 of 3)
Traceback (most recent call last):
  File "/ragflow/.venv/lib/python3.10/site-packages/elastic_transport/_transport.py", line 328, in perform_request
    meta, raw_data = node.perform_request(
  File "/ragflow/.venv/lib/python3.10/site-packages/elastic_transport/_node/_http_urllib3.py", line 202, in perform_request
    raise err from None
elastic_transport.ConnectionError: Connection error caused by: NameResolutionError(<urllib3.connection.HTTPConnection object at 0x7fd9f7184e80>: Failed to resolve 'es01' ([Errno -3] Temporary failure in name resolution))
2025-06-18 22:34:45,961 INFO     58 Resurrected node <Urllib3HttpNode(http://es01:9200)> (force=False)
2025-06-18 22:34:45,965 INFO     58 HEAD http://es01:9200/ [status:N/A duration:0.004s]
2025-06-18 22:34:45,965 WARNING  58 Node <Urllib3HttpNode(http://es01:9200)> has failed for 7 times in a row, putting on 30 second timeout
2025-06-18 22:34:45,966 WARNING  58 Retrying request after failure (attempt 2 of 3)
Traceback (most recent call last):
  File "/ragflow/.venv/lib/python3.10/site-packages/elastic_transport/_transport.py", line 328, in perform_request
    meta, raw_data = node.perform_request(
  File "/ragflow/.venv/lib/python3.10/site-packages/elastic_transport/_node/_http_urllib3.py", line 202, in perform_request
    raise err from None
elastic_transport.ConnectionError: Connection error caused by: NameResolutionError(<urllib3.connection.HTTPConnection object at 0x7fd9f7185c90>: Failed to resolve 'es01' ([Errno -3] Temporary failure in name resolution))
2025-06-18 22:34:45,968 INFO     58 HEAD http://es01:9200/ [status:N/A duration:0.002s]
2025-06-18 22:34:45,968 WARNING  58 Node <Urllib3HttpNode(http://es01:9200)> has failed for 8 times in a row, putting on 30 second timeout
2025-06-18 22:34:45,968 ERROR    58 Elasticsearch http://es01:9200 is unhealthy in 120s.
