2025-06-17 22:37:11,939 INFO     39 task_executor_40812c71df4c_0 log path: /ragflow/logs/task_executor_40812c71df4c_0.log, log levels: {'peewee': 'WARNING', 'pdfminer': 'WARNING', 'root': 'INFO'}
2025-06-17 22:37:11,940 INFO     39 
  ______           __      ______                     __
 /_  __/___ ______/ /__   / ____/  _____  _______  __/ /_____  _____
  / / / __ `/ ___/ //_/  / __/ | |/_/ _ \/ ___/ / / / __/ __ \/ ___/
 / / / /_/ (__  ) ,<    / /____>  </  __/ /__/ /_/ / /_/ /_/ / /
/_/  \__,_/____/_/|_|  /_____/_/|_|\___/\___/\__,_/\__/\____/_/
    
2025-06-17 22:37:11,940 INFO     39 TaskExecutor: RAGFlow version: v0.19.0 slim
2025-06-17 22:37:11,941 INFO     39 Use Elasticsearch http://es01:9200 as the doc engine.
2025-06-17 22:37:11,966 INFO     39 GET http://es01:9200/ [status:200 duration:0.023s]
2025-06-17 22:37:11,975 INFO     39 HEAD http://es01:9200/ [status:200 duration:0.008s]
2025-06-17 22:37:11,975 INFO     39 Elasticsearch http://es01:9200 is healthy.
2025-06-17 22:37:11,987 WARNING  39 Load term.freq FAIL!
2025-06-17 22:37:11,996 WARNING  39 Realtime synonym is disabled, since no redis connection.
2025-06-17 22:37:12,007 WARNING  39 Load term.freq FAIL!
2025-06-17 22:37:12,014 WARNING  39 Realtime synonym is disabled, since no redis connection.
2025-06-17 22:37:12,015 INFO     39 MAX_CONTENT_LENGTH: 134217728
2025-06-17 22:37:12,015 INFO     39 MAX_FILE_COUNT_PER_USER: 0
2025-06-17 22:37:12,022 INFO     39 task_executor_40812c71df4c_0 reported heartbeat: {"name": "task_executor_40812c71df4c_0", "now": "2025-06-17T22:37:12.020+08:00", "boot_at": "2025-06-17T22:37:11.939+08:00", "pending": 0, "lag": 0, "done": 0, "failed": 0, "current": {}}
2025-06-17 22:37:12,024 INFO     39 task_executor_23ce7354af09_0 expired, removed
2025-06-17 22:37:12,025 WARNING  39 RedisDB.get_unacked_iterator queue rag_flow_svr_queue_1 doesn't exist
2025-06-17 22:37:42,027 INFO     39 task_executor_40812c71df4c_0 reported heartbeat: {"name": "task_executor_40812c71df4c_0", "now": "2025-06-17T22:37:42.025+08:00", "boot_at": "2025-06-17T22:37:11.939+08:00", "pending": 0, "lag": 0, "done": 0, "failed": 0, "current": {}}
2025-06-17 22:38:12,032 INFO     39 task_executor_40812c71df4c_0 reported heartbeat: {"name": "task_executor_40812c71df4c_0", "now": "2025-06-17T22:38:12.030+08:00", "boot_at": "2025-06-17T22:37:11.939+08:00", "pending": 0, "lag": 0, "done": 0, "failed": 0, "current": {}}
2025-06-17 22:38:42,037 INFO     39 task_executor_40812c71df4c_0 reported heartbeat: {"name": "task_executor_40812c71df4c_0", "now": "2025-06-17T22:38:42.035+08:00", "boot_at": "2025-06-17T22:37:11.939+08:00", "pending": 0, "lag": 0, "done": 0, "failed": 0, "current": {}}
2025-06-17 22:39:12,042 INFO     39 task_executor_40812c71df4c_0 reported heartbeat: {"name": "task_executor_40812c71df4c_0", "now": "2025-06-17T22:39:12.040+08:00", "boot_at": "2025-06-17T22:37:11.939+08:00", "pending": 0, "lag": 0, "done": 0, "failed": 0, "current": {}}
2025-06-17 22:39:42,047 INFO     39 task_executor_40812c71df4c_0 reported heartbeat: {"name": "task_executor_40812c71df4c_0", "now": "2025-06-17T22:39:42.045+08:00", "boot_at": "2025-06-17T22:37:11.939+08:00", "pending": 0, "lag": 0, "done": 0, "failed": 0, "current": {}}
2025-06-17 22:40:12,052 INFO     39 task_executor_40812c71df4c_0 reported heartbeat: {"name": "task_executor_40812c71df4c_0", "now": "2025-06-17T22:40:12.050+08:00", "boot_at": "2025-06-17T22:37:11.939+08:00", "pending": 0, "lag": 0, "done": 0, "failed": 0, "current": {}}
2025-06-17 22:40:42,057 INFO     39 task_executor_40812c71df4c_0 reported heartbeat: {"name": "task_executor_40812c71df4c_0", "now": "2025-06-17T22:40:42.055+08:00", "boot_at": "2025-06-17T22:37:11.939+08:00", "pending": 0, "lag": 0, "done": 0, "failed": 0, "current": {}}
2025-06-17 22:41:12,062 INFO     39 task_executor_40812c71df4c_0 reported heartbeat: {"name": "task_executor_40812c71df4c_0", "now": "2025-06-17T22:41:12.061+08:00", "boot_at": "2025-06-17T22:37:11.939+08:00", "pending": 0, "lag": 0, "done": 0, "failed": 0, "current": {}}
2025-06-17 22:41:42,067 INFO     39 task_executor_40812c71df4c_0 reported heartbeat: {"name": "task_executor_40812c71df4c_0", "now": "2025-06-17T22:41:42.065+08:00", "boot_at": "2025-06-17T22:37:11.939+08:00", "pending": 0, "lag": 0, "done": 0, "failed": 0, "current": {}}
2025-06-17 22:42:12,073 INFO     39 task_executor_40812c71df4c_0 reported heartbeat: {"name": "task_executor_40812c71df4c_0", "now": "2025-06-17T22:42:12.070+08:00", "boot_at": "2025-06-17T22:37:11.939+08:00", "pending": 0, "lag": 0, "done": 0, "failed": 0, "current": {}}
2025-06-17 22:42:42,079 INFO     39 task_executor_40812c71df4c_0 reported heartbeat: {"name": "task_executor_40812c71df4c_0", "now": "2025-06-17T22:42:42.076+08:00", "boot_at": "2025-06-17T22:37:11.939+08:00", "pending": 0, "lag": 0, "done": 0, "failed": 0, "current": {}}
2025-06-17 22:43:12,085 INFO     39 task_executor_40812c71df4c_0 reported heartbeat: {"name": "task_executor_40812c71df4c_0", "now": "2025-06-17T22:43:12.083+08:00", "boot_at": "2025-06-17T22:37:11.939+08:00", "pending": 0, "lag": 0, "done": 0, "failed": 0, "current": {}}
2025-06-17 22:43:42,088 INFO     39 task_executor_40812c71df4c_0 reported heartbeat: {"name": "task_executor_40812c71df4c_0", "now": "2025-06-17T22:43:42.087+08:00", "boot_at": "2025-06-17T22:37:11.939+08:00", "pending": 0, "lag": 0, "done": 0, "failed": 0, "current": {}}
2025-06-17 22:44:12,093 INFO     39 task_executor_40812c71df4c_0 reported heartbeat: {"name": "task_executor_40812c71df4c_0", "now": "2025-06-17T22:44:12.091+08:00", "boot_at": "2025-06-17T22:37:11.939+08:00", "pending": 0, "lag": 0, "done": 0, "failed": 0, "current": {}}
2025-06-17 22:44:42,097 INFO     39 task_executor_40812c71df4c_0 reported heartbeat: {"name": "task_executor_40812c71df4c_0", "now": "2025-06-17T22:44:42.095+08:00", "boot_at": "2025-06-17T22:37:11.939+08:00", "pending": 0, "lag": 0, "done": 0, "failed": 0, "current": {}}
2025-06-17 22:45:12,102 INFO     39 task_executor_40812c71df4c_0 reported heartbeat: {"name": "task_executor_40812c71df4c_0", "now": "2025-06-17T22:45:12.100+08:00", "boot_at": "2025-06-17T22:37:11.939+08:00", "pending": 0, "lag": 0, "done": 0, "failed": 0, "current": {}}
2025-06-17 22:45:42,107 INFO     39 task_executor_40812c71df4c_0 reported heartbeat: {"name": "task_executor_40812c71df4c_0", "now": "2025-06-17T22:45:42.104+08:00", "boot_at": "2025-06-17T22:37:11.939+08:00", "pending": 0, "lag": 0, "done": 0, "failed": 0, "current": {}}
2025-06-17 22:46:12,112 INFO     39 task_executor_40812c71df4c_0 reported heartbeat: {"name": "task_executor_40812c71df4c_0", "now": "2025-06-17T22:46:12.110+08:00", "boot_at": "2025-06-17T22:37:11.939+08:00", "pending": 0, "lag": 0, "done": 0, "failed": 0, "current": {}}
2025-06-17 22:46:42,117 INFO     39 task_executor_40812c71df4c_0 reported heartbeat: {"name": "task_executor_40812c71df4c_0", "now": "2025-06-17T22:46:42.115+08:00", "boot_at": "2025-06-17T22:37:11.939+08:00", "pending": 0, "lag": 0, "done": 0, "failed": 0, "current": {}}
2025-06-17 22:47:12,122 INFO     39 task_executor_40812c71df4c_0 reported heartbeat: {"name": "task_executor_40812c71df4c_0", "now": "2025-06-17T22:47:12.120+08:00", "boot_at": "2025-06-17T22:37:11.939+08:00", "pending": 0, "lag": 0, "done": 0, "failed": 0, "current": {}}
2025-06-17 22:47:42,129 INFO     39 task_executor_40812c71df4c_0 reported heartbeat: {"name": "task_executor_40812c71df4c_0", "now": "2025-06-17T22:47:42.127+08:00", "boot_at": "2025-06-17T22:37:11.939+08:00", "pending": 0, "lag": 0, "done": 0, "failed": 0, "current": {}}
2025-06-17 22:48:12,135 INFO     39 task_executor_40812c71df4c_0 reported heartbeat: {"name": "task_executor_40812c71df4c_0", "now": "2025-06-17T22:48:12.133+08:00", "boot_at": "2025-06-17T22:37:11.939+08:00", "pending": 0, "lag": 0, "done": 0, "failed": 0, "current": {}}
2025-06-17 22:48:42,140 INFO     39 task_executor_40812c71df4c_0 reported heartbeat: {"name": "task_executor_40812c71df4c_0", "now": "2025-06-17T22:48:42.138+08:00", "boot_at": "2025-06-17T22:37:11.939+08:00", "pending": 0, "lag": 0, "done": 0, "failed": 0, "current": {}}
2025-06-17 22:49:12,145 INFO     39 task_executor_40812c71df4c_0 reported heartbeat: {"name": "task_executor_40812c71df4c_0", "now": "2025-06-17T22:49:12.143+08:00", "boot_at": "2025-06-17T22:37:11.939+08:00", "pending": 0, "lag": 0, "done": 0, "failed": 0, "current": {}}
2025-06-17 22:49:42,151 INFO     39 task_executor_40812c71df4c_0 reported heartbeat: {"name": "task_executor_40812c71df4c_0", "now": "2025-06-17T22:49:42.148+08:00", "boot_at": "2025-06-17T22:37:11.939+08:00", "pending": 0, "lag": 0, "done": 0, "failed": 0, "current": {}}
2025-06-17 22:50:12,157 INFO     39 task_executor_40812c71df4c_0 reported heartbeat: {"name": "task_executor_40812c71df4c_0", "now": "2025-06-17T22:50:12.155+08:00", "boot_at": "2025-06-17T22:37:11.939+08:00", "pending": 0, "lag": 0, "done": 0, "failed": 0, "current": {}}
2025-06-17 22:50:42,163 INFO     39 task_executor_40812c71df4c_0 reported heartbeat: {"name": "task_executor_40812c71df4c_0", "now": "2025-06-17T22:50:42.160+08:00", "boot_at": "2025-06-17T22:37:11.939+08:00", "pending": 0, "lag": 0, "done": 0, "failed": 0, "current": {}}
2025-06-17 22:51:12,170 INFO     39 task_executor_40812c71df4c_0 reported heartbeat: {"name": "task_executor_40812c71df4c_0", "now": "2025-06-17T22:51:12.168+08:00", "boot_at": "2025-06-17T22:37:11.939+08:00", "pending": 0, "lag": 0, "done": 0, "failed": 0, "current": {}}
2025-06-17 22:51:42,203 INFO     39 task_executor_40812c71df4c_0 reported heartbeat: {"name": "task_executor_40812c71df4c_0", "now": "2025-06-17T22:51:42.201+08:00", "boot_at": "2025-06-17T22:37:11.939+08:00", "pending": 0, "lag": 0, "done": 0, "failed": 0, "current": {}}
2025-06-17 22:52:12,208 INFO     39 task_executor_40812c71df4c_0 reported heartbeat: {"name": "task_executor_40812c71df4c_0", "now": "2025-06-17T22:52:12.206+08:00", "boot_at": "2025-06-17T22:37:11.939+08:00", "pending": 0, "lag": 0, "done": 0, "failed": 0, "current": {}}
2025-06-17 22:52:42,219 INFO     39 task_executor_40812c71df4c_0 reported heartbeat: {"name": "task_executor_40812c71df4c_0", "now": "2025-06-17T22:52:42.218+08:00", "boot_at": "2025-06-17T22:37:11.939+08:00", "pending": 0, "lag": 0, "done": 0, "failed": 0, "current": {}}
2025-06-17 22:53:12,224 INFO     39 task_executor_40812c71df4c_0 reported heartbeat: {"name": "task_executor_40812c71df4c_0", "now": "2025-06-17T22:53:12.222+08:00", "boot_at": "2025-06-17T22:37:11.939+08:00", "pending": 0, "lag": 0, "done": 0, "failed": 0, "current": {}}
2025-06-17 22:53:42,228 INFO     39 task_executor_40812c71df4c_0 reported heartbeat: {"name": "task_executor_40812c71df4c_0", "now": "2025-06-17T22:53:42.226+08:00", "boot_at": "2025-06-17T22:37:11.939+08:00", "pending": 0, "lag": 0, "done": 0, "failed": 0, "current": {}}
2025-06-17 22:54:12,234 INFO     39 task_executor_40812c71df4c_0 reported heartbeat: {"name": "task_executor_40812c71df4c_0", "now": "2025-06-17T22:54:12.232+08:00", "boot_at": "2025-06-17T22:37:11.939+08:00", "pending": 0, "lag": 0, "done": 0, "failed": 0, "current": {}}
2025-06-17 22:54:42,242 INFO     39 task_executor_40812c71df4c_0 reported heartbeat: {"name": "task_executor_40812c71df4c_0", "now": "2025-06-17T22:54:42.240+08:00", "boot_at": "2025-06-17T22:37:11.939+08:00", "pending": 0, "lag": 0, "done": 0, "failed": 0, "current": {}}
2025-06-17 22:55:12,247 INFO     39 task_executor_40812c71df4c_0 reported heartbeat: {"name": "task_executor_40812c71df4c_0", "now": "2025-06-17T22:55:12.245+08:00", "boot_at": "2025-06-17T22:37:11.939+08:00", "pending": 0, "lag": 0, "done": 0, "failed": 0, "current": {}}
2025-06-17 22:55:42,252 INFO     39 task_executor_40812c71df4c_0 reported heartbeat: {"name": "task_executor_40812c71df4c_0", "now": "2025-06-17T22:55:42.250+08:00", "boot_at": "2025-06-17T22:37:11.939+08:00", "pending": 0, "lag": 0, "done": 0, "failed": 0, "current": {}}
2025-06-17 22:56:12,258 INFO     39 task_executor_40812c71df4c_0 reported heartbeat: {"name": "task_executor_40812c71df4c_0", "now": "2025-06-17T22:56:12.255+08:00", "boot_at": "2025-06-17T22:37:11.939+08:00", "pending": 0, "lag": 0, "done": 0, "failed": 0, "current": {}}
2025-06-17 22:56:42,262 INFO     39 task_executor_40812c71df4c_0 reported heartbeat: {"name": "task_executor_40812c71df4c_0", "now": "2025-06-17T22:56:42.261+08:00", "boot_at": "2025-06-17T22:37:11.939+08:00", "pending": 0, "lag": 0, "done": 0, "failed": 0, "current": {}}
2025-06-17 22:57:12,268 INFO     39 task_executor_40812c71df4c_0 reported heartbeat: {"name": "task_executor_40812c71df4c_0", "now": "2025-06-17T22:57:12.266+08:00", "boot_at": "2025-06-17T22:37:11.939+08:00", "pending": 0, "lag": 0, "done": 0, "failed": 0, "current": {}}
2025-06-17 22:57:42,273 INFO     39 task_executor_40812c71df4c_0 reported heartbeat: {"name": "task_executor_40812c71df4c_0", "now": "2025-06-17T22:57:42.271+08:00", "boot_at": "2025-06-17T22:37:11.939+08:00", "pending": 0, "lag": 0, "done": 0, "failed": 0, "current": {}}
2025-06-17 22:58:12,279 INFO     39 task_executor_40812c71df4c_0 reported heartbeat: {"name": "task_executor_40812c71df4c_0", "now": "2025-06-17T22:58:12.278+08:00", "boot_at": "2025-06-17T22:37:11.939+08:00", "pending": 0, "lag": 0, "done": 0, "failed": 0, "current": {}}
2025-06-17 22:58:42,284 INFO     39 task_executor_40812c71df4c_0 reported heartbeat: {"name": "task_executor_40812c71df4c_0", "now": "2025-06-17T22:58:42.281+08:00", "boot_at": "2025-06-17T22:37:11.939+08:00", "pending": 0, "lag": 0, "done": 0, "failed": 0, "current": {}}
2025-06-17 22:59:12,289 INFO     39 task_executor_40812c71df4c_0 reported heartbeat: {"name": "task_executor_40812c71df4c_0", "now": "2025-06-17T22:59:12.288+08:00", "boot_at": "2025-06-17T22:37:11.939+08:00", "pending": 0, "lag": 0, "done": 0, "failed": 0, "current": {}}
2025-06-17 22:59:42,295 INFO     39 task_executor_40812c71df4c_0 reported heartbeat: {"name": "task_executor_40812c71df4c_0", "now": "2025-06-17T22:59:42.293+08:00", "boot_at": "2025-06-17T22:37:11.939+08:00", "pending": 0, "lag": 0, "done": 0, "failed": 0, "current": {}}
2025-06-17 23:00:12,300 INFO     39 task_executor_40812c71df4c_0 reported heartbeat: {"name": "task_executor_40812c71df4c_0", "now": "2025-06-17T23:00:12.299+08:00", "boot_at": "2025-06-17T22:37:11.939+08:00", "pending": 0, "lag": 0, "done": 0, "failed": 0, "current": {}}
2025-06-17 23:00:42,305 INFO     39 task_executor_40812c71df4c_0 reported heartbeat: {"name": "task_executor_40812c71df4c_0", "now": "2025-06-17T23:00:42.303+08:00", "boot_at": "2025-06-17T22:37:11.939+08:00", "pending": 0, "lag": 0, "done": 0, "failed": 0, "current": {}}
2025-06-17 23:01:12,311 INFO     39 task_executor_40812c71df4c_0 reported heartbeat: {"name": "task_executor_40812c71df4c_0", "now": "2025-06-17T23:01:12.309+08:00", "boot_at": "2025-06-17T22:37:11.939+08:00", "pending": 0, "lag": 0, "done": 0, "failed": 0, "current": {}}
2025-06-17 23:01:42,316 INFO     39 task_executor_40812c71df4c_0 reported heartbeat: {"name": "task_executor_40812c71df4c_0", "now": "2025-06-17T23:01:42.314+08:00", "boot_at": "2025-06-17T22:37:11.939+08:00", "pending": 0, "lag": 0, "done": 0, "failed": 0, "current": {}}
2025-06-17 23:02:12,321 INFO     39 task_executor_40812c71df4c_0 reported heartbeat: {"name": "task_executor_40812c71df4c_0", "now": "2025-06-17T23:02:12.320+08:00", "boot_at": "2025-06-17T22:37:11.939+08:00", "pending": 0, "lag": 0, "done": 0, "failed": 0, "current": {}}
2025-06-17 23:02:42,327 INFO     39 task_executor_40812c71df4c_0 reported heartbeat: {"name": "task_executor_40812c71df4c_0", "now": "2025-06-17T23:02:42.325+08:00", "boot_at": "2025-06-17T22:37:11.939+08:00", "pending": 0, "lag": 0, "done": 0, "failed": 0, "current": {}}
2025-06-17 23:03:12,333 INFO     39 task_executor_40812c71df4c_0 reported heartbeat: {"name": "task_executor_40812c71df4c_0", "now": "2025-06-17T23:03:12.332+08:00", "boot_at": "2025-06-17T22:37:11.939+08:00", "pending": 0, "lag": 0, "done": 0, "failed": 0, "current": {}}
2025-06-17 23:03:42,338 INFO     39 task_executor_40812c71df4c_0 reported heartbeat: {"name": "task_executor_40812c71df4c_0", "now": "2025-06-17T23:03:42.336+08:00", "boot_at": "2025-06-17T22:37:11.939+08:00", "pending": 0, "lag": 0, "done": 0, "failed": 0, "current": {}}
2025-06-17 23:04:12,344 INFO     39 task_executor_40812c71df4c_0 reported heartbeat: {"name": "task_executor_40812c71df4c_0", "now": "2025-06-17T23:04:12.342+08:00", "boot_at": "2025-06-17T22:37:11.939+08:00", "pending": 0, "lag": 0, "done": 0, "failed": 0, "current": {}}
2025-06-17 23:04:42,349 INFO     39 task_executor_40812c71df4c_0 reported heartbeat: {"name": "task_executor_40812c71df4c_0", "now": "2025-06-17T23:04:42.347+08:00", "boot_at": "2025-06-17T22:37:11.939+08:00", "pending": 0, "lag": 0, "done": 0, "failed": 0, "current": {}}
2025-06-17 23:05:12,355 INFO     39 task_executor_40812c71df4c_0 reported heartbeat: {"name": "task_executor_40812c71df4c_0", "now": "2025-06-17T23:05:12.354+08:00", "boot_at": "2025-06-17T22:37:11.939+08:00", "pending": 0, "lag": 0, "done": 0, "failed": 0, "current": {}}
2025-06-17 23:05:42,360 INFO     39 task_executor_40812c71df4c_0 reported heartbeat: {"name": "task_executor_40812c71df4c_0", "now": "2025-06-17T23:05:42.358+08:00", "boot_at": "2025-06-17T22:37:11.939+08:00", "pending": 0, "lag": 0, "done": 0, "failed": 0, "current": {}}
2025-06-17 23:06:12,366 INFO     39 task_executor_40812c71df4c_0 reported heartbeat: {"name": "task_executor_40812c71df4c_0", "now": "2025-06-17T23:06:12.364+08:00", "boot_at": "2025-06-17T22:37:11.939+08:00", "pending": 0, "lag": 0, "done": 0, "failed": 0, "current": {}}
2025-06-17 23:06:42,371 INFO     39 task_executor_40812c71df4c_0 reported heartbeat: {"name": "task_executor_40812c71df4c_0", "now": "2025-06-17T23:06:42.369+08:00", "boot_at": "2025-06-17T22:37:11.939+08:00", "pending": 0, "lag": 0, "done": 0, "failed": 0, "current": {}}
2025-06-17 23:07:12,391 INFO     39 task_executor_40812c71df4c_0 reported heartbeat: {"name": "task_executor_40812c71df4c_0", "now": "2025-06-17T23:07:12.390+08:00", "boot_at": "2025-06-17T22:37:11.939+08:00", "pending": 0, "lag": 0, "done": 0, "failed": 0, "current": {}}
2025-06-17 23:07:42,396 INFO     39 task_executor_40812c71df4c_0 reported heartbeat: {"name": "task_executor_40812c71df4c_0", "now": "2025-06-17T23:07:42.395+08:00", "boot_at": "2025-06-17T22:37:11.939+08:00", "pending": 0, "lag": 0, "done": 0, "failed": 0, "current": {}}
2025-06-17 23:08:12,400 INFO     39 task_executor_40812c71df4c_0 reported heartbeat: {"name": "task_executor_40812c71df4c_0", "now": "2025-06-17T23:08:12.398+08:00", "boot_at": "2025-06-17T22:37:11.939+08:00", "pending": 0, "lag": 0, "done": 0, "failed": 0, "current": {}}
2025-06-17 23:08:42,405 INFO     39 task_executor_40812c71df4c_0 reported heartbeat: {"name": "task_executor_40812c71df4c_0", "now": "2025-06-17T23:08:42.404+08:00", "boot_at": "2025-06-17T22:37:11.939+08:00", "pending": 0, "lag": 0, "done": 0, "failed": 0, "current": {}}
2025-06-17 23:09:12,698 INFO     39 task_executor_40812c71df4c_0 reported heartbeat: {"name": "task_executor_40812c71df4c_0", "now": "2025-06-17T23:09:12.697+08:00", "boot_at": "2025-06-17T22:37:11.939+08:00", "pending": 0, "lag": 0, "done": 0, "failed": 0, "current": {}}
2025-06-17 23:09:42,704 INFO     39 task_executor_40812c71df4c_0 reported heartbeat: {"name": "task_executor_40812c71df4c_0", "now": "2025-06-17T23:09:42.701+08:00", "boot_at": "2025-06-17T22:37:11.939+08:00", "pending": 0, "lag": 0, "done": 0, "failed": 0, "current": {}}
2025-06-17 23:10:12,709 INFO     39 task_executor_40812c71df4c_0 reported heartbeat: {"name": "task_executor_40812c71df4c_0", "now": "2025-06-17T23:10:12.707+08:00", "boot_at": "2025-06-17T22:37:11.939+08:00", "pending": 0, "lag": 0, "done": 0, "failed": 0, "current": {}}
2025-06-17 23:10:42,714 WARNING  39 RedisDB.queue_info rag_flow_svr_queue got exception: Error 111 connecting to redis:6379. Connection refused.
2025-06-17 23:10:42,715 WARNING  39 RedisDB.zadd task_executor_40812c71df4c_0 got exception: Error 111 connecting to redis:6379. Connection refused.
2025-06-17 23:10:42,716 INFO     39 task_executor_40812c71df4c_0 reported heartbeat: {"name": "task_executor_40812c71df4c_0", "now": "2025-06-17T23:10:42.712+08:00", "boot_at": "2025-06-17T22:37:11.939+08:00", "pending": 0, "lag": 0, "done": 0, "failed": 0, "current": {}}
2025-06-17 23:10:42,717 WARNING  39 RedisDB.zcount task_executor_40812c71df4c_0 got exception: Error 111 connecting to redis:6379. Connection refused.
2025-06-17 23:10:42,720 ERROR    39 report_status got exception
Traceback (most recent call last):
  File "/ragflow/.venv/lib/python3.10/site-packages/valkey/connection.py", line 302, in connect
    sock = self.retry.call_with_retry(
  File "/ragflow/.venv/lib/python3.10/site-packages/valkey/retry.py", line 62, in call_with_retry
    return do()
  File "/ragflow/.venv/lib/python3.10/site-packages/valkey/connection.py", line 303, in <lambda>
    lambda: self._connect(), lambda error: self.disconnect(error)
  File "/ragflow/.venv/lib/python3.10/site-packages/valkey/connection.py", line 728, in _connect
    raise err
  File "/ragflow/.venv/lib/python3.10/site-packages/valkey/connection.py", line 716, in _connect
    sock.connect(socket_address)
ConnectionRefusedError: [Errno 111] Connection refused

During handling of the above exception, another exception occurred:

Traceback (most recent call last):
  File "/ragflow/rag/svr/task_executor.py", line 670, in report_status
    if redis_lock.acquire():
  File "/ragflow/rag/utils/redis_conn.py", line 350, in acquire
    REDIS_CONN.delete_if_equal(self.lock_key, self.lock_value)
  File "/ragflow/rag/utils/redis_conn.py", line 324, in delete_if_equal
    return bool(self.lua_delete_if_equal(keys=[key], args=[expected_value], client=self.REDIS))
  File "/ragflow/.venv/lib/python3.10/site-packages/valkey/commands/core.py", line 6356, in __call__
    return client.evalsha(self.sha, len(keys), *args)
  File "/ragflow/.venv/lib/python3.10/site-packages/valkey/commands/core.py", line 5730, in evalsha
    return self._evalsha("EVALSHA", sha, numkeys, *keys_and_args)
  File "/ragflow/.venv/lib/python3.10/site-packages/valkey/commands/core.py", line 5714, in _evalsha
    return self.execute_command(command, sha, numkeys, *keys_and_args)
  File "/ragflow/.venv/lib/python3.10/site-packages/valkey/client.py", line 564, in execute_command
    conn = self.connection or pool.get_connection(command_name, **options)
  File "/ragflow/.venv/lib/python3.10/site-packages/valkey/connection.py", line 1107, in get_connection
    connection.connect()
  File "/ragflow/.venv/lib/python3.10/site-packages/valkey/connection.py", line 308, in connect
    raise ConnectionError(self._error_message(e))
valkey.exceptions.ConnectionError: Error 111 connecting to redis:6379. Connection refused.
