2025-06-17 23:29:59,089 INFO     53 task_executor_404288355bd7_0 log path: /ragflow/logs/task_executor_404288355bd7_0.log, log levels: {'peewee': 'WARNING', 'pdfminer': 'WARNING', 'root': 'INFO'}
2025-06-17 23:29:59,090 INFO     53 
  ______           __      ______                     __
 /_  __/___ ______/ /__   / ____/  _____  _______  __/ /_____  _____
  / / / __ `/ ___/ //_/  / __/ | |/_/ _ \/ ___/ / / / __/ __ \/ ___/
 / / / /_/ (__  ) ,<    / /____>  </  __/ /__/ /_/ / /_/ /_/ / /
/_/  \__,_/____/_/|_|  /_____/_/|_|\___/\___/\__,_/\__/\____/_/
    
2025-06-17 23:29:59,090 INFO     53 TaskExecutor: RAGFlow version: v0.19.0 slim
2025-06-17 23:29:59,091 INFO     53 Use Elasticsearch http://es01:9200 as the doc engine.
2025-06-17 23:29:59,097 INFO     53 GET http://es01:9200/ [status:N/A duration:0.005s]
2025-06-17 23:29:59,098 WARNING  53 Node <Urllib3HttpNode(http://es01:9200)> has failed for 1 times in a row, putting on 1 second timeout
2025-06-17 23:29:59,098 WARNING  53 Retrying request after failure (attempt 0 of 3)
Traceback (most recent call last):
  File "/ragflow/.venv/lib/python3.10/site-packages/elastic_transport/_transport.py", line 328, in perform_request
    meta, raw_data = node.perform_request(
  File "/ragflow/.venv/lib/python3.10/site-packages/elastic_transport/_node/_http_urllib3.py", line 202, in perform_request
    raise err from None
elastic_transport.ConnectionError: Connection error caused by: NameResolutionError(<urllib3.connection.HTTPConnection object at 0x7feb4f93f9d0>: Failed to resolve 'es01' ([Errno -3] Temporary failure in name resolution))
2025-06-17 23:29:59,105 INFO     53 GET http://es01:9200/ [status:N/A duration:0.004s]
2025-06-17 23:29:59,105 WARNING  53 Node <Urllib3HttpNode(http://es01:9200)> has failed for 2 times in a row, putting on 2 second timeout
2025-06-17 23:29:59,106 WARNING  53 Retrying request after failure (attempt 1 of 3)
Traceback (most recent call last):
  File "/ragflow/.venv/lib/python3.10/site-packages/elastic_transport/_transport.py", line 328, in perform_request
    meta, raw_data = node.perform_request(
  File "/ragflow/.venv/lib/python3.10/site-packages/elastic_transport/_node/_http_urllib3.py", line 202, in perform_request
    raise err from None
elastic_transport.ConnectionError: Connection error caused by: NameResolutionError(<urllib3.connection.HTTPConnection object at 0x7feb4f93fa90>: Failed to resolve 'es01' ([Errno -3] Temporary failure in name resolution))
2025-06-17 23:29:59,109 INFO     53 GET http://es01:9200/ [status:N/A duration:0.002s]
2025-06-17 23:29:59,109 WARNING  53 Node <Urllib3HttpNode(http://es01:9200)> has failed for 3 times in a row, putting on 4 second timeout
2025-06-17 23:29:59,109 WARNING  53 Retrying request after failure (attempt 2 of 3)
Traceback (most recent call last):
  File "/ragflow/.venv/lib/python3.10/site-packages/elastic_transport/_transport.py", line 328, in perform_request
    meta, raw_data = node.perform_request(
  File "/ragflow/.venv/lib/python3.10/site-packages/elastic_transport/_node/_http_urllib3.py", line 202, in perform_request
    raise err from None
elastic_transport.ConnectionError: Connection error caused by: NameResolutionError(<urllib3.connection.HTTPConnection object at 0x7feb4f93ed70>: Failed to resolve 'es01' ([Errno -3] Temporary failure in name resolution))
2025-06-17 23:29:59,112 INFO     53 GET http://es01:9200/ [status:N/A duration:0.002s]
2025-06-17 23:29:59,112 WARNING  53 Node <Urllib3HttpNode(http://es01:9200)> has failed for 4 times in a row, putting on 8 second timeout
2025-06-17 23:29:59,113 WARNING  53 Connection error caused by: ConnectionError(Connection error caused by: NameResolutionError(<urllib3.connection.HTTPConnection object at 0x7feb4f93f9d0>: Failed to resolve 'es01' ([Errno -3] Temporary failure in name resolution))). Waiting Elasticsearch http://es01:9200 to be healthy.
2025-06-17 23:30:04,125 INFO     53 GET http://es01:9200/ [status:N/A duration:0.005s]
2025-06-17 23:30:04,125 WARNING  53 Node <Urllib3HttpNode(http://es01:9200)> has failed for 1 times in a row, putting on 1 second timeout
2025-06-17 23:30:04,129 WARNING  53 Retrying request after failure (attempt 0 of 3)
Traceback (most recent call last):
  File "/ragflow/.venv/lib/python3.10/site-packages/elastic_transport/_transport.py", line 328, in perform_request
    meta, raw_data = node.perform_request(
  File "/ragflow/.venv/lib/python3.10/site-packages/elastic_transport/_node/_http_urllib3.py", line 202, in perform_request
    raise err from None
elastic_transport.ConnectionError: Connection error caused by: NameResolutionError(<urllib3.connection.HTTPConnection object at 0x7feb51d844f0>: Failed to resolve 'es01' ([Errno -3] Temporary failure in name resolution))
2025-06-17 23:30:04,132 INFO     53 GET http://es01:9200/ [status:N/A duration:0.003s]
2025-06-17 23:30:04,132 WARNING  53 Node <Urllib3HttpNode(http://es01:9200)> has failed for 2 times in a row, putting on 2 second timeout
2025-06-17 23:30:04,132 WARNING  53 Retrying request after failure (attempt 1 of 3)
Traceback (most recent call last):
  File "/ragflow/.venv/lib/python3.10/site-packages/elastic_transport/_transport.py", line 328, in perform_request
    meta, raw_data = node.perform_request(
  File "/ragflow/.venv/lib/python3.10/site-packages/elastic_transport/_node/_http_urllib3.py", line 202, in perform_request
    raise err from None
elastic_transport.ConnectionError: Connection error caused by: NameResolutionError(<urllib3.connection.HTTPConnection object at 0x7feb51d86200>: Failed to resolve 'es01' ([Errno -3] Temporary failure in name resolution))
2025-06-17 23:30:04,135 INFO     53 GET http://es01:9200/ [status:N/A duration:0.002s]
2025-06-17 23:30:04,135 WARNING  53 Node <Urllib3HttpNode(http://es01:9200)> has failed for 3 times in a row, putting on 4 second timeout
2025-06-17 23:30:04,136 WARNING  53 Retrying request after failure (attempt 2 of 3)
Traceback (most recent call last):
  File "/ragflow/.venv/lib/python3.10/site-packages/elastic_transport/_transport.py", line 328, in perform_request
    meta, raw_data = node.perform_request(
  File "/ragflow/.venv/lib/python3.10/site-packages/elastic_transport/_node/_http_urllib3.py", line 202, in perform_request
    raise err from None
elastic_transport.ConnectionError: Connection error caused by: NameResolutionError(<urllib3.connection.HTTPConnection object at 0x7feb51d85a50>: Failed to resolve 'es01' ([Errno -3] Temporary failure in name resolution))
2025-06-17 23:30:04,138 INFO     53 GET http://es01:9200/ [status:N/A duration:0.002s]
2025-06-17 23:30:04,139 WARNING  53 Node <Urllib3HttpNode(http://es01:9200)> has failed for 4 times in a row, putting on 8 second timeout
2025-06-17 23:30:04,139 WARNING  53 Connection error caused by: ConnectionError(Connection error caused by: NameResolutionError(<urllib3.connection.HTTPConnection object at 0x7feb51d844f0>: Failed to resolve 'es01' ([Errno -3] Temporary failure in name resolution))). Waiting Elasticsearch http://es01:9200 to be healthy.
2025-06-17 23:30:09,144 INFO     53 Resurrected node <Urllib3HttpNode(http://es01:9200)> (force=False)
2025-06-17 23:30:09,149 INFO     53 HEAD http://es01:9200/ [status:N/A duration:0.004s]
2025-06-17 23:30:09,150 WARNING  53 Node <Urllib3HttpNode(http://es01:9200)> has failed for 5 times in a row, putting on 16 second timeout
2025-06-17 23:30:09,150 WARNING  53 Retrying request after failure (attempt 0 of 3)
Traceback (most recent call last):
  File "/ragflow/.venv/lib/python3.10/site-packages/elastic_transport/_transport.py", line 328, in perform_request
    meta, raw_data = node.perform_request(
  File "/ragflow/.venv/lib/python3.10/site-packages/elastic_transport/_node/_http_urllib3.py", line 202, in perform_request
    raise err from None
elastic_transport.ConnectionError: Connection error caused by: NameResolutionError(<urllib3.connection.HTTPConnection object at 0x7feb51d85b70>: Failed to resolve 'es01' ([Errno -3] Temporary failure in name resolution))
2025-06-17 23:30:09,150 INFO     53 Resurrected node <Urllib3HttpNode(http://es01:9200)> (force=False)
2025-06-17 23:30:09,153 INFO     53 HEAD http://es01:9200/ [status:N/A duration:0.002s]
2025-06-17 23:30:09,153 WARNING  53 Node <Urllib3HttpNode(http://es01:9200)> has failed for 6 times in a row, putting on 30 second timeout
2025-06-17 23:30:09,153 WARNING  53 Retrying request after failure (attempt 1 of 3)
Traceback (most recent call last):
  File "/ragflow/.venv/lib/python3.10/site-packages/elastic_transport/_transport.py", line 328, in perform_request
    meta, raw_data = node.perform_request(
  File "/ragflow/.venv/lib/python3.10/site-packages/elastic_transport/_node/_http_urllib3.py", line 202, in perform_request
    raise err from None
elastic_transport.ConnectionError: Connection error caused by: NameResolutionError(<urllib3.connection.HTTPConnection object at 0x7feb51d86f80>: Failed to resolve 'es01' ([Errno -3] Temporary failure in name resolution))
2025-06-17 23:30:09,154 INFO     53 Resurrected node <Urllib3HttpNode(http://es01:9200)> (force=False)
2025-06-17 23:30:09,157 INFO     53 HEAD http://es01:9200/ [status:N/A duration:0.003s]
2025-06-17 23:30:09,157 WARNING  53 Node <Urllib3HttpNode(http://es01:9200)> has failed for 7 times in a row, putting on 30 second timeout
2025-06-17 23:30:09,157 WARNING  53 Retrying request after failure (attempt 2 of 3)
Traceback (most recent call last):
  File "/ragflow/.venv/lib/python3.10/site-packages/elastic_transport/_transport.py", line 328, in perform_request
    meta, raw_data = node.perform_request(
  File "/ragflow/.venv/lib/python3.10/site-packages/elastic_transport/_node/_http_urllib3.py", line 202, in perform_request
    raise err from None
elastic_transport.ConnectionError: Connection error caused by: NameResolutionError(<urllib3.connection.HTTPConnection object at 0x7feb51d864d0>: Failed to resolve 'es01' ([Errno -3] Temporary failure in name resolution))
2025-06-17 23:30:09,160 INFO     53 HEAD http://es01:9200/ [status:N/A duration:0.002s]
2025-06-17 23:30:09,160 WARNING  53 Node <Urllib3HttpNode(http://es01:9200)> has failed for 8 times in a row, putting on 30 second timeout
2025-06-17 23:30:09,160 ERROR    53 Elasticsearch http://es01:9200 is unhealthy in 120s.
