2025-06-19 12:42:04,700 INFO     35 task_executor_00de72568d0f_0 log path: /ragflow/logs/task_executor_00de72568d0f_0.log, log levels: {'peewee': 'WARNING', 'pdfminer': 'WARNING', 'root': 'INFO'}
2025-06-19 12:42:04,701 INFO     35 
  ______           __      ______                     __
 /_  __/___ ______/ /__   / ____/  _____  _______  __/ /_____  _____
  / / / __ `/ ___/ //_/  / __/ | |/_/ _ \/ ___/ / / / __/ __ \/ ___/
 / / / /_/ (__  ) ,<    / /____>  </  __/ /__/ /_/ / /_/ /_/ / /
/_/  \__,_/____/_/|_|  /_____/_/|_|\___/\___/\__,_/\__/\____/_/
    
2025-06-19 12:42:04,701 INFO     35 TaskExecutor: RAGFlow version: v0.19.0 slim
2025-06-19 12:42:04,701 INFO     35 Use Elasticsearch http://es01:9200 as the doc engine.
2025-06-19 12:42:05,033 INFO     35 GET http://es01:9200/ [status:200 duration:0.330s]
2025-06-19 12:42:05,040 INFO     35 HEAD http://es01:9200/ [status:200 duration:0.006s]
2025-06-19 12:42:05,041 INFO     35 Elasticsearch http://es01:9200 is healthy.
2025-06-19 12:42:05,052 WARNING  35 Load term.freq FAIL!
2025-06-19 12:42:05,061 WARNING  35 Realtime synonym is disabled, since no redis connection.
2025-06-19 12:42:05,071 WARNING  35 Load term.freq FAIL!
2025-06-19 12:42:05,079 WARNING  35 Realtime synonym is disabled, since no redis connection.
2025-06-19 12:42:05,079 INFO     35 MAX_CONTENT_LENGTH: 134217728
2025-06-19 12:42:05,079 INFO     35 MAX_FILE_COUNT_PER_USER: 0
2025-06-19 12:42:05,087 INFO     35 task_executor_00de72568d0f_0 reported heartbeat: {"name": "task_executor_00de72568d0f_0", "now": "2025-06-19T12:42:05.085+08:00", "boot_at": "2025-06-19T12:42:04.699+08:00", "pending": 0, "lag": 0, "done": 0, "failed": 0, "current": {}}
2025-06-19 12:42:05,089 INFO     35 task_executor_3dc806e58009_0 expired, removed
2025-06-19 12:42:05,090 WARNING  35 RedisDB.get_unacked_iterator queue rag_flow_svr_queue_1 doesn't exist
2025-06-19 12:42:35,093 INFO     35 task_executor_00de72568d0f_0 reported heartbeat: {"name": "task_executor_00de72568d0f_0", "now": "2025-06-19T12:42:35.091+08:00", "boot_at": "2025-06-19T12:42:04.699+08:00", "pending": 0, "lag": 0, "done": 0, "failed": 0, "current": {}}
2025-06-19 12:43:05,096 INFO     35 task_executor_00de72568d0f_0 reported heartbeat: {"name": "task_executor_00de72568d0f_0", "now": "2025-06-19T12:43:05.095+08:00", "boot_at": "2025-06-19T12:42:04.699+08:00", "pending": 0, "lag": 0, "done": 0, "failed": 0, "current": {}}
2025-06-19 12:43:35,100 INFO     35 task_executor_00de72568d0f_0 reported heartbeat: {"name": "task_executor_00de72568d0f_0", "now": "2025-06-19T12:43:35.098+08:00", "boot_at": "2025-06-19T12:42:04.699+08:00", "pending": 0, "lag": 0, "done": 0, "failed": 0, "current": {}}
2025-06-19 12:44:05,105 INFO     35 task_executor_00de72568d0f_0 reported heartbeat: {"name": "task_executor_00de72568d0f_0", "now": "2025-06-19T12:44:05.103+08:00", "boot_at": "2025-06-19T12:42:04.699+08:00", "pending": 0, "lag": 0, "done": 0, "failed": 0, "current": {}}
2025-06-19 12:44:35,112 INFO     35 task_executor_00de72568d0f_0 reported heartbeat: {"name": "task_executor_00de72568d0f_0", "now": "2025-06-19T12:44:35.110+08:00", "boot_at": "2025-06-19T12:42:04.699+08:00", "pending": 0, "lag": 0, "done": 0, "failed": 0, "current": {}}
2025-06-19 12:45:05,117 INFO     35 task_executor_00de72568d0f_0 reported heartbeat: {"name": "task_executor_00de72568d0f_0", "now": "2025-06-19T12:45:05.115+08:00", "boot_at": "2025-06-19T12:42:04.699+08:00", "pending": 0, "lag": 0, "done": 0, "failed": 0, "current": {}}
2025-06-19 12:45:35,122 INFO     35 task_executor_00de72568d0f_0 reported heartbeat: {"name": "task_executor_00de72568d0f_0", "now": "2025-06-19T12:45:35.121+08:00", "boot_at": "2025-06-19T12:42:04.699+08:00", "pending": 0, "lag": 0, "done": 0, "failed": 0, "current": {}}
2025-06-19 12:46:05,127 INFO     35 task_executor_00de72568d0f_0 reported heartbeat: {"name": "task_executor_00de72568d0f_0", "now": "2025-06-19T12:46:05.125+08:00", "boot_at": "2025-06-19T12:42:04.699+08:00", "pending": 0, "lag": 0, "done": 0, "failed": 0, "current": {}}
2025-06-19 12:46:35,133 INFO     35 task_executor_00de72568d0f_0 reported heartbeat: {"name": "task_executor_00de72568d0f_0", "now": "2025-06-19T12:46:35.131+08:00", "boot_at": "2025-06-19T12:42:04.699+08:00", "pending": 0, "lag": 0, "done": 0, "failed": 0, "current": {}}
2025-06-19 12:47:05,137 INFO     35 task_executor_00de72568d0f_0 reported heartbeat: {"name": "task_executor_00de72568d0f_0", "now": "2025-06-19T12:47:05.135+08:00", "boot_at": "2025-06-19T12:42:04.699+08:00", "pending": 0, "lag": 0, "done": 0, "failed": 0, "current": {}}
2025-06-19 12:47:35,142 INFO     35 task_executor_00de72568d0f_0 reported heartbeat: {"name": "task_executor_00de72568d0f_0", "now": "2025-06-19T12:47:35.140+08:00", "boot_at": "2025-06-19T12:42:04.699+08:00", "pending": 0, "lag": 0, "done": 0, "failed": 0, "current": {}}
2025-06-19 12:48:05,147 INFO     35 task_executor_00de72568d0f_0 reported heartbeat: {"name": "task_executor_00de72568d0f_0", "now": "2025-06-19T12:48:05.145+08:00", "boot_at": "2025-06-19T12:42:04.699+08:00", "pending": 0, "lag": 0, "done": 0, "failed": 0, "current": {}}
2025-06-19 12:48:35,152 INFO     35 task_executor_00de72568d0f_0 reported heartbeat: {"name": "task_executor_00de72568d0f_0", "now": "2025-06-19T12:48:35.150+08:00", "boot_at": "2025-06-19T12:42:04.699+08:00", "pending": 0, "lag": 0, "done": 0, "failed": 0, "current": {}}
2025-06-19 12:49:05,157 INFO     35 task_executor_00de72568d0f_0 reported heartbeat: {"name": "task_executor_00de72568d0f_0", "now": "2025-06-19T12:49:05.155+08:00", "boot_at": "2025-06-19T12:42:04.699+08:00", "pending": 0, "lag": 0, "done": 0, "failed": 0, "current": {}}
2025-06-19 12:49:35,162 INFO     35 task_executor_00de72568d0f_0 reported heartbeat: {"name": "task_executor_00de72568d0f_0", "now": "2025-06-19T12:49:35.161+08:00", "boot_at": "2025-06-19T12:42:04.699+08:00", "pending": 0, "lag": 0, "done": 0, "failed": 0, "current": {}}
2025-06-19 12:50:05,167 INFO     35 task_executor_00de72568d0f_0 reported heartbeat: {"name": "task_executor_00de72568d0f_0", "now": "2025-06-19T12:50:05.165+08:00", "boot_at": "2025-06-19T12:42:04.699+08:00", "pending": 0, "lag": 0, "done": 0, "failed": 0, "current": {}}
2025-06-19 12:50:35,172 INFO     35 task_executor_00de72568d0f_0 reported heartbeat: {"name": "task_executor_00de72568d0f_0", "now": "2025-06-19T12:50:35.170+08:00", "boot_at": "2025-06-19T12:42:04.699+08:00", "pending": 0, "lag": 0, "done": 0, "failed": 0, "current": {}}
2025-06-19 12:51:05,176 INFO     35 task_executor_00de72568d0f_0 reported heartbeat: {"name": "task_executor_00de72568d0f_0", "now": "2025-06-19T12:51:05.174+08:00", "boot_at": "2025-06-19T12:42:04.699+08:00", "pending": 0, "lag": 0, "done": 0, "failed": 0, "current": {}}
2025-06-19 12:51:35,181 INFO     35 task_executor_00de72568d0f_0 reported heartbeat: {"name": "task_executor_00de72568d0f_0", "now": "2025-06-19T12:51:35.180+08:00", "boot_at": "2025-06-19T12:42:04.699+08:00", "pending": 0, "lag": 0, "done": 0, "failed": 0, "current": {}}
2025-06-19 12:52:05,186 INFO     35 task_executor_00de72568d0f_0 reported heartbeat: {"name": "task_executor_00de72568d0f_0", "now": "2025-06-19T12:52:05.184+08:00", "boot_at": "2025-06-19T12:42:04.699+08:00", "pending": 0, "lag": 0, "done": 0, "failed": 0, "current": {}}
2025-06-19 12:52:35,191 INFO     35 task_executor_00de72568d0f_0 reported heartbeat: {"name": "task_executor_00de72568d0f_0", "now": "2025-06-19T12:52:35.189+08:00", "boot_at": "2025-06-19T12:42:04.699+08:00", "pending": 0, "lag": 0, "done": 0, "failed": 0, "current": {}}
2025-06-19 12:53:05,196 INFO     35 task_executor_00de72568d0f_0 reported heartbeat: {"name": "task_executor_00de72568d0f_0", "now": "2025-06-19T12:53:05.194+08:00", "boot_at": "2025-06-19T12:42:04.699+08:00", "pending": 0, "lag": 0, "done": 0, "failed": 0, "current": {}}
2025-06-19 12:53:35,201 INFO     35 task_executor_00de72568d0f_0 reported heartbeat: {"name": "task_executor_00de72568d0f_0", "now": "2025-06-19T12:53:35.199+08:00", "boot_at": "2025-06-19T12:42:04.699+08:00", "pending": 0, "lag": 0, "done": 0, "failed": 0, "current": {}}
2025-06-19 12:54:05,206 INFO     35 task_executor_00de72568d0f_0 reported heartbeat: {"name": "task_executor_00de72568d0f_0", "now": "2025-06-19T12:54:05.204+08:00", "boot_at": "2025-06-19T12:42:04.699+08:00", "pending": 0, "lag": 0, "done": 0, "failed": 0, "current": {}}
2025-06-19 12:54:35,211 INFO     35 task_executor_00de72568d0f_0 reported heartbeat: {"name": "task_executor_00de72568d0f_0", "now": "2025-06-19T12:54:35.209+08:00", "boot_at": "2025-06-19T12:42:04.699+08:00", "pending": 0, "lag": 0, "done": 0, "failed": 0, "current": {}}
2025-06-19 12:55:05,216 INFO     35 task_executor_00de72568d0f_0 reported heartbeat: {"name": "task_executor_00de72568d0f_0", "now": "2025-06-19T12:55:05.214+08:00", "boot_at": "2025-06-19T12:42:04.699+08:00", "pending": 0, "lag": 0, "done": 0, "failed": 0, "current": {}}
2025-06-19 12:55:35,220 INFO     35 task_executor_00de72568d0f_0 reported heartbeat: {"name": "task_executor_00de72568d0f_0", "now": "2025-06-19T12:55:35.218+08:00", "boot_at": "2025-06-19T12:42:04.699+08:00", "pending": 0, "lag": 0, "done": 0, "failed": 0, "current": {}}
2025-06-19 12:56:05,225 INFO     35 task_executor_00de72568d0f_0 reported heartbeat: {"name": "task_executor_00de72568d0f_0", "now": "2025-06-19T12:56:05.223+08:00", "boot_at": "2025-06-19T12:42:04.699+08:00", "pending": 0, "lag": 0, "done": 0, "failed": 0, "current": {}}
2025-06-19 12:56:35,230 INFO     35 task_executor_00de72568d0f_0 reported heartbeat: {"name": "task_executor_00de72568d0f_0", "now": "2025-06-19T12:56:35.228+08:00", "boot_at": "2025-06-19T12:42:04.699+08:00", "pending": 0, "lag": 0, "done": 0, "failed": 0, "current": {}}
2025-06-19 12:57:05,235 INFO     35 task_executor_00de72568d0f_0 reported heartbeat: {"name": "task_executor_00de72568d0f_0", "now": "2025-06-19T12:57:05.233+08:00", "boot_at": "2025-06-19T12:42:04.699+08:00", "pending": 0, "lag": 0, "done": 0, "failed": 0, "current": {}}
2025-06-19 12:57:35,240 INFO     35 task_executor_00de72568d0f_0 reported heartbeat: {"name": "task_executor_00de72568d0f_0", "now": "2025-06-19T12:57:35.238+08:00", "boot_at": "2025-06-19T12:42:04.699+08:00", "pending": 0, "lag": 0, "done": 0, "failed": 0, "current": {}}
2025-06-19 12:58:05,244 INFO     35 task_executor_00de72568d0f_0 reported heartbeat: {"name": "task_executor_00de72568d0f_0", "now": "2025-06-19T12:58:05.243+08:00", "boot_at": "2025-06-19T12:42:04.699+08:00", "pending": 0, "lag": 0, "done": 0, "failed": 0, "current": {}}
2025-06-19 12:58:35,248 INFO     35 task_executor_00de72568d0f_0 reported heartbeat: {"name": "task_executor_00de72568d0f_0", "now": "2025-06-19T12:58:35.246+08:00", "boot_at": "2025-06-19T12:42:04.699+08:00", "pending": 0, "lag": 0, "done": 0, "failed": 0, "current": {}}
2025-06-19 12:59:05,251 INFO     35 task_executor_00de72568d0f_0 reported heartbeat: {"name": "task_executor_00de72568d0f_0", "now": "2025-06-19T12:59:05.250+08:00", "boot_at": "2025-06-19T12:42:04.699+08:00", "pending": 0, "lag": 0, "done": 0, "failed": 0, "current": {}}
2025-06-19 12:59:35,255 INFO     35 task_executor_00de72568d0f_0 reported heartbeat: {"name": "task_executor_00de72568d0f_0", "now": "2025-06-19T12:59:35.254+08:00", "boot_at": "2025-06-19T12:42:04.699+08:00", "pending": 0, "lag": 0, "done": 0, "failed": 0, "current": {}}
2025-06-19 13:00:05,258 INFO     35 task_executor_00de72568d0f_0 reported heartbeat: {"name": "task_executor_00de72568d0f_0", "now": "2025-06-19T13:00:05.257+08:00", "boot_at": "2025-06-19T12:42:04.699+08:00", "pending": 0, "lag": 0, "done": 0, "failed": 0, "current": {}}
2025-06-19 13:00:35,261 INFO     35 task_executor_00de72568d0f_0 reported heartbeat: {"name": "task_executor_00de72568d0f_0", "now": "2025-06-19T13:00:35.259+08:00", "boot_at": "2025-06-19T12:42:04.699+08:00", "pending": 0, "lag": 0, "done": 0, "failed": 0, "current": {}}
2025-06-19 13:01:05,264 INFO     35 task_executor_00de72568d0f_0 reported heartbeat: {"name": "task_executor_00de72568d0f_0", "now": "2025-06-19T13:01:05.263+08:00", "boot_at": "2025-06-19T12:42:04.699+08:00", "pending": 0, "lag": 0, "done": 0, "failed": 0, "current": {}}
2025-06-19 13:01:35,267 INFO     35 task_executor_00de72568d0f_0 reported heartbeat: {"name": "task_executor_00de72568d0f_0", "now": "2025-06-19T13:01:35.266+08:00", "boot_at": "2025-06-19T12:42:04.699+08:00", "pending": 0, "lag": 0, "done": 0, "failed": 0, "current": {}}
2025-06-19 13:02:05,270 INFO     35 task_executor_00de72568d0f_0 reported heartbeat: {"name": "task_executor_00de72568d0f_0", "now": "2025-06-19T13:02:05.269+08:00", "boot_at": "2025-06-19T12:42:04.699+08:00", "pending": 0, "lag": 0, "done": 0, "failed": 0, "current": {}}
2025-06-19 13:02:35,273 INFO     35 task_executor_00de72568d0f_0 reported heartbeat: {"name": "task_executor_00de72568d0f_0", "now": "2025-06-19T13:02:35.272+08:00", "boot_at": "2025-06-19T12:42:04.699+08:00", "pending": 0, "lag": 0, "done": 0, "failed": 0, "current": {}}
2025-06-19 13:03:05,276 INFO     35 task_executor_00de72568d0f_0 reported heartbeat: {"name": "task_executor_00de72568d0f_0", "now": "2025-06-19T13:03:05.275+08:00", "boot_at": "2025-06-19T12:42:04.699+08:00", "pending": 0, "lag": 0, "done": 0, "failed": 0, "current": {}}
2025-06-19 13:03:35,280 INFO     35 task_executor_00de72568d0f_0 reported heartbeat: {"name": "task_executor_00de72568d0f_0", "now": "2025-06-19T13:03:35.278+08:00", "boot_at": "2025-06-19T12:42:04.699+08:00", "pending": 0, "lag": 0, "done": 0, "failed": 0, "current": {}}
2025-06-19 13:04:05,284 INFO     35 task_executor_00de72568d0f_0 reported heartbeat: {"name": "task_executor_00de72568d0f_0", "now": "2025-06-19T13:04:05.283+08:00", "boot_at": "2025-06-19T12:42:04.699+08:00", "pending": 0, "lag": 0, "done": 0, "failed": 0, "current": {}}
2025-06-19 13:04:35,287 INFO     35 task_executor_00de72568d0f_0 reported heartbeat: {"name": "task_executor_00de72568d0f_0", "now": "2025-06-19T13:04:35.286+08:00", "boot_at": "2025-06-19T12:42:04.699+08:00", "pending": 0, "lag": 0, "done": 0, "failed": 0, "current": {}}
2025-06-19 13:05:05,291 INFO     35 task_executor_00de72568d0f_0 reported heartbeat: {"name": "task_executor_00de72568d0f_0", "now": "2025-06-19T13:05:05.289+08:00", "boot_at": "2025-06-19T12:42:04.699+08:00", "pending": 0, "lag": 0, "done": 0, "failed": 0, "current": {}}
2025-06-19 13:05:35,295 INFO     35 task_executor_00de72568d0f_0 reported heartbeat: {"name": "task_executor_00de72568d0f_0", "now": "2025-06-19T13:05:35.293+08:00", "boot_at": "2025-06-19T12:42:04.699+08:00", "pending": 0, "lag": 0, "done": 0, "failed": 0, "current": {}}
2025-06-19 13:06:05,299 INFO     35 task_executor_00de72568d0f_0 reported heartbeat: {"name": "task_executor_00de72568d0f_0", "now": "2025-06-19T13:06:05.298+08:00", "boot_at": "2025-06-19T12:42:04.699+08:00", "pending": 0, "lag": 0, "done": 0, "failed": 0, "current": {}}
2025-06-19 13:06:35,302 INFO     35 task_executor_00de72568d0f_0 reported heartbeat: {"name": "task_executor_00de72568d0f_0", "now": "2025-06-19T13:06:35.301+08:00", "boot_at": "2025-06-19T12:42:04.699+08:00", "pending": 0, "lag": 0, "done": 0, "failed": 0, "current": {}}
2025-06-19 13:07:05,305 INFO     35 task_executor_00de72568d0f_0 reported heartbeat: {"name": "task_executor_00de72568d0f_0", "now": "2025-06-19T13:07:05.304+08:00", "boot_at": "2025-06-19T12:42:04.699+08:00", "pending": 0, "lag": 0, "done": 0, "failed": 0, "current": {}}
2025-06-19 13:07:35,309 INFO     35 task_executor_00de72568d0f_0 reported heartbeat: {"name": "task_executor_00de72568d0f_0", "now": "2025-06-19T13:07:35.308+08:00", "boot_at": "2025-06-19T12:42:04.699+08:00", "pending": 0, "lag": 0, "done": 0, "failed": 0, "current": {}}
2025-06-19 13:08:05,313 INFO     35 task_executor_00de72568d0f_0 reported heartbeat: {"name": "task_executor_00de72568d0f_0", "now": "2025-06-19T13:08:05.312+08:00", "boot_at": "2025-06-19T12:42:04.699+08:00", "pending": 0, "lag": 0, "done": 0, "failed": 0, "current": {}}
2025-06-19 13:08:35,316 INFO     35 task_executor_00de72568d0f_0 reported heartbeat: {"name": "task_executor_00de72568d0f_0", "now": "2025-06-19T13:08:35.315+08:00", "boot_at": "2025-06-19T12:42:04.699+08:00", "pending": 0, "lag": 0, "done": 0, "failed": 0, "current": {}}
2025-06-19 13:09:05,320 INFO     35 task_executor_00de72568d0f_0 reported heartbeat: {"name": "task_executor_00de72568d0f_0", "now": "2025-06-19T13:09:05.319+08:00", "boot_at": "2025-06-19T12:42:04.699+08:00", "pending": 0, "lag": 0, "done": 0, "failed": 0, "current": {}}
2025-06-19 13:09:35,324 INFO     35 task_executor_00de72568d0f_0 reported heartbeat: {"name": "task_executor_00de72568d0f_0", "now": "2025-06-19T13:09:35.323+08:00", "boot_at": "2025-06-19T12:42:04.699+08:00", "pending": 0, "lag": 0, "done": 0, "failed": 0, "current": {}}
2025-06-19 13:10:05,327 INFO     35 task_executor_00de72568d0f_0 reported heartbeat: {"name": "task_executor_00de72568d0f_0", "now": "2025-06-19T13:10:05.326+08:00", "boot_at": "2025-06-19T12:42:04.699+08:00", "pending": 0, "lag": 0, "done": 0, "failed": 0, "current": {}}
2025-06-19 13:10:18,997 ERROR    35 RedisDB.queue_consumer rag_flow_svr_queue_1 got exception: Error -3 connecting to redis:6379. Temporary failure in name resolution.
Traceback (most recent call last):
  File "/ragflow/rag/svr/task_executor.py", line 193, in collect
    redis_msg = next(UNACKED_ITERATOR)
StopIteration

During handling of the above exception, another exception occurred:

Traceback (most recent call last):
  File "/ragflow/.venv/lib/python3.10/site-packages/valkey/connection.py", line 1116, in get_connection
    if connection.can_read() and connection.client_cache is None:
  File "/ragflow/.venv/lib/python3.10/site-packages/valkey/connection.py", line 524, in can_read
    return self._parser.can_read(timeout)
  File "/ragflow/.venv/lib/python3.10/site-packages/valkey/_parsers/base.py", line 128, in can_read
    return self._buffer and self._buffer.can_read(timeout)
  File "/ragflow/.venv/lib/python3.10/site-packages/valkey/_parsers/socket.py", line 95, in can_read
    return bool(self.unread_bytes()) or self._read_from_socket(
  File "/ragflow/.venv/lib/python3.10/site-packages/valkey/_parsers/socket.py", line 68, in _read_from_socket
    raise ConnectionError(SERVER_CLOSED_CONNECTION_ERROR)
valkey.exceptions.ConnectionError: Connection closed by server.

During handling of the above exception, another exception occurred:

Traceback (most recent call last):
  File "/ragflow/.venv/lib/python3.10/site-packages/valkey/connection.py", line 302, in connect
    sock = self.retry.call_with_retry(
  File "/ragflow/.venv/lib/python3.10/site-packages/valkey/retry.py", line 62, in call_with_retry
    return do()
  File "/ragflow/.venv/lib/python3.10/site-packages/valkey/connection.py", line 303, in <lambda>
    lambda: self._connect(), lambda error: self.disconnect(error)
  File "/ragflow/.venv/lib/python3.10/site-packages/valkey/connection.py", line 696, in _connect
    for res in socket.getaddrinfo(
  File "/usr/lib/python3.10/socket.py", line 955, in getaddrinfo
    for res in _socket.getaddrinfo(host, port, family, type, proto, flags):
socket.gaierror: [Errno -3] Temporary failure in name resolution

During handling of the above exception, another exception occurred:

Traceback (most recent call last):
  File "/ragflow/rag/utils/redis_conn.py", line 228, in queue_consumer
    group_info = self.REDIS.xinfo_groups(queue_name)
  File "/ragflow/.venv/lib/python3.10/site-packages/valkey/commands/core.py", line 3810, in xinfo_groups
    return self.execute_command("XINFO GROUPS", name)
  File "/ragflow/.venv/lib/python3.10/site-packages/valkey/client.py", line 564, in execute_command
    conn = self.connection or pool.get_connection(command_name, **options)
  File "/ragflow/.venv/lib/python3.10/site-packages/valkey/connection.py", line 1120, in get_connection
    connection.connect()
  File "/ragflow/.venv/lib/python3.10/site-packages/valkey/connection.py", line 308, in connect
    raise ConnectionError(self._error_message(e))
valkey.exceptions.ConnectionError: Error -3 connecting to redis:6379. Temporary failure in name resolution.
2025-06-19 13:10:19,009 ERROR    35 RedisDB.queue_consumer rag_flow_svr_queue got exception: Error -3 connecting to redis:6379. Temporary failure in name resolution.
Traceback (most recent call last):
  File "/ragflow/rag/svr/task_executor.py", line 193, in collect
    redis_msg = next(UNACKED_ITERATOR)
StopIteration

During handling of the above exception, another exception occurred:

Traceback (most recent call last):
  File "/ragflow/.venv/lib/python3.10/site-packages/valkey/connection.py", line 302, in connect
    sock = self.retry.call_with_retry(
  File "/ragflow/.venv/lib/python3.10/site-packages/valkey/retry.py", line 62, in call_with_retry
    return do()
  File "/ragflow/.venv/lib/python3.10/site-packages/valkey/connection.py", line 303, in <lambda>
    lambda: self._connect(), lambda error: self.disconnect(error)
  File "/ragflow/.venv/lib/python3.10/site-packages/valkey/connection.py", line 696, in _connect
    for res in socket.getaddrinfo(
  File "/usr/lib/python3.10/socket.py", line 955, in getaddrinfo
    for res in _socket.getaddrinfo(host, port, family, type, proto, flags):
socket.gaierror: [Errno -3] Temporary failure in name resolution

During handling of the above exception, another exception occurred:

Traceback (most recent call last):
  File "/ragflow/rag/utils/redis_conn.py", line 228, in queue_consumer
    group_info = self.REDIS.xinfo_groups(queue_name)
  File "/ragflow/.venv/lib/python3.10/site-packages/valkey/commands/core.py", line 3810, in xinfo_groups
    return self.execute_command("XINFO GROUPS", name)
  File "/ragflow/.venv/lib/python3.10/site-packages/valkey/client.py", line 564, in execute_command
    conn = self.connection or pool.get_connection(command_name, **options)
  File "/ragflow/.venv/lib/python3.10/site-packages/valkey/connection.py", line 1107, in get_connection
    connection.connect()
  File "/ragflow/.venv/lib/python3.10/site-packages/valkey/connection.py", line 308, in connect
    raise ConnectionError(self._error_message(e))
valkey.exceptions.ConnectionError: Error -3 connecting to redis:6379. Temporary failure in name resolution.
2025-06-19 13:10:19,097 ERROR    35 RedisDB.queue_consumer rag_flow_svr_queue_1 got exception: Error -3 connecting to redis:6379. Temporary failure in name resolution.
Traceback (most recent call last):
  File "/ragflow/rag/svr/task_executor.py", line 193, in collect
    redis_msg = next(UNACKED_ITERATOR)
StopIteration

During handling of the above exception, another exception occurred:

Traceback (most recent call last):
  File "/ragflow/.venv/lib/python3.10/site-packages/valkey/connection.py", line 302, in connect
    sock = self.retry.call_with_retry(
  File "/ragflow/.venv/lib/python3.10/site-packages/valkey/retry.py", line 62, in call_with_retry
    return do()
  File "/ragflow/.venv/lib/python3.10/site-packages/valkey/connection.py", line 303, in <lambda>
    lambda: self._connect(), lambda error: self.disconnect(error)
  File "/ragflow/.venv/lib/python3.10/site-packages/valkey/connection.py", line 696, in _connect
    for res in socket.getaddrinfo(
  File "/usr/lib/python3.10/socket.py", line 955, in getaddrinfo
    for res in _socket.getaddrinfo(host, port, family, type, proto, flags):
socket.gaierror: [Errno -3] Temporary failure in name resolution

During handling of the above exception, another exception occurred:

Traceback (most recent call last):
  File "/ragflow/rag/utils/redis_conn.py", line 228, in queue_consumer
    group_info = self.REDIS.xinfo_groups(queue_name)
  File "/ragflow/.venv/lib/python3.10/site-packages/valkey/commands/core.py", line 3810, in xinfo_groups
    return self.execute_command("XINFO GROUPS", name)
  File "/ragflow/.venv/lib/python3.10/site-packages/valkey/client.py", line 564, in execute_command
    conn = self.connection or pool.get_connection(command_name, **options)
  File "/ragflow/.venv/lib/python3.10/site-packages/valkey/connection.py", line 1107, in get_connection
    connection.connect()
  File "/ragflow/.venv/lib/python3.10/site-packages/valkey/connection.py", line 308, in connect
    raise ConnectionError(self._error_message(e))
valkey.exceptions.ConnectionError: Error -3 connecting to redis:6379. Temporary failure in name resolution.
2025-06-19 13:10:19,100 ERROR    35 RedisDB.queue_consumer rag_flow_svr_queue got exception: Error -3 connecting to redis:6379. Temporary failure in name resolution.
Traceback (most recent call last):
  File "/ragflow/rag/svr/task_executor.py", line 193, in collect
    redis_msg = next(UNACKED_ITERATOR)
StopIteration

During handling of the above exception, another exception occurred:

Traceback (most recent call last):
  File "/ragflow/.venv/lib/python3.10/site-packages/valkey/connection.py", line 302, in connect
    sock = self.retry.call_with_retry(
  File "/ragflow/.venv/lib/python3.10/site-packages/valkey/retry.py", line 62, in call_with_retry
    return do()
  File "/ragflow/.venv/lib/python3.10/site-packages/valkey/connection.py", line 303, in <lambda>
    lambda: self._connect(), lambda error: self.disconnect(error)
  File "/ragflow/.venv/lib/python3.10/site-packages/valkey/connection.py", line 696, in _connect
    for res in socket.getaddrinfo(
  File "/usr/lib/python3.10/socket.py", line 955, in getaddrinfo
    for res in _socket.getaddrinfo(host, port, family, type, proto, flags):
socket.gaierror: [Errno -3] Temporary failure in name resolution

During handling of the above exception, another exception occurred:

Traceback (most recent call last):
  File "/ragflow/rag/utils/redis_conn.py", line 228, in queue_consumer
    group_info = self.REDIS.xinfo_groups(queue_name)
  File "/ragflow/.venv/lib/python3.10/site-packages/valkey/commands/core.py", line 3810, in xinfo_groups
    return self.execute_command("XINFO GROUPS", name)
  File "/ragflow/.venv/lib/python3.10/site-packages/valkey/client.py", line 564, in execute_command
    conn = self.connection or pool.get_connection(command_name, **options)
  File "/ragflow/.venv/lib/python3.10/site-packages/valkey/connection.py", line 1107, in get_connection
    connection.connect()
  File "/ragflow/.venv/lib/python3.10/site-packages/valkey/connection.py", line 308, in connect
    raise ConnectionError(self._error_message(e))
valkey.exceptions.ConnectionError: Error -3 connecting to redis:6379. Temporary failure in name resolution.
2025-06-19 13:10:19,197 ERROR    35 RedisDB.queue_consumer rag_flow_svr_queue_1 got exception: Error -3 connecting to redis:6379. Temporary failure in name resolution.
Traceback (most recent call last):
  File "/ragflow/rag/svr/task_executor.py", line 193, in collect
    redis_msg = next(UNACKED_ITERATOR)
StopIteration

During handling of the above exception, another exception occurred:

Traceback (most recent call last):
  File "/ragflow/.venv/lib/python3.10/site-packages/valkey/connection.py", line 302, in connect
    sock = self.retry.call_with_retry(
  File "/ragflow/.venv/lib/python3.10/site-packages/valkey/retry.py", line 62, in call_with_retry
    return do()
  File "/ragflow/.venv/lib/python3.10/site-packages/valkey/connection.py", line 303, in <lambda>
    lambda: self._connect(), lambda error: self.disconnect(error)
  File "/ragflow/.venv/lib/python3.10/site-packages/valkey/connection.py", line 696, in _connect
    for res in socket.getaddrinfo(
  File "/usr/lib/python3.10/socket.py", line 955, in getaddrinfo
    for res in _socket.getaddrinfo(host, port, family, type, proto, flags):
socket.gaierror: [Errno -3] Temporary failure in name resolution

During handling of the above exception, another exception occurred:

Traceback (most recent call last):
  File "/ragflow/rag/utils/redis_conn.py", line 228, in queue_consumer
    group_info = self.REDIS.xinfo_groups(queue_name)
  File "/ragflow/.venv/lib/python3.10/site-packages/valkey/commands/core.py", line 3810, in xinfo_groups
    return self.execute_command("XINFO GROUPS", name)
  File "/ragflow/.venv/lib/python3.10/site-packages/valkey/client.py", line 564, in execute_command
    conn = self.connection or pool.get_connection(command_name, **options)
  File "/ragflow/.venv/lib/python3.10/site-packages/valkey/connection.py", line 1107, in get_connection
    connection.connect()
  File "/ragflow/.venv/lib/python3.10/site-packages/valkey/connection.py", line 308, in connect
    raise ConnectionError(self._error_message(e))
valkey.exceptions.ConnectionError: Error -3 connecting to redis:6379. Temporary failure in name resolution.
2025-06-19 13:10:19,200 ERROR    35 RedisDB.queue_consumer rag_flow_svr_queue got exception: Error -3 connecting to redis:6379. Temporary failure in name resolution.
Traceback (most recent call last):
  File "/ragflow/rag/svr/task_executor.py", line 193, in collect
    redis_msg = next(UNACKED_ITERATOR)
StopIteration

During handling of the above exception, another exception occurred:

Traceback (most recent call last):
  File "/ragflow/.venv/lib/python3.10/site-packages/valkey/connection.py", line 302, in connect
    sock = self.retry.call_with_retry(
  File "/ragflow/.venv/lib/python3.10/site-packages/valkey/retry.py", line 62, in call_with_retry
    return do()
  File "/ragflow/.venv/lib/python3.10/site-packages/valkey/connection.py", line 303, in <lambda>
    lambda: self._connect(), lambda error: self.disconnect(error)
  File "/ragflow/.venv/lib/python3.10/site-packages/valkey/connection.py", line 696, in _connect
    for res in socket.getaddrinfo(
  File "/usr/lib/python3.10/socket.py", line 955, in getaddrinfo
    for res in _socket.getaddrinfo(host, port, family, type, proto, flags):
socket.gaierror: [Errno -3] Temporary failure in name resolution

During handling of the above exception, another exception occurred:

Traceback (most recent call last):
  File "/ragflow/rag/utils/redis_conn.py", line 228, in queue_consumer
    group_info = self.REDIS.xinfo_groups(queue_name)
  File "/ragflow/.venv/lib/python3.10/site-packages/valkey/commands/core.py", line 3810, in xinfo_groups
    return self.execute_command("XINFO GROUPS", name)
  File "/ragflow/.venv/lib/python3.10/site-packages/valkey/client.py", line 564, in execute_command
    conn = self.connection or pool.get_connection(command_name, **options)
  File "/ragflow/.venv/lib/python3.10/site-packages/valkey/connection.py", line 1107, in get_connection
    connection.connect()
  File "/ragflow/.venv/lib/python3.10/site-packages/valkey/connection.py", line 308, in connect
    raise ConnectionError(self._error_message(e))
valkey.exceptions.ConnectionError: Error -3 connecting to redis:6379. Temporary failure in name resolution.
2025-06-19 13:10:19,313 ERROR    35 RedisDB.queue_consumer rag_flow_svr_queue_1 got exception: Error -3 connecting to redis:6379. Temporary failure in name resolution.
Traceback (most recent call last):
  File "/ragflow/rag/svr/task_executor.py", line 193, in collect
    redis_msg = next(UNACKED_ITERATOR)
StopIteration

During handling of the above exception, another exception occurred:

Traceback (most recent call last):
  File "/ragflow/.venv/lib/python3.10/site-packages/valkey/connection.py", line 302, in connect
    sock = self.retry.call_with_retry(
  File "/ragflow/.venv/lib/python3.10/site-packages/valkey/retry.py", line 62, in call_with_retry
    return do()
  File "/ragflow/.venv/lib/python3.10/site-packages/valkey/connection.py", line 303, in <lambda>
    lambda: self._connect(), lambda error: self.disconnect(error)
  File "/ragflow/.venv/lib/python3.10/site-packages/valkey/connection.py", line 696, in _connect
    for res in socket.getaddrinfo(
  File "/usr/lib/python3.10/socket.py", line 955, in getaddrinfo
    for res in _socket.getaddrinfo(host, port, family, type, proto, flags):
socket.gaierror: [Errno -3] Temporary failure in name resolution

During handling of the above exception, another exception occurred:

Traceback (most recent call last):
  File "/ragflow/rag/utils/redis_conn.py", line 228, in queue_consumer
    group_info = self.REDIS.xinfo_groups(queue_name)
  File "/ragflow/.venv/lib/python3.10/site-packages/valkey/commands/core.py", line 3810, in xinfo_groups
    return self.execute_command("XINFO GROUPS", name)
  File "/ragflow/.venv/lib/python3.10/site-packages/valkey/client.py", line 564, in execute_command
    conn = self.connection or pool.get_connection(command_name, **options)
  File "/ragflow/.venv/lib/python3.10/site-packages/valkey/connection.py", line 1107, in get_connection
    connection.connect()
  File "/ragflow/.venv/lib/python3.10/site-packages/valkey/connection.py", line 308, in connect
    raise ConnectionError(self._error_message(e))
valkey.exceptions.ConnectionError: Error -3 connecting to redis:6379. Temporary failure in name resolution.
2025-06-19 13:10:19,317 ERROR    35 RedisDB.queue_consumer rag_flow_svr_queue got exception: Error -3 connecting to redis:6379. Temporary failure in name resolution.
Traceback (most recent call last):
  File "/ragflow/rag/svr/task_executor.py", line 193, in collect
    redis_msg = next(UNACKED_ITERATOR)
StopIteration

During handling of the above exception, another exception occurred:

Traceback (most recent call last):
  File "/ragflow/.venv/lib/python3.10/site-packages/valkey/connection.py", line 302, in connect
    sock = self.retry.call_with_retry(
  File "/ragflow/.venv/lib/python3.10/site-packages/valkey/retry.py", line 62, in call_with_retry
    return do()
  File "/ragflow/.venv/lib/python3.10/site-packages/valkey/connection.py", line 303, in <lambda>
    lambda: self._connect(), lambda error: self.disconnect(error)
  File "/ragflow/.venv/lib/python3.10/site-packages/valkey/connection.py", line 696, in _connect
    for res in socket.getaddrinfo(
  File "/usr/lib/python3.10/socket.py", line 955, in getaddrinfo
    for res in _socket.getaddrinfo(host, port, family, type, proto, flags):
socket.gaierror: [Errno -3] Temporary failure in name resolution

During handling of the above exception, another exception occurred:

Traceback (most recent call last):
  File "/ragflow/rag/utils/redis_conn.py", line 228, in queue_consumer
    group_info = self.REDIS.xinfo_groups(queue_name)
  File "/ragflow/.venv/lib/python3.10/site-packages/valkey/commands/core.py", line 3810, in xinfo_groups
    return self.execute_command("XINFO GROUPS", name)
  File "/ragflow/.venv/lib/python3.10/site-packages/valkey/client.py", line 564, in execute_command
    conn = self.connection or pool.get_connection(command_name, **options)
  File "/ragflow/.venv/lib/python3.10/site-packages/valkey/connection.py", line 1107, in get_connection
    connection.connect()
  File "/ragflow/.venv/lib/python3.10/site-packages/valkey/connection.py", line 308, in connect
    raise ConnectionError(self._error_message(e))
valkey.exceptions.ConnectionError: Error -3 connecting to redis:6379. Temporary failure in name resolution.
2025-06-19 13:10:19,398 ERROR    35 RedisDB.queue_consumer rag_flow_svr_queue_1 got exception: Error -3 connecting to redis:6379. Temporary failure in name resolution.
Traceback (most recent call last):
  File "/ragflow/rag/svr/task_executor.py", line 193, in collect
    redis_msg = next(UNACKED_ITERATOR)
StopIteration

During handling of the above exception, another exception occurred:

Traceback (most recent call last):
  File "/ragflow/.venv/lib/python3.10/site-packages/valkey/connection.py", line 302, in connect
    sock = self.retry.call_with_retry(
  File "/ragflow/.venv/lib/python3.10/site-packages/valkey/retry.py", line 62, in call_with_retry
    return do()
  File "/ragflow/.venv/lib/python3.10/site-packages/valkey/connection.py", line 303, in <lambda>
    lambda: self._connect(), lambda error: self.disconnect(error)
  File "/ragflow/.venv/lib/python3.10/site-packages/valkey/connection.py", line 696, in _connect
    for res in socket.getaddrinfo(
  File "/usr/lib/python3.10/socket.py", line 955, in getaddrinfo
    for res in _socket.getaddrinfo(host, port, family, type, proto, flags):
socket.gaierror: [Errno -3] Temporary failure in name resolution

During handling of the above exception, another exception occurred:

Traceback (most recent call last):
  File "/ragflow/rag/utils/redis_conn.py", line 228, in queue_consumer
    group_info = self.REDIS.xinfo_groups(queue_name)
  File "/ragflow/.venv/lib/python3.10/site-packages/valkey/commands/core.py", line 3810, in xinfo_groups
    return self.execute_command("XINFO GROUPS", name)
  File "/ragflow/.venv/lib/python3.10/site-packages/valkey/client.py", line 564, in execute_command
    conn = self.connection or pool.get_connection(command_name, **options)
  File "/ragflow/.venv/lib/python3.10/site-packages/valkey/connection.py", line 1107, in get_connection
    connection.connect()
  File "/ragflow/.venv/lib/python3.10/site-packages/valkey/connection.py", line 308, in connect
    raise ConnectionError(self._error_message(e))
valkey.exceptions.ConnectionError: Error -3 connecting to redis:6379. Temporary failure in name resolution.
2025-06-19 13:10:19,401 ERROR    35 RedisDB.queue_consumer rag_flow_svr_queue got exception: Error -3 connecting to redis:6379. Temporary failure in name resolution.
Traceback (most recent call last):
  File "/ragflow/rag/svr/task_executor.py", line 193, in collect
    redis_msg = next(UNACKED_ITERATOR)
StopIteration

During handling of the above exception, another exception occurred:

Traceback (most recent call last):
  File "/ragflow/.venv/lib/python3.10/site-packages/valkey/connection.py", line 302, in connect
    sock = self.retry.call_with_retry(
  File "/ragflow/.venv/lib/python3.10/site-packages/valkey/retry.py", line 62, in call_with_retry
    return do()
  File "/ragflow/.venv/lib/python3.10/site-packages/valkey/connection.py", line 303, in <lambda>
    lambda: self._connect(), lambda error: self.disconnect(error)
  File "/ragflow/.venv/lib/python3.10/site-packages/valkey/connection.py", line 696, in _connect
    for res in socket.getaddrinfo(
  File "/usr/lib/python3.10/socket.py", line 955, in getaddrinfo
    for res in _socket.getaddrinfo(host, port, family, type, proto, flags):
socket.gaierror: [Errno -3] Temporary failure in name resolution

During handling of the above exception, another exception occurred:

Traceback (most recent call last):
  File "/ragflow/rag/utils/redis_conn.py", line 228, in queue_consumer
    group_info = self.REDIS.xinfo_groups(queue_name)
  File "/ragflow/.venv/lib/python3.10/site-packages/valkey/commands/core.py", line 3810, in xinfo_groups
    return self.execute_command("XINFO GROUPS", name)
  File "/ragflow/.venv/lib/python3.10/site-packages/valkey/client.py", line 564, in execute_command
    conn = self.connection or pool.get_connection(command_name, **options)
  File "/ragflow/.venv/lib/python3.10/site-packages/valkey/connection.py", line 1107, in get_connection
    connection.connect()
  File "/ragflow/.venv/lib/python3.10/site-packages/valkey/connection.py", line 308, in connect
    raise ConnectionError(self._error_message(e))
valkey.exceptions.ConnectionError: Error -3 connecting to redis:6379. Temporary failure in name resolution.
2025-06-19 13:10:24,013 ERROR    35 RedisDB.queue_consumer rag_flow_svr_queue_1 got exception: Error -3 connecting to redis:6379. Temporary failure in name resolution.
Traceback (most recent call last):
  File "/ragflow/rag/svr/task_executor.py", line 193, in collect
    redis_msg = next(UNACKED_ITERATOR)
StopIteration

During handling of the above exception, another exception occurred:

Traceback (most recent call last):
  File "/ragflow/.venv/lib/python3.10/site-packages/valkey/connection.py", line 302, in connect
    sock = self.retry.call_with_retry(
  File "/ragflow/.venv/lib/python3.10/site-packages/valkey/retry.py", line 62, in call_with_retry
    return do()
  File "/ragflow/.venv/lib/python3.10/site-packages/valkey/connection.py", line 303, in <lambda>
    lambda: self._connect(), lambda error: self.disconnect(error)
  File "/ragflow/.venv/lib/python3.10/site-packages/valkey/connection.py", line 696, in _connect
    for res in socket.getaddrinfo(
  File "/usr/lib/python3.10/socket.py", line 955, in getaddrinfo
    for res in _socket.getaddrinfo(host, port, family, type, proto, flags):
socket.gaierror: [Errno -3] Temporary failure in name resolution

During handling of the above exception, another exception occurred:

Traceback (most recent call last):
  File "/ragflow/rag/utils/redis_conn.py", line 228, in queue_consumer
    group_info = self.REDIS.xinfo_groups(queue_name)
  File "/ragflow/.venv/lib/python3.10/site-packages/valkey/commands/core.py", line 3810, in xinfo_groups
    return self.execute_command("XINFO GROUPS", name)
  File "/ragflow/.venv/lib/python3.10/site-packages/valkey/client.py", line 564, in execute_command
    conn = self.connection or pool.get_connection(command_name, **options)
  File "/ragflow/.venv/lib/python3.10/site-packages/valkey/connection.py", line 1107, in get_connection
    connection.connect()
  File "/ragflow/.venv/lib/python3.10/site-packages/valkey/connection.py", line 308, in connect
    raise ConnectionError(self._error_message(e))
valkey.exceptions.ConnectionError: Error -3 connecting to redis:6379. Temporary failure in name resolution.
2025-06-19 13:10:24,016 ERROR    35 RedisDB.queue_consumer rag_flow_svr_queue got exception: Error -3 connecting to redis:6379. Temporary failure in name resolution.
Traceback (most recent call last):
  File "/ragflow/rag/svr/task_executor.py", line 193, in collect
    redis_msg = next(UNACKED_ITERATOR)
StopIteration

During handling of the above exception, another exception occurred:

Traceback (most recent call last):
  File "/ragflow/.venv/lib/python3.10/site-packages/valkey/connection.py", line 302, in connect
    sock = self.retry.call_with_retry(
  File "/ragflow/.venv/lib/python3.10/site-packages/valkey/retry.py", line 62, in call_with_retry
    return do()
  File "/ragflow/.venv/lib/python3.10/site-packages/valkey/connection.py", line 303, in <lambda>
    lambda: self._connect(), lambda error: self.disconnect(error)
  File "/ragflow/.venv/lib/python3.10/site-packages/valkey/connection.py", line 696, in _connect
    for res in socket.getaddrinfo(
  File "/usr/lib/python3.10/socket.py", line 955, in getaddrinfo
    for res in _socket.getaddrinfo(host, port, family, type, proto, flags):
socket.gaierror: [Errno -3] Temporary failure in name resolution

During handling of the above exception, another exception occurred:

Traceback (most recent call last):
  File "/ragflow/rag/utils/redis_conn.py", line 228, in queue_consumer
    group_info = self.REDIS.xinfo_groups(queue_name)
  File "/ragflow/.venv/lib/python3.10/site-packages/valkey/commands/core.py", line 3810, in xinfo_groups
    return self.execute_command("XINFO GROUPS", name)
  File "/ragflow/.venv/lib/python3.10/site-packages/valkey/client.py", line 564, in execute_command
    conn = self.connection or pool.get_connection(command_name, **options)
  File "/ragflow/.venv/lib/python3.10/site-packages/valkey/connection.py", line 1107, in get_connection
    connection.connect()
  File "/ragflow/.venv/lib/python3.10/site-packages/valkey/connection.py", line 308, in connect
    raise ConnectionError(self._error_message(e))
valkey.exceptions.ConnectionError: Error -3 connecting to redis:6379. Temporary failure in name resolution.
2025-06-19 13:10:24,104 ERROR    35 RedisDB.queue_consumer rag_flow_svr_queue_1 got exception: Error -3 connecting to redis:6379. Temporary failure in name resolution.
Traceback (most recent call last):
  File "/ragflow/rag/svr/task_executor.py", line 193, in collect
    redis_msg = next(UNACKED_ITERATOR)
StopIteration

During handling of the above exception, another exception occurred:

Traceback (most recent call last):
  File "/ragflow/.venv/lib/python3.10/site-packages/valkey/connection.py", line 302, in connect
    sock = self.retry.call_with_retry(
  File "/ragflow/.venv/lib/python3.10/site-packages/valkey/retry.py", line 62, in call_with_retry
    return do()
  File "/ragflow/.venv/lib/python3.10/site-packages/valkey/connection.py", line 303, in <lambda>
    lambda: self._connect(), lambda error: self.disconnect(error)
  File "/ragflow/.venv/lib/python3.10/site-packages/valkey/connection.py", line 696, in _connect
    for res in socket.getaddrinfo(
  File "/usr/lib/python3.10/socket.py", line 955, in getaddrinfo
    for res in _socket.getaddrinfo(host, port, family, type, proto, flags):
socket.gaierror: [Errno -3] Temporary failure in name resolution

During handling of the above exception, another exception occurred:

Traceback (most recent call last):
  File "/ragflow/rag/utils/redis_conn.py", line 228, in queue_consumer
    group_info = self.REDIS.xinfo_groups(queue_name)
  File "/ragflow/.venv/lib/python3.10/site-packages/valkey/commands/core.py", line 3810, in xinfo_groups
    return self.execute_command("XINFO GROUPS", name)
  File "/ragflow/.venv/lib/python3.10/site-packages/valkey/client.py", line 564, in execute_command
    conn = self.connection or pool.get_connection(command_name, **options)
  File "/ragflow/.venv/lib/python3.10/site-packages/valkey/connection.py", line 1107, in get_connection
    connection.connect()
  File "/ragflow/.venv/lib/python3.10/site-packages/valkey/connection.py", line 308, in connect
    raise ConnectionError(self._error_message(e))
valkey.exceptions.ConnectionError: Error -3 connecting to redis:6379. Temporary failure in name resolution.
2025-06-19 13:10:24,106 ERROR    35 RedisDB.queue_consumer rag_flow_svr_queue got exception: Error -3 connecting to redis:6379. Temporary failure in name resolution.
Traceback (most recent call last):
  File "/ragflow/rag/svr/task_executor.py", line 193, in collect
    redis_msg = next(UNACKED_ITERATOR)
StopIteration

During handling of the above exception, another exception occurred:

Traceback (most recent call last):
  File "/ragflow/.venv/lib/python3.10/site-packages/valkey/connection.py", line 302, in connect
    sock = self.retry.call_with_retry(
  File "/ragflow/.venv/lib/python3.10/site-packages/valkey/retry.py", line 62, in call_with_retry
    return do()
  File "/ragflow/.venv/lib/python3.10/site-packages/valkey/connection.py", line 303, in <lambda>
    lambda: self._connect(), lambda error: self.disconnect(error)
  File "/ragflow/.venv/lib/python3.10/site-packages/valkey/connection.py", line 696, in _connect
    for res in socket.getaddrinfo(
  File "/usr/lib/python3.10/socket.py", line 955, in getaddrinfo
    for res in _socket.getaddrinfo(host, port, family, type, proto, flags):
socket.gaierror: [Errno -3] Temporary failure in name resolution

During handling of the above exception, another exception occurred:

Traceback (most recent call last):
  File "/ragflow/rag/utils/redis_conn.py", line 228, in queue_consumer
    group_info = self.REDIS.xinfo_groups(queue_name)
  File "/ragflow/.venv/lib/python3.10/site-packages/valkey/commands/core.py", line 3810, in xinfo_groups
    return self.execute_command("XINFO GROUPS", name)
  File "/ragflow/.venv/lib/python3.10/site-packages/valkey/client.py", line 564, in execute_command
    conn = self.connection or pool.get_connection(command_name, **options)
  File "/ragflow/.venv/lib/python3.10/site-packages/valkey/connection.py", line 1107, in get_connection
    connection.connect()
  File "/ragflow/.venv/lib/python3.10/site-packages/valkey/connection.py", line 308, in connect
    raise ConnectionError(self._error_message(e))
valkey.exceptions.ConnectionError: Error -3 connecting to redis:6379. Temporary failure in name resolution.
2025-06-19 13:10:24,204 ERROR    35 RedisDB.queue_consumer rag_flow_svr_queue_1 got exception: Error -3 connecting to redis:6379. Temporary failure in name resolution.
Traceback (most recent call last):
  File "/ragflow/rag/svr/task_executor.py", line 193, in collect
    redis_msg = next(UNACKED_ITERATOR)
StopIteration

During handling of the above exception, another exception occurred:

Traceback (most recent call last):
  File "/ragflow/.venv/lib/python3.10/site-packages/valkey/connection.py", line 302, in connect
    sock = self.retry.call_with_retry(
  File "/ragflow/.venv/lib/python3.10/site-packages/valkey/retry.py", line 62, in call_with_retry
    return do()
  File "/ragflow/.venv/lib/python3.10/site-packages/valkey/connection.py", line 303, in <lambda>
    lambda: self._connect(), lambda error: self.disconnect(error)
  File "/ragflow/.venv/lib/python3.10/site-packages/valkey/connection.py", line 696, in _connect
    for res in socket.getaddrinfo(
  File "/usr/lib/python3.10/socket.py", line 955, in getaddrinfo
    for res in _socket.getaddrinfo(host, port, family, type, proto, flags):
socket.gaierror: [Errno -3] Temporary failure in name resolution

During handling of the above exception, another exception occurred:

Traceback (most recent call last):
  File "/ragflow/rag/utils/redis_conn.py", line 228, in queue_consumer
    group_info = self.REDIS.xinfo_groups(queue_name)
  File "/ragflow/.venv/lib/python3.10/site-packages/valkey/commands/core.py", line 3810, in xinfo_groups
    return self.execute_command("XINFO GROUPS", name)
  File "/ragflow/.venv/lib/python3.10/site-packages/valkey/client.py", line 564, in execute_command
    conn = self.connection or pool.get_connection(command_name, **options)
  File "/ragflow/.venv/lib/python3.10/site-packages/valkey/connection.py", line 1107, in get_connection
    connection.connect()
  File "/ragflow/.venv/lib/python3.10/site-packages/valkey/connection.py", line 308, in connect
    raise ConnectionError(self._error_message(e))
valkey.exceptions.ConnectionError: Error -3 connecting to redis:6379. Temporary failure in name resolution.
2025-06-19 13:10:24,206 ERROR    35 RedisDB.queue_consumer rag_flow_svr_queue got exception: Error -3 connecting to redis:6379. Temporary failure in name resolution.
Traceback (most recent call last):
  File "/ragflow/rag/svr/task_executor.py", line 193, in collect
    redis_msg = next(UNACKED_ITERATOR)
StopIteration

During handling of the above exception, another exception occurred:

Traceback (most recent call last):
  File "/ragflow/.venv/lib/python3.10/site-packages/valkey/connection.py", line 302, in connect
    sock = self.retry.call_with_retry(
  File "/ragflow/.venv/lib/python3.10/site-packages/valkey/retry.py", line 62, in call_with_retry
    return do()
  File "/ragflow/.venv/lib/python3.10/site-packages/valkey/connection.py", line 303, in <lambda>
    lambda: self._connect(), lambda error: self.disconnect(error)
  File "/ragflow/.venv/lib/python3.10/site-packages/valkey/connection.py", line 696, in _connect
    for res in socket.getaddrinfo(
  File "/usr/lib/python3.10/socket.py", line 955, in getaddrinfo
    for res in _socket.getaddrinfo(host, port, family, type, proto, flags):
socket.gaierror: [Errno -3] Temporary failure in name resolution

During handling of the above exception, another exception occurred:

Traceback (most recent call last):
  File "/ragflow/rag/utils/redis_conn.py", line 228, in queue_consumer
    group_info = self.REDIS.xinfo_groups(queue_name)
  File "/ragflow/.venv/lib/python3.10/site-packages/valkey/commands/core.py", line 3810, in xinfo_groups
    return self.execute_command("XINFO GROUPS", name)
  File "/ragflow/.venv/lib/python3.10/site-packages/valkey/client.py", line 564, in execute_command
    conn = self.connection or pool.get_connection(command_name, **options)
  File "/ragflow/.venv/lib/python3.10/site-packages/valkey/connection.py", line 1107, in get_connection
    connection.connect()
  File "/ragflow/.venv/lib/python3.10/site-packages/valkey/connection.py", line 308, in connect
    raise ConnectionError(self._error_message(e))
valkey.exceptions.ConnectionError: Error -3 connecting to redis:6379. Temporary failure in name resolution.
2025-06-19 13:10:24,321 ERROR    35 RedisDB.queue_consumer rag_flow_svr_queue_1 got exception: Error -3 connecting to redis:6379. Temporary failure in name resolution.
Traceback (most recent call last):
  File "/ragflow/rag/svr/task_executor.py", line 193, in collect
    redis_msg = next(UNACKED_ITERATOR)
StopIteration

During handling of the above exception, another exception occurred:

Traceback (most recent call last):
  File "/ragflow/.venv/lib/python3.10/site-packages/valkey/connection.py", line 302, in connect
    sock = self.retry.call_with_retry(
  File "/ragflow/.venv/lib/python3.10/site-packages/valkey/retry.py", line 62, in call_with_retry
    return do()
  File "/ragflow/.venv/lib/python3.10/site-packages/valkey/connection.py", line 303, in <lambda>
    lambda: self._connect(), lambda error: self.disconnect(error)
  File "/ragflow/.venv/lib/python3.10/site-packages/valkey/connection.py", line 696, in _connect
    for res in socket.getaddrinfo(
  File "/usr/lib/python3.10/socket.py", line 955, in getaddrinfo
    for res in _socket.getaddrinfo(host, port, family, type, proto, flags):
socket.gaierror: [Errno -3] Temporary failure in name resolution

During handling of the above exception, another exception occurred:

Traceback (most recent call last):
  File "/ragflow/rag/utils/redis_conn.py", line 228, in queue_consumer
    group_info = self.REDIS.xinfo_groups(queue_name)
  File "/ragflow/.venv/lib/python3.10/site-packages/valkey/commands/core.py", line 3810, in xinfo_groups
    return self.execute_command("XINFO GROUPS", name)
  File "/ragflow/.venv/lib/python3.10/site-packages/valkey/client.py", line 564, in execute_command
    conn = self.connection or pool.get_connection(command_name, **options)
  File "/ragflow/.venv/lib/python3.10/site-packages/valkey/connection.py", line 1107, in get_connection
    connection.connect()
  File "/ragflow/.venv/lib/python3.10/site-packages/valkey/connection.py", line 308, in connect
    raise ConnectionError(self._error_message(e))
valkey.exceptions.ConnectionError: Error -3 connecting to redis:6379. Temporary failure in name resolution.
2025-06-19 13:10:24,323 ERROR    35 RedisDB.queue_consumer rag_flow_svr_queue got exception: Error -3 connecting to redis:6379. Temporary failure in name resolution.
Traceback (most recent call last):
  File "/ragflow/rag/svr/task_executor.py", line 193, in collect
    redis_msg = next(UNACKED_ITERATOR)
StopIteration

During handling of the above exception, another exception occurred:

Traceback (most recent call last):
  File "/ragflow/.venv/lib/python3.10/site-packages/valkey/connection.py", line 302, in connect
    sock = self.retry.call_with_retry(
  File "/ragflow/.venv/lib/python3.10/site-packages/valkey/retry.py", line 62, in call_with_retry
    return do()
  File "/ragflow/.venv/lib/python3.10/site-packages/valkey/connection.py", line 303, in <lambda>
    lambda: self._connect(), lambda error: self.disconnect(error)
  File "/ragflow/.venv/lib/python3.10/site-packages/valkey/connection.py", line 696, in _connect
    for res in socket.getaddrinfo(
  File "/usr/lib/python3.10/socket.py", line 955, in getaddrinfo
    for res in _socket.getaddrinfo(host, port, family, type, proto, flags):
socket.gaierror: [Errno -3] Temporary failure in name resolution

During handling of the above exception, another exception occurred:

Traceback (most recent call last):
  File "/ragflow/rag/utils/redis_conn.py", line 228, in queue_consumer
    group_info = self.REDIS.xinfo_groups(queue_name)
  File "/ragflow/.venv/lib/python3.10/site-packages/valkey/commands/core.py", line 3810, in xinfo_groups
    return self.execute_command("XINFO GROUPS", name)
  File "/ragflow/.venv/lib/python3.10/site-packages/valkey/client.py", line 564, in execute_command
    conn = self.connection or pool.get_connection(command_name, **options)
  File "/ragflow/.venv/lib/python3.10/site-packages/valkey/connection.py", line 1107, in get_connection
    connection.connect()
  File "/ragflow/.venv/lib/python3.10/site-packages/valkey/connection.py", line 308, in connect
    raise ConnectionError(self._error_message(e))
valkey.exceptions.ConnectionError: Error -3 connecting to redis:6379. Temporary failure in name resolution.
2025-06-19 13:10:24,406 ERROR    35 RedisDB.queue_consumer rag_flow_svr_queue_1 got exception: Error -3 connecting to redis:6379. Temporary failure in name resolution.
Traceback (most recent call last):
  File "/ragflow/rag/svr/task_executor.py", line 193, in collect
    redis_msg = next(UNACKED_ITERATOR)
StopIteration

During handling of the above exception, another exception occurred:

Traceback (most recent call last):
  File "/ragflow/.venv/lib/python3.10/site-packages/valkey/connection.py", line 302, in connect
    sock = self.retry.call_with_retry(
  File "/ragflow/.venv/lib/python3.10/site-packages/valkey/retry.py", line 62, in call_with_retry
    return do()
  File "/ragflow/.venv/lib/python3.10/site-packages/valkey/connection.py", line 303, in <lambda>
    lambda: self._connect(), lambda error: self.disconnect(error)
  File "/ragflow/.venv/lib/python3.10/site-packages/valkey/connection.py", line 696, in _connect
    for res in socket.getaddrinfo(
  File "/usr/lib/python3.10/socket.py", line 955, in getaddrinfo
    for res in _socket.getaddrinfo(host, port, family, type, proto, flags):
socket.gaierror: [Errno -3] Temporary failure in name resolution

During handling of the above exception, another exception occurred:

Traceback (most recent call last):
  File "/ragflow/rag/utils/redis_conn.py", line 228, in queue_consumer
    group_info = self.REDIS.xinfo_groups(queue_name)
  File "/ragflow/.venv/lib/python3.10/site-packages/valkey/commands/core.py", line 3810, in xinfo_groups
    return self.execute_command("XINFO GROUPS", name)
  File "/ragflow/.venv/lib/python3.10/site-packages/valkey/client.py", line 564, in execute_command
    conn = self.connection or pool.get_connection(command_name, **options)
  File "/ragflow/.venv/lib/python3.10/site-packages/valkey/connection.py", line 1107, in get_connection
    connection.connect()
  File "/ragflow/.venv/lib/python3.10/site-packages/valkey/connection.py", line 308, in connect
    raise ConnectionError(self._error_message(e))
valkey.exceptions.ConnectionError: Error -3 connecting to redis:6379. Temporary failure in name resolution.
2025-06-19 13:10:24,409 ERROR    35 RedisDB.queue_consumer rag_flow_svr_queue got exception: Error -3 connecting to redis:6379. Temporary failure in name resolution.
Traceback (most recent call last):
  File "/ragflow/rag/svr/task_executor.py", line 193, in collect
    redis_msg = next(UNACKED_ITERATOR)
StopIteration

During handling of the above exception, another exception occurred:

Traceback (most recent call last):
  File "/ragflow/.venv/lib/python3.10/site-packages/valkey/connection.py", line 302, in connect
    sock = self.retry.call_with_retry(
  File "/ragflow/.venv/lib/python3.10/site-packages/valkey/retry.py", line 62, in call_with_retry
    return do()
  File "/ragflow/.venv/lib/python3.10/site-packages/valkey/connection.py", line 303, in <lambda>
    lambda: self._connect(), lambda error: self.disconnect(error)
  File "/ragflow/.venv/lib/python3.10/site-packages/valkey/connection.py", line 696, in _connect
    for res in socket.getaddrinfo(
  File "/usr/lib/python3.10/socket.py", line 955, in getaddrinfo
    for res in _socket.getaddrinfo(host, port, family, type, proto, flags):
socket.gaierror: [Errno -3] Temporary failure in name resolution

During handling of the above exception, another exception occurred:

Traceback (most recent call last):
  File "/ragflow/rag/utils/redis_conn.py", line 228, in queue_consumer
    group_info = self.REDIS.xinfo_groups(queue_name)
  File "/ragflow/.venv/lib/python3.10/site-packages/valkey/commands/core.py", line 3810, in xinfo_groups
    return self.execute_command("XINFO GROUPS", name)
  File "/ragflow/.venv/lib/python3.10/site-packages/valkey/client.py", line 564, in execute_command
    conn = self.connection or pool.get_connection(command_name, **options)
  File "/ragflow/.venv/lib/python3.10/site-packages/valkey/connection.py", line 1107, in get_connection
    connection.connect()
  File "/ragflow/.venv/lib/python3.10/site-packages/valkey/connection.py", line 308, in connect
    raise ConnectionError(self._error_message(e))
valkey.exceptions.ConnectionError: Error -3 connecting to redis:6379. Temporary failure in name resolution.
