2025-06-19 12:39:09,498 INFO     60 task_executor_65688845b943_0 log path: /ragflow/logs/task_executor_65688845b943_0.log, log levels: {'peewee': 'WARNING', 'pdfminer': 'WARNING', 'root': 'INFO'}
2025-06-19 12:39:09,499 INFO     60 
  ______           __      ______                     __
 /_  __/___ ______/ /__   / ____/  _____  _______  __/ /_____  _____
  / / / __ `/ ___/ //_/  / __/ | |/_/ _ \/ ___/ / / / __/ __ \/ ___/
 / / / /_/ (__  ) ,<    / /____>  </  __/ /__/ /_/ / /_/ /_/ / /
/_/  \__,_/____/_/|_|  /_____/_/|_|\___/\___/\__,_/\__/\____/_/
    
2025-06-19 12:39:09,499 INFO     60 TaskExecutor: RAGFlow version: v0.19.0 slim
2025-06-19 12:39:09,500 INFO     60 Use Elasticsearch http://es01:9200 as the doc engine.
2025-06-19 12:39:09,504 INFO     60 GET http://es01:9200/ [status:N/A duration:0.004s]
2025-06-19 12:39:09,505 WARNING  60 Node <Urllib3HttpNode(http://es01:9200)> has failed for 1 times in a row, putting on 1 second timeout
2025-06-19 12:39:09,505 WARNING  60 Retrying request after failure (attempt 0 of 3)
Traceback (most recent call last):
  File "/ragflow/.venv/lib/python3.10/site-packages/elastic_transport/_transport.py", line 328, in perform_request
    meta, raw_data = node.perform_request(
  File "/ragflow/.venv/lib/python3.10/site-packages/elastic_transport/_node/_http_urllib3.py", line 202, in perform_request
    raise err from None
elastic_transport.ConnectionError: Connection error caused by: NameResolutionError(<urllib3.connection.HTTPConnection object at 0x7fae1ab00730>: Failed to resolve 'es01' ([Errno -3] Temporary failure in name resolution))
2025-06-19 12:39:09,508 INFO     60 GET http://es01:9200/ [status:N/A duration:0.003s]
2025-06-19 12:39:09,509 WARNING  60 Node <Urllib3HttpNode(http://es01:9200)> has failed for 2 times in a row, putting on 2 second timeout
2025-06-19 12:39:09,509 WARNING  60 Retrying request after failure (attempt 1 of 3)
Traceback (most recent call last):
  File "/ragflow/.venv/lib/python3.10/site-packages/elastic_transport/_transport.py", line 328, in perform_request
    meta, raw_data = node.perform_request(
  File "/ragflow/.venv/lib/python3.10/site-packages/elastic_transport/_node/_http_urllib3.py", line 202, in perform_request
    raise err from None
elastic_transport.ConnectionError: Connection error caused by: NameResolutionError(<urllib3.connection.HTTPConnection object at 0x7fae1ab000d0>: Failed to resolve 'es01' ([Errno -3] Temporary failure in name resolution))
2025-06-19 12:39:09,514 INFO     60 GET http://es01:9200/ [status:N/A duration:0.004s]
2025-06-19 12:39:09,514 WARNING  60 Node <Urllib3HttpNode(http://es01:9200)> has failed for 3 times in a row, putting on 4 second timeout
2025-06-19 12:39:09,514 WARNING  60 Retrying request after failure (attempt 2 of 3)
Traceback (most recent call last):
  File "/ragflow/.venv/lib/python3.10/site-packages/elastic_transport/_transport.py", line 328, in perform_request
    meta, raw_data = node.perform_request(
  File "/ragflow/.venv/lib/python3.10/site-packages/elastic_transport/_node/_http_urllib3.py", line 202, in perform_request
    raise err from None
elastic_transport.ConnectionError: Connection error caused by: NameResolutionError(<urllib3.connection.HTTPConnection object at 0x7fae1ab03550>: Failed to resolve 'es01' ([Errno -3] Temporary failure in name resolution))
2025-06-19 12:39:09,518 INFO     60 GET http://es01:9200/ [status:N/A duration:0.003s]
2025-06-19 12:39:09,518 WARNING  60 Node <Urllib3HttpNode(http://es01:9200)> has failed for 4 times in a row, putting on 8 second timeout
2025-06-19 12:39:09,519 WARNING  60 Connection error caused by: ConnectionError(Connection error caused by: NameResolutionError(<urllib3.connection.HTTPConnection object at 0x7fae1ab00730>: Failed to resolve 'es01' ([Errno -3] Temporary failure in name resolution))). Waiting Elasticsearch http://es01:9200 to be healthy.
2025-06-19 12:39:14,531 INFO     60 GET http://es01:9200/ [status:N/A duration:0.006s]
2025-06-19 12:39:14,532 WARNING  60 Node <Urllib3HttpNode(http://es01:9200)> has failed for 1 times in a row, putting on 1 second timeout
2025-06-19 12:39:14,535 WARNING  60 Retrying request after failure (attempt 0 of 3)
Traceback (most recent call last):
  File "/ragflow/.venv/lib/python3.10/site-packages/elastic_transport/_transport.py", line 328, in perform_request
    meta, raw_data = node.perform_request(
  File "/ragflow/.venv/lib/python3.10/site-packages/elastic_transport/_node/_http_urllib3.py", line 202, in perform_request
    raise err from None
elastic_transport.ConnectionError: Connection error caused by: NameResolutionError(<urllib3.connection.HTTPConnection object at 0x7fae1ab66890>: Failed to resolve 'es01' ([Errno -3] Temporary failure in name resolution))
2025-06-19 12:39:14,539 INFO     60 GET http://es01:9200/ [status:N/A duration:0.003s]
2025-06-19 12:39:14,539 WARNING  60 Node <Urllib3HttpNode(http://es01:9200)> has failed for 2 times in a row, putting on 2 second timeout
2025-06-19 12:39:14,539 WARNING  60 Retrying request after failure (attempt 1 of 3)
Traceback (most recent call last):
  File "/ragflow/.venv/lib/python3.10/site-packages/elastic_transport/_transport.py", line 328, in perform_request
    meta, raw_data = node.perform_request(
  File "/ragflow/.venv/lib/python3.10/site-packages/elastic_transport/_node/_http_urllib3.py", line 202, in perform_request
    raise err from None
elastic_transport.ConnectionError: Connection error caused by: NameResolutionError(<urllib3.connection.HTTPConnection object at 0x7fae1ab655a0>: Failed to resolve 'es01' ([Errno -3] Temporary failure in name resolution))
2025-06-19 12:39:14,542 INFO     60 GET http://es01:9200/ [status:N/A duration:0.002s]
2025-06-19 12:39:14,542 WARNING  60 Node <Urllib3HttpNode(http://es01:9200)> has failed for 3 times in a row, putting on 4 second timeout
2025-06-19 12:39:14,542 WARNING  60 Retrying request after failure (attempt 2 of 3)
Traceback (most recent call last):
  File "/ragflow/.venv/lib/python3.10/site-packages/elastic_transport/_transport.py", line 328, in perform_request
    meta, raw_data = node.perform_request(
  File "/ragflow/.venv/lib/python3.10/site-packages/elastic_transport/_node/_http_urllib3.py", line 202, in perform_request
    raise err from None
elastic_transport.ConnectionError: Connection error caused by: NameResolutionError(<urllib3.connection.HTTPConnection object at 0x7fae1ab67190>: Failed to resolve 'es01' ([Errno -3] Temporary failure in name resolution))
2025-06-19 12:39:14,544 INFO     60 GET http://es01:9200/ [status:N/A duration:0.002s]
2025-06-19 12:39:14,544 WARNING  60 Node <Urllib3HttpNode(http://es01:9200)> has failed for 4 times in a row, putting on 8 second timeout
2025-06-19 12:39:14,545 WARNING  60 Connection error caused by: ConnectionError(Connection error caused by: NameResolutionError(<urllib3.connection.HTTPConnection object at 0x7fae1ab66890>: Failed to resolve 'es01' ([Errno -3] Temporary failure in name resolution))). Waiting Elasticsearch http://es01:9200 to be healthy.
2025-06-19 12:39:19,550 INFO     60 Resurrected node <Urllib3HttpNode(http://es01:9200)> (force=False)
2025-06-19 12:39:19,556 INFO     60 HEAD http://es01:9200/ [status:N/A duration:0.006s]
2025-06-19 12:39:19,557 WARNING  60 Node <Urllib3HttpNode(http://es01:9200)> has failed for 5 times in a row, putting on 16 second timeout
2025-06-19 12:39:19,557 WARNING  60 Retrying request after failure (attempt 0 of 3)
Traceback (most recent call last):
  File "/ragflow/.venv/lib/python3.10/site-packages/elastic_transport/_transport.py", line 328, in perform_request
    meta, raw_data = node.perform_request(
  File "/ragflow/.venv/lib/python3.10/site-packages/elastic_transport/_node/_http_urllib3.py", line 202, in perform_request
    raise err from None
elastic_transport.ConnectionError: Connection error caused by: NameResolutionError(<urllib3.connection.HTTPConnection object at 0x7fae1ab642b0>: Failed to resolve 'es01' ([Errno -3] Temporary failure in name resolution))
2025-06-19 12:39:19,558 INFO     60 Resurrected node <Urllib3HttpNode(http://es01:9200)> (force=False)
2025-06-19 12:39:19,561 INFO     60 HEAD http://es01:9200/ [status:N/A duration:0.003s]
2025-06-19 12:39:19,562 WARNING  60 Node <Urllib3HttpNode(http://es01:9200)> has failed for 6 times in a row, putting on 30 second timeout
2025-06-19 12:39:19,562 WARNING  60 Retrying request after failure (attempt 1 of 3)
Traceback (most recent call last):
  File "/ragflow/.venv/lib/python3.10/site-packages/elastic_transport/_transport.py", line 328, in perform_request
    meta, raw_data = node.perform_request(
  File "/ragflow/.venv/lib/python3.10/site-packages/elastic_transport/_node/_http_urllib3.py", line 202, in perform_request
    raise err from None
elastic_transport.ConnectionError: Connection error caused by: NameResolutionError(<urllib3.connection.HTTPConnection object at 0x7fae1ab65d80>: Failed to resolve 'es01' ([Errno -3] Temporary failure in name resolution))
2025-06-19 12:39:19,562 INFO     60 Resurrected node <Urllib3HttpNode(http://es01:9200)> (force=False)
2025-06-19 12:39:19,568 INFO     60 HEAD http://es01:9200/ [status:N/A duration:0.006s]
2025-06-19 12:39:19,569 WARNING  60 Node <Urllib3HttpNode(http://es01:9200)> has failed for 7 times in a row, putting on 30 second timeout
2025-06-19 12:39:19,569 WARNING  60 Retrying request after failure (attempt 2 of 3)
Traceback (most recent call last):
  File "/ragflow/.venv/lib/python3.10/site-packages/elastic_transport/_transport.py", line 328, in perform_request
    meta, raw_data = node.perform_request(
  File "/ragflow/.venv/lib/python3.10/site-packages/elastic_transport/_node/_http_urllib3.py", line 202, in perform_request
    raise err from None
elastic_transport.ConnectionError: Connection error caused by: NameResolutionError(<urllib3.connection.HTTPConnection object at 0x7fae1ab64b50>: Failed to resolve 'es01' ([Errno -3] Temporary failure in name resolution))
2025-06-19 12:39:19,572 INFO     60 HEAD http://es01:9200/ [status:N/A duration:0.003s]
2025-06-19 12:39:19,573 WARNING  60 Node <Urllib3HttpNode(http://es01:9200)> has failed for 8 times in a row, putting on 30 second timeout
2025-06-19 12:39:19,573 ERROR    60 Elasticsearch http://es01:9200 is unhealthy in 120s.
