2025-06-17 23:24:37,664 INFO     41 task_executor_8906baaa6ac3_0 log path: /ragflow/logs/task_executor_8906baaa6ac3_0.log, log levels: {'peewee': 'WARNING', 'pdfminer': 'WARNING', 'root': 'INFO'}
2025-06-17 23:24:37,665 INFO     41 
  ______           __      ______                     __
 /_  __/___ ______/ /__   / ____/  _____  _______  __/ /_____  _____
  / / / __ `/ ___/ //_/  / __/ | |/_/ _ \/ ___/ / / / __/ __ \/ ___/
 / / / /_/ (__  ) ,<    / /____>  </  __/ /__/ /_/ / /_/ /_/ / /
/_/  \__,_/____/_/|_|  /_____/_/|_|\___/\___/\__,_/\__/\____/_/
    
2025-06-17 23:24:37,665 INFO     41 TaskExecutor: RAGFlow version: v0.19.0 slim
2025-06-17 23:24:37,666 INFO     41 Use Elasticsearch http://es01:9200 as the doc engine.
2025-06-17 23:24:38,014 INFO     41 GET http://es01:9200/ [status:200 duration:0.347s]
2025-06-17 23:24:38,021 INFO     41 HEAD http://es01:9200/ [status:200 duration:0.006s]
2025-06-17 23:24:38,023 INFO     41 Elasticsearch http://es01:9200 is healthy.
2025-06-17 23:24:38,033 WARNING  41 Load term.freq FAIL!
2025-06-17 23:24:38,042 WARNING  41 Realtime synonym is disabled, since no redis connection.
2025-06-17 23:24:38,052 WARNING  41 Load term.freq FAIL!
2025-06-17 23:24:38,059 WARNING  41 Realtime synonym is disabled, since no redis connection.
2025-06-17 23:24:38,060 INFO     41 MAX_CONTENT_LENGTH: 134217728
2025-06-17 23:24:38,060 INFO     41 MAX_FILE_COUNT_PER_USER: 0
2025-06-17 23:24:38,067 INFO     41 task_executor_8906baaa6ac3_0 reported heartbeat: {"name": "task_executor_8906baaa6ac3_0", "now": "2025-06-17T23:24:38.066+08:00", "boot_at": "2025-06-17T23:24:37.664+08:00", "pending": 0, "lag": 0, "done": 0, "failed": 0, "current": {}}
2025-06-17 23:24:38,069 INFO     41 task_executor_b6acf9e49527_0 expired, removed
2025-06-17 23:24:38,070 WARNING  41 RedisDB.get_unacked_iterator queue rag_flow_svr_queue_1 doesn't exist
2025-06-17 23:25:08,073 INFO     41 task_executor_8906baaa6ac3_0 reported heartbeat: {"name": "task_executor_8906baaa6ac3_0", "now": "2025-06-17T23:25:08.071+08:00", "boot_at": "2025-06-17T23:24:37.664+08:00", "pending": 0, "lag": 0, "done": 0, "failed": 0, "current": {}}
2025-06-17 23:25:38,076 INFO     41 task_executor_8906baaa6ac3_0 reported heartbeat: {"name": "task_executor_8906baaa6ac3_0", "now": "2025-06-17T23:25:38.075+08:00", "boot_at": "2025-06-17T23:24:37.664+08:00", "pending": 0, "lag": 0, "done": 0, "failed": 0, "current": {}}
2025-06-17 23:26:08,081 INFO     41 task_executor_8906baaa6ac3_0 reported heartbeat: {"name": "task_executor_8906baaa6ac3_0", "now": "2025-06-17T23:26:08.079+08:00", "boot_at": "2025-06-17T23:24:37.664+08:00", "pending": 0, "lag": 0, "done": 0, "failed": 0, "current": {}}
2025-06-17 23:26:38,085 INFO     41 task_executor_8906baaa6ac3_0 reported heartbeat: {"name": "task_executor_8906baaa6ac3_0", "now": "2025-06-17T23:26:38.084+08:00", "boot_at": "2025-06-17T23:24:37.664+08:00", "pending": 0, "lag": 0, "done": 0, "failed": 0, "current": {}}
2025-06-17 23:27:08,089 INFO     41 task_executor_8906baaa6ac3_0 reported heartbeat: {"name": "task_executor_8906baaa6ac3_0", "now": "2025-06-17T23:27:08.087+08:00", "boot_at": "2025-06-17T23:24:37.664+08:00", "pending": 0, "lag": 0, "done": 0, "failed": 0, "current": {}}
