2025-06-19 14:04:22,475 INFO     38 task_executor_438900a23c5d_0 log path: /ragflow/logs/task_executor_438900a23c5d_0.log, log levels: {'peewee': 'WARNING', 'pdfminer': 'WARNING', 'root': 'INFO'}
2025-06-19 14:04:22,475 INFO     38 
  ______           __      ______                     __
 /_  __/___ ______/ /__   / ____/  _____  _______  __/ /_____  _____
  / / / __ `/ ___/ //_/  / __/ | |/_/ _ \/ ___/ / / / __/ __ \/ ___/
 / / / /_/ (__  ) ,<    / /____>  </  __/ /__/ /_/ / /_/ /_/ / /
/_/  \__,_/____/_/|_|  /_____/_/|_|\___/\___/\__,_/\__/\____/_/
    
2025-06-19 14:04:22,475 INFO     38 TaskExecutor: RAGFlow version: v0.19.0 slim
2025-06-19 14:04:22,476 INFO     38 Use Elasticsearch http://es01:9200 as the doc engine.
2025-06-19 14:04:22,798 INFO     38 GET http://es01:9200/ [status:200 duration:0.321s]
2025-06-19 14:04:22,835 INFO     38 HEAD http://es01:9200/ [status:200 duration:0.036s]
2025-06-19 14:04:22,837 INFO     38 Elasticsearch http://es01:9200 is healthy.
2025-06-19 14:04:22,847 WARNING  38 Load term.freq FAIL!
2025-06-19 14:04:22,857 WARNING  38 Realtime synonym is disabled, since no redis connection.
2025-06-19 14:04:22,866 WARNING  38 Load term.freq FAIL!
2025-06-19 14:04:22,873 WARNING  38 Realtime synonym is disabled, since no redis connection.
2025-06-19 14:04:22,873 INFO     38 MAX_CONTENT_LENGTH: 134217728
2025-06-19 14:04:22,874 INFO     38 MAX_FILE_COUNT_PER_USER: 0
2025-06-19 14:04:22,882 INFO     38 task_executor_438900a23c5d_0 reported heartbeat: {"name": "task_executor_438900a23c5d_0", "now": "2025-06-19T14:04:22.881+08:00", "boot_at": "2025-06-19T14:04:22.474+08:00", "pending": 0, "lag": 0, "done": 0, "failed": 0, "current": {}}
2025-06-19 14:04:22,884 INFO     38 task_executor_ca557f92202b_0 expired, removed
2025-06-19 14:04:22,885 WARNING  38 RedisDB.get_unacked_iterator queue rag_flow_svr_queue_1 doesn't exist
2025-06-19 14:04:52,888 INFO     38 task_executor_438900a23c5d_0 reported heartbeat: {"name": "task_executor_438900a23c5d_0", "now": "2025-06-19T14:04:52.886+08:00", "boot_at": "2025-06-19T14:04:22.474+08:00", "pending": 0, "lag": 0, "done": 0, "failed": 0, "current": {}}
2025-06-19 14:05:22,893 INFO     38 task_executor_438900a23c5d_0 reported heartbeat: {"name": "task_executor_438900a23c5d_0", "now": "2025-06-19T14:05:22.892+08:00", "boot_at": "2025-06-19T14:04:22.474+08:00", "pending": 0, "lag": 0, "done": 0, "failed": 0, "current": {}}
2025-06-19 14:05:52,898 INFO     38 task_executor_438900a23c5d_0 reported heartbeat: {"name": "task_executor_438900a23c5d_0", "now": "2025-06-19T14:05:52.897+08:00", "boot_at": "2025-06-19T14:04:22.474+08:00", "pending": 0, "lag": 0, "done": 0, "failed": 0, "current": {}}
2025-06-19 14:06:22,904 INFO     38 task_executor_438900a23c5d_0 reported heartbeat: {"name": "task_executor_438900a23c5d_0", "now": "2025-06-19T14:06:22.902+08:00", "boot_at": "2025-06-19T14:04:22.474+08:00", "pending": 0, "lag": 0, "done": 0, "failed": 0, "current": {}}
2025-06-19 14:06:52,909 INFO     38 task_executor_438900a23c5d_0 reported heartbeat: {"name": "task_executor_438900a23c5d_0", "now": "2025-06-19T14:06:52.906+08:00", "boot_at": "2025-06-19T14:04:22.474+08:00", "pending": 0, "lag": 0, "done": 0, "failed": 0, "current": {}}
2025-06-19 14:07:22,914 INFO     38 task_executor_438900a23c5d_0 reported heartbeat: {"name": "task_executor_438900a23c5d_0", "now": "2025-06-19T14:07:22.912+08:00", "boot_at": "2025-06-19T14:04:22.474+08:00", "pending": 0, "lag": 0, "done": 0, "failed": 0, "current": {}}
2025-06-19 14:07:52,918 INFO     38 task_executor_438900a23c5d_0 reported heartbeat: {"name": "task_executor_438900a23c5d_0", "now": "2025-06-19T14:07:52.916+08:00", "boot_at": "2025-06-19T14:04:22.474+08:00", "pending": 0, "lag": 0, "done": 0, "failed": 0, "current": {}}
2025-06-19 14:08:22,923 INFO     38 task_executor_438900a23c5d_0 reported heartbeat: {"name": "task_executor_438900a23c5d_0", "now": "2025-06-19T14:08:22.921+08:00", "boot_at": "2025-06-19T14:04:22.474+08:00", "pending": 0, "lag": 0, "done": 0, "failed": 0, "current": {}}
2025-06-19 14:08:52,928 INFO     38 task_executor_438900a23c5d_0 reported heartbeat: {"name": "task_executor_438900a23c5d_0", "now": "2025-06-19T14:08:52.926+08:00", "boot_at": "2025-06-19T14:04:22.474+08:00", "pending": 0, "lag": 0, "done": 0, "failed": 0, "current": {}}
2025-06-19 14:09:22,933 INFO     38 task_executor_438900a23c5d_0 reported heartbeat: {"name": "task_executor_438900a23c5d_0", "now": "2025-06-19T14:09:22.931+08:00", "boot_at": "2025-06-19T14:04:22.474+08:00", "pending": 0, "lag": 0, "done": 0, "failed": 0, "current": {}}
2025-06-19 14:09:52,938 INFO     38 task_executor_438900a23c5d_0 reported heartbeat: {"name": "task_executor_438900a23c5d_0", "now": "2025-06-19T14:09:52.936+08:00", "boot_at": "2025-06-19T14:04:22.474+08:00", "pending": 0, "lag": 0, "done": 0, "failed": 0, "current": {}}
2025-06-19 14:10:22,944 INFO     38 task_executor_438900a23c5d_0 reported heartbeat: {"name": "task_executor_438900a23c5d_0", "now": "2025-06-19T14:10:22.942+08:00", "boot_at": "2025-06-19T14:04:22.474+08:00", "pending": 0, "lag": 0, "done": 0, "failed": 0, "current": {}}
2025-06-19 14:10:52,949 INFO     38 task_executor_438900a23c5d_0 reported heartbeat: {"name": "task_executor_438900a23c5d_0", "now": "2025-06-19T14:10:52.946+08:00", "boot_at": "2025-06-19T14:04:22.474+08:00", "pending": 0, "lag": 0, "done": 0, "failed": 0, "current": {}}
2025-06-19 14:11:22,954 INFO     38 task_executor_438900a23c5d_0 reported heartbeat: {"name": "task_executor_438900a23c5d_0", "now": "2025-06-19T14:11:22.953+08:00", "boot_at": "2025-06-19T14:04:22.474+08:00", "pending": 0, "lag": 0, "done": 0, "failed": 0, "current": {}}
2025-06-19 14:11:52,959 INFO     38 task_executor_438900a23c5d_0 reported heartbeat: {"name": "task_executor_438900a23c5d_0", "now": "2025-06-19T14:11:52.957+08:00", "boot_at": "2025-06-19T14:04:22.474+08:00", "pending": 0, "lag": 0, "done": 0, "failed": 0, "current": {}}
2025-06-19 14:12:22,965 INFO     38 task_executor_438900a23c5d_0 reported heartbeat: {"name": "task_executor_438900a23c5d_0", "now": "2025-06-19T14:12:22.963+08:00", "boot_at": "2025-06-19T14:04:22.474+08:00", "pending": 0, "lag": 0, "done": 0, "failed": 0, "current": {}}
2025-06-19 14:12:52,971 INFO     38 task_executor_438900a23c5d_0 reported heartbeat: {"name": "task_executor_438900a23c5d_0", "now": "2025-06-19T14:12:52.968+08:00", "boot_at": "2025-06-19T14:04:22.474+08:00", "pending": 0, "lag": 0, "done": 0, "failed": 0, "current": {}}
2025-06-19 14:13:22,975 INFO     38 task_executor_438900a23c5d_0 reported heartbeat: {"name": "task_executor_438900a23c5d_0", "now": "2025-06-19T14:13:22.973+08:00", "boot_at": "2025-06-19T14:04:22.474+08:00", "pending": 0, "lag": 0, "done": 0, "failed": 0, "current": {}}
2025-06-19 14:13:52,982 INFO     38 task_executor_438900a23c5d_0 reported heartbeat: {"name": "task_executor_438900a23c5d_0", "now": "2025-06-19T14:13:52.980+08:00", "boot_at": "2025-06-19T14:04:22.474+08:00", "pending": 0, "lag": 0, "done": 0, "failed": 0, "current": {}}
2025-06-19 14:14:22,988 INFO     38 task_executor_438900a23c5d_0 reported heartbeat: {"name": "task_executor_438900a23c5d_0", "now": "2025-06-19T14:14:22.985+08:00", "boot_at": "2025-06-19T14:04:22.474+08:00", "pending": 0, "lag": 0, "done": 0, "failed": 0, "current": {}}
2025-06-19 14:14:52,994 INFO     38 task_executor_438900a23c5d_0 reported heartbeat: {"name": "task_executor_438900a23c5d_0", "now": "2025-06-19T14:14:52.992+08:00", "boot_at": "2025-06-19T14:04:22.474+08:00", "pending": 0, "lag": 0, "done": 0, "failed": 0, "current": {}}
2025-06-19 14:15:22,999 INFO     38 task_executor_438900a23c5d_0 reported heartbeat: {"name": "task_executor_438900a23c5d_0", "now": "2025-06-19T14:15:22.997+08:00", "boot_at": "2025-06-19T14:04:22.474+08:00", "pending": 0, "lag": 0, "done": 0, "failed": 0, "current": {}}
2025-06-19 14:15:53,006 INFO     38 task_executor_438900a23c5d_0 reported heartbeat: {"name": "task_executor_438900a23c5d_0", "now": "2025-06-19T14:15:53.003+08:00", "boot_at": "2025-06-19T14:04:22.474+08:00", "pending": 0, "lag": 0, "done": 0, "failed": 0, "current": {}}
2025-06-19 14:16:23,012 INFO     38 task_executor_438900a23c5d_0 reported heartbeat: {"name": "task_executor_438900a23c5d_0", "now": "2025-06-19T14:16:23.010+08:00", "boot_at": "2025-06-19T14:04:22.474+08:00", "pending": 0, "lag": 0, "done": 0, "failed": 0, "current": {}}
2025-06-19 14:16:53,017 INFO     38 task_executor_438900a23c5d_0 reported heartbeat: {"name": "task_executor_438900a23c5d_0", "now": "2025-06-19T14:16:53.015+08:00", "boot_at": "2025-06-19T14:04:22.474+08:00", "pending": 0, "lag": 0, "done": 0, "failed": 0, "current": {}}
2025-06-19 14:17:23,022 INFO     38 task_executor_438900a23c5d_0 reported heartbeat: {"name": "task_executor_438900a23c5d_0", "now": "2025-06-19T14:17:23.019+08:00", "boot_at": "2025-06-19T14:04:22.474+08:00", "pending": 0, "lag": 0, "done": 0, "failed": 0, "current": {}}
2025-06-19 14:17:53,027 INFO     38 task_executor_438900a23c5d_0 reported heartbeat: {"name": "task_executor_438900a23c5d_0", "now": "2025-06-19T14:17:53.024+08:00", "boot_at": "2025-06-19T14:04:22.474+08:00", "pending": 0, "lag": 0, "done": 0, "failed": 0, "current": {}}
2025-06-19 14:18:23,034 INFO     38 task_executor_438900a23c5d_0 reported heartbeat: {"name": "task_executor_438900a23c5d_0", "now": "2025-06-19T14:18:23.031+08:00", "boot_at": "2025-06-19T14:04:22.474+08:00", "pending": 0, "lag": 0, "done": 0, "failed": 0, "current": {}}
2025-06-19 14:18:53,052 INFO     38 task_executor_438900a23c5d_0 reported heartbeat: {"name": "task_executor_438900a23c5d_0", "now": "2025-06-19T14:18:53.050+08:00", "boot_at": "2025-06-19T14:04:22.474+08:00", "pending": 0, "lag": 0, "done": 0, "failed": 0, "current": {}}
2025-06-19 14:19:23,058 INFO     38 task_executor_438900a23c5d_0 reported heartbeat: {"name": "task_executor_438900a23c5d_0", "now": "2025-06-19T14:19:23.056+08:00", "boot_at": "2025-06-19T14:04:22.474+08:00", "pending": 0, "lag": 0, "done": 0, "failed": 0, "current": {}}
2025-06-19 14:19:53,064 INFO     38 task_executor_438900a23c5d_0 reported heartbeat: {"name": "task_executor_438900a23c5d_0", "now": "2025-06-19T14:19:53.062+08:00", "boot_at": "2025-06-19T14:04:22.474+08:00", "pending": 0, "lag": 0, "done": 0, "failed": 0, "current": {}}
2025-06-19 14:20:23,069 INFO     38 task_executor_438900a23c5d_0 reported heartbeat: {"name": "task_executor_438900a23c5d_0", "now": "2025-06-19T14:20:23.067+08:00", "boot_at": "2025-06-19T14:04:22.474+08:00", "pending": 0, "lag": 0, "done": 0, "failed": 0, "current": {}}
2025-06-19 14:20:53,075 INFO     38 task_executor_438900a23c5d_0 reported heartbeat: {"name": "task_executor_438900a23c5d_0", "now": "2025-06-19T14:20:53.073+08:00", "boot_at": "2025-06-19T14:04:22.474+08:00", "pending": 0, "lag": 0, "done": 0, "failed": 0, "current": {}}
2025-06-19 14:21:23,080 INFO     38 task_executor_438900a23c5d_0 reported heartbeat: {"name": "task_executor_438900a23c5d_0", "now": "2025-06-19T14:21:23.078+08:00", "boot_at": "2025-06-19T14:04:22.474+08:00", "pending": 0, "lag": 0, "done": 0, "failed": 0, "current": {}}
2025-06-19 14:21:53,086 INFO     38 task_executor_438900a23c5d_0 reported heartbeat: {"name": "task_executor_438900a23c5d_0", "now": "2025-06-19T14:21:53.084+08:00", "boot_at": "2025-06-19T14:04:22.474+08:00", "pending": 0, "lag": 0, "done": 0, "failed": 0, "current": {}}
2025-06-19 14:22:23,094 INFO     38 task_executor_438900a23c5d_0 reported heartbeat: {"name": "task_executor_438900a23c5d_0", "now": "2025-06-19T14:22:23.092+08:00", "boot_at": "2025-06-19T14:04:22.474+08:00", "pending": 0, "lag": 0, "done": 0, "failed": 0, "current": {}}
2025-06-19 14:22:53,100 INFO     38 task_executor_438900a23c5d_0 reported heartbeat: {"name": "task_executor_438900a23c5d_0", "now": "2025-06-19T14:22:53.097+08:00", "boot_at": "2025-06-19T14:04:22.474+08:00", "pending": 0, "lag": 0, "done": 0, "failed": 0, "current": {}}
2025-06-19 14:23:23,107 INFO     38 task_executor_438900a23c5d_0 reported heartbeat: {"name": "task_executor_438900a23c5d_0", "now": "2025-06-19T14:23:23.105+08:00", "boot_at": "2025-06-19T14:04:22.474+08:00", "pending": 0, "lag": 0, "done": 0, "failed": 0, "current": {}}
2025-06-19 14:23:53,112 INFO     38 task_executor_438900a23c5d_0 reported heartbeat: {"name": "task_executor_438900a23c5d_0", "now": "2025-06-19T14:23:53.111+08:00", "boot_at": "2025-06-19T14:04:22.474+08:00", "pending": 0, "lag": 0, "done": 0, "failed": 0, "current": {}}
2025-06-19 14:24:23,119 INFO     38 task_executor_438900a23c5d_0 reported heartbeat: {"name": "task_executor_438900a23c5d_0", "now": "2025-06-19T14:24:23.118+08:00", "boot_at": "2025-06-19T14:04:22.474+08:00", "pending": 0, "lag": 0, "done": 0, "failed": 0, "current": {}}
2025-06-19 14:24:53,122 INFO     38 task_executor_438900a23c5d_0 reported heartbeat: {"name": "task_executor_438900a23c5d_0", "now": "2025-06-19T14:24:53.121+08:00", "boot_at": "2025-06-19T14:04:22.474+08:00", "pending": 0, "lag": 0, "done": 0, "failed": 0, "current": {}}
2025-06-19 14:25:23,126 INFO     38 task_executor_438900a23c5d_0 reported heartbeat: {"name": "task_executor_438900a23c5d_0", "now": "2025-06-19T14:25:23.125+08:00", "boot_at": "2025-06-19T14:04:22.474+08:00", "pending": 0, "lag": 0, "done": 0, "failed": 0, "current": {}}
2025-06-19 14:25:53,129 INFO     38 task_executor_438900a23c5d_0 reported heartbeat: {"name": "task_executor_438900a23c5d_0", "now": "2025-06-19T14:25:53.128+08:00", "boot_at": "2025-06-19T14:04:22.474+08:00", "pending": 0, "lag": 0, "done": 0, "failed": 0, "current": {}}
2025-06-19 14:26:23,132 INFO     38 task_executor_438900a23c5d_0 reported heartbeat: {"name": "task_executor_438900a23c5d_0", "now": "2025-06-19T14:26:23.131+08:00", "boot_at": "2025-06-19T14:04:22.474+08:00", "pending": 0, "lag": 0, "done": 0, "failed": 0, "current": {}}
2025-06-19 14:26:53,137 INFO     38 task_executor_438900a23c5d_0 reported heartbeat: {"name": "task_executor_438900a23c5d_0", "now": "2025-06-19T14:26:53.135+08:00", "boot_at": "2025-06-19T14:04:22.474+08:00", "pending": 0, "lag": 0, "done": 0, "failed": 0, "current": {}}
2025-06-19 14:27:23,141 INFO     38 task_executor_438900a23c5d_0 reported heartbeat: {"name": "task_executor_438900a23c5d_0", "now": "2025-06-19T14:27:23.140+08:00", "boot_at": "2025-06-19T14:04:22.474+08:00", "pending": 0, "lag": 0, "done": 0, "failed": 0, "current": {}}
2025-06-19 14:27:53,144 INFO     38 task_executor_438900a23c5d_0 reported heartbeat: {"name": "task_executor_438900a23c5d_0", "now": "2025-06-19T14:27:53.143+08:00", "boot_at": "2025-06-19T14:04:22.474+08:00", "pending": 0, "lag": 0, "done": 0, "failed": 0, "current": {}}
2025-06-19 14:28:23,147 INFO     38 task_executor_438900a23c5d_0 reported heartbeat: {"name": "task_executor_438900a23c5d_0", "now": "2025-06-19T14:28:23.146+08:00", "boot_at": "2025-06-19T14:04:22.474+08:00", "pending": 0, "lag": 0, "done": 0, "failed": 0, "current": {}}
2025-06-19 14:28:53,150 INFO     38 task_executor_438900a23c5d_0 reported heartbeat: {"name": "task_executor_438900a23c5d_0", "now": "2025-06-19T14:28:53.149+08:00", "boot_at": "2025-06-19T14:04:22.474+08:00", "pending": 0, "lag": 0, "done": 0, "failed": 0, "current": {}}
2025-06-19 14:29:21,051 ERROR    38 RedisDB.queue_consumer rag_flow_svr_queue_1 got exception: Error -3 connecting to redis:6379. Temporary failure in name resolution.
Traceback (most recent call last):
  File "/ragflow/rag/svr/task_executor.py", line 193, in collect
    redis_msg = next(UNACKED_ITERATOR)
StopIteration

During handling of the above exception, another exception occurred:

Traceback (most recent call last):
  File "/ragflow/.venv/lib/python3.10/site-packages/valkey/connection.py", line 1116, in get_connection
    if connection.can_read() and connection.client_cache is None:
  File "/ragflow/.venv/lib/python3.10/site-packages/valkey/connection.py", line 524, in can_read
    return self._parser.can_read(timeout)
  File "/ragflow/.venv/lib/python3.10/site-packages/valkey/_parsers/base.py", line 128, in can_read
    return self._buffer and self._buffer.can_read(timeout)
  File "/ragflow/.venv/lib/python3.10/site-packages/valkey/_parsers/socket.py", line 95, in can_read
    return bool(self.unread_bytes()) or self._read_from_socket(
  File "/ragflow/.venv/lib/python3.10/site-packages/valkey/_parsers/socket.py", line 68, in _read_from_socket
    raise ConnectionError(SERVER_CLOSED_CONNECTION_ERROR)
valkey.exceptions.ConnectionError: Connection closed by server.

During handling of the above exception, another exception occurred:

Traceback (most recent call last):
  File "/ragflow/.venv/lib/python3.10/site-packages/valkey/connection.py", line 302, in connect
    sock = self.retry.call_with_retry(
  File "/ragflow/.venv/lib/python3.10/site-packages/valkey/retry.py", line 62, in call_with_retry
    return do()
  File "/ragflow/.venv/lib/python3.10/site-packages/valkey/connection.py", line 303, in <lambda>
    lambda: self._connect(), lambda error: self.disconnect(error)
  File "/ragflow/.venv/lib/python3.10/site-packages/valkey/connection.py", line 696, in _connect
    for res in socket.getaddrinfo(
  File "/usr/lib/python3.10/socket.py", line 955, in getaddrinfo
    for res in _socket.getaddrinfo(host, port, family, type, proto, flags):
socket.gaierror: [Errno -3] Temporary failure in name resolution

During handling of the above exception, another exception occurred:

Traceback (most recent call last):
  File "/ragflow/rag/utils/redis_conn.py", line 228, in queue_consumer
    group_info = self.REDIS.xinfo_groups(queue_name)
  File "/ragflow/.venv/lib/python3.10/site-packages/valkey/commands/core.py", line 3810, in xinfo_groups
    return self.execute_command("XINFO GROUPS", name)
  File "/ragflow/.venv/lib/python3.10/site-packages/valkey/client.py", line 564, in execute_command
    conn = self.connection or pool.get_connection(command_name, **options)
  File "/ragflow/.venv/lib/python3.10/site-packages/valkey/connection.py", line 1120, in get_connection
    connection.connect()
  File "/ragflow/.venv/lib/python3.10/site-packages/valkey/connection.py", line 308, in connect
    raise ConnectionError(self._error_message(e))
valkey.exceptions.ConnectionError: Error -3 connecting to redis:6379. Temporary failure in name resolution.
2025-06-19 14:29:21,069 ERROR    38 RedisDB.queue_consumer rag_flow_svr_queue got exception: Error -3 connecting to redis:6379. Temporary failure in name resolution.
Traceback (most recent call last):
  File "/ragflow/rag/svr/task_executor.py", line 193, in collect
    redis_msg = next(UNACKED_ITERATOR)
StopIteration

During handling of the above exception, another exception occurred:

Traceback (most recent call last):
  File "/ragflow/.venv/lib/python3.10/site-packages/valkey/connection.py", line 302, in connect
    sock = self.retry.call_with_retry(
  File "/ragflow/.venv/lib/python3.10/site-packages/valkey/retry.py", line 62, in call_with_retry
    return do()
  File "/ragflow/.venv/lib/python3.10/site-packages/valkey/connection.py", line 303, in <lambda>
    lambda: self._connect(), lambda error: self.disconnect(error)
  File "/ragflow/.venv/lib/python3.10/site-packages/valkey/connection.py", line 696, in _connect
    for res in socket.getaddrinfo(
  File "/usr/lib/python3.10/socket.py", line 955, in getaddrinfo
    for res in _socket.getaddrinfo(host, port, family, type, proto, flags):
socket.gaierror: [Errno -3] Temporary failure in name resolution

During handling of the above exception, another exception occurred:

Traceback (most recent call last):
  File "/ragflow/rag/utils/redis_conn.py", line 228, in queue_consumer
    group_info = self.REDIS.xinfo_groups(queue_name)
  File "/ragflow/.venv/lib/python3.10/site-packages/valkey/commands/core.py", line 3810, in xinfo_groups
    return self.execute_command("XINFO GROUPS", name)
  File "/ragflow/.venv/lib/python3.10/site-packages/valkey/client.py", line 564, in execute_command
    conn = self.connection or pool.get_connection(command_name, **options)
  File "/ragflow/.venv/lib/python3.10/site-packages/valkey/connection.py", line 1107, in get_connection
    connection.connect()
  File "/ragflow/.venv/lib/python3.10/site-packages/valkey/connection.py", line 308, in connect
    raise ConnectionError(self._error_message(e))
valkey.exceptions.ConnectionError: Error -3 connecting to redis:6379. Temporary failure in name resolution.
2025-06-19 14:29:21,150 ERROR    38 RedisDB.queue_consumer rag_flow_svr_queue_1 got exception: Error -3 connecting to redis:6379. Temporary failure in name resolution.
Traceback (most recent call last):
  File "/ragflow/rag/svr/task_executor.py", line 193, in collect
    redis_msg = next(UNACKED_ITERATOR)
StopIteration

During handling of the above exception, another exception occurred:

Traceback (most recent call last):
  File "/ragflow/.venv/lib/python3.10/site-packages/valkey/connection.py", line 302, in connect
    sock = self.retry.call_with_retry(
  File "/ragflow/.venv/lib/python3.10/site-packages/valkey/retry.py", line 62, in call_with_retry
    return do()
  File "/ragflow/.venv/lib/python3.10/site-packages/valkey/connection.py", line 303, in <lambda>
    lambda: self._connect(), lambda error: self.disconnect(error)
  File "/ragflow/.venv/lib/python3.10/site-packages/valkey/connection.py", line 696, in _connect
    for res in socket.getaddrinfo(
  File "/usr/lib/python3.10/socket.py", line 955, in getaddrinfo
    for res in _socket.getaddrinfo(host, port, family, type, proto, flags):
socket.gaierror: [Errno -3] Temporary failure in name resolution

During handling of the above exception, another exception occurred:

Traceback (most recent call last):
  File "/ragflow/rag/utils/redis_conn.py", line 228, in queue_consumer
    group_info = self.REDIS.xinfo_groups(queue_name)
  File "/ragflow/.venv/lib/python3.10/site-packages/valkey/commands/core.py", line 3810, in xinfo_groups
    return self.execute_command("XINFO GROUPS", name)
  File "/ragflow/.venv/lib/python3.10/site-packages/valkey/client.py", line 564, in execute_command
    conn = self.connection or pool.get_connection(command_name, **options)
  File "/ragflow/.venv/lib/python3.10/site-packages/valkey/connection.py", line 1107, in get_connection
    connection.connect()
  File "/ragflow/.venv/lib/python3.10/site-packages/valkey/connection.py", line 308, in connect
    raise ConnectionError(self._error_message(e))
valkey.exceptions.ConnectionError: Error -3 connecting to redis:6379. Temporary failure in name resolution.
2025-06-19 14:29:21,154 ERROR    38 RedisDB.queue_consumer rag_flow_svr_queue got exception: Error -3 connecting to redis:6379. Temporary failure in name resolution.
Traceback (most recent call last):
  File "/ragflow/rag/svr/task_executor.py", line 193, in collect
    redis_msg = next(UNACKED_ITERATOR)
StopIteration

During handling of the above exception, another exception occurred:

Traceback (most recent call last):
  File "/ragflow/.venv/lib/python3.10/site-packages/valkey/connection.py", line 302, in connect
    sock = self.retry.call_with_retry(
  File "/ragflow/.venv/lib/python3.10/site-packages/valkey/retry.py", line 62, in call_with_retry
    return do()
  File "/ragflow/.venv/lib/python3.10/site-packages/valkey/connection.py", line 303, in <lambda>
    lambda: self._connect(), lambda error: self.disconnect(error)
  File "/ragflow/.venv/lib/python3.10/site-packages/valkey/connection.py", line 696, in _connect
    for res in socket.getaddrinfo(
  File "/usr/lib/python3.10/socket.py", line 955, in getaddrinfo
    for res in _socket.getaddrinfo(host, port, family, type, proto, flags):
socket.gaierror: [Errno -3] Temporary failure in name resolution

During handling of the above exception, another exception occurred:

Traceback (most recent call last):
  File "/ragflow/rag/utils/redis_conn.py", line 228, in queue_consumer
    group_info = self.REDIS.xinfo_groups(queue_name)
  File "/ragflow/.venv/lib/python3.10/site-packages/valkey/commands/core.py", line 3810, in xinfo_groups
    return self.execute_command("XINFO GROUPS", name)
  File "/ragflow/.venv/lib/python3.10/site-packages/valkey/client.py", line 564, in execute_command
    conn = self.connection or pool.get_connection(command_name, **options)
  File "/ragflow/.venv/lib/python3.10/site-packages/valkey/connection.py", line 1107, in get_connection
    connection.connect()
  File "/ragflow/.venv/lib/python3.10/site-packages/valkey/connection.py", line 308, in connect
    raise ConnectionError(self._error_message(e))
valkey.exceptions.ConnectionError: Error -3 connecting to redis:6379. Temporary failure in name resolution.
2025-06-19 14:29:21,251 ERROR    38 RedisDB.queue_consumer rag_flow_svr_queue_1 got exception: Error -3 connecting to redis:6379. Temporary failure in name resolution.
Traceback (most recent call last):
  File "/ragflow/rag/svr/task_executor.py", line 193, in collect
    redis_msg = next(UNACKED_ITERATOR)
StopIteration

During handling of the above exception, another exception occurred:

Traceback (most recent call last):
  File "/ragflow/.venv/lib/python3.10/site-packages/valkey/connection.py", line 302, in connect
    sock = self.retry.call_with_retry(
  File "/ragflow/.venv/lib/python3.10/site-packages/valkey/retry.py", line 62, in call_with_retry
    return do()
  File "/ragflow/.venv/lib/python3.10/site-packages/valkey/connection.py", line 303, in <lambda>
    lambda: self._connect(), lambda error: self.disconnect(error)
  File "/ragflow/.venv/lib/python3.10/site-packages/valkey/connection.py", line 696, in _connect
    for res in socket.getaddrinfo(
  File "/usr/lib/python3.10/socket.py", line 955, in getaddrinfo
    for res in _socket.getaddrinfo(host, port, family, type, proto, flags):
socket.gaierror: [Errno -3] Temporary failure in name resolution

During handling of the above exception, another exception occurred:

Traceback (most recent call last):
  File "/ragflow/rag/utils/redis_conn.py", line 228, in queue_consumer
    group_info = self.REDIS.xinfo_groups(queue_name)
  File "/ragflow/.venv/lib/python3.10/site-packages/valkey/commands/core.py", line 3810, in xinfo_groups
    return self.execute_command("XINFO GROUPS", name)
  File "/ragflow/.venv/lib/python3.10/site-packages/valkey/client.py", line 564, in execute_command
    conn = self.connection or pool.get_connection(command_name, **options)
  File "/ragflow/.venv/lib/python3.10/site-packages/valkey/connection.py", line 1107, in get_connection
    connection.connect()
  File "/ragflow/.venv/lib/python3.10/site-packages/valkey/connection.py", line 308, in connect
    raise ConnectionError(self._error_message(e))
valkey.exceptions.ConnectionError: Error -3 connecting to redis:6379. Temporary failure in name resolution.
2025-06-19 14:29:21,257 ERROR    38 RedisDB.queue_consumer rag_flow_svr_queue got exception: Error -3 connecting to redis:6379. Temporary failure in name resolution.
Traceback (most recent call last):
  File "/ragflow/rag/svr/task_executor.py", line 193, in collect
    redis_msg = next(UNACKED_ITERATOR)
StopIteration

During handling of the above exception, another exception occurred:

Traceback (most recent call last):
  File "/ragflow/.venv/lib/python3.10/site-packages/valkey/connection.py", line 302, in connect
    sock = self.retry.call_with_retry(
  File "/ragflow/.venv/lib/python3.10/site-packages/valkey/retry.py", line 62, in call_with_retry
    return do()
  File "/ragflow/.venv/lib/python3.10/site-packages/valkey/connection.py", line 303, in <lambda>
    lambda: self._connect(), lambda error: self.disconnect(error)
  File "/ragflow/.venv/lib/python3.10/site-packages/valkey/connection.py", line 696, in _connect
    for res in socket.getaddrinfo(
  File "/usr/lib/python3.10/socket.py", line 955, in getaddrinfo
    for res in _socket.getaddrinfo(host, port, family, type, proto, flags):
socket.gaierror: [Errno -3] Temporary failure in name resolution

During handling of the above exception, another exception occurred:

Traceback (most recent call last):
  File "/ragflow/rag/utils/redis_conn.py", line 228, in queue_consumer
    group_info = self.REDIS.xinfo_groups(queue_name)
  File "/ragflow/.venv/lib/python3.10/site-packages/valkey/commands/core.py", line 3810, in xinfo_groups
    return self.execute_command("XINFO GROUPS", name)
  File "/ragflow/.venv/lib/python3.10/site-packages/valkey/client.py", line 564, in execute_command
    conn = self.connection or pool.get_connection(command_name, **options)
  File "/ragflow/.venv/lib/python3.10/site-packages/valkey/connection.py", line 1107, in get_connection
    connection.connect()
  File "/ragflow/.venv/lib/python3.10/site-packages/valkey/connection.py", line 308, in connect
    raise ConnectionError(self._error_message(e))
valkey.exceptions.ConnectionError: Error -3 connecting to redis:6379. Temporary failure in name resolution.
2025-06-19 14:29:21,350 ERROR    38 RedisDB.queue_consumer rag_flow_svr_queue_1 got exception: Error -3 connecting to redis:6379. Temporary failure in name resolution.
Traceback (most recent call last):
  File "/ragflow/rag/svr/task_executor.py", line 193, in collect
    redis_msg = next(UNACKED_ITERATOR)
StopIteration

During handling of the above exception, another exception occurred:

Traceback (most recent call last):
  File "/ragflow/.venv/lib/python3.10/site-packages/valkey/connection.py", line 302, in connect
    sock = self.retry.call_with_retry(
  File "/ragflow/.venv/lib/python3.10/site-packages/valkey/retry.py", line 62, in call_with_retry
    return do()
  File "/ragflow/.venv/lib/python3.10/site-packages/valkey/connection.py", line 303, in <lambda>
    lambda: self._connect(), lambda error: self.disconnect(error)
  File "/ragflow/.venv/lib/python3.10/site-packages/valkey/connection.py", line 696, in _connect
    for res in socket.getaddrinfo(
  File "/usr/lib/python3.10/socket.py", line 955, in getaddrinfo
    for res in _socket.getaddrinfo(host, port, family, type, proto, flags):
socket.gaierror: [Errno -3] Temporary failure in name resolution

During handling of the above exception, another exception occurred:

Traceback (most recent call last):
  File "/ragflow/rag/utils/redis_conn.py", line 228, in queue_consumer
    group_info = self.REDIS.xinfo_groups(queue_name)
  File "/ragflow/.venv/lib/python3.10/site-packages/valkey/commands/core.py", line 3810, in xinfo_groups
    return self.execute_command("XINFO GROUPS", name)
  File "/ragflow/.venv/lib/python3.10/site-packages/valkey/client.py", line 564, in execute_command
    conn = self.connection or pool.get_connection(command_name, **options)
  File "/ragflow/.venv/lib/python3.10/site-packages/valkey/connection.py", line 1107, in get_connection
    connection.connect()
  File "/ragflow/.venv/lib/python3.10/site-packages/valkey/connection.py", line 308, in connect
    raise ConnectionError(self._error_message(e))
valkey.exceptions.ConnectionError: Error -3 connecting to redis:6379. Temporary failure in name resolution.
2025-06-19 14:29:21,353 ERROR    38 RedisDB.queue_consumer rag_flow_svr_queue got exception: Error -3 connecting to redis:6379. Temporary failure in name resolution.
Traceback (most recent call last):
  File "/ragflow/rag/svr/task_executor.py", line 193, in collect
    redis_msg = next(UNACKED_ITERATOR)
StopIteration

During handling of the above exception, another exception occurred:

Traceback (most recent call last):
  File "/ragflow/.venv/lib/python3.10/site-packages/valkey/connection.py", line 302, in connect
    sock = self.retry.call_with_retry(
  File "/ragflow/.venv/lib/python3.10/site-packages/valkey/retry.py", line 62, in call_with_retry
    return do()
  File "/ragflow/.venv/lib/python3.10/site-packages/valkey/connection.py", line 303, in <lambda>
    lambda: self._connect(), lambda error: self.disconnect(error)
  File "/ragflow/.venv/lib/python3.10/site-packages/valkey/connection.py", line 696, in _connect
    for res in socket.getaddrinfo(
  File "/usr/lib/python3.10/socket.py", line 955, in getaddrinfo
    for res in _socket.getaddrinfo(host, port, family, type, proto, flags):
socket.gaierror: [Errno -3] Temporary failure in name resolution

During handling of the above exception, another exception occurred:

Traceback (most recent call last):
  File "/ragflow/rag/utils/redis_conn.py", line 228, in queue_consumer
    group_info = self.REDIS.xinfo_groups(queue_name)
  File "/ragflow/.venv/lib/python3.10/site-packages/valkey/commands/core.py", line 3810, in xinfo_groups
    return self.execute_command("XINFO GROUPS", name)
  File "/ragflow/.venv/lib/python3.10/site-packages/valkey/client.py", line 564, in execute_command
    conn = self.connection or pool.get_connection(command_name, **options)
  File "/ragflow/.venv/lib/python3.10/site-packages/valkey/connection.py", line 1107, in get_connection
    connection.connect()
  File "/ragflow/.venv/lib/python3.10/site-packages/valkey/connection.py", line 308, in connect
    raise ConnectionError(self._error_message(e))
valkey.exceptions.ConnectionError: Error -3 connecting to redis:6379. Temporary failure in name resolution.
2025-06-19 14:29:21,453 ERROR    38 RedisDB.queue_consumer rag_flow_svr_queue_1 got exception: Error -3 connecting to redis:6379. Temporary failure in name resolution.
Traceback (most recent call last):
  File "/ragflow/rag/svr/task_executor.py", line 193, in collect
    redis_msg = next(UNACKED_ITERATOR)
StopIteration

During handling of the above exception, another exception occurred:

Traceback (most recent call last):
  File "/ragflow/.venv/lib/python3.10/site-packages/valkey/connection.py", line 302, in connect
    sock = self.retry.call_with_retry(
  File "/ragflow/.venv/lib/python3.10/site-packages/valkey/retry.py", line 62, in call_with_retry
    return do()
  File "/ragflow/.venv/lib/python3.10/site-packages/valkey/connection.py", line 303, in <lambda>
    lambda: self._connect(), lambda error: self.disconnect(error)
  File "/ragflow/.venv/lib/python3.10/site-packages/valkey/connection.py", line 696, in _connect
    for res in socket.getaddrinfo(
  File "/usr/lib/python3.10/socket.py", line 955, in getaddrinfo
    for res in _socket.getaddrinfo(host, port, family, type, proto, flags):
socket.gaierror: [Errno -3] Temporary failure in name resolution

During handling of the above exception, another exception occurred:

Traceback (most recent call last):
  File "/ragflow/rag/utils/redis_conn.py", line 228, in queue_consumer
    group_info = self.REDIS.xinfo_groups(queue_name)
  File "/ragflow/.venv/lib/python3.10/site-packages/valkey/commands/core.py", line 3810, in xinfo_groups
    return self.execute_command("XINFO GROUPS", name)
  File "/ragflow/.venv/lib/python3.10/site-packages/valkey/client.py", line 564, in execute_command
    conn = self.connection or pool.get_connection(command_name, **options)
  File "/ragflow/.venv/lib/python3.10/site-packages/valkey/connection.py", line 1107, in get_connection
    connection.connect()
  File "/ragflow/.venv/lib/python3.10/site-packages/valkey/connection.py", line 308, in connect
    raise ConnectionError(self._error_message(e))
valkey.exceptions.ConnectionError: Error -3 connecting to redis:6379. Temporary failure in name resolution.
2025-06-19 14:29:21,456 ERROR    38 RedisDB.queue_consumer rag_flow_svr_queue got exception: Error -3 connecting to redis:6379. Temporary failure in name resolution.
Traceback (most recent call last):
  File "/ragflow/rag/svr/task_executor.py", line 193, in collect
    redis_msg = next(UNACKED_ITERATOR)
StopIteration

During handling of the above exception, another exception occurred:

Traceback (most recent call last):
  File "/ragflow/.venv/lib/python3.10/site-packages/valkey/connection.py", line 302, in connect
    sock = self.retry.call_with_retry(
  File "/ragflow/.venv/lib/python3.10/site-packages/valkey/retry.py", line 62, in call_with_retry
    return do()
  File "/ragflow/.venv/lib/python3.10/site-packages/valkey/connection.py", line 303, in <lambda>
    lambda: self._connect(), lambda error: self.disconnect(error)
  File "/ragflow/.venv/lib/python3.10/site-packages/valkey/connection.py", line 696, in _connect
    for res in socket.getaddrinfo(
  File "/usr/lib/python3.10/socket.py", line 955, in getaddrinfo
    for res in _socket.getaddrinfo(host, port, family, type, proto, flags):
socket.gaierror: [Errno -3] Temporary failure in name resolution

During handling of the above exception, another exception occurred:

Traceback (most recent call last):
  File "/ragflow/rag/utils/redis_conn.py", line 228, in queue_consumer
    group_info = self.REDIS.xinfo_groups(queue_name)
  File "/ragflow/.venv/lib/python3.10/site-packages/valkey/commands/core.py", line 3810, in xinfo_groups
    return self.execute_command("XINFO GROUPS", name)
  File "/ragflow/.venv/lib/python3.10/site-packages/valkey/client.py", line 564, in execute_command
    conn = self.connection or pool.get_connection(command_name, **options)
  File "/ragflow/.venv/lib/python3.10/site-packages/valkey/connection.py", line 1107, in get_connection
    connection.connect()
  File "/ragflow/.venv/lib/python3.10/site-packages/valkey/connection.py", line 308, in connect
    raise ConnectionError(self._error_message(e))
valkey.exceptions.ConnectionError: Error -3 connecting to redis:6379. Temporary failure in name resolution.
2025-06-19 14:29:22,963 WARNING  38 recover_pending_tasks got exception
2025-06-19 14:29:23,156 WARNING  38 RedisDB.queue_info rag_flow_svr_queue got exception: Error -3 connecting to redis:6379. Temporary failure in name resolution.
2025-06-19 14:29:23,158 WARNING  38 RedisDB.zadd task_executor_438900a23c5d_0 got exception: Error -3 connecting to redis:6379. Temporary failure in name resolution.
2025-06-19 14:29:23,159 INFO     38 task_executor_438900a23c5d_0 reported heartbeat: {"name": "task_executor_438900a23c5d_0", "now": "2025-06-19T14:29:23.152+08:00", "boot_at": "2025-06-19T14:04:22.474+08:00", "pending": 0, "lag": 0, "done": 0, "failed": 0, "current": {}}
2025-06-19 14:29:23,160 WARNING  38 RedisDB.zcount task_executor_438900a23c5d_0 got exception: Error -3 connecting to redis:6379. Temporary failure in name resolution.
2025-06-19 14:29:23,162 ERROR    38 report_status got exception
Traceback (most recent call last):
  File "/ragflow/.venv/lib/python3.10/site-packages/valkey/connection.py", line 302, in connect
    sock = self.retry.call_with_retry(
  File "/ragflow/.venv/lib/python3.10/site-packages/valkey/retry.py", line 62, in call_with_retry
    return do()
  File "/ragflow/.venv/lib/python3.10/site-packages/valkey/connection.py", line 303, in <lambda>
    lambda: self._connect(), lambda error: self.disconnect(error)
  File "/ragflow/.venv/lib/python3.10/site-packages/valkey/connection.py", line 696, in _connect
    for res in socket.getaddrinfo(
  File "/usr/lib/python3.10/socket.py", line 955, in getaddrinfo
    for res in _socket.getaddrinfo(host, port, family, type, proto, flags):
socket.gaierror: [Errno -3] Temporary failure in name resolution

During handling of the above exception, another exception occurred:

Traceback (most recent call last):
  File "/ragflow/rag/svr/task_executor.py", line 670, in report_status
    if redis_lock.acquire():
  File "/ragflow/rag/utils/redis_conn.py", line 350, in acquire
    REDIS_CONN.delete_if_equal(self.lock_key, self.lock_value)
  File "/ragflow/rag/utils/redis_conn.py", line 324, in delete_if_equal
    return bool(self.lua_delete_if_equal(keys=[key], args=[expected_value], client=self.REDIS))
  File "/ragflow/.venv/lib/python3.10/site-packages/valkey/commands/core.py", line 6356, in __call__
    return client.evalsha(self.sha, len(keys), *args)
  File "/ragflow/.venv/lib/python3.10/site-packages/valkey/commands/core.py", line 5730, in evalsha
    return self._evalsha("EVALSHA", sha, numkeys, *keys_and_args)
  File "/ragflow/.venv/lib/python3.10/site-packages/valkey/commands/core.py", line 5714, in _evalsha
    return self.execute_command(command, sha, numkeys, *keys_and_args)
  File "/ragflow/.venv/lib/python3.10/site-packages/valkey/client.py", line 564, in execute_command
    conn = self.connection or pool.get_connection(command_name, **options)
  File "/ragflow/.venv/lib/python3.10/site-packages/valkey/connection.py", line 1107, in get_connection
    connection.connect()
  File "/ragflow/.venv/lib/python3.10/site-packages/valkey/connection.py", line 308, in connect
    raise ConnectionError(self._error_message(e))
valkey.exceptions.ConnectionError: Error -3 connecting to redis:6379. Temporary failure in name resolution.
