2025-06-17 23:50:20,930 INFO     50 task_executor_3e2672217eea_0 log path: /ragflow/logs/task_executor_3e2672217eea_0.log, log levels: {'peewee': 'WARNING', 'pdfminer': 'WARNING', 'root': 'INFO'}
2025-06-17 23:50:20,931 INFO     50 
  ______           __      ______                     __
 /_  __/___ ______/ /__   / ____/  _____  _______  __/ /_____  _____
  / / / __ `/ ___/ //_/  / __/ | |/_/ _ \/ ___/ / / / __/ __ \/ ___/
 / / / /_/ (__  ) ,<    / /____>  </  __/ /__/ /_/ / /_/ /_/ / /
/_/  \__,_/____/_/|_|  /_____/_/|_|\___/\___/\__,_/\__/\____/_/
    
2025-06-17 23:50:20,931 INFO     50 TaskExecutor: RAGFlow version: v0.19.0 slim
2025-06-17 23:50:20,932 INFO     50 Use Elasticsearch http://es01:9200 as the doc engine.
2025-06-17 23:50:20,938 INFO     50 GET http://es01:9200/ [status:N/A duration:0.004s]
2025-06-17 23:50:20,938 WARNING  50 Node <Urllib3HttpNode(http://es01:9200)> has failed for 1 times in a row, putting on 1 second timeout
2025-06-17 23:50:20,938 WARNING  50 Retrying request after failure (attempt 0 of 3)
Traceback (most recent call last):
  File "/ragflow/.venv/lib/python3.10/site-packages/elastic_transport/_transport.py", line 328, in perform_request
    meta, raw_data = node.perform_request(
  File "/ragflow/.venv/lib/python3.10/site-packages/elastic_transport/_node/_http_urllib3.py", line 202, in perform_request
    raise err from None
elastic_transport.ConnectionError: Connection error caused by: NameResolutionError(<urllib3.connection.HTTPConnection object at 0x7f9e9c4b21a0>: Failed to resolve 'es01' ([Errno -3] Temporary failure in name resolution))
2025-06-17 23:50:20,941 INFO     50 GET http://es01:9200/ [status:N/A duration:0.002s]
2025-06-17 23:50:20,941 WARNING  50 Node <Urllib3HttpNode(http://es01:9200)> has failed for 2 times in a row, putting on 2 second timeout
2025-06-17 23:50:20,941 WARNING  50 Retrying request after failure (attempt 1 of 3)
Traceback (most recent call last):
  File "/ragflow/.venv/lib/python3.10/site-packages/elastic_transport/_transport.py", line 328, in perform_request
    meta, raw_data = node.perform_request(
  File "/ragflow/.venv/lib/python3.10/site-packages/elastic_transport/_node/_http_urllib3.py", line 202, in perform_request
    raise err from None
elastic_transport.ConnectionError: Connection error caused by: NameResolutionError(<urllib3.connection.HTTPConnection object at 0x7f9e9c4b1f90>: Failed to resolve 'es01' ([Errno -3] Temporary failure in name resolution))
2025-06-17 23:50:20,943 INFO     50 GET http://es01:9200/ [status:N/A duration:0.001s]
2025-06-17 23:50:20,943 WARNING  50 Node <Urllib3HttpNode(http://es01:9200)> has failed for 3 times in a row, putting on 4 second timeout
2025-06-17 23:50:20,943 WARNING  50 Retrying request after failure (attempt 2 of 3)
Traceback (most recent call last):
  File "/ragflow/.venv/lib/python3.10/site-packages/elastic_transport/_transport.py", line 328, in perform_request
    meta, raw_data = node.perform_request(
  File "/ragflow/.venv/lib/python3.10/site-packages/elastic_transport/_node/_http_urllib3.py", line 202, in perform_request
    raise err from None
elastic_transport.ConnectionError: Connection error caused by: NameResolutionError(<urllib3.connection.HTTPConnection object at 0x7f9e9b695b70>: Failed to resolve 'es01' ([Errno -3] Temporary failure in name resolution))
2025-06-17 23:50:20,946 INFO     50 GET http://es01:9200/ [status:N/A duration:0.002s]
2025-06-17 23:50:20,946 WARNING  50 Node <Urllib3HttpNode(http://es01:9200)> has failed for 4 times in a row, putting on 8 second timeout
2025-06-17 23:50:20,946 WARNING  50 Connection error caused by: ConnectionError(Connection error caused by: NameResolutionError(<urllib3.connection.HTTPConnection object at 0x7f9e9c4b21a0>: Failed to resolve 'es01' ([Errno -3] Temporary failure in name resolution))). Waiting Elasticsearch http://es01:9200 to be healthy.
