2025-06-18 18:14:12,242 INFO     52 task_executor_20b8b3ceaa88_0 log path: /ragflow/logs/task_executor_20b8b3ceaa88_0.log, log levels: {'peewee': 'WARNING', 'pdfminer': 'WARNING', 'root': 'INFO'}
2025-06-18 18:14:12,242 INFO     52 
  ______           __      ______                     __
 /_  __/___ ______/ /__   / ____/  _____  _______  __/ /_____  _____
  / / / __ `/ ___/ //_/  / __/ | |/_/ _ \/ ___/ / / / __/ __ \/ ___/
 / / / /_/ (__  ) ,<    / /____>  </  __/ /__/ /_/ / /_/ /_/ / /
/_/  \__,_/____/_/|_|  /_____/_/|_|\___/\___/\__,_/\__/\____/_/
    
2025-06-18 18:14:12,242 INFO     52 TaskExecutor: RAGFlow version: v0.19.0 slim
2025-06-18 18:14:12,243 INFO     52 Use Elasticsearch http://es01:9200 as the doc engine.
2025-06-18 18:14:12,248 INFO     52 GET http://es01:9200/ [status:N/A duration:0.004s]
2025-06-18 18:14:12,249 WARNING  52 Node <Urllib3HttpNode(http://es01:9200)> has failed for 1 times in a row, putting on 1 second timeout
2025-06-18 18:14:12,249 WARNING  52 Retrying request after failure (attempt 0 of 3)
Traceback (most recent call last):
  File "/ragflow/.venv/lib/python3.10/site-packages/elastic_transport/_transport.py", line 328, in perform_request
    meta, raw_data = node.perform_request(
  File "/ragflow/.venv/lib/python3.10/site-packages/elastic_transport/_node/_http_urllib3.py", line 202, in perform_request
    raise err from None
elastic_transport.ConnectionError: Connection error caused by: NameResolutionError(<urllib3.connection.HTTPConnection object at 0x7f9da31da2f0>: Failed to resolve 'es01' ([Errno -3] Temporary failure in name resolution))
2025-06-18 18:14:12,254 INFO     52 GET http://es01:9200/ [status:N/A duration:0.004s]
2025-06-18 18:14:12,255 WARNING  52 Node <Urllib3HttpNode(http://es01:9200)> has failed for 2 times in a row, putting on 2 second timeout
2025-06-18 18:14:12,255 WARNING  52 Retrying request after failure (attempt 1 of 3)
Traceback (most recent call last):
  File "/ragflow/.venv/lib/python3.10/site-packages/elastic_transport/_transport.py", line 328, in perform_request
    meta, raw_data = node.perform_request(
  File "/ragflow/.venv/lib/python3.10/site-packages/elastic_transport/_node/_http_urllib3.py", line 202, in perform_request
    raise err from None
elastic_transport.ConnectionError: Connection error caused by: NameResolutionError(<urllib3.connection.HTTPConnection object at 0x7f9da31da4d0>: Failed to resolve 'es01' ([Errno -3] Temporary failure in name resolution))
2025-06-18 18:14:12,258 INFO     52 GET http://es01:9200/ [status:N/A duration:0.002s]
2025-06-18 18:14:12,258 WARNING  52 Node <Urllib3HttpNode(http://es01:9200)> has failed for 3 times in a row, putting on 4 second timeout
2025-06-18 18:14:12,258 WARNING  52 Retrying request after failure (attempt 2 of 3)
Traceback (most recent call last):
  File "/ragflow/.venv/lib/python3.10/site-packages/elastic_transport/_transport.py", line 328, in perform_request
    meta, raw_data = node.perform_request(
  File "/ragflow/.venv/lib/python3.10/site-packages/elastic_transport/_node/_http_urllib3.py", line 202, in perform_request
    raise err from None
elastic_transport.ConnectionError: Connection error caused by: NameResolutionError(<urllib3.connection.HTTPConnection object at 0x7f9da31d9de0>: Failed to resolve 'es01' ([Errno -3] Temporary failure in name resolution))
2025-06-18 18:14:12,261 INFO     52 GET http://es01:9200/ [status:N/A duration:0.002s]
2025-06-18 18:14:12,261 WARNING  52 Node <Urllib3HttpNode(http://es01:9200)> has failed for 4 times in a row, putting on 8 second timeout
2025-06-18 18:14:12,261 WARNING  52 Connection error caused by: ConnectionError(Connection error caused by: NameResolutionError(<urllib3.connection.HTTPConnection object at 0x7f9da31da2f0>: Failed to resolve 'es01' ([Errno -3] Temporary failure in name resolution))). Waiting Elasticsearch http://es01:9200 to be healthy.
2025-06-18 18:14:17,273 INFO     52 GET http://es01:9200/ [status:N/A duration:0.004s]
2025-06-18 18:14:17,273 WARNING  52 Node <Urllib3HttpNode(http://es01:9200)> has failed for 1 times in a row, putting on 1 second timeout
2025-06-18 18:14:17,273 WARNING  52 Retrying request after failure (attempt 0 of 3)
Traceback (most recent call last):
  File "/ragflow/.venv/lib/python3.10/site-packages/elastic_transport/_transport.py", line 328, in perform_request
    meta, raw_data = node.perform_request(
  File "/ragflow/.venv/lib/python3.10/site-packages/elastic_transport/_node/_http_urllib3.py", line 202, in perform_request
    raise err from None
elastic_transport.ConnectionError: Connection error caused by: NameResolutionError(<urllib3.connection.HTTPConnection object at 0x7f9da31db8e0>: Failed to resolve 'es01' ([Errno -3] Temporary failure in name resolution))
2025-06-18 18:14:17,277 INFO     52 GET http://es01:9200/ [status:N/A duration:0.003s]
2025-06-18 18:14:17,277 WARNING  52 Node <Urllib3HttpNode(http://es01:9200)> has failed for 2 times in a row, putting on 2 second timeout
2025-06-18 18:14:17,277 WARNING  52 Retrying request after failure (attempt 1 of 3)
Traceback (most recent call last):
  File "/ragflow/.venv/lib/python3.10/site-packages/elastic_transport/_transport.py", line 328, in perform_request
    meta, raw_data = node.perform_request(
  File "/ragflow/.venv/lib/python3.10/site-packages/elastic_transport/_node/_http_urllib3.py", line 202, in perform_request
    raise err from None
elastic_transport.ConnectionError: Connection error caused by: NameResolutionError(<urllib3.connection.HTTPConnection object at 0x7f9df01f1390>: Failed to resolve 'es01' ([Errno -3] Temporary failure in name resolution))
2025-06-18 18:14:17,280 INFO     52 GET http://es01:9200/ [status:N/A duration:0.002s]
2025-06-18 18:14:17,280 WARNING  52 Node <Urllib3HttpNode(http://es01:9200)> has failed for 3 times in a row, putting on 4 second timeout
2025-06-18 18:14:17,280 WARNING  52 Retrying request after failure (attempt 2 of 3)
Traceback (most recent call last):
  File "/ragflow/.venv/lib/python3.10/site-packages/elastic_transport/_transport.py", line 328, in perform_request
    meta, raw_data = node.perform_request(
  File "/ragflow/.venv/lib/python3.10/site-packages/elastic_transport/_node/_http_urllib3.py", line 202, in perform_request
    raise err from None
elastic_transport.ConnectionError: Connection error caused by: NameResolutionError(<urllib3.connection.HTTPConnection object at 0x7f9df01f0c70>: Failed to resolve 'es01' ([Errno -3] Temporary failure in name resolution))
2025-06-18 18:14:17,283 INFO     52 GET http://es01:9200/ [status:N/A duration:0.002s]
2025-06-18 18:14:17,283 WARNING  52 Node <Urllib3HttpNode(http://es01:9200)> has failed for 4 times in a row, putting on 8 second timeout
2025-06-18 18:14:17,283 WARNING  52 Connection error caused by: ConnectionError(Connection error caused by: NameResolutionError(<urllib3.connection.HTTPConnection object at 0x7f9da31db8e0>: Failed to resolve 'es01' ([Errno -3] Temporary failure in name resolution))). Waiting Elasticsearch http://es01:9200 to be healthy.
2025-06-18 18:14:22,289 INFO     52 Resurrected node <Urllib3HttpNode(http://es01:9200)> (force=False)
2025-06-18 18:14:22,294 INFO     52 HEAD http://es01:9200/ [status:N/A duration:0.004s]
2025-06-18 18:14:22,294 WARNING  52 Node <Urllib3HttpNode(http://es01:9200)> has failed for 5 times in a row, putting on 16 second timeout
2025-06-18 18:14:22,295 WARNING  52 Retrying request after failure (attempt 0 of 3)
Traceback (most recent call last):
  File "/ragflow/.venv/lib/python3.10/site-packages/elastic_transport/_transport.py", line 328, in perform_request
    meta, raw_data = node.perform_request(
  File "/ragflow/.venv/lib/python3.10/site-packages/elastic_transport/_node/_http_urllib3.py", line 202, in perform_request
    raise err from None
elastic_transport.ConnectionError: Connection error caused by: NameResolutionError(<urllib3.connection.HTTPConnection object at 0x7f9da5981330>: Failed to resolve 'es01' ([Errno -3] Temporary failure in name resolution))
2025-06-18 18:14:22,295 INFO     52 Resurrected node <Urllib3HttpNode(http://es01:9200)> (force=False)
2025-06-18 18:14:22,298 INFO     52 HEAD http://es01:9200/ [status:N/A duration:0.002s]
2025-06-18 18:14:22,298 WARNING  52 Node <Urllib3HttpNode(http://es01:9200)> has failed for 6 times in a row, putting on 30 second timeout
2025-06-18 18:14:22,298 WARNING  52 Retrying request after failure (attempt 1 of 3)
Traceback (most recent call last):
  File "/ragflow/.venv/lib/python3.10/site-packages/elastic_transport/_transport.py", line 328, in perform_request
    meta, raw_data = node.perform_request(
  File "/ragflow/.venv/lib/python3.10/site-packages/elastic_transport/_node/_http_urllib3.py", line 202, in perform_request
    raise err from None
elastic_transport.ConnectionError: Connection error caused by: NameResolutionError(<urllib3.connection.HTTPConnection object at 0x7f9da59809d0>: Failed to resolve 'es01' ([Errno -3] Temporary failure in name resolution))
2025-06-18 18:14:22,299 INFO     52 Resurrected node <Urllib3HttpNode(http://es01:9200)> (force=False)
2025-06-18 18:14:22,301 INFO     52 HEAD http://es01:9200/ [status:N/A duration:0.002s]
2025-06-18 18:14:22,301 WARNING  52 Node <Urllib3HttpNode(http://es01:9200)> has failed for 7 times in a row, putting on 30 second timeout
2025-06-18 18:14:22,302 WARNING  52 Retrying request after failure (attempt 2 of 3)
Traceback (most recent call last):
  File "/ragflow/.venv/lib/python3.10/site-packages/elastic_transport/_transport.py", line 328, in perform_request
    meta, raw_data = node.perform_request(
  File "/ragflow/.venv/lib/python3.10/site-packages/elastic_transport/_node/_http_urllib3.py", line 202, in perform_request
    raise err from None
elastic_transport.ConnectionError: Connection error caused by: NameResolutionError(<urllib3.connection.HTTPConnection object at 0x7f9da5980880>: Failed to resolve 'es01' ([Errno -3] Temporary failure in name resolution))
2025-06-18 18:14:22,304 INFO     52 HEAD http://es01:9200/ [status:N/A duration:0.002s]
2025-06-18 18:14:22,304 WARNING  52 Node <Urllib3HttpNode(http://es01:9200)> has failed for 8 times in a row, putting on 30 second timeout
2025-06-18 18:14:22,304 ERROR    52 Elasticsearch http://es01:9200 is unhealthy in 120s.
