2025-06-18 18:58:45,408 INFO     38 task_executor_ab7924650b14_0 log path: /ragflow/logs/task_executor_ab7924650b14_0.log, log levels: {'peewee': 'WARNING', 'pdfminer': 'WARNING', 'root': 'INFO'}
2025-06-18 18:58:45,409 INFO     38 
  ______           __      ______                     __
 /_  __/___ ______/ /__   / ____/  _____  _______  __/ /_____  _____
  / / / __ `/ ___/ //_/  / __/ | |/_/ _ \/ ___/ / / / __/ __ \/ ___/
 / / / /_/ (__  ) ,<    / /____>  </  __/ /__/ /_/ / /_/ /_/ / /
/_/  \__,_/____/_/|_|  /_____/_/|_|\___/\___/\__,_/\__/\____/_/
    
2025-06-18 18:58:45,409 INFO     38 TaskExecutor: RAGFlow version: v0.19.0 slim
2025-06-18 18:58:45,410 INFO     38 Use Elasticsearch http://es01:9200 as the doc engine.
2025-06-18 18:58:45,424 INFO     38 GET http://es01:9200/ [status:200 duration:0.014s]
2025-06-18 18:58:45,430 INFO     38 HEAD http://es01:9200/ [status:200 duration:0.005s]
2025-06-18 18:58:45,430 INFO     38 Elasticsearch http://es01:9200 is healthy.
2025-06-18 18:58:45,434 WARNING  38 Load term.freq FAIL!
2025-06-18 18:58:45,437 WARNING  38 Realtime synonym is disabled, since no redis connection.
2025-06-18 18:58:45,443 WARNING  38 Load term.freq FAIL!
2025-06-18 18:58:45,447 WARNING  38 Realtime synonym is disabled, since no redis connection.
2025-06-18 18:58:45,447 INFO     38 MAX_CONTENT_LENGTH: 134217728
2025-06-18 18:58:45,447 INFO     38 MAX_FILE_COUNT_PER_USER: 0
2025-06-18 18:58:45,451 INFO     38 task_executor_ab7924650b14_0 reported heartbeat: {"name": "task_executor_ab7924650b14_0", "now": "2025-06-18T18:58:45.450+08:00", "boot_at": "2025-06-18T18:58:45.408+08:00", "pending": 0, "lag": 0, "done": 0, "failed": 0, "current": {}}
2025-06-18 18:58:45,453 INFO     38 task_executor_b708605aa896_0 expired, removed
2025-06-18 18:58:45,453 WARNING  38 RedisDB.get_unacked_iterator queue rag_flow_svr_queue_1 doesn't exist
2025-06-18 18:59:15,457 INFO     38 task_executor_ab7924650b14_0 reported heartbeat: {"name": "task_executor_ab7924650b14_0", "now": "2025-06-18T18:59:15.455+08:00", "boot_at": "2025-06-18T18:58:45.408+08:00", "pending": 0, "lag": 0, "done": 0, "failed": 0, "current": {}}
2025-06-18 18:59:45,460 INFO     38 task_executor_ab7924650b14_0 reported heartbeat: {"name": "task_executor_ab7924650b14_0", "now": "2025-06-18T18:59:45.459+08:00", "boot_at": "2025-06-18T18:58:45.408+08:00", "pending": 0, "lag": 0, "done": 0, "failed": 0, "current": {}}
2025-06-18 19:00:15,466 INFO     38 task_executor_ab7924650b14_0 reported heartbeat: {"name": "task_executor_ab7924650b14_0", "now": "2025-06-18T19:00:15.464+08:00", "boot_at": "2025-06-18T18:58:45.408+08:00", "pending": 0, "lag": 0, "done": 0, "failed": 0, "current": {}}
2025-06-18 19:00:45,471 INFO     38 task_executor_ab7924650b14_0 reported heartbeat: {"name": "task_executor_ab7924650b14_0", "now": "2025-06-18T19:00:45.469+08:00", "boot_at": "2025-06-18T18:58:45.408+08:00", "pending": 0, "lag": 0, "done": 0, "failed": 0, "current": {}}
2025-06-18 19:01:15,477 INFO     38 task_executor_ab7924650b14_0 reported heartbeat: {"name": "task_executor_ab7924650b14_0", "now": "2025-06-18T19:01:15.475+08:00", "boot_at": "2025-06-18T18:58:45.408+08:00", "pending": 0, "lag": 0, "done": 0, "failed": 0, "current": {}}
2025-06-18 19:01:45,483 INFO     38 task_executor_ab7924650b14_0 reported heartbeat: {"name": "task_executor_ab7924650b14_0", "now": "2025-06-18T19:01:45.480+08:00", "boot_at": "2025-06-18T18:58:45.408+08:00", "pending": 0, "lag": 0, "done": 0, "failed": 0, "current": {}}
2025-06-18 19:02:15,488 INFO     38 task_executor_ab7924650b14_0 reported heartbeat: {"name": "task_executor_ab7924650b14_0", "now": "2025-06-18T19:02:15.486+08:00", "boot_at": "2025-06-18T18:58:45.408+08:00", "pending": 0, "lag": 0, "done": 0, "failed": 0, "current": {}}
2025-06-18 19:02:45,492 INFO     38 task_executor_ab7924650b14_0 reported heartbeat: {"name": "task_executor_ab7924650b14_0", "now": "2025-06-18T19:02:45.491+08:00", "boot_at": "2025-06-18T18:58:45.408+08:00", "pending": 0, "lag": 0, "done": 0, "failed": 0, "current": {}}
2025-06-18 19:03:15,496 INFO     38 task_executor_ab7924650b14_0 reported heartbeat: {"name": "task_executor_ab7924650b14_0", "now": "2025-06-18T19:03:15.494+08:00", "boot_at": "2025-06-18T18:58:45.408+08:00", "pending": 0, "lag": 0, "done": 0, "failed": 0, "current": {}}
2025-06-18 19:03:45,499 INFO     38 task_executor_ab7924650b14_0 reported heartbeat: {"name": "task_executor_ab7924650b14_0", "now": "2025-06-18T19:03:45.498+08:00", "boot_at": "2025-06-18T18:58:45.408+08:00", "pending": 0, "lag": 0, "done": 0, "failed": 0, "current": {}}
2025-06-18 19:04:15,502 INFO     38 task_executor_ab7924650b14_0 reported heartbeat: {"name": "task_executor_ab7924650b14_0", "now": "2025-06-18T19:04:15.501+08:00", "boot_at": "2025-06-18T18:58:45.408+08:00", "pending": 0, "lag": 0, "done": 0, "failed": 0, "current": {}}
2025-06-18 19:04:45,505 INFO     38 task_executor_ab7924650b14_0 reported heartbeat: {"name": "task_executor_ab7924650b14_0", "now": "2025-06-18T19:04:45.504+08:00", "boot_at": "2025-06-18T18:58:45.408+08:00", "pending": 0, "lag": 0, "done": 0, "failed": 0, "current": {}}
2025-06-18 19:05:15,507 INFO     38 task_executor_ab7924650b14_0 reported heartbeat: {"name": "task_executor_ab7924650b14_0", "now": "2025-06-18T19:05:15.507+08:00", "boot_at": "2025-06-18T18:58:45.408+08:00", "pending": 0, "lag": 0, "done": 0, "failed": 0, "current": {}}
2025-06-18 19:05:45,511 INFO     38 task_executor_ab7924650b14_0 reported heartbeat: {"name": "task_executor_ab7924650b14_0", "now": "2025-06-18T19:05:45.510+08:00", "boot_at": "2025-06-18T18:58:45.408+08:00", "pending": 0, "lag": 0, "done": 0, "failed": 0, "current": {}}
2025-06-18 19:06:15,517 WARNING  38 RedisDB.queue_info rag_flow_svr_queue got exception: Error -3 connecting to redis:6379. Temporary failure in name resolution.
2025-06-18 19:06:15,519 WARNING  38 RedisDB.zadd task_executor_ab7924650b14_0 got exception: Error -3 connecting to redis:6379. Temporary failure in name resolution.
2025-06-18 19:06:15,520 INFO     38 task_executor_ab7924650b14_0 reported heartbeat: {"name": "task_executor_ab7924650b14_0", "now": "2025-06-18T19:06:15.513+08:00", "boot_at": "2025-06-18T18:58:45.408+08:00", "pending": 0, "lag": 0, "done": 0, "failed": 0, "current": {}}
2025-06-18 19:06:15,521 WARNING  38 RedisDB.zcount task_executor_ab7924650b14_0 got exception: Error -3 connecting to redis:6379. Temporary failure in name resolution.
2025-06-18 19:06:15,523 ERROR    38 report_status got exception
Traceback (most recent call last):
  File "/ragflow/.venv/lib/python3.10/site-packages/valkey/connection.py", line 302, in connect
    sock = self.retry.call_with_retry(
  File "/ragflow/.venv/lib/python3.10/site-packages/valkey/retry.py", line 62, in call_with_retry
    return do()
  File "/ragflow/.venv/lib/python3.10/site-packages/valkey/connection.py", line 303, in <lambda>
    lambda: self._connect(), lambda error: self.disconnect(error)
  File "/ragflow/.venv/lib/python3.10/site-packages/valkey/connection.py", line 696, in _connect
    for res in socket.getaddrinfo(
  File "/usr/lib/python3.10/socket.py", line 955, in getaddrinfo
    for res in _socket.getaddrinfo(host, port, family, type, proto, flags):
socket.gaierror: [Errno -3] Temporary failure in name resolution

During handling of the above exception, another exception occurred:

Traceback (most recent call last):
  File "/ragflow/rag/svr/task_executor.py", line 670, in report_status
    if redis_lock.acquire():
  File "/ragflow/rag/utils/redis_conn.py", line 350, in acquire
    REDIS_CONN.delete_if_equal(self.lock_key, self.lock_value)
  File "/ragflow/rag/utils/redis_conn.py", line 324, in delete_if_equal
    return bool(self.lua_delete_if_equal(keys=[key], args=[expected_value], client=self.REDIS))
  File "/ragflow/.venv/lib/python3.10/site-packages/valkey/commands/core.py", line 6356, in __call__
    return client.evalsha(self.sha, len(keys), *args)
  File "/ragflow/.venv/lib/python3.10/site-packages/valkey/commands/core.py", line 5730, in evalsha
    return self._evalsha("EVALSHA", sha, numkeys, *keys_and_args)
  File "/ragflow/.venv/lib/python3.10/site-packages/valkey/commands/core.py", line 5714, in _evalsha
    return self.execute_command(command, sha, numkeys, *keys_and_args)
  File "/ragflow/.venv/lib/python3.10/site-packages/valkey/client.py", line 564, in execute_command
    conn = self.connection or pool.get_connection(command_name, **options)
  File "/ragflow/.venv/lib/python3.10/site-packages/valkey/connection.py", line 1107, in get_connection
    connection.connect()
  File "/ragflow/.venv/lib/python3.10/site-packages/valkey/connection.py", line 308, in connect
    raise ConnectionError(self._error_message(e))
valkey.exceptions.ConnectionError: Error -3 connecting to redis:6379. Temporary failure in name resolution.
