2026-05-15 16:16:08,220 INFO     80 task_executor_184a830ebe62_0 log path: /ragflow/logs/task_executor_184a830ebe62_0.log, log levels: {'peewee': 'WARNING', 'pdfminer': 'WARNING', 'root': 'INFO'}
2026-05-15 16:16:08,221 INFO     80 
  ______           __      ______                     __
 /_  __/___ ______/ /__   / ____/  _____  _______  __/ /_____  _____
  / / / __ `/ ___/ //_/  / __/ | |/_/ _ \/ ___/ / / / __/ __ \/ ___/
 / / / /_/ (__  ) ,<    / /____>  </  __/ /__/ /_/ / /_/ /_/ / /
/_/  \__,_/____/_/|_|  /_____/_/|_|\___/\___/\__,_/\__/\____/_/
    
2026-05-15 16:16:08,221 INFO     80 TaskExecutor: RAGFlow version: v0.19.0 slim
2026-05-15 16:16:08,222 INFO     80 Use Elasticsearch http://es01:9200 as the doc engine.
2026-05-15 16:16:08,227 INFO     80 GET http://es01:9200/ [status:N/A duration:0.004s]
2026-05-15 16:16:08,227 WARNING  80 Node <Urllib3HttpNode(http://es01:9200)> has failed for 1 times in a row, putting on 1 second timeout
2026-05-15 16:16:08,227 WARNING  80 Retrying request after failure (attempt 0 of 3)
Traceback (most recent call last):
  File "/ragflow/.venv/lib/python3.10/site-packages/elastic_transport/_transport.py", line 328, in perform_request
    meta, raw_data = node.perform_request(
  File "/ragflow/.venv/lib/python3.10/site-packages/elastic_transport/_node/_http_urllib3.py", line 202, in perform_request
    raise err from None
elastic_transport.ConnectionError: Connection error caused by: NameResolutionError(<urllib3.connection.HTTPConnection object at 0x7f02373f7130>: Failed to resolve 'es01' ([Errno -3] Temporary failure in name resolution))
2026-05-15 16:16:08,230 INFO     80 GET http://es01:9200/ [status:N/A duration:0.002s]
2026-05-15 16:16:08,230 WARNING  80 Node <Urllib3HttpNode(http://es01:9200)> has failed for 2 times in a row, putting on 2 second timeout
2026-05-15 16:16:08,230 WARNING  80 Retrying request after failure (attempt 1 of 3)
Traceback (most recent call last):
  File "/ragflow/.venv/lib/python3.10/site-packages/elastic_transport/_transport.py", line 328, in perform_request
    meta, raw_data = node.perform_request(
  File "/ragflow/.venv/lib/python3.10/site-packages/elastic_transport/_node/_http_urllib3.py", line 202, in perform_request
    raise err from None
elastic_transport.ConnectionError: Connection error caused by: NameResolutionError(<urllib3.connection.HTTPConnection object at 0x7f02373f5c30>: Failed to resolve 'es01' ([Errno -3] Temporary failure in name resolution))
2026-05-15 16:16:08,232 INFO     80 GET http://es01:9200/ [status:N/A duration:0.002s]
2026-05-15 16:16:08,232 WARNING  80 Node <Urllib3HttpNode(http://es01:9200)> has failed for 3 times in a row, putting on 4 second timeout
2026-05-15 16:16:08,232 WARNING  80 Retrying request after failure (attempt 2 of 3)
Traceback (most recent call last):
  File "/ragflow/.venv/lib/python3.10/site-packages/elastic_transport/_transport.py", line 328, in perform_request
    meta, raw_data = node.perform_request(
  File "/ragflow/.venv/lib/python3.10/site-packages/elastic_transport/_node/_http_urllib3.py", line 202, in perform_request
    raise err from None
elastic_transport.ConnectionError: Connection error caused by: NameResolutionError(<urllib3.connection.HTTPConnection object at 0x7f02373f5960>: Failed to resolve 'es01' ([Errno -3] Temporary failure in name resolution))
2026-05-15 16:16:08,233 INFO     80 GET http://es01:9200/ [status:N/A duration:0.001s]
2026-05-15 16:16:08,233 WARNING  80 Node <Urllib3HttpNode(http://es01:9200)> has failed for 4 times in a row, putting on 8 second timeout
2026-05-15 16:16:08,233 WARNING  80 Connection error caused by: ConnectionError(Connection error caused by: NameResolutionError(<urllib3.connection.HTTPConnection object at 0x7f02373f7130>: Failed to resolve 'es01' ([Errno -3] Temporary failure in name resolution))). Waiting Elasticsearch http://es01:9200 to be healthy.
2026-05-15 16:16:13,247 INFO     80 GET http://es01:9200/ [status:N/A duration:0.006s]
2026-05-15 16:16:13,247 WARNING  80 Node <Urllib3HttpNode(http://es01:9200)> has failed for 1 times in a row, putting on 1 second timeout
2026-05-15 16:16:13,247 WARNING  80 Retrying request after failure (attempt 0 of 3)
Traceback (most recent call last):
  File "/ragflow/.venv/lib/python3.10/site-packages/elastic_transport/_transport.py", line 328, in perform_request
    meta, raw_data = node.perform_request(
  File "/ragflow/.venv/lib/python3.10/site-packages/elastic_transport/_node/_http_urllib3.py", line 202, in perform_request
    raise err from None
elastic_transport.ConnectionError: Connection error caused by: NameResolutionError(<urllib3.connection.HTTPConnection object at 0x7f02365f9cf0>: Failed to resolve 'es01' ([Errno -3] Temporary failure in name resolution))
2026-05-15 16:16:13,250 INFO     80 GET http://es01:9200/ [status:N/A duration:0.002s]
2026-05-15 16:16:13,251 WARNING  80 Node <Urllib3HttpNode(http://es01:9200)> has failed for 2 times in a row, putting on 2 second timeout
2026-05-15 16:16:13,251 WARNING  80 Retrying request after failure (attempt 1 of 3)
Traceback (most recent call last):
  File "/ragflow/.venv/lib/python3.10/site-packages/elastic_transport/_transport.py", line 328, in perform_request
    meta, raw_data = node.perform_request(
  File "/ragflow/.venv/lib/python3.10/site-packages/elastic_transport/_node/_http_urllib3.py", line 202, in perform_request
    raise err from None
elastic_transport.ConnectionError: Connection error caused by: NameResolutionError(<urllib3.connection.HTTPConnection object at 0x7f02365fb7f0>: Failed to resolve 'es01' ([Errno -3] Temporary failure in name resolution))
2026-05-15 16:16:13,256 INFO     80 GET http://es01:9200/ [status:N/A duration:0.005s]
2026-05-15 16:16:13,257 WARNING  80 Node <Urllib3HttpNode(http://es01:9200)> has failed for 3 times in a row, putting on 4 second timeout
2026-05-15 16:16:13,257 WARNING  80 Retrying request after failure (attempt 2 of 3)
Traceback (most recent call last):
  File "/ragflow/.venv/lib/python3.10/site-packages/elastic_transport/_transport.py", line 328, in perform_request
    meta, raw_data = node.perform_request(
  File "/ragflow/.venv/lib/python3.10/site-packages/elastic_transport/_node/_http_urllib3.py", line 202, in perform_request
    raise err from None
elastic_transport.ConnectionError: Connection error caused by: NameResolutionError(<urllib3.connection.HTTPConnection object at 0x7f02365f9b40>: Failed to resolve 'es01' ([Errno -3] Temporary failure in name resolution))
2026-05-15 16:16:13,262 INFO     80 GET http://es01:9200/ [status:N/A duration:0.003s]
2026-05-15 16:16:13,262 WARNING  80 Node <Urllib3HttpNode(http://es01:9200)> has failed for 4 times in a row, putting on 8 second timeout
2026-05-15 16:16:13,262 WARNING  80 Connection error caused by: ConnectionError(Connection error caused by: NameResolutionError(<urllib3.connection.HTTPConnection object at 0x7f02365f9cf0>: Failed to resolve 'es01' ([Errno -3] Temporary failure in name resolution))). Waiting Elasticsearch http://es01:9200 to be healthy.
2026-05-15 16:16:18,268 INFO     80 Resurrected node <Urllib3HttpNode(http://es01:9200)> (force=False)
2026-05-15 16:16:18,273 INFO     80 HEAD http://es01:9200/ [status:N/A duration:0.005s]
2026-05-15 16:16:18,274 WARNING  80 Node <Urllib3HttpNode(http://es01:9200)> has failed for 5 times in a row, putting on 16 second timeout
2026-05-15 16:16:18,274 WARNING  80 Retrying request after failure (attempt 0 of 3)
Traceback (most recent call last):
  File "/ragflow/.venv/lib/python3.10/site-packages/elastic_transport/_transport.py", line 328, in perform_request
    meta, raw_data = node.perform_request(
  File "/ragflow/.venv/lib/python3.10/site-packages/elastic_transport/_node/_http_urllib3.py", line 202, in perform_request
    raise err from None
elastic_transport.ConnectionError: Connection error caused by: NameResolutionError(<urllib3.connection.HTTPConnection object at 0x7f02365fa770>: Failed to resolve 'es01' ([Errno -3] Temporary failure in name resolution))
2026-05-15 16:16:18,274 INFO     80 Resurrected node <Urllib3HttpNode(http://es01:9200)> (force=False)
2026-05-15 16:16:18,277 INFO     80 HEAD http://es01:9200/ [status:N/A duration:0.002s]
2026-05-15 16:16:18,277 WARNING  80 Node <Urllib3HttpNode(http://es01:9200)> has failed for 6 times in a row, putting on 30 second timeout
2026-05-15 16:16:18,277 WARNING  80 Retrying request after failure (attempt 1 of 3)
Traceback (most recent call last):
  File "/ragflow/.venv/lib/python3.10/site-packages/elastic_transport/_transport.py", line 328, in perform_request
    meta, raw_data = node.perform_request(
  File "/ragflow/.venv/lib/python3.10/site-packages/elastic_transport/_node/_http_urllib3.py", line 202, in perform_request
    raise err from None
elastic_transport.ConnectionError: Connection error caused by: NameResolutionError(<urllib3.connection.HTTPConnection object at 0x7f02365fa7d0>: Failed to resolve 'es01' ([Errno -3] Temporary failure in name resolution))
2026-05-15 16:16:18,278 INFO     80 Resurrected node <Urllib3HttpNode(http://es01:9200)> (force=False)
2026-05-15 16:16:18,280 INFO     80 HEAD http://es01:9200/ [status:N/A duration:0.002s]
2026-05-15 16:16:18,281 WARNING  80 Node <Urllib3HttpNode(http://es01:9200)> has failed for 7 times in a row, putting on 30 second timeout
2026-05-15 16:16:18,281 WARNING  80 Retrying request after failure (attempt 2 of 3)
Traceback (most recent call last):
  File "/ragflow/.venv/lib/python3.10/site-packages/elastic_transport/_transport.py", line 328, in perform_request
    meta, raw_data = node.perform_request(
  File "/ragflow/.venv/lib/python3.10/site-packages/elastic_transport/_node/_http_urllib3.py", line 202, in perform_request
    raise err from None
elastic_transport.ConnectionError: Connection error caused by: NameResolutionError(<urllib3.connection.HTTPConnection object at 0x7f02365fa950>: Failed to resolve 'es01' ([Errno -3] Temporary failure in name resolution))
2026-05-15 16:16:18,283 INFO     80 HEAD http://es01:9200/ [status:N/A duration:0.002s]
2026-05-15 16:16:18,284 WARNING  80 Node <Urllib3HttpNode(http://es01:9200)> has failed for 8 times in a row, putting on 30 second timeout
2026-05-15 16:16:18,284 ERROR    80 Elasticsearch http://es01:9200 is unhealthy in 120s.
