2025-06-20 14:07:11,239 INFO     58 task_executor_679d93b52f75_0 log path: /ragflow/logs/task_executor_679d93b52f75_0.log, log levels: {'peewee': 'WARNING', 'pdfminer': 'WARNING', 'root': 'INFO'}
2025-06-20 14:07:11,240 INFO     58 
  ______           __      ______                     __
 /_  __/___ ______/ /__   / ____/  _____  _______  __/ /_____  _____
  / / / __ `/ ___/ //_/  / __/ | |/_/ _ \/ ___/ / / / __/ __ \/ ___/
 / / / /_/ (__  ) ,<    / /____>  </  __/ /__/ /_/ / /_/ /_/ / /
/_/  \__,_/____/_/|_|  /_____/_/|_|\___/\___/\__,_/\__/\____/_/
    
2025-06-20 14:07:11,240 INFO     58 TaskExecutor: RAGFlow version: v0.19.0 slim
2025-06-20 14:07:11,241 INFO     58 Use Elasticsearch http://es01:9200 as the doc engine.
2025-06-20 14:07:11,245 INFO     58 GET http://es01:9200/ [status:N/A duration:0.003s]
2025-06-20 14:07:11,245 WARNING  58 Node <Urllib3HttpNode(http://es01:9200)> has failed for 1 times in a row, putting on 1 second timeout
2025-06-20 14:07:11,246 WARNING  58 Retrying request after failure (attempt 0 of 3)
Traceback (most recent call last):
  File "/ragflow/.venv/lib/python3.10/site-packages/elastic_transport/_transport.py", line 328, in perform_request
    meta, raw_data = node.perform_request(
  File "/ragflow/.venv/lib/python3.10/site-packages/elastic_transport/_node/_http_urllib3.py", line 202, in perform_request
    raise err from None
elastic_transport.ConnectionError: Connection error caused by: NameResolutionError(<urllib3.connection.HTTPConnection object at 0x7f74e91a8ee0>: Failed to resolve 'es01' ([Errno -3] Temporary failure in name resolution))
2025-06-20 14:07:11,248 INFO     58 GET http://es01:9200/ [status:N/A duration:0.002s]
2025-06-20 14:07:11,248 WARNING  58 Node <Urllib3HttpNode(http://es01:9200)> has failed for 2 times in a row, putting on 2 second timeout
2025-06-20 14:07:11,248 WARNING  58 Retrying request after failure (attempt 1 of 3)
Traceback (most recent call last):
  File "/ragflow/.venv/lib/python3.10/site-packages/elastic_transport/_transport.py", line 328, in perform_request
    meta, raw_data = node.perform_request(
  File "/ragflow/.venv/lib/python3.10/site-packages/elastic_transport/_node/_http_urllib3.py", line 202, in perform_request
    raise err from None
elastic_transport.ConnectionError: Connection error caused by: NameResolutionError(<urllib3.connection.HTTPConnection object at 0x7f74e91a8700>: Failed to resolve 'es01' ([Errno -3] Temporary failure in name resolution))
2025-06-20 14:07:11,250 INFO     58 GET http://es01:9200/ [status:N/A duration:0.002s]
2025-06-20 14:07:11,250 WARNING  58 Node <Urllib3HttpNode(http://es01:9200)> has failed for 3 times in a row, putting on 4 second timeout
2025-06-20 14:07:11,250 WARNING  58 Retrying request after failure (attempt 2 of 3)
Traceback (most recent call last):
  File "/ragflow/.venv/lib/python3.10/site-packages/elastic_transport/_transport.py", line 328, in perform_request
    meta, raw_data = node.perform_request(
  File "/ragflow/.venv/lib/python3.10/site-packages/elastic_transport/_node/_http_urllib3.py", line 202, in perform_request
    raise err from None
elastic_transport.ConnectionError: Connection error caused by: NameResolutionError(<urllib3.connection.HTTPConnection object at 0x7f74e91a81c0>: Failed to resolve 'es01' ([Errno -3] Temporary failure in name resolution))
2025-06-20 14:07:11,252 INFO     58 GET http://es01:9200/ [status:N/A duration:0.002s]
2025-06-20 14:07:11,252 WARNING  58 Node <Urllib3HttpNode(http://es01:9200)> has failed for 4 times in a row, putting on 8 second timeout
2025-06-20 14:07:11,252 WARNING  58 Connection error caused by: ConnectionError(Connection error caused by: NameResolutionError(<urllib3.connection.HTTPConnection object at 0x7f74e91a8ee0>: Failed to resolve 'es01' ([Errno -3] Temporary failure in name resolution))). Waiting Elasticsearch http://es01:9200 to be healthy.
2025-06-20 14:07:16,263 INFO     58 GET http://es01:9200/ [status:N/A duration:0.004s]
2025-06-20 14:07:16,264 WARNING  58 Node <Urllib3HttpNode(http://es01:9200)> has failed for 1 times in a row, putting on 1 second timeout
2025-06-20 14:07:16,264 WARNING  58 Retrying request after failure (attempt 0 of 3)
Traceback (most recent call last):
  File "/ragflow/.venv/lib/python3.10/site-packages/elastic_transport/_transport.py", line 328, in perform_request
    meta, raw_data = node.perform_request(
  File "/ragflow/.venv/lib/python3.10/site-packages/elastic_transport/_node/_http_urllib3.py", line 202, in perform_request
    raise err from None
elastic_transport.ConnectionError: Connection error caused by: NameResolutionError(<urllib3.connection.HTTPConnection object at 0x7f74e91aab30>: Failed to resolve 'es01' ([Errno -3] Temporary failure in name resolution))
2025-06-20 14:07:16,267 INFO     58 GET http://es01:9200/ [status:N/A duration:0.002s]
2025-06-20 14:07:16,267 WARNING  58 Node <Urllib3HttpNode(http://es01:9200)> has failed for 2 times in a row, putting on 2 second timeout
2025-06-20 14:07:16,267 WARNING  58 Retrying request after failure (attempt 1 of 3)
Traceback (most recent call last):
  File "/ragflow/.venv/lib/python3.10/site-packages/elastic_transport/_transport.py", line 328, in perform_request
    meta, raw_data = node.perform_request(
  File "/ragflow/.venv/lib/python3.10/site-packages/elastic_transport/_node/_http_urllib3.py", line 202, in perform_request
    raise err from None
elastic_transport.ConnectionError: Connection error caused by: NameResolutionError(<urllib3.connection.HTTPConnection object at 0x7f74e91a8c70>: Failed to resolve 'es01' ([Errno -3] Temporary failure in name resolution))
2025-06-20 14:07:16,270 INFO     58 GET http://es01:9200/ [status:N/A duration:0.002s]
2025-06-20 14:07:16,271 WARNING  58 Node <Urllib3HttpNode(http://es01:9200)> has failed for 3 times in a row, putting on 4 second timeout
2025-06-20 14:07:16,271 WARNING  58 Retrying request after failure (attempt 2 of 3)
Traceback (most recent call last):
  File "/ragflow/.venv/lib/python3.10/site-packages/elastic_transport/_transport.py", line 328, in perform_request
    meta, raw_data = node.perform_request(
  File "/ragflow/.venv/lib/python3.10/site-packages/elastic_transport/_node/_http_urllib3.py", line 202, in perform_request
    raise err from None
elastic_transport.ConnectionError: Connection error caused by: NameResolutionError(<urllib3.connection.HTTPConnection object at 0x7f74e91a8d90>: Failed to resolve 'es01' ([Errno -3] Temporary failure in name resolution))
2025-06-20 14:07:16,273 INFO     58 GET http://es01:9200/ [status:N/A duration:0.002s]
2025-06-20 14:07:16,273 WARNING  58 Node <Urllib3HttpNode(http://es01:9200)> has failed for 4 times in a row, putting on 8 second timeout
2025-06-20 14:07:16,274 WARNING  58 Connection error caused by: ConnectionError(Connection error caused by: NameResolutionError(<urllib3.connection.HTTPConnection object at 0x7f74e91aab30>: Failed to resolve 'es01' ([Errno -3] Temporary failure in name resolution))). Waiting Elasticsearch http://es01:9200 to be healthy.
2025-06-20 14:07:21,279 INFO     58 Resurrected node <Urllib3HttpNode(http://es01:9200)> (force=False)
2025-06-20 14:07:21,284 INFO     58 HEAD http://es01:9200/ [status:N/A duration:0.004s]
2025-06-20 14:07:21,284 WARNING  58 Node <Urllib3HttpNode(http://es01:9200)> has failed for 5 times in a row, putting on 16 second timeout
2025-06-20 14:07:21,284 WARNING  58 Retrying request after failure (attempt 0 of 3)
Traceback (most recent call last):
  File "/ragflow/.venv/lib/python3.10/site-packages/elastic_transport/_transport.py", line 328, in perform_request
    meta, raw_data = node.perform_request(
  File "/ragflow/.venv/lib/python3.10/site-packages/elastic_transport/_node/_http_urllib3.py", line 202, in perform_request
    raise err from None
elastic_transport.ConnectionError: Connection error caused by: NameResolutionError(<urllib3.connection.HTTPConnection object at 0x7f74e91aa6b0>: Failed to resolve 'es01' ([Errno -3] Temporary failure in name resolution))
2025-06-20 14:07:21,285 INFO     58 Resurrected node <Urllib3HttpNode(http://es01:9200)> (force=False)
2025-06-20 14:07:21,287 INFO     58 HEAD http://es01:9200/ [status:N/A duration:0.002s]
2025-06-20 14:07:21,287 WARNING  58 Node <Urllib3HttpNode(http://es01:9200)> has failed for 6 times in a row, putting on 30 second timeout
2025-06-20 14:07:21,288 WARNING  58 Retrying request after failure (attempt 1 of 3)
Traceback (most recent call last):
  File "/ragflow/.venv/lib/python3.10/site-packages/elastic_transport/_transport.py", line 328, in perform_request
    meta, raw_data = node.perform_request(
  File "/ragflow/.venv/lib/python3.10/site-packages/elastic_transport/_node/_http_urllib3.py", line 202, in perform_request
    raise err from None
elastic_transport.ConnectionError: Connection error caused by: NameResolutionError(<urllib3.connection.HTTPConnection object at 0x7f74e91aa830>: Failed to resolve 'es01' ([Errno -3] Temporary failure in name resolution))
2025-06-20 14:07:21,288 INFO     58 Resurrected node <Urllib3HttpNode(http://es01:9200)> (force=False)
2025-06-20 14:07:21,291 INFO     58 HEAD http://es01:9200/ [status:N/A duration:0.002s]
2025-06-20 14:07:21,291 WARNING  58 Node <Urllib3HttpNode(http://es01:9200)> has failed for 7 times in a row, putting on 30 second timeout
2025-06-20 14:07:21,291 WARNING  58 Retrying request after failure (attempt 2 of 3)
Traceback (most recent call last):
  File "/ragflow/.venv/lib/python3.10/site-packages/elastic_transport/_transport.py", line 328, in perform_request
    meta, raw_data = node.perform_request(
  File "/ragflow/.venv/lib/python3.10/site-packages/elastic_transport/_node/_http_urllib3.py", line 202, in perform_request
    raise err from None
elastic_transport.ConnectionError: Connection error caused by: NameResolutionError(<urllib3.connection.HTTPConnection object at 0x7f74e91abc10>: Failed to resolve 'es01' ([Errno -3] Temporary failure in name resolution))
2025-06-20 14:07:21,293 INFO     58 HEAD http://es01:9200/ [status:N/A duration:0.002s]
2025-06-20 14:07:21,293 WARNING  58 Node <Urllib3HttpNode(http://es01:9200)> has failed for 8 times in a row, putting on 30 second timeout
2025-06-20 14:07:21,294 ERROR    58 Elasticsearch http://es01:9200 is unhealthy in 120s.
