2025-06-17 21:51:10,336 INFO     53 task_executor_dbecd2235775_0 log path: /ragflow/logs/task_executor_dbecd2235775_0.log, log levels: {'peewee': 'WARNING', 'pdfminer': 'WARNING', 'root': 'INFO'}
2025-06-17 21:51:10,337 INFO     53 
  ______           __      ______                     __
 /_  __/___ ______/ /__   / ____/  _____  _______  __/ /_____  _____
  / / / __ `/ ___/ //_/  / __/ | |/_/ _ \/ ___/ / / / __/ __ \/ ___/
 / / / /_/ (__  ) ,<    / /____>  </  __/ /__/ /_/ / /_/ /_/ / /
/_/  \__,_/____/_/|_|  /_____/_/|_|\___/\___/\__,_/\__/\____/_/
    
2025-06-17 21:51:10,337 INFO     53 TaskExecutor: RAGFlow version: v0.19.0 slim
2025-06-17 21:51:10,338 INFO     53 Use Elasticsearch http://es01:9200 as the doc engine.
2025-06-17 21:51:10,344 INFO     53 GET http://es01:9200/ [status:N/A duration:0.005s]
2025-06-17 21:51:10,344 WARNING  53 Node <Urllib3HttpNode(http://es01:9200)> has failed for 1 times in a row, putting on 1 second timeout
2025-06-17 21:51:10,345 WARNING  53 Retrying request after failure (attempt 0 of 3)
Traceback (most recent call last):
  File "/ragflow/.venv/lib/python3.10/site-packages/elastic_transport/_transport.py", line 328, in perform_request
    meta, raw_data = node.perform_request(
  File "/ragflow/.venv/lib/python3.10/site-packages/elastic_transport/_node/_http_urllib3.py", line 202, in perform_request
    raise err from None
elastic_transport.ConnectionError: Connection error caused by: NameResolutionError(<urllib3.connection.HTTPConnection object at 0x7fa0a2b604c0>: Failed to resolve 'es01' ([Errno -3] Temporary failure in name resolution))
2025-06-17 21:51:10,351 INFO     53 GET http://es01:9200/ [status:N/A duration:0.005s]
2025-06-17 21:51:10,352 WARNING  53 Node <Urllib3HttpNode(http://es01:9200)> has failed for 2 times in a row, putting on 2 second timeout
2025-06-17 21:51:10,352 WARNING  53 Retrying request after failure (attempt 1 of 3)
Traceback (most recent call last):
  File "/ragflow/.venv/lib/python3.10/site-packages/elastic_transport/_transport.py", line 328, in perform_request
    meta, raw_data = node.perform_request(
  File "/ragflow/.venv/lib/python3.10/site-packages/elastic_transport/_node/_http_urllib3.py", line 202, in perform_request
    raise err from None
elastic_transport.ConnectionError: Connection error caused by: NameResolutionError(<urllib3.connection.HTTPConnection object at 0x7fa0a2b61f30>: Failed to resolve 'es01' ([Errno -3] Temporary failure in name resolution))
2025-06-17 21:51:10,356 INFO     53 GET http://es01:9200/ [status:N/A duration:0.004s]
2025-06-17 21:51:10,357 WARNING  53 Node <Urllib3HttpNode(http://es01:9200)> has failed for 3 times in a row, putting on 4 second timeout
2025-06-17 21:51:10,357 WARNING  53 Retrying request after failure (attempt 2 of 3)
Traceback (most recent call last):
  File "/ragflow/.venv/lib/python3.10/site-packages/elastic_transport/_transport.py", line 328, in perform_request
    meta, raw_data = node.perform_request(
  File "/ragflow/.venv/lib/python3.10/site-packages/elastic_transport/_node/_http_urllib3.py", line 202, in perform_request
    raise err from None
elastic_transport.ConnectionError: Connection error caused by: NameResolutionError(<urllib3.connection.HTTPConnection object at 0x7fa0a2b61630>: Failed to resolve 'es01' ([Errno -3] Temporary failure in name resolution))
2025-06-17 21:51:10,361 INFO     53 GET http://es01:9200/ [status:N/A duration:0.003s]
2025-06-17 21:51:10,361 WARNING  53 Node <Urllib3HttpNode(http://es01:9200)> has failed for 4 times in a row, putting on 8 second timeout
2025-06-17 21:51:10,362 WARNING  53 Connection error caused by: ConnectionError(Connection error caused by: NameResolutionError(<urllib3.connection.HTTPConnection object at 0x7fa0a2b604c0>: Failed to resolve 'es01' ([Errno -3] Temporary failure in name resolution))). Waiting Elasticsearch http://es01:9200 to be healthy.
2025-06-17 21:51:15,373 INFO     53 GET http://es01:9200/ [status:N/A duration:0.005s]
2025-06-17 21:51:15,374 WARNING  53 Node <Urllib3HttpNode(http://es01:9200)> has failed for 1 times in a row, putting on 1 second timeout
2025-06-17 21:51:15,374 WARNING  53 Retrying request after failure (attempt 0 of 3)
Traceback (most recent call last):
  File "/ragflow/.venv/lib/python3.10/site-packages/elastic_transport/_transport.py", line 328, in perform_request
    meta, raw_data = node.perform_request(
  File "/ragflow/.venv/lib/python3.10/site-packages/elastic_transport/_node/_http_urllib3.py", line 202, in perform_request
    raise err from None
elastic_transport.ConnectionError: Connection error caused by: NameResolutionError(<urllib3.connection.HTTPConnection object at 0x7fa0a2b51780>: Failed to resolve 'es01' ([Errno -3] Temporary failure in name resolution))
2025-06-17 21:51:15,377 INFO     53 GET http://es01:9200/ [status:N/A duration:0.003s]
2025-06-17 21:51:15,378 WARNING  53 Node <Urllib3HttpNode(http://es01:9200)> has failed for 2 times in a row, putting on 2 second timeout
2025-06-17 21:51:15,378 WARNING  53 Retrying request after failure (attempt 1 of 3)
Traceback (most recent call last):
  File "/ragflow/.venv/lib/python3.10/site-packages/elastic_transport/_transport.py", line 328, in perform_request
    meta, raw_data = node.perform_request(
  File "/ragflow/.venv/lib/python3.10/site-packages/elastic_transport/_node/_http_urllib3.py", line 202, in perform_request
    raise err from None
elastic_transport.ConnectionError: Connection error caused by: NameResolutionError(<urllib3.connection.HTTPConnection object at 0x7fa0e3c8d210>: Failed to resolve 'es01' ([Errno -3] Temporary failure in name resolution))
2025-06-17 21:51:15,381 INFO     53 GET http://es01:9200/ [status:N/A duration:0.003s]
2025-06-17 21:51:15,381 WARNING  53 Node <Urllib3HttpNode(http://es01:9200)> has failed for 3 times in a row, putting on 4 second timeout
2025-06-17 21:51:15,381 WARNING  53 Retrying request after failure (attempt 2 of 3)
Traceback (most recent call last):
  File "/ragflow/.venv/lib/python3.10/site-packages/elastic_transport/_transport.py", line 328, in perform_request
    meta, raw_data = node.perform_request(
  File "/ragflow/.venv/lib/python3.10/site-packages/elastic_transport/_node/_http_urllib3.py", line 202, in perform_request
    raise err from None
elastic_transport.ConnectionError: Connection error caused by: NameResolutionError(<urllib3.connection.HTTPConnection object at 0x7fa0e3c8e920>: Failed to resolve 'es01' ([Errno -3] Temporary failure in name resolution))
2025-06-17 21:51:15,384 INFO     53 GET http://es01:9200/ [status:N/A duration:0.002s]
2025-06-17 21:51:15,384 WARNING  53 Node <Urllib3HttpNode(http://es01:9200)> has failed for 4 times in a row, putting on 8 second timeout
2025-06-17 21:51:15,384 WARNING  53 Connection error caused by: ConnectionError(Connection error caused by: NameResolutionError(<urllib3.connection.HTTPConnection object at 0x7fa0a2b51780>: Failed to resolve 'es01' ([Errno -3] Temporary failure in name resolution))). Waiting Elasticsearch http://es01:9200 to be healthy.
2025-06-17 21:51:20,390 INFO     53 Resurrected node <Urllib3HttpNode(http://es01:9200)> (force=False)
2025-06-17 21:51:20,394 INFO     53 HEAD http://es01:9200/ [status:N/A duration:0.004s]
2025-06-17 21:51:20,394 WARNING  53 Node <Urllib3HttpNode(http://es01:9200)> has failed for 5 times in a row, putting on 16 second timeout
2025-06-17 21:51:20,394 WARNING  53 Retrying request after failure (attempt 0 of 3)
Traceback (most recent call last):
  File "/ragflow/.venv/lib/python3.10/site-packages/elastic_transport/_transport.py", line 328, in perform_request
    meta, raw_data = node.perform_request(
  File "/ragflow/.venv/lib/python3.10/site-packages/elastic_transport/_node/_http_urllib3.py", line 202, in perform_request
    raise err from None
elastic_transport.ConnectionError: Connection error caused by: NameResolutionError(<urllib3.connection.HTTPConnection object at 0x7fa0e3c8d4b0>: Failed to resolve 'es01' ([Errno -3] Temporary failure in name resolution))
2025-06-17 21:51:20,395 INFO     53 Resurrected node <Urllib3HttpNode(http://es01:9200)> (force=False)
2025-06-17 21:51:20,398 INFO     53 HEAD http://es01:9200/ [status:N/A duration:0.003s]
2025-06-17 21:51:20,398 WARNING  53 Node <Urllib3HttpNode(http://es01:9200)> has failed for 6 times in a row, putting on 30 second timeout
2025-06-17 21:51:20,399 WARNING  53 Retrying request after failure (attempt 1 of 3)
Traceback (most recent call last):
  File "/ragflow/.venv/lib/python3.10/site-packages/elastic_transport/_transport.py", line 328, in perform_request
    meta, raw_data = node.perform_request(
  File "/ragflow/.venv/lib/python3.10/site-packages/elastic_transport/_node/_http_urllib3.py", line 202, in perform_request
    raise err from None
elastic_transport.ConnectionError: Connection error caused by: NameResolutionError(<urllib3.connection.HTTPConnection object at 0x7fa0e3c8c310>: Failed to resolve 'es01' ([Errno -3] Temporary failure in name resolution))
2025-06-17 21:51:20,399 INFO     53 Resurrected node <Urllib3HttpNode(http://es01:9200)> (force=False)
2025-06-17 21:51:20,404 INFO     53 HEAD http://es01:9200/ [status:N/A duration:0.004s]
2025-06-17 21:51:20,404 WARNING  53 Node <Urllib3HttpNode(http://es01:9200)> has failed for 7 times in a row, putting on 30 second timeout
2025-06-17 21:51:20,404 WARNING  53 Retrying request after failure (attempt 2 of 3)
Traceback (most recent call last):
  File "/ragflow/.venv/lib/python3.10/site-packages/elastic_transport/_transport.py", line 328, in perform_request
    meta, raw_data = node.perform_request(
  File "/ragflow/.venv/lib/python3.10/site-packages/elastic_transport/_node/_http_urllib3.py", line 202, in perform_request
    raise err from None
elastic_transport.ConnectionError: Connection error caused by: NameResolutionError(<urllib3.connection.HTTPConnection object at 0x7fa0e3c8c100>: Failed to resolve 'es01' ([Errno -3] Temporary failure in name resolution))
2025-06-17 21:51:20,409 INFO     53 HEAD http://es01:9200/ [status:N/A duration:0.004s]
2025-06-17 21:51:20,410 WARNING  53 Node <Urllib3HttpNode(http://es01:9200)> has failed for 8 times in a row, putting on 30 second timeout
2025-06-17 21:51:20,410 ERROR    53 Elasticsearch http://es01:9200 is unhealthy in 120s.
