2025-06-17 23:23:39,942 INFO     55 task_executor_42c6c06c9dbc_0 log path: /ragflow/logs/task_executor_42c6c06c9dbc_0.log, log levels: {'peewee': 'WARNING', 'pdfminer': 'WARNING', 'root': 'INFO'}
2025-06-17 23:23:39,943 INFO     55 
  ______           __      ______                     __
 /_  __/___ ______/ /__   / ____/  _____  _______  __/ /_____  _____
  / / / __ `/ ___/ //_/  / __/ | |/_/ _ \/ ___/ / / / __/ __ \/ ___/
 / / / /_/ (__  ) ,<    / /____>  </  __/ /__/ /_/ / /_/ /_/ / /
/_/  \__,_/____/_/|_|  /_____/_/|_|\___/\___/\__,_/\__/\____/_/
    
2025-06-17 23:23:39,943 INFO     55 TaskExecutor: RAGFlow version: v0.19.0 slim
2025-06-17 23:23:39,944 INFO     55 Use Elasticsearch http://es01:9200 as the doc engine.
2025-06-17 23:23:39,950 INFO     55 GET http://es01:9200/ [status:N/A duration:0.005s]
2025-06-17 23:23:39,951 WARNING  55 Node <Urllib3HttpNode(http://es01:9200)> has failed for 1 times in a row, putting on 1 second timeout
2025-06-17 23:23:39,951 WARNING  55 Retrying request after failure (attempt 0 of 3)
Traceback (most recent call last):
  File "/ragflow/.venv/lib/python3.10/site-packages/elastic_transport/_transport.py", line 328, in perform_request
    meta, raw_data = node.perform_request(
  File "/ragflow/.venv/lib/python3.10/site-packages/elastic_transport/_node/_http_urllib3.py", line 202, in perform_request
    raise err from None
elastic_transport.ConnectionError: Connection error caused by: NameResolutionError(<urllib3.connection.HTTPConnection object at 0x7f5bf1d64610>: Failed to resolve 'es01' ([Errno -3] Temporary failure in name resolution))
2025-06-17 23:23:39,955 INFO     55 GET http://es01:9200/ [status:N/A duration:0.003s]
2025-06-17 23:23:39,956 WARNING  55 Node <Urllib3HttpNode(http://es01:9200)> has failed for 2 times in a row, putting on 2 second timeout
2025-06-17 23:23:39,956 WARNING  55 Retrying request after failure (attempt 1 of 3)
Traceback (most recent call last):
  File "/ragflow/.venv/lib/python3.10/site-packages/elastic_transport/_transport.py", line 328, in perform_request
    meta, raw_data = node.perform_request(
  File "/ragflow/.venv/lib/python3.10/site-packages/elastic_transport/_node/_http_urllib3.py", line 202, in perform_request
    raise err from None
elastic_transport.ConnectionError: Connection error caused by: NameResolutionError(<urllib3.connection.HTTPConnection object at 0x7f5bf1d640a0>: Failed to resolve 'es01' ([Errno -3] Temporary failure in name resolution))
2025-06-17 23:23:39,958 INFO     55 GET http://es01:9200/ [status:N/A duration:0.002s]
2025-06-17 23:23:39,959 WARNING  55 Node <Urllib3HttpNode(http://es01:9200)> has failed for 3 times in a row, putting on 4 second timeout
2025-06-17 23:23:39,959 WARNING  55 Retrying request after failure (attempt 2 of 3)
Traceback (most recent call last):
  File "/ragflow/.venv/lib/python3.10/site-packages/elastic_transport/_transport.py", line 328, in perform_request
    meta, raw_data = node.perform_request(
  File "/ragflow/.venv/lib/python3.10/site-packages/elastic_transport/_node/_http_urllib3.py", line 202, in perform_request
    raise err from None
elastic_transport.ConnectionError: Connection error caused by: NameResolutionError(<urllib3.connection.HTTPConnection object at 0x7f5bf1d67e80>: Failed to resolve 'es01' ([Errno -3] Temporary failure in name resolution))
2025-06-17 23:23:39,962 INFO     55 GET http://es01:9200/ [status:N/A duration:0.002s]
2025-06-17 23:23:39,962 WARNING  55 Node <Urllib3HttpNode(http://es01:9200)> has failed for 4 times in a row, putting on 8 second timeout
2025-06-17 23:23:39,962 WARNING  55 Connection error caused by: ConnectionError(Connection error caused by: NameResolutionError(<urllib3.connection.HTTPConnection object at 0x7f5bf1d64610>: Failed to resolve 'es01' ([Errno -3] Temporary failure in name resolution))). Waiting Elasticsearch http://es01:9200 to be healthy.
2025-06-17 23:23:44,975 INFO     55 GET http://es01:9200/ [status:N/A duration:0.005s]
2025-06-17 23:23:44,975 WARNING  55 Node <Urllib3HttpNode(http://es01:9200)> has failed for 1 times in a row, putting on 1 second timeout
2025-06-17 23:23:44,976 WARNING  55 Retrying request after failure (attempt 0 of 3)
Traceback (most recent call last):
  File "/ragflow/.venv/lib/python3.10/site-packages/elastic_transport/_transport.py", line 328, in perform_request
    meta, raw_data = node.perform_request(
  File "/ragflow/.venv/lib/python3.10/site-packages/elastic_transport/_node/_http_urllib3.py", line 202, in perform_request
    raise err from None
elastic_transport.ConnectionError: Connection error caused by: NameResolutionError(<urllib3.connection.HTTPConnection object at 0x7f5bf1d664a0>: Failed to resolve 'es01' ([Errno -3] Temporary failure in name resolution))
2025-06-17 23:23:44,979 INFO     55 GET http://es01:9200/ [status:N/A duration:0.002s]
2025-06-17 23:23:44,979 WARNING  55 Node <Urllib3HttpNode(http://es01:9200)> has failed for 2 times in a row, putting on 2 second timeout
2025-06-17 23:23:44,979 WARNING  55 Retrying request after failure (attempt 1 of 3)
Traceback (most recent call last):
  File "/ragflow/.venv/lib/python3.10/site-packages/elastic_transport/_transport.py", line 328, in perform_request
    meta, raw_data = node.perform_request(
  File "/ragflow/.venv/lib/python3.10/site-packages/elastic_transport/_node/_http_urllib3.py", line 202, in perform_request
    raise err from None
elastic_transport.ConnectionError: Connection error caused by: NameResolutionError(<urllib3.connection.HTTPConnection object at 0x7f5bf1d64fd0>: Failed to resolve 'es01' ([Errno -3] Temporary failure in name resolution))
2025-06-17 23:23:44,982 INFO     55 GET http://es01:9200/ [status:N/A duration:0.002s]
2025-06-17 23:23:44,982 WARNING  55 Node <Urllib3HttpNode(http://es01:9200)> has failed for 3 times in a row, putting on 4 second timeout
2025-06-17 23:23:44,982 WARNING  55 Retrying request after failure (attempt 2 of 3)
Traceback (most recent call last):
  File "/ragflow/.venv/lib/python3.10/site-packages/elastic_transport/_transport.py", line 328, in perform_request
    meta, raw_data = node.perform_request(
  File "/ragflow/.venv/lib/python3.10/site-packages/elastic_transport/_node/_http_urllib3.py", line 202, in perform_request
    raise err from None
elastic_transport.ConnectionError: Connection error caused by: NameResolutionError(<urllib3.connection.HTTPConnection object at 0x7f5bf1d64820>: Failed to resolve 'es01' ([Errno -3] Temporary failure in name resolution))
2025-06-17 23:23:44,985 INFO     55 GET http://es01:9200/ [status:N/A duration:0.002s]
2025-06-17 23:23:44,985 WARNING  55 Node <Urllib3HttpNode(http://es01:9200)> has failed for 4 times in a row, putting on 8 second timeout
2025-06-17 23:23:44,985 WARNING  55 Connection error caused by: ConnectionError(Connection error caused by: NameResolutionError(<urllib3.connection.HTTPConnection object at 0x7f5bf1d664a0>: Failed to resolve 'es01' ([Errno -3] Temporary failure in name resolution))). Waiting Elasticsearch http://es01:9200 to be healthy.
