2025-06-18 00:55:22,445 INFO     56 task_executor_5d2258202e19_0 log path: /ragflow/logs/task_executor_5d2258202e19_0.log, log levels: {'peewee': 'WARNING', 'pdfminer': 'WARNING', 'root': 'INFO'}
2025-06-18 00:55:22,446 INFO     56 
  ______           __      ______                     __
 /_  __/___ ______/ /__   / ____/  _____  _______  __/ /_____  _____
  / / / __ `/ ___/ //_/  / __/ | |/_/ _ \/ ___/ / / / __/ __ \/ ___/
 / / / /_/ (__  ) ,<    / /____>  </  __/ /__/ /_/ / /_/ /_/ / /
/_/  \__,_/____/_/|_|  /_____/_/|_|\___/\___/\__,_/\__/\____/_/
    
2025-06-18 00:55:22,446 INFO     56 TaskExecutor: RAGFlow version: v0.19.0 slim
2025-06-18 00:55:22,447 INFO     56 Use Elasticsearch http://es01:9200 as the doc engine.
2025-06-18 00:55:22,453 INFO     56 GET http://es01:9200/ [status:N/A duration:0.005s]
2025-06-18 00:55:22,453 WARNING  56 Node <Urllib3HttpNode(http://es01:9200)> has failed for 1 times in a row, putting on 1 second timeout
2025-06-18 00:55:22,453 WARNING  56 Retrying request after failure (attempt 0 of 3)
Traceback (most recent call last):
  File "/ragflow/.venv/lib/python3.10/site-packages/elastic_transport/_transport.py", line 328, in perform_request
    meta, raw_data = node.perform_request(
  File "/ragflow/.venv/lib/python3.10/site-packages/elastic_transport/_node/_http_urllib3.py", line 202, in perform_request
    raise err from None
elastic_transport.ConnectionError: Connection error caused by: NameResolutionError(<urllib3.connection.HTTPConnection object at 0x7f691f7b0160>: Failed to resolve 'es01' ([Errno -3] Temporary failure in name resolution))
2025-06-18 00:55:22,456 INFO     56 GET http://es01:9200/ [status:N/A duration:0.002s]
2025-06-18 00:55:22,456 WARNING  56 Node <Urllib3HttpNode(http://es01:9200)> has failed for 2 times in a row, putting on 2 second timeout
2025-06-18 00:55:22,456 WARNING  56 Retrying request after failure (attempt 1 of 3)
Traceback (most recent call last):
  File "/ragflow/.venv/lib/python3.10/site-packages/elastic_transport/_transport.py", line 328, in perform_request
    meta, raw_data = node.perform_request(
  File "/ragflow/.venv/lib/python3.10/site-packages/elastic_transport/_node/_http_urllib3.py", line 202, in perform_request
    raise err from None
elastic_transport.ConnectionError: Connection error caused by: NameResolutionError(<urllib3.connection.HTTPConnection object at 0x7f691f7b2920>: Failed to resolve 'es01' ([Errno -3] Temporary failure in name resolution))
2025-06-18 00:55:22,457 INFO     56 GET http://es01:9200/ [status:N/A duration:0.001s]
2025-06-18 00:55:22,457 WARNING  56 Node <Urllib3HttpNode(http://es01:9200)> has failed for 3 times in a row, putting on 4 second timeout
2025-06-18 00:55:22,457 WARNING  56 Retrying request after failure (attempt 2 of 3)
Traceback (most recent call last):
  File "/ragflow/.venv/lib/python3.10/site-packages/elastic_transport/_transport.py", line 328, in perform_request
    meta, raw_data = node.perform_request(
  File "/ragflow/.venv/lib/python3.10/site-packages/elastic_transport/_node/_http_urllib3.py", line 202, in perform_request
    raise err from None
elastic_transport.ConnectionError: Connection error caused by: NameResolutionError(<urllib3.connection.HTTPConnection object at 0x7f691f7b2980>: Failed to resolve 'es01' ([Errno -3] Temporary failure in name resolution))
2025-06-18 00:55:22,459 INFO     56 GET http://es01:9200/ [status:N/A duration:0.002s]
2025-06-18 00:55:22,459 WARNING  56 Node <Urllib3HttpNode(http://es01:9200)> has failed for 4 times in a row, putting on 8 second timeout
2025-06-18 00:55:22,459 WARNING  56 Connection error caused by: ConnectionError(Connection error caused by: NameResolutionError(<urllib3.connection.HTTPConnection object at 0x7f691f7b0160>: Failed to resolve 'es01' ([Errno -3] Temporary failure in name resolution))). Waiting Elasticsearch http://es01:9200 to be healthy.
2025-06-18 00:55:27,471 INFO     56 GET http://es01:9200/ [status:N/A duration:0.005s]
2025-06-18 00:55:27,471 WARNING  56 Node <Urllib3HttpNode(http://es01:9200)> has failed for 1 times in a row, putting on 1 second timeout
2025-06-18 00:55:27,472 WARNING  56 Retrying request after failure (attempt 0 of 3)
Traceback (most recent call last):
  File "/ragflow/.venv/lib/python3.10/site-packages/elastic_transport/_transport.py", line 328, in perform_request
    meta, raw_data = node.perform_request(
  File "/ragflow/.venv/lib/python3.10/site-packages/elastic_transport/_node/_http_urllib3.py", line 202, in perform_request
    raise err from None
elastic_transport.ConnectionError: Connection error caused by: NameResolutionError(<urllib3.connection.HTTPConnection object at 0x7f696859c370>: Failed to resolve 'es01' ([Errno -3] Temporary failure in name resolution))
2025-06-18 00:55:27,475 INFO     56 GET http://es01:9200/ [status:N/A duration:0.002s]
2025-06-18 00:55:27,475 WARNING  56 Node <Urllib3HttpNode(http://es01:9200)> has failed for 2 times in a row, putting on 2 second timeout
2025-06-18 00:55:27,475 WARNING  56 Retrying request after failure (attempt 1 of 3)
Traceback (most recent call last):
  File "/ragflow/.venv/lib/python3.10/site-packages/elastic_transport/_transport.py", line 328, in perform_request
    meta, raw_data = node.perform_request(
  File "/ragflow/.venv/lib/python3.10/site-packages/elastic_transport/_node/_http_urllib3.py", line 202, in perform_request
    raise err from None
elastic_transport.ConnectionError: Connection error caused by: NameResolutionError(<urllib3.connection.HTTPConnection object at 0x7f696859c160>: Failed to resolve 'es01' ([Errno -3] Temporary failure in name resolution))
2025-06-18 00:55:27,477 INFO     56 GET http://es01:9200/ [status:N/A duration:0.002s]
2025-06-18 00:55:27,478 WARNING  56 Node <Urllib3HttpNode(http://es01:9200)> has failed for 3 times in a row, putting on 4 second timeout
2025-06-18 00:55:27,478 WARNING  56 Retrying request after failure (attempt 2 of 3)
Traceback (most recent call last):
  File "/ragflow/.venv/lib/python3.10/site-packages/elastic_transport/_transport.py", line 328, in perform_request
    meta, raw_data = node.perform_request(
  File "/ragflow/.venv/lib/python3.10/site-packages/elastic_transport/_node/_http_urllib3.py", line 202, in perform_request
    raise err from None
elastic_transport.ConnectionError: Connection error caused by: NameResolutionError(<urllib3.connection.HTTPConnection object at 0x7f696859e890>: Failed to resolve 'es01' ([Errno -3] Temporary failure in name resolution))
2025-06-18 00:55:27,480 INFO     56 GET http://es01:9200/ [status:N/A duration:0.002s]
2025-06-18 00:55:27,480 WARNING  56 Node <Urllib3HttpNode(http://es01:9200)> has failed for 4 times in a row, putting on 8 second timeout
2025-06-18 00:55:27,480 WARNING  56 Connection error caused by: ConnectionError(Connection error caused by: NameResolutionError(<urllib3.connection.HTTPConnection object at 0x7f696859c370>: Failed to resolve 'es01' ([Errno -3] Temporary failure in name resolution))). Waiting Elasticsearch http://es01:9200 to be healthy.
2025-06-18 00:55:32,486 INFO     56 Resurrected node <Urllib3HttpNode(http://es01:9200)> (force=False)
2025-06-18 00:55:32,491 INFO     56 HEAD http://es01:9200/ [status:N/A duration:0.005s]
2025-06-18 00:55:32,491 WARNING  56 Node <Urllib3HttpNode(http://es01:9200)> has failed for 5 times in a row, putting on 16 second timeout
2025-06-18 00:55:32,491 WARNING  56 Retrying request after failure (attempt 0 of 3)
Traceback (most recent call last):
  File "/ragflow/.venv/lib/python3.10/site-packages/elastic_transport/_transport.py", line 328, in perform_request
    meta, raw_data = node.perform_request(
  File "/ragflow/.venv/lib/python3.10/site-packages/elastic_transport/_node/_http_urllib3.py", line 202, in perform_request
    raise err from None
elastic_transport.ConnectionError: Connection error caused by: NameResolutionError(<urllib3.connection.HTTPConnection object at 0x7f696859ece0>: Failed to resolve 'es01' ([Errno -3] Temporary failure in name resolution))
2025-06-18 00:55:32,493 INFO     56 Resurrected node <Urllib3HttpNode(http://es01:9200)> (force=False)
2025-06-18 00:55:32,496 INFO     56 HEAD http://es01:9200/ [status:N/A duration:0.002s]
2025-06-18 00:55:32,496 WARNING  56 Node <Urllib3HttpNode(http://es01:9200)> has failed for 6 times in a row, putting on 30 second timeout
2025-06-18 00:55:32,496 WARNING  56 Retrying request after failure (attempt 1 of 3)
Traceback (most recent call last):
  File "/ragflow/.venv/lib/python3.10/site-packages/elastic_transport/_transport.py", line 328, in perform_request
    meta, raw_data = node.perform_request(
  File "/ragflow/.venv/lib/python3.10/site-packages/elastic_transport/_node/_http_urllib3.py", line 202, in perform_request
    raise err from None
elastic_transport.ConnectionError: Connection error caused by: NameResolutionError(<urllib3.connection.HTTPConnection object at 0x7f696859dfc0>: Failed to resolve 'es01' ([Errno -3] Temporary failure in name resolution))
2025-06-18 00:55:32,497 INFO     56 Resurrected node <Urllib3HttpNode(http://es01:9200)> (force=False)
2025-06-18 00:55:32,499 INFO     56 HEAD http://es01:9200/ [status:N/A duration:0.002s]
2025-06-18 00:55:32,500 WARNING  56 Node <Urllib3HttpNode(http://es01:9200)> has failed for 7 times in a row, putting on 30 second timeout
2025-06-18 00:55:32,500 WARNING  56 Retrying request after failure (attempt 2 of 3)
Traceback (most recent call last):
  File "/ragflow/.venv/lib/python3.10/site-packages/elastic_transport/_transport.py", line 328, in perform_request
    meta, raw_data = node.perform_request(
  File "/ragflow/.venv/lib/python3.10/site-packages/elastic_transport/_node/_http_urllib3.py", line 202, in perform_request
    raise err from None
elastic_transport.ConnectionError: Connection error caused by: NameResolutionError(<urllib3.connection.HTTPConnection object at 0x7f696859e2f0>: Failed to resolve 'es01' ([Errno -3] Temporary failure in name resolution))
2025-06-18 00:55:32,510 INFO     56 HEAD http://es01:9200/ [status:N/A duration:0.009s]
2025-06-18 00:55:32,510 WARNING  56 Node <Urllib3HttpNode(http://es01:9200)> has failed for 8 times in a row, putting on 30 second timeout
2025-06-18 00:55:32,510 ERROR    56 Elasticsearch http://es01:9200 is unhealthy in 120s.
