2025-06-18 23:20:52,762 INFO     37 task_executor_3dc806e58009_0 log path: /ragflow/logs/task_executor_3dc806e58009_0.log, log levels: {'peewee': 'WARNING', 'pdfminer': 'WARNING', 'root': 'INFO'}
2025-06-18 23:20:52,763 INFO     37 
  ______           __      ______                     __
 /_  __/___ ______/ /__   / ____/  _____  _______  __/ /_____  _____
  / / / __ `/ ___/ //_/  / __/ | |/_/ _ \/ ___/ / / / __/ __ \/ ___/
 / / / /_/ (__  ) ,<    / /____>  </  __/ /__/ /_/ / /_/ /_/ / /
/_/  \__,_/____/_/|_|  /_____/_/|_|\___/\___/\__,_/\__/\____/_/
    
2025-06-18 23:20:52,763 INFO     37 TaskExecutor: RAGFlow version: v0.19.0 slim
2025-06-18 23:20:52,764 INFO     37 Use Elasticsearch http://es01:9200 as the doc engine.
2025-06-18 23:20:52,788 INFO     37 GET http://es01:9200/ [status:200 duration:0.024s]
2025-06-18 23:20:52,797 INFO     37 HEAD http://es01:9200/ [status:200 duration:0.008s]
2025-06-18 23:20:52,798 INFO     37 Elasticsearch http://es01:9200 is healthy.
2025-06-18 23:20:52,808 WARNING  37 Load term.freq FAIL!
2025-06-18 23:20:52,817 WARNING  37 Realtime synonym is disabled, since no redis connection.
2025-06-18 23:20:52,827 WARNING  37 Load term.freq FAIL!
2025-06-18 23:20:52,835 WARNING  37 Realtime synonym is disabled, since no redis connection.
2025-06-18 23:20:52,835 INFO     37 MAX_CONTENT_LENGTH: 134217728
2025-06-18 23:20:52,835 INFO     37 MAX_FILE_COUNT_PER_USER: 0
2025-06-18 23:20:52,842 INFO     37 task_executor_3dc806e58009_0 reported heartbeat: {"name": "task_executor_3dc806e58009_0", "now": "2025-06-18T23:20:52.841+08:00", "boot_at": "2025-06-18T23:20:52.761+08:00", "pending": 0, "lag": 0, "done": 0, "failed": 0, "current": {}}
2025-06-18 23:20:52,844 INFO     37 task_executor_d433874f0d98_0 expired, removed
2025-06-18 23:20:52,846 WARNING  37 RedisDB.get_unacked_iterator queue rag_flow_svr_queue_1 doesn't exist
2025-06-18 23:21:22,848 INFO     37 task_executor_3dc806e58009_0 reported heartbeat: {"name": "task_executor_3dc806e58009_0", "now": "2025-06-18T23:21:22.846+08:00", "boot_at": "2025-06-18T23:20:52.761+08:00", "pending": 0, "lag": 0, "done": 0, "failed": 0, "current": {}}
2025-06-18 23:21:52,852 INFO     37 task_executor_3dc806e58009_0 reported heartbeat: {"name": "task_executor_3dc806e58009_0", "now": "2025-06-18T23:21:52.851+08:00", "boot_at": "2025-06-18T23:20:52.761+08:00", "pending": 0, "lag": 0, "done": 0, "failed": 0, "current": {}}
2025-06-18 23:22:22,857 INFO     37 task_executor_3dc806e58009_0 reported heartbeat: {"name": "task_executor_3dc806e58009_0", "now": "2025-06-18T23:22:22.855+08:00", "boot_at": "2025-06-18T23:20:52.761+08:00", "pending": 0, "lag": 0, "done": 0, "failed": 0, "current": {}}
2025-06-18 23:22:52,861 INFO     37 task_executor_3dc806e58009_0 reported heartbeat: {"name": "task_executor_3dc806e58009_0", "now": "2025-06-18T23:22:52.860+08:00", "boot_at": "2025-06-18T23:20:52.761+08:00", "pending": 0, "lag": 0, "done": 0, "failed": 0, "current": {}}
2025-06-18 23:23:22,866 INFO     37 task_executor_3dc806e58009_0 reported heartbeat: {"name": "task_executor_3dc806e58009_0", "now": "2025-06-18T23:23:22.864+08:00", "boot_at": "2025-06-18T23:20:52.761+08:00", "pending": 0, "lag": 0, "done": 0, "failed": 0, "current": {}}
2025-06-18 23:23:52,871 INFO     37 task_executor_3dc806e58009_0 reported heartbeat: {"name": "task_executor_3dc806e58009_0", "now": "2025-06-18T23:23:52.869+08:00", "boot_at": "2025-06-18T23:20:52.761+08:00", "pending": 0, "lag": 0, "done": 0, "failed": 0, "current": {}}
2025-06-18 23:24:22,876 INFO     37 task_executor_3dc806e58009_0 reported heartbeat: {"name": "task_executor_3dc806e58009_0", "now": "2025-06-18T23:24:22.874+08:00", "boot_at": "2025-06-18T23:20:52.761+08:00", "pending": 0, "lag": 0, "done": 0, "failed": 0, "current": {}}
2025-06-18 23:24:52,881 INFO     37 task_executor_3dc806e58009_0 reported heartbeat: {"name": "task_executor_3dc806e58009_0", "now": "2025-06-18T23:24:52.879+08:00", "boot_at": "2025-06-18T23:20:52.761+08:00", "pending": 0, "lag": 0, "done": 0, "failed": 0, "current": {}}
2025-06-18 23:25:22,884 INFO     37 task_executor_3dc806e58009_0 reported heartbeat: {"name": "task_executor_3dc806e58009_0", "now": "2025-06-18T23:25:22.883+08:00", "boot_at": "2025-06-18T23:20:52.761+08:00", "pending": 0, "lag": 0, "done": 0, "failed": 0, "current": {}}
2025-06-18 23:25:52,888 INFO     37 task_executor_3dc806e58009_0 reported heartbeat: {"name": "task_executor_3dc806e58009_0", "now": "2025-06-18T23:25:52.887+08:00", "boot_at": "2025-06-18T23:20:52.761+08:00", "pending": 0, "lag": 0, "done": 0, "failed": 0, "current": {}}
2025-06-18 23:26:22,891 INFO     37 task_executor_3dc806e58009_0 reported heartbeat: {"name": "task_executor_3dc806e58009_0", "now": "2025-06-18T23:26:22.890+08:00", "boot_at": "2025-06-18T23:20:52.761+08:00", "pending": 0, "lag": 0, "done": 0, "failed": 0, "current": {}}
2025-06-18 23:26:52,895 INFO     37 task_executor_3dc806e58009_0 reported heartbeat: {"name": "task_executor_3dc806e58009_0", "now": "2025-06-18T23:26:52.894+08:00", "boot_at": "2025-06-18T23:20:52.761+08:00", "pending": 0, "lag": 0, "done": 0, "failed": 0, "current": {}}
2025-06-18 23:27:22,898 INFO     37 task_executor_3dc806e58009_0 reported heartbeat: {"name": "task_executor_3dc806e58009_0", "now": "2025-06-18T23:27:22.897+08:00", "boot_at": "2025-06-18T23:20:52.761+08:00", "pending": 0, "lag": 0, "done": 0, "failed": 0, "current": {}}
2025-06-18 23:27:52,901 INFO     37 task_executor_3dc806e58009_0 reported heartbeat: {"name": "task_executor_3dc806e58009_0", "now": "2025-06-18T23:27:52.900+08:00", "boot_at": "2025-06-18T23:20:52.761+08:00", "pending": 0, "lag": 0, "done": 0, "failed": 0, "current": {}}
2025-06-18 23:28:22,903 INFO     37 task_executor_3dc806e58009_0 reported heartbeat: {"name": "task_executor_3dc806e58009_0", "now": "2025-06-18T23:28:22.902+08:00", "boot_at": "2025-06-18T23:20:52.761+08:00", "pending": 0, "lag": 0, "done": 0, "failed": 0, "current": {}}
2025-06-18 23:28:52,906 INFO     37 task_executor_3dc806e58009_0 reported heartbeat: {"name": "task_executor_3dc806e58009_0", "now": "2025-06-18T23:28:52.905+08:00", "boot_at": "2025-06-18T23:20:52.761+08:00", "pending": 0, "lag": 0, "done": 0, "failed": 0, "current": {}}
2025-06-18 23:29:22,909 INFO     37 task_executor_3dc806e58009_0 reported heartbeat: {"name": "task_executor_3dc806e58009_0", "now": "2025-06-18T23:29:22.908+08:00", "boot_at": "2025-06-18T23:20:52.761+08:00", "pending": 0, "lag": 0, "done": 0, "failed": 0, "current": {}}
2025-06-18 23:29:52,912 INFO     37 task_executor_3dc806e58009_0 reported heartbeat: {"name": "task_executor_3dc806e58009_0", "now": "2025-06-18T23:29:52.911+08:00", "boot_at": "2025-06-18T23:20:52.761+08:00", "pending": 0, "lag": 0, "done": 0, "failed": 0, "current": {}}
2025-06-18 23:30:22,915 INFO     37 task_executor_3dc806e58009_0 reported heartbeat: {"name": "task_executor_3dc806e58009_0", "now": "2025-06-18T23:30:22.914+08:00", "boot_at": "2025-06-18T23:20:52.761+08:00", "pending": 0, "lag": 0, "done": 0, "failed": 0, "current": {}}
2025-06-18 23:30:52,918 INFO     37 task_executor_3dc806e58009_0 reported heartbeat: {"name": "task_executor_3dc806e58009_0", "now": "2025-06-18T23:30:52.917+08:00", "boot_at": "2025-06-18T23:20:52.761+08:00", "pending": 0, "lag": 0, "done": 0, "failed": 0, "current": {}}
2025-06-18 23:31:22,921 INFO     37 task_executor_3dc806e58009_0 reported heartbeat: {"name": "task_executor_3dc806e58009_0", "now": "2025-06-18T23:31:22.920+08:00", "boot_at": "2025-06-18T23:20:52.761+08:00", "pending": 0, "lag": 0, "done": 0, "failed": 0, "current": {}}
2025-06-18 23:31:52,925 INFO     37 task_executor_3dc806e58009_0 reported heartbeat: {"name": "task_executor_3dc806e58009_0", "now": "2025-06-18T23:31:52.924+08:00", "boot_at": "2025-06-18T23:20:52.761+08:00", "pending": 0, "lag": 0, "done": 0, "failed": 0, "current": {}}
2025-06-18 23:32:22,928 INFO     37 task_executor_3dc806e58009_0 reported heartbeat: {"name": "task_executor_3dc806e58009_0", "now": "2025-06-18T23:32:22.927+08:00", "boot_at": "2025-06-18T23:20:52.761+08:00", "pending": 0, "lag": 0, "done": 0, "failed": 0, "current": {}}
2025-06-18 23:32:52,932 INFO     37 task_executor_3dc806e58009_0 reported heartbeat: {"name": "task_executor_3dc806e58009_0", "now": "2025-06-18T23:32:52.931+08:00", "boot_at": "2025-06-18T23:20:52.761+08:00", "pending": 0, "lag": 0, "done": 0, "failed": 0, "current": {}}
2025-06-18 23:33:22,935 INFO     37 task_executor_3dc806e58009_0 reported heartbeat: {"name": "task_executor_3dc806e58009_0", "now": "2025-06-18T23:33:22.934+08:00", "boot_at": "2025-06-18T23:20:52.761+08:00", "pending": 0, "lag": 0, "done": 0, "failed": 0, "current": {}}
2025-06-18 23:33:52,939 INFO     37 task_executor_3dc806e58009_0 reported heartbeat: {"name": "task_executor_3dc806e58009_0", "now": "2025-06-18T23:33:52.938+08:00", "boot_at": "2025-06-18T23:20:52.761+08:00", "pending": 0, "lag": 0, "done": 0, "failed": 0, "current": {}}
2025-06-18 23:34:22,942 INFO     37 task_executor_3dc806e58009_0 reported heartbeat: {"name": "task_executor_3dc806e58009_0", "now": "2025-06-18T23:34:22.941+08:00", "boot_at": "2025-06-18T23:20:52.761+08:00", "pending": 0, "lag": 0, "done": 0, "failed": 0, "current": {}}
2025-06-18 23:34:52,946 INFO     37 task_executor_3dc806e58009_0 reported heartbeat: {"name": "task_executor_3dc806e58009_0", "now": "2025-06-18T23:34:52.945+08:00", "boot_at": "2025-06-18T23:20:52.761+08:00", "pending": 0, "lag": 0, "done": 0, "failed": 0, "current": {}}
2025-06-18 23:35:22,948 INFO     37 task_executor_3dc806e58009_0 reported heartbeat: {"name": "task_executor_3dc806e58009_0", "now": "2025-06-18T23:35:22.947+08:00", "boot_at": "2025-06-18T23:20:52.761+08:00", "pending": 0, "lag": 0, "done": 0, "failed": 0, "current": {}}
2025-06-18 23:35:52,952 INFO     37 task_executor_3dc806e58009_0 reported heartbeat: {"name": "task_executor_3dc806e58009_0", "now": "2025-06-18T23:35:52.951+08:00", "boot_at": "2025-06-18T23:20:52.761+08:00", "pending": 0, "lag": 0, "done": 0, "failed": 0, "current": {}}
2025-06-18 23:36:22,955 INFO     37 task_executor_3dc806e58009_0 reported heartbeat: {"name": "task_executor_3dc806e58009_0", "now": "2025-06-18T23:36:22.954+08:00", "boot_at": "2025-06-18T23:20:52.761+08:00", "pending": 0, "lag": 0, "done": 0, "failed": 0, "current": {}}
2025-06-18 23:36:52,958 INFO     37 task_executor_3dc806e58009_0 reported heartbeat: {"name": "task_executor_3dc806e58009_0", "now": "2025-06-18T23:36:52.957+08:00", "boot_at": "2025-06-18T23:20:52.761+08:00", "pending": 0, "lag": 0, "done": 0, "failed": 0, "current": {}}
2025-06-18 23:37:22,980 INFO     37 task_executor_3dc806e58009_0 reported heartbeat: {"name": "task_executor_3dc806e58009_0", "now": "2025-06-18T23:37:22.979+08:00", "boot_at": "2025-06-18T23:20:52.761+08:00", "pending": 0, "lag": 0, "done": 0, "failed": 0, "current": {}}
2025-06-18 23:37:52,983 INFO     37 task_executor_3dc806e58009_0 reported heartbeat: {"name": "task_executor_3dc806e58009_0", "now": "2025-06-18T23:37:52.982+08:00", "boot_at": "2025-06-18T23:20:52.761+08:00", "pending": 0, "lag": 0, "done": 0, "failed": 0, "current": {}}
2025-06-18 23:38:22,986 INFO     37 task_executor_3dc806e58009_0 reported heartbeat: {"name": "task_executor_3dc806e58009_0", "now": "2025-06-18T23:38:22.985+08:00", "boot_at": "2025-06-18T23:20:52.761+08:00", "pending": 0, "lag": 0, "done": 0, "failed": 0, "current": {}}
2025-06-18 23:38:52,989 INFO     37 task_executor_3dc806e58009_0 reported heartbeat: {"name": "task_executor_3dc806e58009_0", "now": "2025-06-18T23:38:52.988+08:00", "boot_at": "2025-06-18T23:20:52.761+08:00", "pending": 0, "lag": 0, "done": 0, "failed": 0, "current": {}}
2025-06-18 23:39:22,993 INFO     37 task_executor_3dc806e58009_0 reported heartbeat: {"name": "task_executor_3dc806e58009_0", "now": "2025-06-18T23:39:22.992+08:00", "boot_at": "2025-06-18T23:20:52.761+08:00", "pending": 0, "lag": 0, "done": 0, "failed": 0, "current": {}}
2025-06-18 23:39:52,996 INFO     37 task_executor_3dc806e58009_0 reported heartbeat: {"name": "task_executor_3dc806e58009_0", "now": "2025-06-18T23:39:52.995+08:00", "boot_at": "2025-06-18T23:20:52.761+08:00", "pending": 0, "lag": 0, "done": 0, "failed": 0, "current": {}}
2025-06-18 23:40:22,999 INFO     37 task_executor_3dc806e58009_0 reported heartbeat: {"name": "task_executor_3dc806e58009_0", "now": "2025-06-18T23:40:22.998+08:00", "boot_at": "2025-06-18T23:20:52.761+08:00", "pending": 0, "lag": 0, "done": 0, "failed": 0, "current": {}}
2025-06-18 23:40:53,003 INFO     37 task_executor_3dc806e58009_0 reported heartbeat: {"name": "task_executor_3dc806e58009_0", "now": "2025-06-18T23:40:53.002+08:00", "boot_at": "2025-06-18T23:20:52.761+08:00", "pending": 0, "lag": 0, "done": 0, "failed": 0, "current": {}}
2025-06-18 23:41:23,006 INFO     37 task_executor_3dc806e58009_0 reported heartbeat: {"name": "task_executor_3dc806e58009_0", "now": "2025-06-18T23:41:23.005+08:00", "boot_at": "2025-06-18T23:20:52.761+08:00", "pending": 0, "lag": 0, "done": 0, "failed": 0, "current": {}}
2025-06-18 23:41:53,009 INFO     37 task_executor_3dc806e58009_0 reported heartbeat: {"name": "task_executor_3dc806e58009_0", "now": "2025-06-18T23:41:53.008+08:00", "boot_at": "2025-06-18T23:20:52.761+08:00", "pending": 0, "lag": 0, "done": 0, "failed": 0, "current": {}}
2025-06-18 23:42:23,013 INFO     37 task_executor_3dc806e58009_0 reported heartbeat: {"name": "task_executor_3dc806e58009_0", "now": "2025-06-18T23:42:23.012+08:00", "boot_at": "2025-06-18T23:20:52.761+08:00", "pending": 0, "lag": 0, "done": 0, "failed": 0, "current": {}}
2025-06-18 23:42:53,016 INFO     37 task_executor_3dc806e58009_0 reported heartbeat: {"name": "task_executor_3dc806e58009_0", "now": "2025-06-18T23:42:53.015+08:00", "boot_at": "2025-06-18T23:20:52.761+08:00", "pending": 0, "lag": 0, "done": 0, "failed": 0, "current": {}}
2025-06-18 23:43:23,019 INFO     37 task_executor_3dc806e58009_0 reported heartbeat: {"name": "task_executor_3dc806e58009_0", "now": "2025-06-18T23:43:23.018+08:00", "boot_at": "2025-06-18T23:20:52.761+08:00", "pending": 0, "lag": 0, "done": 0, "failed": 0, "current": {}}
2025-06-18 23:43:53,023 INFO     37 task_executor_3dc806e58009_0 reported heartbeat: {"name": "task_executor_3dc806e58009_0", "now": "2025-06-18T23:43:53.021+08:00", "boot_at": "2025-06-18T23:20:52.761+08:00", "pending": 0, "lag": 0, "done": 0, "failed": 0, "current": {}}
2025-06-18 23:44:23,026 INFO     37 task_executor_3dc806e58009_0 reported heartbeat: {"name": "task_executor_3dc806e58009_0", "now": "2025-06-18T23:44:23.025+08:00", "boot_at": "2025-06-18T23:20:52.761+08:00", "pending": 0, "lag": 0, "done": 0, "failed": 0, "current": {}}
2025-06-18 23:44:53,029 INFO     37 task_executor_3dc806e58009_0 reported heartbeat: {"name": "task_executor_3dc806e58009_0", "now": "2025-06-18T23:44:53.028+08:00", "boot_at": "2025-06-18T23:20:52.761+08:00", "pending": 0, "lag": 0, "done": 0, "failed": 0, "current": {}}
2025-06-18 23:45:23,033 INFO     37 task_executor_3dc806e58009_0 reported heartbeat: {"name": "task_executor_3dc806e58009_0", "now": "2025-06-18T23:45:23.032+08:00", "boot_at": "2025-06-18T23:20:52.761+08:00", "pending": 0, "lag": 0, "done": 0, "failed": 0, "current": {}}
2025-06-18 23:45:53,036 INFO     37 task_executor_3dc806e58009_0 reported heartbeat: {"name": "task_executor_3dc806e58009_0", "now": "2025-06-18T23:45:53.035+08:00", "boot_at": "2025-06-18T23:20:52.761+08:00", "pending": 0, "lag": 0, "done": 0, "failed": 0, "current": {}}
2025-06-18 23:46:23,039 INFO     37 task_executor_3dc806e58009_0 reported heartbeat: {"name": "task_executor_3dc806e58009_0", "now": "2025-06-18T23:46:23.038+08:00", "boot_at": "2025-06-18T23:20:52.761+08:00", "pending": 0, "lag": 0, "done": 0, "failed": 0, "current": {}}
2025-06-18 23:46:53,042 INFO     37 task_executor_3dc806e58009_0 reported heartbeat: {"name": "task_executor_3dc806e58009_0", "now": "2025-06-18T23:46:53.041+08:00", "boot_at": "2025-06-18T23:20:52.761+08:00", "pending": 0, "lag": 0, "done": 0, "failed": 0, "current": {}}
2025-06-18 23:47:23,045 INFO     37 task_executor_3dc806e58009_0 reported heartbeat: {"name": "task_executor_3dc806e58009_0", "now": "2025-06-18T23:47:23.044+08:00", "boot_at": "2025-06-18T23:20:52.761+08:00", "pending": 0, "lag": 0, "done": 0, "failed": 0, "current": {}}
2025-06-18 23:47:53,048 INFO     37 task_executor_3dc806e58009_0 reported heartbeat: {"name": "task_executor_3dc806e58009_0", "now": "2025-06-18T23:47:53.047+08:00", "boot_at": "2025-06-18T23:20:52.761+08:00", "pending": 0, "lag": 0, "done": 0, "failed": 0, "current": {}}
2025-06-18 23:48:23,051 INFO     37 task_executor_3dc806e58009_0 reported heartbeat: {"name": "task_executor_3dc806e58009_0", "now": "2025-06-18T23:48:23.050+08:00", "boot_at": "2025-06-18T23:20:52.761+08:00", "pending": 0, "lag": 0, "done": 0, "failed": 0, "current": {}}
2025-06-18 23:48:53,054 INFO     37 task_executor_3dc806e58009_0 reported heartbeat: {"name": "task_executor_3dc806e58009_0", "now": "2025-06-18T23:48:53.053+08:00", "boot_at": "2025-06-18T23:20:52.761+08:00", "pending": 0, "lag": 0, "done": 0, "failed": 0, "current": {}}
2025-06-18 23:49:23,058 INFO     37 task_executor_3dc806e58009_0 reported heartbeat: {"name": "task_executor_3dc806e58009_0", "now": "2025-06-18T23:49:23.057+08:00", "boot_at": "2025-06-18T23:20:52.761+08:00", "pending": 0, "lag": 0, "done": 0, "failed": 0, "current": {}}
2025-06-18 23:49:53,061 INFO     37 task_executor_3dc806e58009_0 reported heartbeat: {"name": "task_executor_3dc806e58009_0", "now": "2025-06-18T23:49:53.060+08:00", "boot_at": "2025-06-18T23:20:52.761+08:00", "pending": 0, "lag": 0, "done": 0, "failed": 0, "current": {}}
2025-06-18 23:50:23,065 INFO     37 task_executor_3dc806e58009_0 reported heartbeat: {"name": "task_executor_3dc806e58009_0", "now": "2025-06-18T23:50:23.064+08:00", "boot_at": "2025-06-18T23:20:52.761+08:00", "pending": 0, "lag": 0, "done": 0, "failed": 0, "current": {}}
2025-06-18 23:50:53,068 INFO     37 task_executor_3dc806e58009_0 reported heartbeat: {"name": "task_executor_3dc806e58009_0", "now": "2025-06-18T23:50:53.067+08:00", "boot_at": "2025-06-18T23:20:52.761+08:00", "pending": 0, "lag": 0, "done": 0, "failed": 0, "current": {}}
2025-06-18 23:51:23,072 INFO     37 task_executor_3dc806e58009_0 reported heartbeat: {"name": "task_executor_3dc806e58009_0", "now": "2025-06-18T23:51:23.071+08:00", "boot_at": "2025-06-18T23:20:52.761+08:00", "pending": 0, "lag": 0, "done": 0, "failed": 0, "current": {}}
2025-06-18 23:51:53,076 INFO     37 task_executor_3dc806e58009_0 reported heartbeat: {"name": "task_executor_3dc806e58009_0", "now": "2025-06-18T23:51:53.075+08:00", "boot_at": "2025-06-18T23:20:52.761+08:00", "pending": 0, "lag": 0, "done": 0, "failed": 0, "current": {}}
2025-06-18 23:52:23,079 INFO     37 task_executor_3dc806e58009_0 reported heartbeat: {"name": "task_executor_3dc806e58009_0", "now": "2025-06-18T23:52:23.078+08:00", "boot_at": "2025-06-18T23:20:52.761+08:00", "pending": 0, "lag": 0, "done": 0, "failed": 0, "current": {}}
2025-06-18 23:52:53,082 INFO     37 task_executor_3dc806e58009_0 reported heartbeat: {"name": "task_executor_3dc806e58009_0", "now": "2025-06-18T23:52:53.081+08:00", "boot_at": "2025-06-18T23:20:52.761+08:00", "pending": 0, "lag": 0, "done": 0, "failed": 0, "current": {}}
2025-06-18 23:53:23,086 INFO     37 task_executor_3dc806e58009_0 reported heartbeat: {"name": "task_executor_3dc806e58009_0", "now": "2025-06-18T23:53:23.085+08:00", "boot_at": "2025-06-18T23:20:52.761+08:00", "pending": 0, "lag": 0, "done": 0, "failed": 0, "current": {}}
2025-06-18 23:53:53,090 INFO     37 task_executor_3dc806e58009_0 reported heartbeat: {"name": "task_executor_3dc806e58009_0", "now": "2025-06-18T23:53:53.089+08:00", "boot_at": "2025-06-18T23:20:52.761+08:00", "pending": 0, "lag": 0, "done": 0, "failed": 0, "current": {}}
2025-06-18 23:54:23,093 INFO     37 task_executor_3dc806e58009_0 reported heartbeat: {"name": "task_executor_3dc806e58009_0", "now": "2025-06-18T23:54:23.092+08:00", "boot_at": "2025-06-18T23:20:52.761+08:00", "pending": 0, "lag": 0, "done": 0, "failed": 0, "current": {}}
2025-06-18 23:54:53,096 INFO     37 task_executor_3dc806e58009_0 reported heartbeat: {"name": "task_executor_3dc806e58009_0", "now": "2025-06-18T23:54:53.095+08:00", "boot_at": "2025-06-18T23:20:52.761+08:00", "pending": 0, "lag": 0, "done": 0, "failed": 0, "current": {}}
2025-06-18 23:55:23,099 INFO     37 task_executor_3dc806e58009_0 reported heartbeat: {"name": "task_executor_3dc806e58009_0", "now": "2025-06-18T23:55:23.098+08:00", "boot_at": "2025-06-18T23:20:52.761+08:00", "pending": 0, "lag": 0, "done": 0, "failed": 0, "current": {}}
2025-06-18 23:55:53,103 INFO     37 task_executor_3dc806e58009_0 reported heartbeat: {"name": "task_executor_3dc806e58009_0", "now": "2025-06-18T23:55:53.102+08:00", "boot_at": "2025-06-18T23:20:52.761+08:00", "pending": 0, "lag": 0, "done": 0, "failed": 0, "current": {}}
2025-06-18 23:56:23,106 INFO     37 task_executor_3dc806e58009_0 reported heartbeat: {"name": "task_executor_3dc806e58009_0", "now": "2025-06-18T23:56:23.105+08:00", "boot_at": "2025-06-18T23:20:52.761+08:00", "pending": 0, "lag": 0, "done": 0, "failed": 0, "current": {}}
2025-06-18 23:56:53,109 INFO     37 task_executor_3dc806e58009_0 reported heartbeat: {"name": "task_executor_3dc806e58009_0", "now": "2025-06-18T23:56:53.109+08:00", "boot_at": "2025-06-18T23:20:52.761+08:00", "pending": 0, "lag": 0, "done": 0, "failed": 0, "current": {}}
2025-06-18 23:57:23,113 INFO     37 task_executor_3dc806e58009_0 reported heartbeat: {"name": "task_executor_3dc806e58009_0", "now": "2025-06-18T23:57:23.111+08:00", "boot_at": "2025-06-18T23:20:52.761+08:00", "pending": 0, "lag": 0, "done": 0, "failed": 0, "current": {}}
2025-06-18 23:57:53,116 INFO     37 task_executor_3dc806e58009_0 reported heartbeat: {"name": "task_executor_3dc806e58009_0", "now": "2025-06-18T23:57:53.115+08:00", "boot_at": "2025-06-18T23:20:52.761+08:00", "pending": 0, "lag": 0, "done": 0, "failed": 0, "current": {}}
2025-06-18 23:58:23,120 INFO     37 task_executor_3dc806e58009_0 reported heartbeat: {"name": "task_executor_3dc806e58009_0", "now": "2025-06-18T23:58:23.119+08:00", "boot_at": "2025-06-18T23:20:52.761+08:00", "pending": 0, "lag": 0, "done": 0, "failed": 0, "current": {}}
2025-06-18 23:58:53,123 INFO     37 task_executor_3dc806e58009_0 reported heartbeat: {"name": "task_executor_3dc806e58009_0", "now": "2025-06-18T23:58:53.122+08:00", "boot_at": "2025-06-18T23:20:52.761+08:00", "pending": 0, "lag": 0, "done": 0, "failed": 0, "current": {}}
2025-06-18 23:59:23,126 INFO     37 task_executor_3dc806e58009_0 reported heartbeat: {"name": "task_executor_3dc806e58009_0", "now": "2025-06-18T23:59:23.125+08:00", "boot_at": "2025-06-18T23:20:52.761+08:00", "pending": 0, "lag": 0, "done": 0, "failed": 0, "current": {}}
2025-06-18 23:59:53,130 INFO     37 task_executor_3dc806e58009_0 reported heartbeat: {"name": "task_executor_3dc806e58009_0", "now": "2025-06-18T23:59:53.129+08:00", "boot_at": "2025-06-18T23:20:52.761+08:00", "pending": 0, "lag": 0, "done": 0, "failed": 0, "current": {}}
2025-06-19 00:00:23,133 INFO     37 task_executor_3dc806e58009_0 reported heartbeat: {"name": "task_executor_3dc806e58009_0", "now": "2025-06-19T00:00:23.132+08:00", "boot_at": "2025-06-18T23:20:52.761+08:00", "pending": 0, "lag": 0, "done": 0, "failed": 0, "current": {}}
2025-06-19 00:00:53,136 INFO     37 task_executor_3dc806e58009_0 reported heartbeat: {"name": "task_executor_3dc806e58009_0", "now": "2025-06-19T00:00:53.135+08:00", "boot_at": "2025-06-18T23:20:52.761+08:00", "pending": 0, "lag": 0, "done": 0, "failed": 0, "current": {}}
2025-06-19 00:01:23,140 INFO     37 task_executor_3dc806e58009_0 reported heartbeat: {"name": "task_executor_3dc806e58009_0", "now": "2025-06-19T00:01:23.139+08:00", "boot_at": "2025-06-18T23:20:52.761+08:00", "pending": 0, "lag": 0, "done": 0, "failed": 0, "current": {}}
2025-06-19 00:01:53,143 INFO     37 task_executor_3dc806e58009_0 reported heartbeat: {"name": "task_executor_3dc806e58009_0", "now": "2025-06-19T00:01:53.142+08:00", "boot_at": "2025-06-18T23:20:52.761+08:00", "pending": 0, "lag": 0, "done": 0, "failed": 0, "current": {}}
2025-06-19 00:02:23,146 INFO     37 task_executor_3dc806e58009_0 reported heartbeat: {"name": "task_executor_3dc806e58009_0", "now": "2025-06-19T00:02:23.145+08:00", "boot_at": "2025-06-18T23:20:52.761+08:00", "pending": 0, "lag": 0, "done": 0, "failed": 0, "current": {}}
2025-06-19 00:02:53,150 INFO     37 task_executor_3dc806e58009_0 reported heartbeat: {"name": "task_executor_3dc806e58009_0", "now": "2025-06-19T00:02:53.148+08:00", "boot_at": "2025-06-18T23:20:52.761+08:00", "pending": 0, "lag": 0, "done": 0, "failed": 0, "current": {}}
2025-06-19 00:03:23,153 INFO     37 task_executor_3dc806e58009_0 reported heartbeat: {"name": "task_executor_3dc806e58009_0", "now": "2025-06-19T00:03:23.152+08:00", "boot_at": "2025-06-18T23:20:52.761+08:00", "pending": 0, "lag": 0, "done": 0, "failed": 0, "current": {}}
2025-06-19 00:03:53,156 INFO     37 task_executor_3dc806e58009_0 reported heartbeat: {"name": "task_executor_3dc806e58009_0", "now": "2025-06-19T00:03:53.155+08:00", "boot_at": "2025-06-18T23:20:52.761+08:00", "pending": 0, "lag": 0, "done": 0, "failed": 0, "current": {}}
2025-06-19 00:04:23,159 INFO     37 task_executor_3dc806e58009_0 reported heartbeat: {"name": "task_executor_3dc806e58009_0", "now": "2025-06-19T00:04:23.158+08:00", "boot_at": "2025-06-18T23:20:52.761+08:00", "pending": 0, "lag": 0, "done": 0, "failed": 0, "current": {}}
2025-06-19 00:04:53,162 INFO     37 task_executor_3dc806e58009_0 reported heartbeat: {"name": "task_executor_3dc806e58009_0", "now": "2025-06-19T00:04:53.161+08:00", "boot_at": "2025-06-18T23:20:52.761+08:00", "pending": 0, "lag": 0, "done": 0, "failed": 0, "current": {}}
2025-06-19 00:05:23,166 INFO     37 task_executor_3dc806e58009_0 reported heartbeat: {"name": "task_executor_3dc806e58009_0", "now": "2025-06-19T00:05:23.165+08:00", "boot_at": "2025-06-18T23:20:52.761+08:00", "pending": 0, "lag": 0, "done": 0, "failed": 0, "current": {}}
2025-06-19 00:05:53,170 INFO     37 task_executor_3dc806e58009_0 reported heartbeat: {"name": "task_executor_3dc806e58009_0", "now": "2025-06-19T00:05:53.169+08:00", "boot_at": "2025-06-18T23:20:52.761+08:00", "pending": 0, "lag": 0, "done": 0, "failed": 0, "current": {}}
2025-06-19 00:06:23,174 INFO     37 task_executor_3dc806e58009_0 reported heartbeat: {"name": "task_executor_3dc806e58009_0", "now": "2025-06-19T00:06:23.173+08:00", "boot_at": "2025-06-18T23:20:52.761+08:00", "pending": 0, "lag": 0, "done": 0, "failed": 0, "current": {}}
2025-06-19 00:06:53,177 INFO     37 task_executor_3dc806e58009_0 reported heartbeat: {"name": "task_executor_3dc806e58009_0", "now": "2025-06-19T00:06:53.176+08:00", "boot_at": "2025-06-18T23:20:52.761+08:00", "pending": 0, "lag": 0, "done": 0, "failed": 0, "current": {}}
2025-06-19 00:07:23,180 INFO     37 task_executor_3dc806e58009_0 reported heartbeat: {"name": "task_executor_3dc806e58009_0", "now": "2025-06-19T00:07:23.179+08:00", "boot_at": "2025-06-18T23:20:52.761+08:00", "pending": 0, "lag": 0, "done": 0, "failed": 0, "current": {}}
2025-06-19 00:07:53,183 INFO     37 task_executor_3dc806e58009_0 reported heartbeat: {"name": "task_executor_3dc806e58009_0", "now": "2025-06-19T00:07:53.182+08:00", "boot_at": "2025-06-18T23:20:52.761+08:00", "pending": 0, "lag": 0, "done": 0, "failed": 0, "current": {}}
2025-06-19 00:08:23,187 INFO     37 task_executor_3dc806e58009_0 reported heartbeat: {"name": "task_executor_3dc806e58009_0", "now": "2025-06-19T00:08:23.185+08:00", "boot_at": "2025-06-18T23:20:52.761+08:00", "pending": 0, "lag": 0, "done": 0, "failed": 0, "current": {}}
2025-06-19 00:08:53,190 INFO     37 task_executor_3dc806e58009_0 reported heartbeat: {"name": "task_executor_3dc806e58009_0", "now": "2025-06-19T00:08:53.189+08:00", "boot_at": "2025-06-18T23:20:52.761+08:00", "pending": 0, "lag": 0, "done": 0, "failed": 0, "current": {}}
2025-06-19 00:09:23,194 INFO     37 task_executor_3dc806e58009_0 reported heartbeat: {"name": "task_executor_3dc806e58009_0", "now": "2025-06-19T00:09:23.193+08:00", "boot_at": "2025-06-18T23:20:52.761+08:00", "pending": 0, "lag": 0, "done": 0, "failed": 0, "current": {}}
2025-06-19 00:09:53,197 INFO     37 task_executor_3dc806e58009_0 reported heartbeat: {"name": "task_executor_3dc806e58009_0", "now": "2025-06-19T00:09:53.196+08:00", "boot_at": "2025-06-18T23:20:52.761+08:00", "pending": 0, "lag": 0, "done": 0, "failed": 0, "current": {}}
2025-06-19 00:10:23,200 INFO     37 task_executor_3dc806e58009_0 reported heartbeat: {"name": "task_executor_3dc806e58009_0", "now": "2025-06-19T00:10:23.199+08:00", "boot_at": "2025-06-18T23:20:52.761+08:00", "pending": 0, "lag": 0, "done": 0, "failed": 0, "current": {}}
2025-06-19 00:10:53,204 INFO     37 task_executor_3dc806e58009_0 reported heartbeat: {"name": "task_executor_3dc806e58009_0", "now": "2025-06-19T00:10:53.203+08:00", "boot_at": "2025-06-18T23:20:52.761+08:00", "pending": 0, "lag": 0, "done": 0, "failed": 0, "current": {}}
2025-06-19 00:11:23,208 INFO     37 task_executor_3dc806e58009_0 reported heartbeat: {"name": "task_executor_3dc806e58009_0", "now": "2025-06-19T00:11:23.207+08:00", "boot_at": "2025-06-18T23:20:52.761+08:00", "pending": 0, "lag": 0, "done": 0, "failed": 0, "current": {}}
2025-06-19 00:11:53,211 INFO     37 task_executor_3dc806e58009_0 reported heartbeat: {"name": "task_executor_3dc806e58009_0", "now": "2025-06-19T00:11:53.210+08:00", "boot_at": "2025-06-18T23:20:52.761+08:00", "pending": 0, "lag": 0, "done": 0, "failed": 0, "current": {}}
2025-06-19 00:12:23,213 INFO     37 task_executor_3dc806e58009_0 reported heartbeat: {"name": "task_executor_3dc806e58009_0", "now": "2025-06-19T00:12:23.212+08:00", "boot_at": "2025-06-18T23:20:52.761+08:00", "pending": 0, "lag": 0, "done": 0, "failed": 0, "current": {}}
2025-06-19 00:12:53,216 INFO     37 task_executor_3dc806e58009_0 reported heartbeat: {"name": "task_executor_3dc806e58009_0", "now": "2025-06-19T00:12:53.215+08:00", "boot_at": "2025-06-18T23:20:52.761+08:00", "pending": 0, "lag": 0, "done": 0, "failed": 0, "current": {}}
2025-06-19 00:13:23,220 INFO     37 task_executor_3dc806e58009_0 reported heartbeat: {"name": "task_executor_3dc806e58009_0", "now": "2025-06-19T00:13:23.219+08:00", "boot_at": "2025-06-18T23:20:52.761+08:00", "pending": 0, "lag": 0, "done": 0, "failed": 0, "current": {}}
2025-06-19 00:13:53,223 INFO     37 task_executor_3dc806e58009_0 reported heartbeat: {"name": "task_executor_3dc806e58009_0", "now": "2025-06-19T00:13:53.222+08:00", "boot_at": "2025-06-18T23:20:52.761+08:00", "pending": 0, "lag": 0, "done": 0, "failed": 0, "current": {}}
2025-06-19 00:14:23,227 INFO     37 task_executor_3dc806e58009_0 reported heartbeat: {"name": "task_executor_3dc806e58009_0", "now": "2025-06-19T00:14:23.226+08:00", "boot_at": "2025-06-18T23:20:52.761+08:00", "pending": 0, "lag": 0, "done": 0, "failed": 0, "current": {}}
2025-06-19 00:14:28,325 ERROR    37 RedisDB.queue_consumer rag_flow_svr_queue_1 got exception: Error -3 connecting to redis:6379. Temporary failure in name resolution.
Traceback (most recent call last):
  File "/ragflow/rag/svr/task_executor.py", line 193, in collect
    redis_msg = next(UNACKED_ITERATOR)
StopIteration

During handling of the above exception, another exception occurred:

Traceback (most recent call last):
  File "/ragflow/.venv/lib/python3.10/site-packages/valkey/connection.py", line 1116, in get_connection
    if connection.can_read() and connection.client_cache is None:
  File "/ragflow/.venv/lib/python3.10/site-packages/valkey/connection.py", line 524, in can_read
    return self._parser.can_read(timeout)
  File "/ragflow/.venv/lib/python3.10/site-packages/valkey/_parsers/base.py", line 128, in can_read
    return self._buffer and self._buffer.can_read(timeout)
  File "/ragflow/.venv/lib/python3.10/site-packages/valkey/_parsers/socket.py", line 95, in can_read
    return bool(self.unread_bytes()) or self._read_from_socket(
  File "/ragflow/.venv/lib/python3.10/site-packages/valkey/_parsers/socket.py", line 68, in _read_from_socket
    raise ConnectionError(SERVER_CLOSED_CONNECTION_ERROR)
valkey.exceptions.ConnectionError: Connection closed by server.

During handling of the above exception, another exception occurred:

Traceback (most recent call last):
  File "/ragflow/.venv/lib/python3.10/site-packages/valkey/connection.py", line 302, in connect
    sock = self.retry.call_with_retry(
  File "/ragflow/.venv/lib/python3.10/site-packages/valkey/retry.py", line 62, in call_with_retry
    return do()
  File "/ragflow/.venv/lib/python3.10/site-packages/valkey/connection.py", line 303, in <lambda>
    lambda: self._connect(), lambda error: self.disconnect(error)
  File "/ragflow/.venv/lib/python3.10/site-packages/valkey/connection.py", line 696, in _connect
    for res in socket.getaddrinfo(
  File "/usr/lib/python3.10/socket.py", line 955, in getaddrinfo
    for res in _socket.getaddrinfo(host, port, family, type, proto, flags):
socket.gaierror: [Errno -3] Temporary failure in name resolution

During handling of the above exception, another exception occurred:

Traceback (most recent call last):
  File "/ragflow/rag/utils/redis_conn.py", line 228, in queue_consumer
    group_info = self.REDIS.xinfo_groups(queue_name)
  File "/ragflow/.venv/lib/python3.10/site-packages/valkey/commands/core.py", line 3810, in xinfo_groups
    return self.execute_command("XINFO GROUPS", name)
  File "/ragflow/.venv/lib/python3.10/site-packages/valkey/client.py", line 564, in execute_command
    conn = self.connection or pool.get_connection(command_name, **options)
  File "/ragflow/.venv/lib/python3.10/site-packages/valkey/connection.py", line 1120, in get_connection
    connection.connect()
  File "/ragflow/.venv/lib/python3.10/site-packages/valkey/connection.py", line 308, in connect
    raise ConnectionError(self._error_message(e))
valkey.exceptions.ConnectionError: Error -3 connecting to redis:6379. Temporary failure in name resolution.
2025-06-19 00:14:28,337 ERROR    37 RedisDB.queue_consumer rag_flow_svr_queue got exception: Error -3 connecting to redis:6379. Temporary failure in name resolution.
Traceback (most recent call last):
  File "/ragflow/rag/svr/task_executor.py", line 193, in collect
    redis_msg = next(UNACKED_ITERATOR)
StopIteration

During handling of the above exception, another exception occurred:

Traceback (most recent call last):
  File "/ragflow/.venv/lib/python3.10/site-packages/valkey/connection.py", line 302, in connect
    sock = self.retry.call_with_retry(
  File "/ragflow/.venv/lib/python3.10/site-packages/valkey/retry.py", line 62, in call_with_retry
    return do()
  File "/ragflow/.venv/lib/python3.10/site-packages/valkey/connection.py", line 303, in <lambda>
    lambda: self._connect(), lambda error: self.disconnect(error)
  File "/ragflow/.venv/lib/python3.10/site-packages/valkey/connection.py", line 696, in _connect
    for res in socket.getaddrinfo(
  File "/usr/lib/python3.10/socket.py", line 955, in getaddrinfo
    for res in _socket.getaddrinfo(host, port, family, type, proto, flags):
socket.gaierror: [Errno -3] Temporary failure in name resolution

During handling of the above exception, another exception occurred:

Traceback (most recent call last):
  File "/ragflow/rag/utils/redis_conn.py", line 228, in queue_consumer
    group_info = self.REDIS.xinfo_groups(queue_name)
  File "/ragflow/.venv/lib/python3.10/site-packages/valkey/commands/core.py", line 3810, in xinfo_groups
    return self.execute_command("XINFO GROUPS", name)
  File "/ragflow/.venv/lib/python3.10/site-packages/valkey/client.py", line 564, in execute_command
    conn = self.connection or pool.get_connection(command_name, **options)
  File "/ragflow/.venv/lib/python3.10/site-packages/valkey/connection.py", line 1107, in get_connection
    connection.connect()
  File "/ragflow/.venv/lib/python3.10/site-packages/valkey/connection.py", line 308, in connect
    raise ConnectionError(self._error_message(e))
valkey.exceptions.ConnectionError: Error -3 connecting to redis:6379. Temporary failure in name resolution.
2025-06-19 00:14:28,423 ERROR    37 RedisDB.queue_consumer rag_flow_svr_queue_1 got exception: Error -3 connecting to redis:6379. Temporary failure in name resolution.
Traceback (most recent call last):
  File "/ragflow/rag/svr/task_executor.py", line 193, in collect
    redis_msg = next(UNACKED_ITERATOR)
StopIteration

During handling of the above exception, another exception occurred:

Traceback (most recent call last):
  File "/ragflow/.venv/lib/python3.10/site-packages/valkey/connection.py", line 302, in connect
    sock = self.retry.call_with_retry(
  File "/ragflow/.venv/lib/python3.10/site-packages/valkey/retry.py", line 62, in call_with_retry
    return do()
  File "/ragflow/.venv/lib/python3.10/site-packages/valkey/connection.py", line 303, in <lambda>
    lambda: self._connect(), lambda error: self.disconnect(error)
  File "/ragflow/.venv/lib/python3.10/site-packages/valkey/connection.py", line 696, in _connect
    for res in socket.getaddrinfo(
  File "/usr/lib/python3.10/socket.py", line 955, in getaddrinfo
    for res in _socket.getaddrinfo(host, port, family, type, proto, flags):
socket.gaierror: [Errno -3] Temporary failure in name resolution

During handling of the above exception, another exception occurred:

Traceback (most recent call last):
  File "/ragflow/rag/utils/redis_conn.py", line 228, in queue_consumer
    group_info = self.REDIS.xinfo_groups(queue_name)
  File "/ragflow/.venv/lib/python3.10/site-packages/valkey/commands/core.py", line 3810, in xinfo_groups
    return self.execute_command("XINFO GROUPS", name)
  File "/ragflow/.venv/lib/python3.10/site-packages/valkey/client.py", line 564, in execute_command
    conn = self.connection or pool.get_connection(command_name, **options)
  File "/ragflow/.venv/lib/python3.10/site-packages/valkey/connection.py", line 1107, in get_connection
    connection.connect()
  File "/ragflow/.venv/lib/python3.10/site-packages/valkey/connection.py", line 308, in connect
    raise ConnectionError(self._error_message(e))
valkey.exceptions.ConnectionError: Error -3 connecting to redis:6379. Temporary failure in name resolution.
2025-06-19 00:14:28,425 ERROR    37 RedisDB.queue_consumer rag_flow_svr_queue got exception: Error -3 connecting to redis:6379. Temporary failure in name resolution.
Traceback (most recent call last):
  File "/ragflow/rag/svr/task_executor.py", line 193, in collect
    redis_msg = next(UNACKED_ITERATOR)
StopIteration

During handling of the above exception, another exception occurred:

Traceback (most recent call last):
  File "/ragflow/.venv/lib/python3.10/site-packages/valkey/connection.py", line 302, in connect
    sock = self.retry.call_with_retry(
  File "/ragflow/.venv/lib/python3.10/site-packages/valkey/retry.py", line 62, in call_with_retry
    return do()
  File "/ragflow/.venv/lib/python3.10/site-packages/valkey/connection.py", line 303, in <lambda>
    lambda: self._connect(), lambda error: self.disconnect(error)
  File "/ragflow/.venv/lib/python3.10/site-packages/valkey/connection.py", line 696, in _connect
    for res in socket.getaddrinfo(
  File "/usr/lib/python3.10/socket.py", line 955, in getaddrinfo
    for res in _socket.getaddrinfo(host, port, family, type, proto, flags):
socket.gaierror: [Errno -3] Temporary failure in name resolution

During handling of the above exception, another exception occurred:

Traceback (most recent call last):
  File "/ragflow/rag/utils/redis_conn.py", line 228, in queue_consumer
    group_info = self.REDIS.xinfo_groups(queue_name)
  File "/ragflow/.venv/lib/python3.10/site-packages/valkey/commands/core.py", line 3810, in xinfo_groups
    return self.execute_command("XINFO GROUPS", name)
  File "/ragflow/.venv/lib/python3.10/site-packages/valkey/client.py", line 564, in execute_command
    conn = self.connection or pool.get_connection(command_name, **options)
  File "/ragflow/.venv/lib/python3.10/site-packages/valkey/connection.py", line 1107, in get_connection
    connection.connect()
  File "/ragflow/.venv/lib/python3.10/site-packages/valkey/connection.py", line 308, in connect
    raise ConnectionError(self._error_message(e))
valkey.exceptions.ConnectionError: Error -3 connecting to redis:6379. Temporary failure in name resolution.
2025-06-19 00:14:28,525 ERROR    37 RedisDB.queue_consumer rag_flow_svr_queue_1 got exception: Error -3 connecting to redis:6379. Temporary failure in name resolution.
Traceback (most recent call last):
  File "/ragflow/rag/svr/task_executor.py", line 193, in collect
    redis_msg = next(UNACKED_ITERATOR)
StopIteration

During handling of the above exception, another exception occurred:

Traceback (most recent call last):
  File "/ragflow/.venv/lib/python3.10/site-packages/valkey/connection.py", line 302, in connect
    sock = self.retry.call_with_retry(
  File "/ragflow/.venv/lib/python3.10/site-packages/valkey/retry.py", line 62, in call_with_retry
    return do()
  File "/ragflow/.venv/lib/python3.10/site-packages/valkey/connection.py", line 303, in <lambda>
    lambda: self._connect(), lambda error: self.disconnect(error)
  File "/ragflow/.venv/lib/python3.10/site-packages/valkey/connection.py", line 696, in _connect
    for res in socket.getaddrinfo(
  File "/usr/lib/python3.10/socket.py", line 955, in getaddrinfo
    for res in _socket.getaddrinfo(host, port, family, type, proto, flags):
socket.gaierror: [Errno -3] Temporary failure in name resolution

During handling of the above exception, another exception occurred:

Traceback (most recent call last):
  File "/ragflow/rag/utils/redis_conn.py", line 228, in queue_consumer
    group_info = self.REDIS.xinfo_groups(queue_name)
  File "/ragflow/.venv/lib/python3.10/site-packages/valkey/commands/core.py", line 3810, in xinfo_groups
    return self.execute_command("XINFO GROUPS", name)
  File "/ragflow/.venv/lib/python3.10/site-packages/valkey/client.py", line 564, in execute_command
    conn = self.connection or pool.get_connection(command_name, **options)
  File "/ragflow/.venv/lib/python3.10/site-packages/valkey/connection.py", line 1107, in get_connection
    connection.connect()
  File "/ragflow/.venv/lib/python3.10/site-packages/valkey/connection.py", line 308, in connect
    raise ConnectionError(self._error_message(e))
valkey.exceptions.ConnectionError: Error -3 connecting to redis:6379. Temporary failure in name resolution.
2025-06-19 00:14:28,528 ERROR    37 RedisDB.queue_consumer rag_flow_svr_queue got exception: Error -3 connecting to redis:6379. Temporary failure in name resolution.
Traceback (most recent call last):
  File "/ragflow/rag/svr/task_executor.py", line 193, in collect
    redis_msg = next(UNACKED_ITERATOR)
StopIteration

During handling of the above exception, another exception occurred:

Traceback (most recent call last):
  File "/ragflow/.venv/lib/python3.10/site-packages/valkey/connection.py", line 302, in connect
    sock = self.retry.call_with_retry(
  File "/ragflow/.venv/lib/python3.10/site-packages/valkey/retry.py", line 62, in call_with_retry
    return do()
  File "/ragflow/.venv/lib/python3.10/site-packages/valkey/connection.py", line 303, in <lambda>
    lambda: self._connect(), lambda error: self.disconnect(error)
  File "/ragflow/.venv/lib/python3.10/site-packages/valkey/connection.py", line 696, in _connect
    for res in socket.getaddrinfo(
  File "/usr/lib/python3.10/socket.py", line 955, in getaddrinfo
    for res in _socket.getaddrinfo(host, port, family, type, proto, flags):
socket.gaierror: [Errno -3] Temporary failure in name resolution

During handling of the above exception, another exception occurred:

Traceback (most recent call last):
  File "/ragflow/rag/utils/redis_conn.py", line 228, in queue_consumer
    group_info = self.REDIS.xinfo_groups(queue_name)
  File "/ragflow/.venv/lib/python3.10/site-packages/valkey/commands/core.py", line 3810, in xinfo_groups
    return self.execute_command("XINFO GROUPS", name)
  File "/ragflow/.venv/lib/python3.10/site-packages/valkey/client.py", line 564, in execute_command
    conn = self.connection or pool.get_connection(command_name, **options)
  File "/ragflow/.venv/lib/python3.10/site-packages/valkey/connection.py", line 1107, in get_connection
    connection.connect()
  File "/ragflow/.venv/lib/python3.10/site-packages/valkey/connection.py", line 308, in connect
    raise ConnectionError(self._error_message(e))
valkey.exceptions.ConnectionError: Error -3 connecting to redis:6379. Temporary failure in name resolution.
2025-06-19 00:14:28,625 ERROR    37 RedisDB.queue_consumer rag_flow_svr_queue_1 got exception: Error -3 connecting to redis:6379. Temporary failure in name resolution.
Traceback (most recent call last):
  File "/ragflow/rag/svr/task_executor.py", line 193, in collect
    redis_msg = next(UNACKED_ITERATOR)
StopIteration

During handling of the above exception, another exception occurred:

Traceback (most recent call last):
  File "/ragflow/.venv/lib/python3.10/site-packages/valkey/connection.py", line 302, in connect
    sock = self.retry.call_with_retry(
  File "/ragflow/.venv/lib/python3.10/site-packages/valkey/retry.py", line 62, in call_with_retry
    return do()
  File "/ragflow/.venv/lib/python3.10/site-packages/valkey/connection.py", line 303, in <lambda>
    lambda: self._connect(), lambda error: self.disconnect(error)
  File "/ragflow/.venv/lib/python3.10/site-packages/valkey/connection.py", line 696, in _connect
    for res in socket.getaddrinfo(
  File "/usr/lib/python3.10/socket.py", line 955, in getaddrinfo
    for res in _socket.getaddrinfo(host, port, family, type, proto, flags):
socket.gaierror: [Errno -3] Temporary failure in name resolution

During handling of the above exception, another exception occurred:

Traceback (most recent call last):
  File "/ragflow/rag/utils/redis_conn.py", line 228, in queue_consumer
    group_info = self.REDIS.xinfo_groups(queue_name)
  File "/ragflow/.venv/lib/python3.10/site-packages/valkey/commands/core.py", line 3810, in xinfo_groups
    return self.execute_command("XINFO GROUPS", name)
  File "/ragflow/.venv/lib/python3.10/site-packages/valkey/client.py", line 564, in execute_command
    conn = self.connection or pool.get_connection(command_name, **options)
  File "/ragflow/.venv/lib/python3.10/site-packages/valkey/connection.py", line 1107, in get_connection
    connection.connect()
  File "/ragflow/.venv/lib/python3.10/site-packages/valkey/connection.py", line 308, in connect
    raise ConnectionError(self._error_message(e))
valkey.exceptions.ConnectionError: Error -3 connecting to redis:6379. Temporary failure in name resolution.
2025-06-19 00:14:28,627 ERROR    37 RedisDB.queue_consumer rag_flow_svr_queue got exception: Error -3 connecting to redis:6379. Temporary failure in name resolution.
Traceback (most recent call last):
  File "/ragflow/rag/svr/task_executor.py", line 193, in collect
    redis_msg = next(UNACKED_ITERATOR)
StopIteration

During handling of the above exception, another exception occurred:

Traceback (most recent call last):
  File "/ragflow/.venv/lib/python3.10/site-packages/valkey/connection.py", line 302, in connect
    sock = self.retry.call_with_retry(
  File "/ragflow/.venv/lib/python3.10/site-packages/valkey/retry.py", line 62, in call_with_retry
    return do()
  File "/ragflow/.venv/lib/python3.10/site-packages/valkey/connection.py", line 303, in <lambda>
    lambda: self._connect(), lambda error: self.disconnect(error)
  File "/ragflow/.venv/lib/python3.10/site-packages/valkey/connection.py", line 696, in _connect
    for res in socket.getaddrinfo(
  File "/usr/lib/python3.10/socket.py", line 955, in getaddrinfo
    for res in _socket.getaddrinfo(host, port, family, type, proto, flags):
socket.gaierror: [Errno -3] Temporary failure in name resolution

During handling of the above exception, another exception occurred:

Traceback (most recent call last):
  File "/ragflow/rag/utils/redis_conn.py", line 228, in queue_consumer
    group_info = self.REDIS.xinfo_groups(queue_name)
  File "/ragflow/.venv/lib/python3.10/site-packages/valkey/commands/core.py", line 3810, in xinfo_groups
    return self.execute_command("XINFO GROUPS", name)
  File "/ragflow/.venv/lib/python3.10/site-packages/valkey/client.py", line 564, in execute_command
    conn = self.connection or pool.get_connection(command_name, **options)
  File "/ragflow/.venv/lib/python3.10/site-packages/valkey/connection.py", line 1107, in get_connection
    connection.connect()
  File "/ragflow/.venv/lib/python3.10/site-packages/valkey/connection.py", line 308, in connect
    raise ConnectionError(self._error_message(e))
valkey.exceptions.ConnectionError: Error -3 connecting to redis:6379. Temporary failure in name resolution.
2025-06-19 00:14:28,726 ERROR    37 RedisDB.queue_consumer rag_flow_svr_queue_1 got exception: Error -3 connecting to redis:6379. Temporary failure in name resolution.
Traceback (most recent call last):
  File "/ragflow/rag/svr/task_executor.py", line 193, in collect
    redis_msg = next(UNACKED_ITERATOR)
StopIteration

During handling of the above exception, another exception occurred:

Traceback (most recent call last):
  File "/ragflow/.venv/lib/python3.10/site-packages/valkey/connection.py", line 302, in connect
    sock = self.retry.call_with_retry(
  File "/ragflow/.venv/lib/python3.10/site-packages/valkey/retry.py", line 62, in call_with_retry
    return do()
  File "/ragflow/.venv/lib/python3.10/site-packages/valkey/connection.py", line 303, in <lambda>
    lambda: self._connect(), lambda error: self.disconnect(error)
  File "/ragflow/.venv/lib/python3.10/site-packages/valkey/connection.py", line 696, in _connect
    for res in socket.getaddrinfo(
  File "/usr/lib/python3.10/socket.py", line 955, in getaddrinfo
    for res in _socket.getaddrinfo(host, port, family, type, proto, flags):
socket.gaierror: [Errno -3] Temporary failure in name resolution

During handling of the above exception, another exception occurred:

Traceback (most recent call last):
  File "/ragflow/rag/utils/redis_conn.py", line 228, in queue_consumer
    group_info = self.REDIS.xinfo_groups(queue_name)
  File "/ragflow/.venv/lib/python3.10/site-packages/valkey/commands/core.py", line 3810, in xinfo_groups
    return self.execute_command("XINFO GROUPS", name)
  File "/ragflow/.venv/lib/python3.10/site-packages/valkey/client.py", line 564, in execute_command
    conn = self.connection or pool.get_connection(command_name, **options)
  File "/ragflow/.venv/lib/python3.10/site-packages/valkey/connection.py", line 1107, in get_connection
    connection.connect()
  File "/ragflow/.venv/lib/python3.10/site-packages/valkey/connection.py", line 308, in connect
    raise ConnectionError(self._error_message(e))
valkey.exceptions.ConnectionError: Error -3 connecting to redis:6379. Temporary failure in name resolution.
2025-06-19 00:14:28,729 ERROR    37 RedisDB.queue_consumer rag_flow_svr_queue got exception: Error -3 connecting to redis:6379. Temporary failure in name resolution.
Traceback (most recent call last):
  File "/ragflow/rag/svr/task_executor.py", line 193, in collect
    redis_msg = next(UNACKED_ITERATOR)
StopIteration

During handling of the above exception, another exception occurred:

Traceback (most recent call last):
  File "/ragflow/.venv/lib/python3.10/site-packages/valkey/connection.py", line 302, in connect
    sock = self.retry.call_with_retry(
  File "/ragflow/.venv/lib/python3.10/site-packages/valkey/retry.py", line 62, in call_with_retry
    return do()
  File "/ragflow/.venv/lib/python3.10/site-packages/valkey/connection.py", line 303, in <lambda>
    lambda: self._connect(), lambda error: self.disconnect(error)
  File "/ragflow/.venv/lib/python3.10/site-packages/valkey/connection.py", line 696, in _connect
    for res in socket.getaddrinfo(
  File "/usr/lib/python3.10/socket.py", line 955, in getaddrinfo
    for res in _socket.getaddrinfo(host, port, family, type, proto, flags):
socket.gaierror: [Errno -3] Temporary failure in name resolution

During handling of the above exception, another exception occurred:

Traceback (most recent call last):
  File "/ragflow/rag/utils/redis_conn.py", line 228, in queue_consumer
    group_info = self.REDIS.xinfo_groups(queue_name)
  File "/ragflow/.venv/lib/python3.10/site-packages/valkey/commands/core.py", line 3810, in xinfo_groups
    return self.execute_command("XINFO GROUPS", name)
  File "/ragflow/.venv/lib/python3.10/site-packages/valkey/client.py", line 564, in execute_command
    conn = self.connection or pool.get_connection(command_name, **options)
  File "/ragflow/.venv/lib/python3.10/site-packages/valkey/connection.py", line 1107, in get_connection
    connection.connect()
  File "/ragflow/.venv/lib/python3.10/site-packages/valkey/connection.py", line 308, in connect
    raise ConnectionError(self._error_message(e))
valkey.exceptions.ConnectionError: Error -3 connecting to redis:6379. Temporary failure in name resolution.
2025-06-19 00:14:33,344 ERROR    37 RedisDB.queue_consumer rag_flow_svr_queue_1 got exception: Error -3 connecting to redis:6379. Temporary failure in name resolution.
Traceback (most recent call last):
  File "/ragflow/rag/svr/task_executor.py", line 193, in collect
    redis_msg = next(UNACKED_ITERATOR)
StopIteration

During handling of the above exception, another exception occurred:

Traceback (most recent call last):
  File "/ragflow/.venv/lib/python3.10/site-packages/valkey/connection.py", line 302, in connect
    sock = self.retry.call_with_retry(
  File "/ragflow/.venv/lib/python3.10/site-packages/valkey/retry.py", line 62, in call_with_retry
    return do()
  File "/ragflow/.venv/lib/python3.10/site-packages/valkey/connection.py", line 303, in <lambda>
    lambda: self._connect(), lambda error: self.disconnect(error)
  File "/ragflow/.venv/lib/python3.10/site-packages/valkey/connection.py", line 696, in _connect
    for res in socket.getaddrinfo(
  File "/usr/lib/python3.10/socket.py", line 955, in getaddrinfo
    for res in _socket.getaddrinfo(host, port, family, type, proto, flags):
socket.gaierror: [Errno -3] Temporary failure in name resolution

During handling of the above exception, another exception occurred:

Traceback (most recent call last):
  File "/ragflow/rag/utils/redis_conn.py", line 228, in queue_consumer
    group_info = self.REDIS.xinfo_groups(queue_name)
  File "/ragflow/.venv/lib/python3.10/site-packages/valkey/commands/core.py", line 3810, in xinfo_groups
    return self.execute_command("XINFO GROUPS", name)
  File "/ragflow/.venv/lib/python3.10/site-packages/valkey/client.py", line 564, in execute_command
    conn = self.connection or pool.get_connection(command_name, **options)
  File "/ragflow/.venv/lib/python3.10/site-packages/valkey/connection.py", line 1107, in get_connection
    connection.connect()
  File "/ragflow/.venv/lib/python3.10/site-packages/valkey/connection.py", line 308, in connect
    raise ConnectionError(self._error_message(e))
valkey.exceptions.ConnectionError: Error -3 connecting to redis:6379. Temporary failure in name resolution.
2025-06-19 00:14:33,349 ERROR    37 RedisDB.queue_consumer rag_flow_svr_queue got exception: Error -3 connecting to redis:6379. Temporary failure in name resolution.
Traceback (most recent call last):
  File "/ragflow/rag/svr/task_executor.py", line 193, in collect
    redis_msg = next(UNACKED_ITERATOR)
StopIteration

During handling of the above exception, another exception occurred:

Traceback (most recent call last):
  File "/ragflow/.venv/lib/python3.10/site-packages/valkey/connection.py", line 302, in connect
    sock = self.retry.call_with_retry(
  File "/ragflow/.venv/lib/python3.10/site-packages/valkey/retry.py", line 62, in call_with_retry
    return do()
  File "/ragflow/.venv/lib/python3.10/site-packages/valkey/connection.py", line 303, in <lambda>
    lambda: self._connect(), lambda error: self.disconnect(error)
  File "/ragflow/.venv/lib/python3.10/site-packages/valkey/connection.py", line 696, in _connect
    for res in socket.getaddrinfo(
  File "/usr/lib/python3.10/socket.py", line 955, in getaddrinfo
    for res in _socket.getaddrinfo(host, port, family, type, proto, flags):
socket.gaierror: [Errno -3] Temporary failure in name resolution

During handling of the above exception, another exception occurred:

Traceback (most recent call last):
  File "/ragflow/rag/utils/redis_conn.py", line 228, in queue_consumer
    group_info = self.REDIS.xinfo_groups(queue_name)
  File "/ragflow/.venv/lib/python3.10/site-packages/valkey/commands/core.py", line 3810, in xinfo_groups
    return self.execute_command("XINFO GROUPS", name)
  File "/ragflow/.venv/lib/python3.10/site-packages/valkey/client.py", line 564, in execute_command
    conn = self.connection or pool.get_connection(command_name, **options)
  File "/ragflow/.venv/lib/python3.10/site-packages/valkey/connection.py", line 1107, in get_connection
    connection.connect()
  File "/ragflow/.venv/lib/python3.10/site-packages/valkey/connection.py", line 308, in connect
    raise ConnectionError(self._error_message(e))
valkey.exceptions.ConnectionError: Error -3 connecting to redis:6379. Temporary failure in name resolution.
2025-06-19 00:14:33,431 ERROR    37 RedisDB.queue_consumer rag_flow_svr_queue_1 got exception: Error -3 connecting to redis:6379. Temporary failure in name resolution.
Traceback (most recent call last):
  File "/ragflow/rag/svr/task_executor.py", line 193, in collect
    redis_msg = next(UNACKED_ITERATOR)
StopIteration

During handling of the above exception, another exception occurred:

Traceback (most recent call last):
  File "/ragflow/.venv/lib/python3.10/site-packages/valkey/connection.py", line 302, in connect
    sock = self.retry.call_with_retry(
  File "/ragflow/.venv/lib/python3.10/site-packages/valkey/retry.py", line 62, in call_with_retry
    return do()
  File "/ragflow/.venv/lib/python3.10/site-packages/valkey/connection.py", line 303, in <lambda>
    lambda: self._connect(), lambda error: self.disconnect(error)
  File "/ragflow/.venv/lib/python3.10/site-packages/valkey/connection.py", line 696, in _connect
    for res in socket.getaddrinfo(
  File "/usr/lib/python3.10/socket.py", line 955, in getaddrinfo
    for res in _socket.getaddrinfo(host, port, family, type, proto, flags):
socket.gaierror: [Errno -3] Temporary failure in name resolution

During handling of the above exception, another exception occurred:

Traceback (most recent call last):
  File "/ragflow/rag/utils/redis_conn.py", line 228, in queue_consumer
    group_info = self.REDIS.xinfo_groups(queue_name)
  File "/ragflow/.venv/lib/python3.10/site-packages/valkey/commands/core.py", line 3810, in xinfo_groups
    return self.execute_command("XINFO GROUPS", name)
  File "/ragflow/.venv/lib/python3.10/site-packages/valkey/client.py", line 564, in execute_command
    conn = self.connection or pool.get_connection(command_name, **options)
  File "/ragflow/.venv/lib/python3.10/site-packages/valkey/connection.py", line 1107, in get_connection
    connection.connect()
  File "/ragflow/.venv/lib/python3.10/site-packages/valkey/connection.py", line 308, in connect
    raise ConnectionError(self._error_message(e))
valkey.exceptions.ConnectionError: Error -3 connecting to redis:6379. Temporary failure in name resolution.
2025-06-19 00:14:33,434 ERROR    37 RedisDB.queue_consumer rag_flow_svr_queue got exception: Error -3 connecting to redis:6379. Temporary failure in name resolution.
Traceback (most recent call last):
  File "/ragflow/rag/svr/task_executor.py", line 193, in collect
    redis_msg = next(UNACKED_ITERATOR)
StopIteration

During handling of the above exception, another exception occurred:

Traceback (most recent call last):
  File "/ragflow/.venv/lib/python3.10/site-packages/valkey/connection.py", line 302, in connect
    sock = self.retry.call_with_retry(
  File "/ragflow/.venv/lib/python3.10/site-packages/valkey/retry.py", line 62, in call_with_retry
    return do()
  File "/ragflow/.venv/lib/python3.10/site-packages/valkey/connection.py", line 303, in <lambda>
    lambda: self._connect(), lambda error: self.disconnect(error)
  File "/ragflow/.venv/lib/python3.10/site-packages/valkey/connection.py", line 696, in _connect
    for res in socket.getaddrinfo(
  File "/usr/lib/python3.10/socket.py", line 955, in getaddrinfo
    for res in _socket.getaddrinfo(host, port, family, type, proto, flags):
socket.gaierror: [Errno -3] Temporary failure in name resolution

During handling of the above exception, another exception occurred:

Traceback (most recent call last):
  File "/ragflow/rag/utils/redis_conn.py", line 228, in queue_consumer
    group_info = self.REDIS.xinfo_groups(queue_name)
  File "/ragflow/.venv/lib/python3.10/site-packages/valkey/commands/core.py", line 3810, in xinfo_groups
    return self.execute_command("XINFO GROUPS", name)
  File "/ragflow/.venv/lib/python3.10/site-packages/valkey/client.py", line 564, in execute_command
    conn = self.connection or pool.get_connection(command_name, **options)
  File "/ragflow/.venv/lib/python3.10/site-packages/valkey/connection.py", line 1107, in get_connection
    connection.connect()
  File "/ragflow/.venv/lib/python3.10/site-packages/valkey/connection.py", line 308, in connect
    raise ConnectionError(self._error_message(e))
valkey.exceptions.ConnectionError: Error -3 connecting to redis:6379. Temporary failure in name resolution.
2025-06-19 00:14:33,534 ERROR    37 RedisDB.queue_consumer rag_flow_svr_queue_1 got exception: Error -3 connecting to redis:6379. Temporary failure in name resolution.
Traceback (most recent call last):
  File "/ragflow/rag/svr/task_executor.py", line 193, in collect
    redis_msg = next(UNACKED_ITERATOR)
StopIteration

During handling of the above exception, another exception occurred:

Traceback (most recent call last):
  File "/ragflow/.venv/lib/python3.10/site-packages/valkey/connection.py", line 302, in connect
    sock = self.retry.call_with_retry(
  File "/ragflow/.venv/lib/python3.10/site-packages/valkey/retry.py", line 62, in call_with_retry
    return do()
  File "/ragflow/.venv/lib/python3.10/site-packages/valkey/connection.py", line 303, in <lambda>
    lambda: self._connect(), lambda error: self.disconnect(error)
  File "/ragflow/.venv/lib/python3.10/site-packages/valkey/connection.py", line 696, in _connect
    for res in socket.getaddrinfo(
  File "/usr/lib/python3.10/socket.py", line 955, in getaddrinfo
    for res in _socket.getaddrinfo(host, port, family, type, proto, flags):
socket.gaierror: [Errno -3] Temporary failure in name resolution

During handling of the above exception, another exception occurred:

Traceback (most recent call last):
  File "/ragflow/rag/utils/redis_conn.py", line 228, in queue_consumer
    group_info = self.REDIS.xinfo_groups(queue_name)
  File "/ragflow/.venv/lib/python3.10/site-packages/valkey/commands/core.py", line 3810, in xinfo_groups
    return self.execute_command("XINFO GROUPS", name)
  File "/ragflow/.venv/lib/python3.10/site-packages/valkey/client.py", line 564, in execute_command
    conn = self.connection or pool.get_connection(command_name, **options)
  File "/ragflow/.venv/lib/python3.10/site-packages/valkey/connection.py", line 1107, in get_connection
    connection.connect()
  File "/ragflow/.venv/lib/python3.10/site-packages/valkey/connection.py", line 308, in connect
    raise ConnectionError(self._error_message(e))
valkey.exceptions.ConnectionError: Error -3 connecting to redis:6379. Temporary failure in name resolution.
2025-06-19 00:14:33,538 ERROR    37 RedisDB.queue_consumer rag_flow_svr_queue got exception: Error -3 connecting to redis:6379. Temporary failure in name resolution.
Traceback (most recent call last):
  File "/ragflow/rag/svr/task_executor.py", line 193, in collect
    redis_msg = next(UNACKED_ITERATOR)
StopIteration

During handling of the above exception, another exception occurred:

Traceback (most recent call last):
  File "/ragflow/.venv/lib/python3.10/site-packages/valkey/connection.py", line 302, in connect
    sock = self.retry.call_with_retry(
  File "/ragflow/.venv/lib/python3.10/site-packages/valkey/retry.py", line 62, in call_with_retry
    return do()
  File "/ragflow/.venv/lib/python3.10/site-packages/valkey/connection.py", line 303, in <lambda>
    lambda: self._connect(), lambda error: self.disconnect(error)
  File "/ragflow/.venv/lib/python3.10/site-packages/valkey/connection.py", line 696, in _connect
    for res in socket.getaddrinfo(
  File "/usr/lib/python3.10/socket.py", line 955, in getaddrinfo
    for res in _socket.getaddrinfo(host, port, family, type, proto, flags):
socket.gaierror: [Errno -3] Temporary failure in name resolution

During handling of the above exception, another exception occurred:

Traceback (most recent call last):
  File "/ragflow/rag/utils/redis_conn.py", line 228, in queue_consumer
    group_info = self.REDIS.xinfo_groups(queue_name)
  File "/ragflow/.venv/lib/python3.10/site-packages/valkey/commands/core.py", line 3810, in xinfo_groups
    return self.execute_command("XINFO GROUPS", name)
  File "/ragflow/.venv/lib/python3.10/site-packages/valkey/client.py", line 564, in execute_command
    conn = self.connection or pool.get_connection(command_name, **options)
  File "/ragflow/.venv/lib/python3.10/site-packages/valkey/connection.py", line 1107, in get_connection
    connection.connect()
  File "/ragflow/.venv/lib/python3.10/site-packages/valkey/connection.py", line 308, in connect
    raise ConnectionError(self._error_message(e))
valkey.exceptions.ConnectionError: Error -3 connecting to redis:6379. Temporary failure in name resolution.
2025-06-19 00:14:33,633 ERROR    37 RedisDB.queue_consumer rag_flow_svr_queue_1 got exception: Error -3 connecting to redis:6379. Temporary failure in name resolution.
Traceback (most recent call last):
  File "/ragflow/rag/svr/task_executor.py", line 193, in collect
    redis_msg = next(UNACKED_ITERATOR)
StopIteration

During handling of the above exception, another exception occurred:

Traceback (most recent call last):
  File "/ragflow/.venv/lib/python3.10/site-packages/valkey/connection.py", line 302, in connect
    sock = self.retry.call_with_retry(
  File "/ragflow/.venv/lib/python3.10/site-packages/valkey/retry.py", line 62, in call_with_retry
    return do()
  File "/ragflow/.venv/lib/python3.10/site-packages/valkey/connection.py", line 303, in <lambda>
    lambda: self._connect(), lambda error: self.disconnect(error)
  File "/ragflow/.venv/lib/python3.10/site-packages/valkey/connection.py", line 696, in _connect
    for res in socket.getaddrinfo(
  File "/usr/lib/python3.10/socket.py", line 955, in getaddrinfo
    for res in _socket.getaddrinfo(host, port, family, type, proto, flags):
socket.gaierror: [Errno -3] Temporary failure in name resolution

During handling of the above exception, another exception occurred:

Traceback (most recent call last):
  File "/ragflow/rag/utils/redis_conn.py", line 228, in queue_consumer
    group_info = self.REDIS.xinfo_groups(queue_name)
  File "/ragflow/.venv/lib/python3.10/site-packages/valkey/commands/core.py", line 3810, in xinfo_groups
    return self.execute_command("XINFO GROUPS", name)
  File "/ragflow/.venv/lib/python3.10/site-packages/valkey/client.py", line 564, in execute_command
    conn = self.connection or pool.get_connection(command_name, **options)
  File "/ragflow/.venv/lib/python3.10/site-packages/valkey/connection.py", line 1107, in get_connection
    connection.connect()
  File "/ragflow/.venv/lib/python3.10/site-packages/valkey/connection.py", line 308, in connect
    raise ConnectionError(self._error_message(e))
valkey.exceptions.ConnectionError: Error -3 connecting to redis:6379. Temporary failure in name resolution.
2025-06-19 00:14:33,636 ERROR    37 RedisDB.queue_consumer rag_flow_svr_queue got exception: Error -3 connecting to redis:6379. Temporary failure in name resolution.
Traceback (most recent call last):
  File "/ragflow/rag/svr/task_executor.py", line 193, in collect
    redis_msg = next(UNACKED_ITERATOR)
StopIteration

During handling of the above exception, another exception occurred:

Traceback (most recent call last):
  File "/ragflow/.venv/lib/python3.10/site-packages/valkey/connection.py", line 302, in connect
    sock = self.retry.call_with_retry(
  File "/ragflow/.venv/lib/python3.10/site-packages/valkey/retry.py", line 62, in call_with_retry
    return do()
  File "/ragflow/.venv/lib/python3.10/site-packages/valkey/connection.py", line 303, in <lambda>
    lambda: self._connect(), lambda error: self.disconnect(error)
  File "/ragflow/.venv/lib/python3.10/site-packages/valkey/connection.py", line 696, in _connect
    for res in socket.getaddrinfo(
  File "/usr/lib/python3.10/socket.py", line 955, in getaddrinfo
    for res in _socket.getaddrinfo(host, port, family, type, proto, flags):
socket.gaierror: [Errno -3] Temporary failure in name resolution

During handling of the above exception, another exception occurred:

Traceback (most recent call last):
  File "/ragflow/rag/utils/redis_conn.py", line 228, in queue_consumer
    group_info = self.REDIS.xinfo_groups(queue_name)
  File "/ragflow/.venv/lib/python3.10/site-packages/valkey/commands/core.py", line 3810, in xinfo_groups
    return self.execute_command("XINFO GROUPS", name)
  File "/ragflow/.venv/lib/python3.10/site-packages/valkey/client.py", line 564, in execute_command
    conn = self.connection or pool.get_connection(command_name, **options)
  File "/ragflow/.venv/lib/python3.10/site-packages/valkey/connection.py", line 1107, in get_connection
    connection.connect()
  File "/ragflow/.venv/lib/python3.10/site-packages/valkey/connection.py", line 308, in connect
    raise ConnectionError(self._error_message(e))
valkey.exceptions.ConnectionError: Error -3 connecting to redis:6379. Temporary failure in name resolution.
2025-06-19 00:14:33,733 ERROR    37 RedisDB.queue_consumer rag_flow_svr_queue_1 got exception: Error -3 connecting to redis:6379. Temporary failure in name resolution.
Traceback (most recent call last):
  File "/ragflow/rag/svr/task_executor.py", line 193, in collect
    redis_msg = next(UNACKED_ITERATOR)
StopIteration

During handling of the above exception, another exception occurred:

Traceback (most recent call last):
  File "/ragflow/.venv/lib/python3.10/site-packages/valkey/connection.py", line 302, in connect
    sock = self.retry.call_with_retry(
  File "/ragflow/.venv/lib/python3.10/site-packages/valkey/retry.py", line 62, in call_with_retry
    return do()
  File "/ragflow/.venv/lib/python3.10/site-packages/valkey/connection.py", line 303, in <lambda>
    lambda: self._connect(), lambda error: self.disconnect(error)
  File "/ragflow/.venv/lib/python3.10/site-packages/valkey/connection.py", line 696, in _connect
    for res in socket.getaddrinfo(
  File "/usr/lib/python3.10/socket.py", line 955, in getaddrinfo
    for res in _socket.getaddrinfo(host, port, family, type, proto, flags):
socket.gaierror: [Errno -3] Temporary failure in name resolution

During handling of the above exception, another exception occurred:

Traceback (most recent call last):
  File "/ragflow/rag/utils/redis_conn.py", line 228, in queue_consumer
    group_info = self.REDIS.xinfo_groups(queue_name)
  File "/ragflow/.venv/lib/python3.10/site-packages/valkey/commands/core.py", line 3810, in xinfo_groups
    return self.execute_command("XINFO GROUPS", name)
  File "/ragflow/.venv/lib/python3.10/site-packages/valkey/client.py", line 564, in execute_command
    conn = self.connection or pool.get_connection(command_name, **options)
  File "/ragflow/.venv/lib/python3.10/site-packages/valkey/connection.py", line 1107, in get_connection
    connection.connect()
  File "/ragflow/.venv/lib/python3.10/site-packages/valkey/connection.py", line 308, in connect
    raise ConnectionError(self._error_message(e))
valkey.exceptions.ConnectionError: Error -3 connecting to redis:6379. Temporary failure in name resolution.
2025-06-19 00:14:33,735 ERROR    37 RedisDB.queue_consumer rag_flow_svr_queue got exception: Error -3 connecting to redis:6379. Temporary failure in name resolution.
Traceback (most recent call last):
  File "/ragflow/rag/svr/task_executor.py", line 193, in collect
    redis_msg = next(UNACKED_ITERATOR)
StopIteration

During handling of the above exception, another exception occurred:

Traceback (most recent call last):
  File "/ragflow/.venv/lib/python3.10/site-packages/valkey/connection.py", line 302, in connect
    sock = self.retry.call_with_retry(
  File "/ragflow/.venv/lib/python3.10/site-packages/valkey/retry.py", line 62, in call_with_retry
    return do()
  File "/ragflow/.venv/lib/python3.10/site-packages/valkey/connection.py", line 303, in <lambda>
    lambda: self._connect(), lambda error: self.disconnect(error)
  File "/ragflow/.venv/lib/python3.10/site-packages/valkey/connection.py", line 696, in _connect
    for res in socket.getaddrinfo(
  File "/usr/lib/python3.10/socket.py", line 955, in getaddrinfo
    for res in _socket.getaddrinfo(host, port, family, type, proto, flags):
socket.gaierror: [Errno -3] Temporary failure in name resolution

During handling of the above exception, another exception occurred:

Traceback (most recent call last):
  File "/ragflow/rag/utils/redis_conn.py", line 228, in queue_consumer
    group_info = self.REDIS.xinfo_groups(queue_name)
  File "/ragflow/.venv/lib/python3.10/site-packages/valkey/commands/core.py", line 3810, in xinfo_groups
    return self.execute_command("XINFO GROUPS", name)
  File "/ragflow/.venv/lib/python3.10/site-packages/valkey/client.py", line 564, in execute_command
    conn = self.connection or pool.get_connection(command_name, **options)
  File "/ragflow/.venv/lib/python3.10/site-packages/valkey/connection.py", line 1107, in get_connection
    connection.connect()
  File "/ragflow/.venv/lib/python3.10/site-packages/valkey/connection.py", line 308, in connect
    raise ConnectionError(self._error_message(e))
valkey.exceptions.ConnectionError: Error -3 connecting to redis:6379. Temporary failure in name resolution.
