2025-06-18 15:30:17,640 INFO     56 task_executor_fdd674ce86a8_0 log path: /ragflow/logs/task_executor_fdd674ce86a8_0.log, log levels: {'peewee': 'WARNING', 'pdfminer': 'WARNING', 'root': 'INFO'}
2025-06-18 15:30:17,642 INFO     56 
  ______           __      ______                     __
 /_  __/___ ______/ /__   / ____/  _____  _______  __/ /_____  _____
  / / / __ `/ ___/ //_/  / __/ | |/_/ _ \/ ___/ / / / __/ __ \/ ___/
 / / / /_/ (__  ) ,<    / /____>  </  __/ /__/ /_/ / /_/ /_/ / /
/_/  \__,_/____/_/|_|  /_____/_/|_|\___/\___/\__,_/\__/\____/_/
    
2025-06-18 15:30:17,642 INFO     56 TaskExecutor: RAGFlow version: v0.19.0 slim
2025-06-18 15:30:17,643 INFO     56 Use Elasticsearch http://es01:9200 as the doc engine.
2025-06-18 15:30:17,647 INFO     56 GET http://es01:9200/ [status:N/A duration:0.003s]
2025-06-18 15:30:17,647 WARNING  56 Node <Urllib3HttpNode(http://es01:9200)> has failed for 1 times in a row, putting on 1 second timeout
2025-06-18 15:30:17,647 WARNING  56 Retrying request after failure (attempt 0 of 3)
Traceback (most recent call last):
  File "/ragflow/.venv/lib/python3.10/site-packages/elastic_transport/_transport.py", line 328, in perform_request
    meta, raw_data = node.perform_request(
  File "/ragflow/.venv/lib/python3.10/site-packages/elastic_transport/_node/_http_urllib3.py", line 202, in perform_request
    raise err from None
elastic_transport.ConnectionError: Connection error caused by: NameResolutionError(<urllib3.connection.HTTPConnection object at 0x7f5090303010>: Failed to resolve 'es01' ([Errno -3] Temporary failure in name resolution))
2025-06-18 15:30:17,651 INFO     56 GET http://es01:9200/ [status:N/A duration:0.003s]
2025-06-18 15:30:17,652 WARNING  56 Node <Urllib3HttpNode(http://es01:9200)> has failed for 2 times in a row, putting on 2 second timeout
2025-06-18 15:30:17,652 WARNING  56 Retrying request after failure (attempt 1 of 3)
Traceback (most recent call last):
  File "/ragflow/.venv/lib/python3.10/site-packages/elastic_transport/_transport.py", line 328, in perform_request
    meta, raw_data = node.perform_request(
  File "/ragflow/.venv/lib/python3.10/site-packages/elastic_transport/_node/_http_urllib3.py", line 202, in perform_request
    raise err from None
elastic_transport.ConnectionError: Connection error caused by: NameResolutionError(<urllib3.connection.HTTPConnection object at 0x7f5090302fb0>: Failed to resolve 'es01' ([Errno -3] Temporary failure in name resolution))
2025-06-18 15:30:17,657 INFO     56 GET http://es01:9200/ [status:N/A duration:0.004s]
2025-06-18 15:30:17,657 WARNING  56 Node <Urllib3HttpNode(http://es01:9200)> has failed for 3 times in a row, putting on 4 second timeout
2025-06-18 15:30:17,658 WARNING  56 Retrying request after failure (attempt 2 of 3)
Traceback (most recent call last):
  File "/ragflow/.venv/lib/python3.10/site-packages/elastic_transport/_transport.py", line 328, in perform_request
    meta, raw_data = node.perform_request(
  File "/ragflow/.venv/lib/python3.10/site-packages/elastic_transport/_node/_http_urllib3.py", line 202, in perform_request
    raise err from None
elastic_transport.ConnectionError: Connection error caused by: NameResolutionError(<urllib3.connection.HTTPConnection object at 0x7f50903027a0>: Failed to resolve 'es01' ([Errno -3] Temporary failure in name resolution))
2025-06-18 15:30:17,661 INFO     56 GET http://es01:9200/ [status:N/A duration:0.002s]
2025-06-18 15:30:17,661 WARNING  56 Node <Urllib3HttpNode(http://es01:9200)> has failed for 4 times in a row, putting on 8 second timeout
2025-06-18 15:30:17,661 WARNING  56 Connection error caused by: ConnectionError(Connection error caused by: NameResolutionError(<urllib3.connection.HTTPConnection object at 0x7f5090303010>: Failed to resolve 'es01' ([Errno -3] Temporary failure in name resolution))). Waiting Elasticsearch http://es01:9200 to be healthy.
2025-06-18 15:30:22,674 INFO     56 GET http://es01:9200/ [status:N/A duration:0.006s]
2025-06-18 15:30:22,675 WARNING  56 Node <Urllib3HttpNode(http://es01:9200)> has failed for 1 times in a row, putting on 1 second timeout
2025-06-18 15:30:22,678 WARNING  56 Retrying request after failure (attempt 0 of 3)
Traceback (most recent call last):
  File "/ragflow/.venv/lib/python3.10/site-packages/elastic_transport/_transport.py", line 328, in perform_request
    meta, raw_data = node.perform_request(
  File "/ragflow/.venv/lib/python3.10/site-packages/elastic_transport/_node/_http_urllib3.py", line 202, in perform_request
    raise err from None
elastic_transport.ConnectionError: Connection error caused by: NameResolutionError(<urllib3.connection.HTTPConnection object at 0x7f50903b79d0>: Failed to resolve 'es01' ([Errno -3] Temporary failure in name resolution))
2025-06-18 15:30:22,683 INFO     56 GET http://es01:9200/ [status:N/A duration:0.004s]
2025-06-18 15:30:22,683 WARNING  56 Node <Urllib3HttpNode(http://es01:9200)> has failed for 2 times in a row, putting on 2 second timeout
2025-06-18 15:30:22,683 WARNING  56 Retrying request after failure (attempt 1 of 3)
Traceback (most recent call last):
  File "/ragflow/.venv/lib/python3.10/site-packages/elastic_transport/_transport.py", line 328, in perform_request
    meta, raw_data = node.perform_request(
  File "/ragflow/.venv/lib/python3.10/site-packages/elastic_transport/_node/_http_urllib3.py", line 202, in perform_request
    raise err from None
elastic_transport.ConnectionError: Connection error caused by: NameResolutionError(<urllib3.connection.HTTPConnection object at 0x7f50903b5870>: Failed to resolve 'es01' ([Errno -3] Temporary failure in name resolution))
2025-06-18 15:30:22,686 INFO     56 GET http://es01:9200/ [status:N/A duration:0.002s]
2025-06-18 15:30:22,686 WARNING  56 Node <Urllib3HttpNode(http://es01:9200)> has failed for 3 times in a row, putting on 4 second timeout
2025-06-18 15:30:22,686 WARNING  56 Retrying request after failure (attempt 2 of 3)
Traceback (most recent call last):
  File "/ragflow/.venv/lib/python3.10/site-packages/elastic_transport/_transport.py", line 328, in perform_request
    meta, raw_data = node.perform_request(
  File "/ragflow/.venv/lib/python3.10/site-packages/elastic_transport/_node/_http_urllib3.py", line 202, in perform_request
    raise err from None
elastic_transport.ConnectionError: Connection error caused by: NameResolutionError(<urllib3.connection.HTTPConnection object at 0x7f50903b4eb0>: Failed to resolve 'es01' ([Errno -3] Temporary failure in name resolution))
2025-06-18 15:30:22,689 INFO     56 GET http://es01:9200/ [status:N/A duration:0.002s]
2025-06-18 15:30:22,689 WARNING  56 Node <Urllib3HttpNode(http://es01:9200)> has failed for 4 times in a row, putting on 8 second timeout
2025-06-18 15:30:22,689 WARNING  56 Connection error caused by: ConnectionError(Connection error caused by: NameResolutionError(<urllib3.connection.HTTPConnection object at 0x7f50903b79d0>: Failed to resolve 'es01' ([Errno -3] Temporary failure in name resolution))). Waiting Elasticsearch http://es01:9200 to be healthy.
2025-06-18 15:30:27,695 INFO     56 Resurrected node <Urllib3HttpNode(http://es01:9200)> (force=False)
2025-06-18 15:30:27,700 INFO     56 HEAD http://es01:9200/ [status:N/A duration:0.005s]
2025-06-18 15:30:27,701 WARNING  56 Node <Urllib3HttpNode(http://es01:9200)> has failed for 5 times in a row, putting on 16 second timeout
2025-06-18 15:30:27,701 WARNING  56 Retrying request after failure (attempt 0 of 3)
Traceback (most recent call last):
  File "/ragflow/.venv/lib/python3.10/site-packages/elastic_transport/_transport.py", line 328, in perform_request
    meta, raw_data = node.perform_request(
  File "/ragflow/.venv/lib/python3.10/site-packages/elastic_transport/_node/_http_urllib3.py", line 202, in perform_request
    raise err from None
elastic_transport.ConnectionError: Connection error caused by: NameResolutionError(<urllib3.connection.HTTPConnection object at 0x7f50903b69e0>: Failed to resolve 'es01' ([Errno -3] Temporary failure in name resolution))
2025-06-18 15:30:27,701 INFO     56 Resurrected node <Urllib3HttpNode(http://es01:9200)> (force=False)
2025-06-18 15:30:27,704 INFO     56 HEAD http://es01:9200/ [status:N/A duration:0.003s]
2025-06-18 15:30:27,705 WARNING  56 Node <Urllib3HttpNode(http://es01:9200)> has failed for 6 times in a row, putting on 30 second timeout
2025-06-18 15:30:27,705 WARNING  56 Retrying request after failure (attempt 1 of 3)
Traceback (most recent call last):
  File "/ragflow/.venv/lib/python3.10/site-packages/elastic_transport/_transport.py", line 328, in perform_request
    meta, raw_data = node.perform_request(
  File "/ragflow/.venv/lib/python3.10/site-packages/elastic_transport/_node/_http_urllib3.py", line 202, in perform_request
    raise err from None
elastic_transport.ConnectionError: Connection error caused by: NameResolutionError(<urllib3.connection.HTTPConnection object at 0x7f50903b6680>: Failed to resolve 'es01' ([Errno -3] Temporary failure in name resolution))
2025-06-18 15:30:27,705 INFO     56 Resurrected node <Urllib3HttpNode(http://es01:9200)> (force=False)
2025-06-18 15:30:27,708 INFO     56 HEAD http://es01:9200/ [status:N/A duration:0.002s]
2025-06-18 15:30:27,708 WARNING  56 Node <Urllib3HttpNode(http://es01:9200)> has failed for 7 times in a row, putting on 30 second timeout
2025-06-18 15:30:27,708 WARNING  56 Retrying request after failure (attempt 2 of 3)
Traceback (most recent call last):
  File "/ragflow/.venv/lib/python3.10/site-packages/elastic_transport/_transport.py", line 328, in perform_request
    meta, raw_data = node.perform_request(
  File "/ragflow/.venv/lib/python3.10/site-packages/elastic_transport/_node/_http_urllib3.py", line 202, in perform_request
    raise err from None
elastic_transport.ConnectionError: Connection error caused by: NameResolutionError(<urllib3.connection.HTTPConnection object at 0x7f50903b6b00>: Failed to resolve 'es01' ([Errno -3] Temporary failure in name resolution))
2025-06-18 15:30:27,710 INFO     56 HEAD http://es01:9200/ [status:N/A duration:0.002s]
2025-06-18 15:30:27,711 WARNING  56 Node <Urllib3HttpNode(http://es01:9200)> has failed for 8 times in a row, putting on 30 second timeout
2025-06-18 15:30:27,711 ERROR    56 Elasticsearch http://es01:9200 is unhealthy in 120s.
