2025-09-29 10:17:27,165 INFO     65 task_executor_2ce0372a48fb_0 log path: /ragflow/logs/task_executor_2ce0372a48fb_0.log, log levels: {'peewee': 'WARNING', 'pdfminer': 'WARNING', 'root': 'INFO'}
2025-09-29 10:17:27,166 INFO     65 
  ______           __      ______                     __
 /_  __/___ ______/ /__   / ____/  _____  _______  __/ /_____  _____
  / / / __ `/ ___/ //_/  / __/ | |/_/ _ \/ ___/ / / / __/ __ \/ ___/
 / / / /_/ (__  ) ,<    / /____>  </  __/ /__/ /_/ / /_/ /_/ / /
/_/  \__,_/____/_/|_|  /_____/_/|_|\___/\___/\__,_/\__/\____/_/
    
2025-09-29 10:17:27,166 INFO     65 TaskExecutor: RAGFlow version: v0.19.0 slim
2025-09-29 10:17:27,167 INFO     65 Use Elasticsearch http://es01:9200 as the doc engine.
2025-09-29 10:17:27,171 INFO     65 GET http://es01:9200/ [status:N/A duration:0.003s]
2025-09-29 10:17:27,171 WARNING  65 Node <Urllib3HttpNode(http://es01:9200)> has failed for 1 times in a row, putting on 1 second timeout
2025-09-29 10:17:27,171 WARNING  65 Retrying request after failure (attempt 0 of 3)
Traceback (most recent call last):
  File "/ragflow/.venv/lib/python3.10/site-packages/elastic_transport/_transport.py", line 328, in perform_request
    meta, raw_data = node.perform_request(
  File "/ragflow/.venv/lib/python3.10/site-packages/elastic_transport/_node/_http_urllib3.py", line 202, in perform_request
    raise err from None
elastic_transport.ConnectionError: Connection error caused by: NameResolutionError(<urllib3.connection.HTTPConnection object at 0x7f0cb2b6cdf0>: Failed to resolve 'es01' ([Errno -3] Temporary failure in name resolution))
2025-09-29 10:17:27,173 INFO     65 GET http://es01:9200/ [status:N/A duration:0.002s]
2025-09-29 10:17:27,173 WARNING  65 Node <Urllib3HttpNode(http://es01:9200)> has failed for 2 times in a row, putting on 2 second timeout
2025-09-29 10:17:27,173 WARNING  65 Retrying request after failure (attempt 1 of 3)
Traceback (most recent call last):
  File "/ragflow/.venv/lib/python3.10/site-packages/elastic_transport/_transport.py", line 328, in perform_request
    meta, raw_data = node.perform_request(
  File "/ragflow/.venv/lib/python3.10/site-packages/elastic_transport/_node/_http_urllib3.py", line 202, in perform_request
    raise err from None
elastic_transport.ConnectionError: Connection error caused by: NameResolutionError(<urllib3.connection.HTTPConnection object at 0x7f0cb2b6cf40>: Failed to resolve 'es01' ([Errno -3] Temporary failure in name resolution))
2025-09-29 10:17:27,175 INFO     65 GET http://es01:9200/ [status:N/A duration:0.002s]
2025-09-29 10:17:27,175 WARNING  65 Node <Urllib3HttpNode(http://es01:9200)> has failed for 3 times in a row, putting on 4 second timeout
2025-09-29 10:17:27,175 WARNING  65 Retrying request after failure (attempt 2 of 3)
Traceback (most recent call last):
  File "/ragflow/.venv/lib/python3.10/site-packages/elastic_transport/_transport.py", line 328, in perform_request
    meta, raw_data = node.perform_request(
  File "/ragflow/.venv/lib/python3.10/site-packages/elastic_transport/_node/_http_urllib3.py", line 202, in perform_request
    raise err from None
elastic_transport.ConnectionError: Connection error caused by: NameResolutionError(<urllib3.connection.HTTPConnection object at 0x7f0cb2b6cfd0>: Failed to resolve 'es01' ([Errno -3] Temporary failure in name resolution))
2025-09-29 10:17:27,177 INFO     65 GET http://es01:9200/ [status:N/A duration:0.002s]
2025-09-29 10:17:27,177 WARNING  65 Node <Urllib3HttpNode(http://es01:9200)> has failed for 4 times in a row, putting on 8 second timeout
2025-09-29 10:17:27,177 WARNING  65 Connection error caused by: ConnectionError(Connection error caused by: NameResolutionError(<urllib3.connection.HTTPConnection object at 0x7f0cb2b6cdf0>: Failed to resolve 'es01' ([Errno -3] Temporary failure in name resolution))). Waiting Elasticsearch http://es01:9200 to be healthy.
2025-09-29 10:17:32,189 INFO     65 GET http://es01:9200/ [status:N/A duration:0.005s]
2025-09-29 10:17:32,189 WARNING  65 Node <Urllib3HttpNode(http://es01:9200)> has failed for 1 times in a row, putting on 1 second timeout
2025-09-29 10:17:32,190 WARNING  65 Retrying request after failure (attempt 0 of 3)
Traceback (most recent call last):
  File "/ragflow/.venv/lib/python3.10/site-packages/elastic_transport/_transport.py", line 328, in perform_request
    meta, raw_data = node.perform_request(
  File "/ragflow/.venv/lib/python3.10/site-packages/elastic_transport/_node/_http_urllib3.py", line 202, in perform_request
    raise err from None
elastic_transport.ConnectionError: Connection error caused by: NameResolutionError(<urllib3.connection.HTTPConnection object at 0x7f0cb2b6d750>: Failed to resolve 'es01' ([Errno -3] Temporary failure in name resolution))
2025-09-29 10:17:32,193 INFO     65 GET http://es01:9200/ [status:N/A duration:0.003s]
2025-09-29 10:17:32,193 WARNING  65 Node <Urllib3HttpNode(http://es01:9200)> has failed for 2 times in a row, putting on 2 second timeout
2025-09-29 10:17:32,193 WARNING  65 Retrying request after failure (attempt 1 of 3)
Traceback (most recent call last):
  File "/ragflow/.venv/lib/python3.10/site-packages/elastic_transport/_transport.py", line 328, in perform_request
    meta, raw_data = node.perform_request(
  File "/ragflow/.venv/lib/python3.10/site-packages/elastic_transport/_node/_http_urllib3.py", line 202, in perform_request
    raise err from None
elastic_transport.ConnectionError: Connection error caused by: NameResolutionError(<urllib3.connection.HTTPConnection object at 0x7f0cb2b6d030>: Failed to resolve 'es01' ([Errno -3] Temporary failure in name resolution))
2025-09-29 10:17:32,196 INFO     65 GET http://es01:9200/ [status:N/A duration:0.002s]
2025-09-29 10:17:32,196 WARNING  65 Node <Urllib3HttpNode(http://es01:9200)> has failed for 3 times in a row, putting on 4 second timeout
2025-09-29 10:17:32,196 WARNING  65 Retrying request after failure (attempt 2 of 3)
Traceback (most recent call last):
  File "/ragflow/.venv/lib/python3.10/site-packages/elastic_transport/_transport.py", line 328, in perform_request
    meta, raw_data = node.perform_request(
  File "/ragflow/.venv/lib/python3.10/site-packages/elastic_transport/_node/_http_urllib3.py", line 202, in perform_request
    raise err from None
elastic_transport.ConnectionError: Connection error caused by: NameResolutionError(<urllib3.connection.HTTPConnection object at 0x7f0cb2b6c910>: Failed to resolve 'es01' ([Errno -3] Temporary failure in name resolution))
2025-09-29 10:17:32,198 INFO     65 GET http://es01:9200/ [status:N/A duration:0.002s]
2025-09-29 10:17:32,199 WARNING  65 Node <Urllib3HttpNode(http://es01:9200)> has failed for 4 times in a row, putting on 8 second timeout
2025-09-29 10:17:32,199 WARNING  65 Connection error caused by: ConnectionError(Connection error caused by: NameResolutionError(<urllib3.connection.HTTPConnection object at 0x7f0cb2b6d750>: Failed to resolve 'es01' ([Errno -3] Temporary failure in name resolution))). Waiting Elasticsearch http://es01:9200 to be healthy.
2025-09-29 10:17:37,204 INFO     65 Resurrected node <Urllib3HttpNode(http://es01:9200)> (force=False)
2025-09-29 10:17:37,211 INFO     65 HEAD http://es01:9200/ [status:N/A duration:0.006s]
2025-09-29 10:17:37,211 WARNING  65 Node <Urllib3HttpNode(http://es01:9200)> has failed for 5 times in a row, putting on 16 second timeout
2025-09-29 10:17:37,212 WARNING  65 Retrying request after failure (attempt 0 of 3)
Traceback (most recent call last):
  File "/ragflow/.venv/lib/python3.10/site-packages/elastic_transport/_transport.py", line 328, in perform_request
    meta, raw_data = node.perform_request(
  File "/ragflow/.venv/lib/python3.10/site-packages/elastic_transport/_node/_http_urllib3.py", line 202, in perform_request
    raise err from None
elastic_transport.ConnectionError: Connection error caused by: NameResolutionError(<urllib3.connection.HTTPConnection object at 0x7f0cb2b6ecb0>: Failed to resolve 'es01' ([Errno -3] Temporary failure in name resolution))
2025-09-29 10:17:37,212 INFO     65 Resurrected node <Urllib3HttpNode(http://es01:9200)> (force=False)
2025-09-29 10:17:37,216 INFO     65 HEAD http://es01:9200/ [status:N/A duration:0.003s]
2025-09-29 10:17:37,216 WARNING  65 Node <Urllib3HttpNode(http://es01:9200)> has failed for 6 times in a row, putting on 30 second timeout
2025-09-29 10:17:37,216 WARNING  65 Retrying request after failure (attempt 1 of 3)
Traceback (most recent call last):
  File "/ragflow/.venv/lib/python3.10/site-packages/elastic_transport/_transport.py", line 328, in perform_request
    meta, raw_data = node.perform_request(
  File "/ragflow/.venv/lib/python3.10/site-packages/elastic_transport/_node/_http_urllib3.py", line 202, in perform_request
    raise err from None
elastic_transport.ConnectionError: Connection error caused by: NameResolutionError(<urllib3.connection.HTTPConnection object at 0x7f0cb2b6e650>: Failed to resolve 'es01' ([Errno -3] Temporary failure in name resolution))
2025-09-29 10:17:37,217 INFO     65 Resurrected node <Urllib3HttpNode(http://es01:9200)> (force=False)
2025-09-29 10:17:37,220 INFO     65 HEAD http://es01:9200/ [status:N/A duration:0.003s]
2025-09-29 10:17:37,220 WARNING  65 Node <Urllib3HttpNode(http://es01:9200)> has failed for 7 times in a row, putting on 30 second timeout
2025-09-29 10:17:37,220 WARNING  65 Retrying request after failure (attempt 2 of 3)
Traceback (most recent call last):
  File "/ragflow/.venv/lib/python3.10/site-packages/elastic_transport/_transport.py", line 328, in perform_request
    meta, raw_data = node.perform_request(
  File "/ragflow/.venv/lib/python3.10/site-packages/elastic_transport/_node/_http_urllib3.py", line 202, in perform_request
    raise err from None
elastic_transport.ConnectionError: Connection error caused by: NameResolutionError(<urllib3.connection.HTTPConnection object at 0x7f0cb2b6e230>: Failed to resolve 'es01' ([Errno -3] Temporary failure in name resolution))
2025-09-29 10:17:37,222 INFO     65 HEAD http://es01:9200/ [status:N/A duration:0.002s]
2025-09-29 10:17:37,223 WARNING  65 Node <Urllib3HttpNode(http://es01:9200)> has failed for 8 times in a row, putting on 30 second timeout
2025-09-29 10:17:37,223 ERROR    65 Elasticsearch http://es01:9200 is unhealthy in 120s.
