2025-06-18 15:34:40,935 INFO     37 task_executor_12bc4bcc2409_0 log path: /ragflow/logs/task_executor_12bc4bcc2409_0.log, log levels: {'peewee': 'WARNING', 'pdfminer': 'WARNING', 'root': 'INFO'}
2025-06-18 15:34:40,936 INFO     37 
  ______           __      ______                     __
 /_  __/___ ______/ /__   / ____/  _____  _______  __/ /_____  _____
  / / / __ `/ ___/ //_/  / __/ | |/_/ _ \/ ___/ / / / __/ __ \/ ___/
 / / / /_/ (__  ) ,<    / /____>  </  __/ /__/ /_/ / /_/ /_/ / /
/_/  \__,_/____/_/|_|  /_____/_/|_|\___/\___/\__,_/\__/\____/_/
    
2025-06-18 15:34:40,936 INFO     37 TaskExecutor: RAGFlow version: v0.19.0 slim
2025-06-18 15:34:40,937 INFO     37 Use Elasticsearch http://es01:9200 as the doc engine.
2025-06-18 15:34:40,957 INFO     37 GET http://es01:9200/ [status:200 duration:0.018s]
2025-06-18 15:34:40,964 INFO     37 HEAD http://es01:9200/ [status:200 duration:0.007s]
2025-06-18 15:34:40,965 INFO     37 Elasticsearch http://es01:9200 is healthy.
2025-06-18 15:34:40,975 WARNING  37 Load term.freq FAIL!
2025-06-18 15:34:40,983 WARNING  37 Realtime synonym is disabled, since no redis connection.
2025-06-18 15:34:40,993 WARNING  37 Load term.freq FAIL!
2025-06-18 15:34:41,000 WARNING  37 Realtime synonym is disabled, since no redis connection.
2025-06-18 15:34:41,000 INFO     37 MAX_CONTENT_LENGTH: 134217728
2025-06-18 15:34:41,000 INFO     37 MAX_FILE_COUNT_PER_USER: 0
2025-06-18 15:34:41,009 INFO     37 task_executor_12bc4bcc2409_0 reported heartbeat: {"name": "task_executor_12bc4bcc2409_0", "now": "2025-06-18T15:34:41.008+08:00", "boot_at": "2025-06-18T15:34:40.935+08:00", "pending": 0, "lag": 0, "done": 0, "failed": 0, "current": {}}
2025-06-18 15:34:41,010 INFO     37 task_executor_a252bb8f1c14_0 expired, removed
2025-06-18 15:34:41,011 WARNING  37 RedisDB.get_unacked_iterator queue rag_flow_svr_queue_1 doesn't exist
2025-06-18 15:35:11,014 INFO     37 task_executor_12bc4bcc2409_0 reported heartbeat: {"name": "task_executor_12bc4bcc2409_0", "now": "2025-06-18T15:35:11.012+08:00", "boot_at": "2025-06-18T15:34:40.935+08:00", "pending": 0, "lag": 0, "done": 0, "failed": 0, "current": {}}
2025-06-18 15:35:41,019 INFO     37 task_executor_12bc4bcc2409_0 reported heartbeat: {"name": "task_executor_12bc4bcc2409_0", "now": "2025-06-18T15:35:41.018+08:00", "boot_at": "2025-06-18T15:34:40.935+08:00", "pending": 0, "lag": 0, "done": 0, "failed": 0, "current": {}}
2025-06-18 15:36:11,024 INFO     37 task_executor_12bc4bcc2409_0 reported heartbeat: {"name": "task_executor_12bc4bcc2409_0", "now": "2025-06-18T15:36:11.022+08:00", "boot_at": "2025-06-18T15:34:40.935+08:00", "pending": 0, "lag": 0, "done": 0, "failed": 0, "current": {}}
2025-06-18 15:36:41,029 INFO     37 task_executor_12bc4bcc2409_0 reported heartbeat: {"name": "task_executor_12bc4bcc2409_0", "now": "2025-06-18T15:36:41.027+08:00", "boot_at": "2025-06-18T15:34:40.935+08:00", "pending": 0, "lag": 0, "done": 0, "failed": 0, "current": {}}
2025-06-18 15:37:11,035 INFO     37 task_executor_12bc4bcc2409_0 reported heartbeat: {"name": "task_executor_12bc4bcc2409_0", "now": "2025-06-18T15:37:11.033+08:00", "boot_at": "2025-06-18T15:34:40.935+08:00", "pending": 0, "lag": 0, "done": 0, "failed": 0, "current": {}}
2025-06-18 15:37:41,039 INFO     37 task_executor_12bc4bcc2409_0 reported heartbeat: {"name": "task_executor_12bc4bcc2409_0", "now": "2025-06-18T15:37:41.037+08:00", "boot_at": "2025-06-18T15:34:40.935+08:00", "pending": 0, "lag": 0, "done": 0, "failed": 0, "current": {}}
2025-06-18 15:38:11,044 INFO     37 task_executor_12bc4bcc2409_0 reported heartbeat: {"name": "task_executor_12bc4bcc2409_0", "now": "2025-06-18T15:38:11.042+08:00", "boot_at": "2025-06-18T15:34:40.935+08:00", "pending": 0, "lag": 0, "done": 0, "failed": 0, "current": {}}
2025-06-18 15:38:41,049 INFO     37 task_executor_12bc4bcc2409_0 reported heartbeat: {"name": "task_executor_12bc4bcc2409_0", "now": "2025-06-18T15:38:41.047+08:00", "boot_at": "2025-06-18T15:34:40.935+08:00", "pending": 0, "lag": 0, "done": 0, "failed": 0, "current": {}}
2025-06-18 15:39:11,053 INFO     37 task_executor_12bc4bcc2409_0 reported heartbeat: {"name": "task_executor_12bc4bcc2409_0", "now": "2025-06-18T15:39:11.051+08:00", "boot_at": "2025-06-18T15:34:40.935+08:00", "pending": 0, "lag": 0, "done": 0, "failed": 0, "current": {}}
2025-06-18 15:39:41,058 INFO     37 task_executor_12bc4bcc2409_0 reported heartbeat: {"name": "task_executor_12bc4bcc2409_0", "now": "2025-06-18T15:39:41.056+08:00", "boot_at": "2025-06-18T15:34:40.935+08:00", "pending": 0, "lag": 0, "done": 0, "failed": 0, "current": {}}
2025-06-18 15:40:11,062 INFO     37 task_executor_12bc4bcc2409_0 reported heartbeat: {"name": "task_executor_12bc4bcc2409_0", "now": "2025-06-18T15:40:11.060+08:00", "boot_at": "2025-06-18T15:34:40.935+08:00", "pending": 0, "lag": 0, "done": 0, "failed": 0, "current": {}}
2025-06-18 15:40:41,067 INFO     37 task_executor_12bc4bcc2409_0 reported heartbeat: {"name": "task_executor_12bc4bcc2409_0", "now": "2025-06-18T15:40:41.065+08:00", "boot_at": "2025-06-18T15:34:40.935+08:00", "pending": 0, "lag": 0, "done": 0, "failed": 0, "current": {}}
2025-06-18 15:41:11,072 INFO     37 task_executor_12bc4bcc2409_0 reported heartbeat: {"name": "task_executor_12bc4bcc2409_0", "now": "2025-06-18T15:41:11.070+08:00", "boot_at": "2025-06-18T15:34:40.935+08:00", "pending": 0, "lag": 0, "done": 0, "failed": 0, "current": {}}
2025-06-18 15:41:41,080 INFO     37 task_executor_12bc4bcc2409_0 reported heartbeat: {"name": "task_executor_12bc4bcc2409_0", "now": "2025-06-18T15:41:41.078+08:00", "boot_at": "2025-06-18T15:34:40.935+08:00", "pending": 0, "lag": 0, "done": 0, "failed": 0, "current": {}}
2025-06-18 15:42:11,086 INFO     37 task_executor_12bc4bcc2409_0 reported heartbeat: {"name": "task_executor_12bc4bcc2409_0", "now": "2025-06-18T15:42:11.084+08:00", "boot_at": "2025-06-18T15:34:40.935+08:00", "pending": 0, "lag": 0, "done": 0, "failed": 0, "current": {}}
2025-06-18 15:42:41,093 INFO     37 task_executor_12bc4bcc2409_0 reported heartbeat: {"name": "task_executor_12bc4bcc2409_0", "now": "2025-06-18T15:42:41.091+08:00", "boot_at": "2025-06-18T15:34:40.935+08:00", "pending": 0, "lag": 0, "done": 0, "failed": 0, "current": {}}
2025-06-18 15:43:11,099 INFO     37 task_executor_12bc4bcc2409_0 reported heartbeat: {"name": "task_executor_12bc4bcc2409_0", "now": "2025-06-18T15:43:11.097+08:00", "boot_at": "2025-06-18T15:34:40.935+08:00", "pending": 0, "lag": 0, "done": 0, "failed": 0, "current": {}}
2025-06-18 15:43:41,105 INFO     37 task_executor_12bc4bcc2409_0 reported heartbeat: {"name": "task_executor_12bc4bcc2409_0", "now": "2025-06-18T15:43:41.103+08:00", "boot_at": "2025-06-18T15:34:40.935+08:00", "pending": 0, "lag": 0, "done": 0, "failed": 0, "current": {}}
2025-06-18 15:44:11,111 INFO     37 task_executor_12bc4bcc2409_0 reported heartbeat: {"name": "task_executor_12bc4bcc2409_0", "now": "2025-06-18T15:44:11.109+08:00", "boot_at": "2025-06-18T15:34:40.935+08:00", "pending": 0, "lag": 0, "done": 0, "failed": 0, "current": {}}
2025-06-18 15:44:41,117 INFO     37 task_executor_12bc4bcc2409_0 reported heartbeat: {"name": "task_executor_12bc4bcc2409_0", "now": "2025-06-18T15:44:41.115+08:00", "boot_at": "2025-06-18T15:34:40.935+08:00", "pending": 0, "lag": 0, "done": 0, "failed": 0, "current": {}}
2025-06-18 15:45:11,122 INFO     37 task_executor_12bc4bcc2409_0 reported heartbeat: {"name": "task_executor_12bc4bcc2409_0", "now": "2025-06-18T15:45:11.120+08:00", "boot_at": "2025-06-18T15:34:40.935+08:00", "pending": 0, "lag": 0, "done": 0, "failed": 0, "current": {}}
2025-06-18 15:45:41,128 INFO     37 task_executor_12bc4bcc2409_0 reported heartbeat: {"name": "task_executor_12bc4bcc2409_0", "now": "2025-06-18T15:45:41.126+08:00", "boot_at": "2025-06-18T15:34:40.935+08:00", "pending": 0, "lag": 0, "done": 0, "failed": 0, "current": {}}
2025-06-18 15:46:11,132 INFO     37 task_executor_12bc4bcc2409_0 reported heartbeat: {"name": "task_executor_12bc4bcc2409_0", "now": "2025-06-18T15:46:11.131+08:00", "boot_at": "2025-06-18T15:34:40.935+08:00", "pending": 0, "lag": 0, "done": 0, "failed": 0, "current": {}}
2025-06-18 15:46:41,137 INFO     37 task_executor_12bc4bcc2409_0 reported heartbeat: {"name": "task_executor_12bc4bcc2409_0", "now": "2025-06-18T15:46:41.135+08:00", "boot_at": "2025-06-18T15:34:40.935+08:00", "pending": 0, "lag": 0, "done": 0, "failed": 0, "current": {}}
2025-06-18 15:47:11,142 INFO     37 task_executor_12bc4bcc2409_0 reported heartbeat: {"name": "task_executor_12bc4bcc2409_0", "now": "2025-06-18T15:47:11.140+08:00", "boot_at": "2025-06-18T15:34:40.935+08:00", "pending": 0, "lag": 0, "done": 0, "failed": 0, "current": {}}
2025-06-18 15:47:41,145 INFO     37 task_executor_12bc4bcc2409_0 reported heartbeat: {"name": "task_executor_12bc4bcc2409_0", "now": "2025-06-18T15:47:41.144+08:00", "boot_at": "2025-06-18T15:34:40.935+08:00", "pending": 0, "lag": 0, "done": 0, "failed": 0, "current": {}}
2025-06-18 15:48:11,147 INFO     37 task_executor_12bc4bcc2409_0 reported heartbeat: {"name": "task_executor_12bc4bcc2409_0", "now": "2025-06-18T15:48:11.146+08:00", "boot_at": "2025-06-18T15:34:40.935+08:00", "pending": 0, "lag": 0, "done": 0, "failed": 0, "current": {}}
2025-06-18 15:48:41,151 INFO     37 task_executor_12bc4bcc2409_0 reported heartbeat: {"name": "task_executor_12bc4bcc2409_0", "now": "2025-06-18T15:48:41.150+08:00", "boot_at": "2025-06-18T15:34:40.935+08:00", "pending": 0, "lag": 0, "done": 0, "failed": 0, "current": {}}
2025-06-18 15:49:11,156 INFO     37 task_executor_12bc4bcc2409_0 reported heartbeat: {"name": "task_executor_12bc4bcc2409_0", "now": "2025-06-18T15:49:11.155+08:00", "boot_at": "2025-06-18T15:34:40.935+08:00", "pending": 0, "lag": 0, "done": 0, "failed": 0, "current": {}}
2025-06-18 15:49:41,160 INFO     37 task_executor_12bc4bcc2409_0 reported heartbeat: {"name": "task_executor_12bc4bcc2409_0", "now": "2025-06-18T15:49:41.159+08:00", "boot_at": "2025-06-18T15:34:40.935+08:00", "pending": 0, "lag": 0, "done": 0, "failed": 0, "current": {}}
2025-06-18 15:50:11,164 INFO     37 task_executor_12bc4bcc2409_0 reported heartbeat: {"name": "task_executor_12bc4bcc2409_0", "now": "2025-06-18T15:50:11.162+08:00", "boot_at": "2025-06-18T15:34:40.935+08:00", "pending": 0, "lag": 0, "done": 0, "failed": 0, "current": {}}
2025-06-18 15:50:41,168 INFO     37 task_executor_12bc4bcc2409_0 reported heartbeat: {"name": "task_executor_12bc4bcc2409_0", "now": "2025-06-18T15:50:41.167+08:00", "boot_at": "2025-06-18T15:34:40.935+08:00", "pending": 0, "lag": 0, "done": 0, "failed": 0, "current": {}}
2025-06-18 15:51:11,171 INFO     37 task_executor_12bc4bcc2409_0 reported heartbeat: {"name": "task_executor_12bc4bcc2409_0", "now": "2025-06-18T15:51:11.170+08:00", "boot_at": "2025-06-18T15:34:40.935+08:00", "pending": 0, "lag": 0, "done": 0, "failed": 0, "current": {}}
2025-06-18 15:51:41,175 INFO     37 task_executor_12bc4bcc2409_0 reported heartbeat: {"name": "task_executor_12bc4bcc2409_0", "now": "2025-06-18T15:51:41.174+08:00", "boot_at": "2025-06-18T15:34:40.935+08:00", "pending": 0, "lag": 0, "done": 0, "failed": 0, "current": {}}
2025-06-18 15:52:11,179 INFO     37 task_executor_12bc4bcc2409_0 reported heartbeat: {"name": "task_executor_12bc4bcc2409_0", "now": "2025-06-18T15:52:11.177+08:00", "boot_at": "2025-06-18T15:34:40.935+08:00", "pending": 0, "lag": 0, "done": 0, "failed": 0, "current": {}}
2025-06-18 15:52:41,183 INFO     37 task_executor_12bc4bcc2409_0 reported heartbeat: {"name": "task_executor_12bc4bcc2409_0", "now": "2025-06-18T15:52:41.182+08:00", "boot_at": "2025-06-18T15:34:40.935+08:00", "pending": 0, "lag": 0, "done": 0, "failed": 0, "current": {}}
2025-06-18 15:53:11,187 INFO     37 task_executor_12bc4bcc2409_0 reported heartbeat: {"name": "task_executor_12bc4bcc2409_0", "now": "2025-06-18T15:53:11.185+08:00", "boot_at": "2025-06-18T15:34:40.935+08:00", "pending": 0, "lag": 0, "done": 0, "failed": 0, "current": {}}
2025-06-18 15:53:41,192 INFO     37 task_executor_12bc4bcc2409_0 reported heartbeat: {"name": "task_executor_12bc4bcc2409_0", "now": "2025-06-18T15:53:41.191+08:00", "boot_at": "2025-06-18T15:34:40.935+08:00", "pending": 0, "lag": 0, "done": 0, "failed": 0, "current": {}}
2025-06-18 15:54:11,195 INFO     37 task_executor_12bc4bcc2409_0 reported heartbeat: {"name": "task_executor_12bc4bcc2409_0", "now": "2025-06-18T15:54:11.194+08:00", "boot_at": "2025-06-18T15:34:40.935+08:00", "pending": 0, "lag": 0, "done": 0, "failed": 0, "current": {}}
2025-06-18 15:54:41,199 INFO     37 task_executor_12bc4bcc2409_0 reported heartbeat: {"name": "task_executor_12bc4bcc2409_0", "now": "2025-06-18T15:54:41.198+08:00", "boot_at": "2025-06-18T15:34:40.935+08:00", "pending": 0, "lag": 0, "done": 0, "failed": 0, "current": {}}
2025-06-18 15:55:11,202 INFO     37 task_executor_12bc4bcc2409_0 reported heartbeat: {"name": "task_executor_12bc4bcc2409_0", "now": "2025-06-18T15:55:11.201+08:00", "boot_at": "2025-06-18T15:34:40.935+08:00", "pending": 0, "lag": 0, "done": 0, "failed": 0, "current": {}}
2025-06-18 15:55:41,207 INFO     37 task_executor_12bc4bcc2409_0 reported heartbeat: {"name": "task_executor_12bc4bcc2409_0", "now": "2025-06-18T15:55:41.206+08:00", "boot_at": "2025-06-18T15:34:40.935+08:00", "pending": 0, "lag": 0, "done": 0, "failed": 0, "current": {}}
2025-06-18 15:56:11,211 INFO     37 task_executor_12bc4bcc2409_0 reported heartbeat: {"name": "task_executor_12bc4bcc2409_0", "now": "2025-06-18T15:56:11.210+08:00", "boot_at": "2025-06-18T15:34:40.935+08:00", "pending": 0, "lag": 0, "done": 0, "failed": 0, "current": {}}
2025-06-18 15:56:41,214 INFO     37 task_executor_12bc4bcc2409_0 reported heartbeat: {"name": "task_executor_12bc4bcc2409_0", "now": "2025-06-18T15:56:41.213+08:00", "boot_at": "2025-06-18T15:34:40.935+08:00", "pending": 0, "lag": 0, "done": 0, "failed": 0, "current": {}}
2025-06-18 15:57:11,217 INFO     37 task_executor_12bc4bcc2409_0 reported heartbeat: {"name": "task_executor_12bc4bcc2409_0", "now": "2025-06-18T15:57:11.216+08:00", "boot_at": "2025-06-18T15:34:40.935+08:00", "pending": 0, "lag": 0, "done": 0, "failed": 0, "current": {}}
2025-06-18 15:57:41,221 INFO     37 task_executor_12bc4bcc2409_0 reported heartbeat: {"name": "task_executor_12bc4bcc2409_0", "now": "2025-06-18T15:57:41.220+08:00", "boot_at": "2025-06-18T15:34:40.935+08:00", "pending": 0, "lag": 0, "done": 0, "failed": 0, "current": {}}
2025-06-18 15:58:11,224 INFO     37 task_executor_12bc4bcc2409_0 reported heartbeat: {"name": "task_executor_12bc4bcc2409_0", "now": "2025-06-18T15:58:11.223+08:00", "boot_at": "2025-06-18T15:34:40.935+08:00", "pending": 0, "lag": 0, "done": 0, "failed": 0, "current": {}}
2025-06-18 15:58:41,228 INFO     37 task_executor_12bc4bcc2409_0 reported heartbeat: {"name": "task_executor_12bc4bcc2409_0", "now": "2025-06-18T15:58:41.227+08:00", "boot_at": "2025-06-18T15:34:40.935+08:00", "pending": 0, "lag": 0, "done": 0, "failed": 0, "current": {}}
2025-06-18 15:58:48,501 ERROR    37 RedisDB.queue_consumer rag_flow_svr_queue_1 got exception: Error -3 connecting to redis:6379. Temporary failure in name resolution.
Traceback (most recent call last):
  File "/ragflow/rag/svr/task_executor.py", line 193, in collect
    redis_msg = next(UNACKED_ITERATOR)
StopIteration

During handling of the above exception, another exception occurred:

Traceback (most recent call last):
  File "/ragflow/.venv/lib/python3.10/site-packages/valkey/connection.py", line 1116, in get_connection
    if connection.can_read() and connection.client_cache is None:
  File "/ragflow/.venv/lib/python3.10/site-packages/valkey/connection.py", line 524, in can_read
    return self._parser.can_read(timeout)
  File "/ragflow/.venv/lib/python3.10/site-packages/valkey/_parsers/base.py", line 128, in can_read
    return self._buffer and self._buffer.can_read(timeout)
  File "/ragflow/.venv/lib/python3.10/site-packages/valkey/_parsers/socket.py", line 95, in can_read
    return bool(self.unread_bytes()) or self._read_from_socket(
  File "/ragflow/.venv/lib/python3.10/site-packages/valkey/_parsers/socket.py", line 68, in _read_from_socket
    raise ConnectionError(SERVER_CLOSED_CONNECTION_ERROR)
valkey.exceptions.ConnectionError: Connection closed by server.

During handling of the above exception, another exception occurred:

Traceback (most recent call last):
  File "/ragflow/.venv/lib/python3.10/site-packages/valkey/connection.py", line 302, in connect
    sock = self.retry.call_with_retry(
  File "/ragflow/.venv/lib/python3.10/site-packages/valkey/retry.py", line 62, in call_with_retry
    return do()
  File "/ragflow/.venv/lib/python3.10/site-packages/valkey/connection.py", line 303, in <lambda>
    lambda: self._connect(), lambda error: self.disconnect(error)
  File "/ragflow/.venv/lib/python3.10/site-packages/valkey/connection.py", line 696, in _connect
    for res in socket.getaddrinfo(
  File "/usr/lib/python3.10/socket.py", line 955, in getaddrinfo
    for res in _socket.getaddrinfo(host, port, family, type, proto, flags):
socket.gaierror: [Errno -3] Temporary failure in name resolution

During handling of the above exception, another exception occurred:

Traceback (most recent call last):
  File "/ragflow/rag/utils/redis_conn.py", line 228, in queue_consumer
    group_info = self.REDIS.xinfo_groups(queue_name)
  File "/ragflow/.venv/lib/python3.10/site-packages/valkey/commands/core.py", line 3810, in xinfo_groups
    return self.execute_command("XINFO GROUPS", name)
  File "/ragflow/.venv/lib/python3.10/site-packages/valkey/client.py", line 564, in execute_command
    conn = self.connection or pool.get_connection(command_name, **options)
  File "/ragflow/.venv/lib/python3.10/site-packages/valkey/connection.py", line 1120, in get_connection
    connection.connect()
  File "/ragflow/.venv/lib/python3.10/site-packages/valkey/connection.py", line 308, in connect
    raise ConnectionError(self._error_message(e))
valkey.exceptions.ConnectionError: Error -3 connecting to redis:6379. Temporary failure in name resolution.
2025-06-18 15:58:48,517 ERROR    37 RedisDB.queue_consumer rag_flow_svr_queue got exception: Error -3 connecting to redis:6379. Temporary failure in name resolution.
Traceback (most recent call last):
  File "/ragflow/rag/svr/task_executor.py", line 193, in collect
    redis_msg = next(UNACKED_ITERATOR)
StopIteration

During handling of the above exception, another exception occurred:

Traceback (most recent call last):
  File "/ragflow/.venv/lib/python3.10/site-packages/valkey/connection.py", line 302, in connect
    sock = self.retry.call_with_retry(
  File "/ragflow/.venv/lib/python3.10/site-packages/valkey/retry.py", line 62, in call_with_retry
    return do()
  File "/ragflow/.venv/lib/python3.10/site-packages/valkey/connection.py", line 303, in <lambda>
    lambda: self._connect(), lambda error: self.disconnect(error)
  File "/ragflow/.venv/lib/python3.10/site-packages/valkey/connection.py", line 696, in _connect
    for res in socket.getaddrinfo(
  File "/usr/lib/python3.10/socket.py", line 955, in getaddrinfo
    for res in _socket.getaddrinfo(host, port, family, type, proto, flags):
socket.gaierror: [Errno -3] Temporary failure in name resolution

During handling of the above exception, another exception occurred:

Traceback (most recent call last):
  File "/ragflow/rag/utils/redis_conn.py", line 228, in queue_consumer
    group_info = self.REDIS.xinfo_groups(queue_name)
  File "/ragflow/.venv/lib/python3.10/site-packages/valkey/commands/core.py", line 3810, in xinfo_groups
    return self.execute_command("XINFO GROUPS", name)
  File "/ragflow/.venv/lib/python3.10/site-packages/valkey/client.py", line 564, in execute_command
    conn = self.connection or pool.get_connection(command_name, **options)
  File "/ragflow/.venv/lib/python3.10/site-packages/valkey/connection.py", line 1107, in get_connection
    connection.connect()
  File "/ragflow/.venv/lib/python3.10/site-packages/valkey/connection.py", line 308, in connect
    raise ConnectionError(self._error_message(e))
valkey.exceptions.ConnectionError: Error -3 connecting to redis:6379. Temporary failure in name resolution.
2025-06-18 15:58:48,600 ERROR    37 RedisDB.queue_consumer rag_flow_svr_queue_1 got exception: Error -3 connecting to redis:6379. Temporary failure in name resolution.
Traceback (most recent call last):
  File "/ragflow/rag/svr/task_executor.py", line 193, in collect
    redis_msg = next(UNACKED_ITERATOR)
StopIteration

During handling of the above exception, another exception occurred:

Traceback (most recent call last):
  File "/ragflow/.venv/lib/python3.10/site-packages/valkey/connection.py", line 302, in connect
    sock = self.retry.call_with_retry(
  File "/ragflow/.venv/lib/python3.10/site-packages/valkey/retry.py", line 62, in call_with_retry
    return do()
  File "/ragflow/.venv/lib/python3.10/site-packages/valkey/connection.py", line 303, in <lambda>
    lambda: self._connect(), lambda error: self.disconnect(error)
  File "/ragflow/.venv/lib/python3.10/site-packages/valkey/connection.py", line 696, in _connect
    for res in socket.getaddrinfo(
  File "/usr/lib/python3.10/socket.py", line 955, in getaddrinfo
    for res in _socket.getaddrinfo(host, port, family, type, proto, flags):
socket.gaierror: [Errno -3] Temporary failure in name resolution

During handling of the above exception, another exception occurred:

Traceback (most recent call last):
  File "/ragflow/rag/utils/redis_conn.py", line 228, in queue_consumer
    group_info = self.REDIS.xinfo_groups(queue_name)
  File "/ragflow/.venv/lib/python3.10/site-packages/valkey/commands/core.py", line 3810, in xinfo_groups
    return self.execute_command("XINFO GROUPS", name)
  File "/ragflow/.venv/lib/python3.10/site-packages/valkey/client.py", line 564, in execute_command
    conn = self.connection or pool.get_connection(command_name, **options)
  File "/ragflow/.venv/lib/python3.10/site-packages/valkey/connection.py", line 1107, in get_connection
    connection.connect()
  File "/ragflow/.venv/lib/python3.10/site-packages/valkey/connection.py", line 308, in connect
    raise ConnectionError(self._error_message(e))
valkey.exceptions.ConnectionError: Error -3 connecting to redis:6379. Temporary failure in name resolution.
2025-06-18 15:58:48,605 ERROR    37 RedisDB.queue_consumer rag_flow_svr_queue got exception: Error -3 connecting to redis:6379. Temporary failure in name resolution.
Traceback (most recent call last):
  File "/ragflow/rag/svr/task_executor.py", line 193, in collect
    redis_msg = next(UNACKED_ITERATOR)
StopIteration

During handling of the above exception, another exception occurred:

Traceback (most recent call last):
  File "/ragflow/.venv/lib/python3.10/site-packages/valkey/connection.py", line 302, in connect
    sock = self.retry.call_with_retry(
  File "/ragflow/.venv/lib/python3.10/site-packages/valkey/retry.py", line 62, in call_with_retry
    return do()
  File "/ragflow/.venv/lib/python3.10/site-packages/valkey/connection.py", line 303, in <lambda>
    lambda: self._connect(), lambda error: self.disconnect(error)
  File "/ragflow/.venv/lib/python3.10/site-packages/valkey/connection.py", line 696, in _connect
    for res in socket.getaddrinfo(
  File "/usr/lib/python3.10/socket.py", line 955, in getaddrinfo
    for res in _socket.getaddrinfo(host, port, family, type, proto, flags):
socket.gaierror: [Errno -3] Temporary failure in name resolution

During handling of the above exception, another exception occurred:

Traceback (most recent call last):
  File "/ragflow/rag/utils/redis_conn.py", line 228, in queue_consumer
    group_info = self.REDIS.xinfo_groups(queue_name)
  File "/ragflow/.venv/lib/python3.10/site-packages/valkey/commands/core.py", line 3810, in xinfo_groups
    return self.execute_command("XINFO GROUPS", name)
  File "/ragflow/.venv/lib/python3.10/site-packages/valkey/client.py", line 564, in execute_command
    conn = self.connection or pool.get_connection(command_name, **options)
  File "/ragflow/.venv/lib/python3.10/site-packages/valkey/connection.py", line 1107, in get_connection
    connection.connect()
  File "/ragflow/.venv/lib/python3.10/site-packages/valkey/connection.py", line 308, in connect
    raise ConnectionError(self._error_message(e))
valkey.exceptions.ConnectionError: Error -3 connecting to redis:6379. Temporary failure in name resolution.
2025-06-18 15:58:48,701 ERROR    37 RedisDB.queue_consumer rag_flow_svr_queue_1 got exception: Error -3 connecting to redis:6379. Temporary failure in name resolution.
Traceback (most recent call last):
  File "/ragflow/rag/svr/task_executor.py", line 193, in collect
    redis_msg = next(UNACKED_ITERATOR)
StopIteration

During handling of the above exception, another exception occurred:

Traceback (most recent call last):
  File "/ragflow/.venv/lib/python3.10/site-packages/valkey/connection.py", line 302, in connect
    sock = self.retry.call_with_retry(
  File "/ragflow/.venv/lib/python3.10/site-packages/valkey/retry.py", line 62, in call_with_retry
    return do()
  File "/ragflow/.venv/lib/python3.10/site-packages/valkey/connection.py", line 303, in <lambda>
    lambda: self._connect(), lambda error: self.disconnect(error)
  File "/ragflow/.venv/lib/python3.10/site-packages/valkey/connection.py", line 696, in _connect
    for res in socket.getaddrinfo(
  File "/usr/lib/python3.10/socket.py", line 955, in getaddrinfo
    for res in _socket.getaddrinfo(host, port, family, type, proto, flags):
socket.gaierror: [Errno -3] Temporary failure in name resolution

During handling of the above exception, another exception occurred:

Traceback (most recent call last):
  File "/ragflow/rag/utils/redis_conn.py", line 228, in queue_consumer
    group_info = self.REDIS.xinfo_groups(queue_name)
  File "/ragflow/.venv/lib/python3.10/site-packages/valkey/commands/core.py", line 3810, in xinfo_groups
    return self.execute_command("XINFO GROUPS", name)
  File "/ragflow/.venv/lib/python3.10/site-packages/valkey/client.py", line 564, in execute_command
    conn = self.connection or pool.get_connection(command_name, **options)
  File "/ragflow/.venv/lib/python3.10/site-packages/valkey/connection.py", line 1107, in get_connection
    connection.connect()
  File "/ragflow/.venv/lib/python3.10/site-packages/valkey/connection.py", line 308, in connect
    raise ConnectionError(self._error_message(e))
valkey.exceptions.ConnectionError: Error -3 connecting to redis:6379. Temporary failure in name resolution.
2025-06-18 15:58:48,706 ERROR    37 RedisDB.queue_consumer rag_flow_svr_queue got exception: Error -3 connecting to redis:6379. Temporary failure in name resolution.
Traceback (most recent call last):
  File "/ragflow/rag/svr/task_executor.py", line 193, in collect
    redis_msg = next(UNACKED_ITERATOR)
StopIteration

During handling of the above exception, another exception occurred:

Traceback (most recent call last):
  File "/ragflow/.venv/lib/python3.10/site-packages/valkey/connection.py", line 302, in connect
    sock = self.retry.call_with_retry(
  File "/ragflow/.venv/lib/python3.10/site-packages/valkey/retry.py", line 62, in call_with_retry
    return do()
  File "/ragflow/.venv/lib/python3.10/site-packages/valkey/connection.py", line 303, in <lambda>
    lambda: self._connect(), lambda error: self.disconnect(error)
  File "/ragflow/.venv/lib/python3.10/site-packages/valkey/connection.py", line 696, in _connect
    for res in socket.getaddrinfo(
  File "/usr/lib/python3.10/socket.py", line 955, in getaddrinfo
    for res in _socket.getaddrinfo(host, port, family, type, proto, flags):
socket.gaierror: [Errno -3] Temporary failure in name resolution

During handling of the above exception, another exception occurred:

Traceback (most recent call last):
  File "/ragflow/rag/utils/redis_conn.py", line 228, in queue_consumer
    group_info = self.REDIS.xinfo_groups(queue_name)
  File "/ragflow/.venv/lib/python3.10/site-packages/valkey/commands/core.py", line 3810, in xinfo_groups
    return self.execute_command("XINFO GROUPS", name)
  File "/ragflow/.venv/lib/python3.10/site-packages/valkey/client.py", line 564, in execute_command
    conn = self.connection or pool.get_connection(command_name, **options)
  File "/ragflow/.venv/lib/python3.10/site-packages/valkey/connection.py", line 1107, in get_connection
    connection.connect()
  File "/ragflow/.venv/lib/python3.10/site-packages/valkey/connection.py", line 308, in connect
    raise ConnectionError(self._error_message(e))
valkey.exceptions.ConnectionError: Error -3 connecting to redis:6379. Temporary failure in name resolution.
2025-06-18 15:58:48,800 ERROR    37 RedisDB.queue_consumer rag_flow_svr_queue_1 got exception: Error -3 connecting to redis:6379. Temporary failure in name resolution.
Traceback (most recent call last):
  File "/ragflow/rag/svr/task_executor.py", line 193, in collect
    redis_msg = next(UNACKED_ITERATOR)
StopIteration

During handling of the above exception, another exception occurred:

Traceback (most recent call last):
  File "/ragflow/.venv/lib/python3.10/site-packages/valkey/connection.py", line 302, in connect
    sock = self.retry.call_with_retry(
  File "/ragflow/.venv/lib/python3.10/site-packages/valkey/retry.py", line 62, in call_with_retry
    return do()
  File "/ragflow/.venv/lib/python3.10/site-packages/valkey/connection.py", line 303, in <lambda>
    lambda: self._connect(), lambda error: self.disconnect(error)
  File "/ragflow/.venv/lib/python3.10/site-packages/valkey/connection.py", line 696, in _connect
    for res in socket.getaddrinfo(
  File "/usr/lib/python3.10/socket.py", line 955, in getaddrinfo
    for res in _socket.getaddrinfo(host, port, family, type, proto, flags):
socket.gaierror: [Errno -3] Temporary failure in name resolution

During handling of the above exception, another exception occurred:

Traceback (most recent call last):
  File "/ragflow/rag/utils/redis_conn.py", line 228, in queue_consumer
    group_info = self.REDIS.xinfo_groups(queue_name)
  File "/ragflow/.venv/lib/python3.10/site-packages/valkey/commands/core.py", line 3810, in xinfo_groups
    return self.execute_command("XINFO GROUPS", name)
  File "/ragflow/.venv/lib/python3.10/site-packages/valkey/client.py", line 564, in execute_command
    conn = self.connection or pool.get_connection(command_name, **options)
  File "/ragflow/.venv/lib/python3.10/site-packages/valkey/connection.py", line 1107, in get_connection
    connection.connect()
  File "/ragflow/.venv/lib/python3.10/site-packages/valkey/connection.py", line 308, in connect
    raise ConnectionError(self._error_message(e))
valkey.exceptions.ConnectionError: Error -3 connecting to redis:6379. Temporary failure in name resolution.
2025-06-18 15:58:48,803 ERROR    37 RedisDB.queue_consumer rag_flow_svr_queue got exception: Error -3 connecting to redis:6379. Temporary failure in name resolution.
Traceback (most recent call last):
  File "/ragflow/rag/svr/task_executor.py", line 193, in collect
    redis_msg = next(UNACKED_ITERATOR)
StopIteration

During handling of the above exception, another exception occurred:

Traceback (most recent call last):
  File "/ragflow/.venv/lib/python3.10/site-packages/valkey/connection.py", line 302, in connect
    sock = self.retry.call_with_retry(
  File "/ragflow/.venv/lib/python3.10/site-packages/valkey/retry.py", line 62, in call_with_retry
    return do()
  File "/ragflow/.venv/lib/python3.10/site-packages/valkey/connection.py", line 303, in <lambda>
    lambda: self._connect(), lambda error: self.disconnect(error)
  File "/ragflow/.venv/lib/python3.10/site-packages/valkey/connection.py", line 696, in _connect
    for res in socket.getaddrinfo(
  File "/usr/lib/python3.10/socket.py", line 955, in getaddrinfo
    for res in _socket.getaddrinfo(host, port, family, type, proto, flags):
socket.gaierror: [Errno -3] Temporary failure in name resolution

During handling of the above exception, another exception occurred:

Traceback (most recent call last):
  File "/ragflow/rag/utils/redis_conn.py", line 228, in queue_consumer
    group_info = self.REDIS.xinfo_groups(queue_name)
  File "/ragflow/.venv/lib/python3.10/site-packages/valkey/commands/core.py", line 3810, in xinfo_groups
    return self.execute_command("XINFO GROUPS", name)
  File "/ragflow/.venv/lib/python3.10/site-packages/valkey/client.py", line 564, in execute_command
    conn = self.connection or pool.get_connection(command_name, **options)
  File "/ragflow/.venv/lib/python3.10/site-packages/valkey/connection.py", line 1107, in get_connection
    connection.connect()
  File "/ragflow/.venv/lib/python3.10/site-packages/valkey/connection.py", line 308, in connect
    raise ConnectionError(self._error_message(e))
valkey.exceptions.ConnectionError: Error -3 connecting to redis:6379. Temporary failure in name resolution.
2025-06-18 15:58:48,900 ERROR    37 RedisDB.queue_consumer rag_flow_svr_queue_1 got exception: Error -3 connecting to redis:6379. Temporary failure in name resolution.
Traceback (most recent call last):
  File "/ragflow/rag/svr/task_executor.py", line 193, in collect
    redis_msg = next(UNACKED_ITERATOR)
StopIteration

During handling of the above exception, another exception occurred:

Traceback (most recent call last):
  File "/ragflow/.venv/lib/python3.10/site-packages/valkey/connection.py", line 302, in connect
    sock = self.retry.call_with_retry(
  File "/ragflow/.venv/lib/python3.10/site-packages/valkey/retry.py", line 62, in call_with_retry
    return do()
  File "/ragflow/.venv/lib/python3.10/site-packages/valkey/connection.py", line 303, in <lambda>
    lambda: self._connect(), lambda error: self.disconnect(error)
  File "/ragflow/.venv/lib/python3.10/site-packages/valkey/connection.py", line 696, in _connect
    for res in socket.getaddrinfo(
  File "/usr/lib/python3.10/socket.py", line 955, in getaddrinfo
    for res in _socket.getaddrinfo(host, port, family, type, proto, flags):
socket.gaierror: [Errno -3] Temporary failure in name resolution

During handling of the above exception, another exception occurred:

Traceback (most recent call last):
  File "/ragflow/rag/utils/redis_conn.py", line 228, in queue_consumer
    group_info = self.REDIS.xinfo_groups(queue_name)
  File "/ragflow/.venv/lib/python3.10/site-packages/valkey/commands/core.py", line 3810, in xinfo_groups
    return self.execute_command("XINFO GROUPS", name)
  File "/ragflow/.venv/lib/python3.10/site-packages/valkey/client.py", line 564, in execute_command
    conn = self.connection or pool.get_connection(command_name, **options)
  File "/ragflow/.venv/lib/python3.10/site-packages/valkey/connection.py", line 1107, in get_connection
    connection.connect()
  File "/ragflow/.venv/lib/python3.10/site-packages/valkey/connection.py", line 308, in connect
    raise ConnectionError(self._error_message(e))
valkey.exceptions.ConnectionError: Error -3 connecting to redis:6379. Temporary failure in name resolution.
2025-06-18 15:58:48,902 ERROR    37 RedisDB.queue_consumer rag_flow_svr_queue got exception: Error -3 connecting to redis:6379. Temporary failure in name resolution.
Traceback (most recent call last):
  File "/ragflow/rag/svr/task_executor.py", line 193, in collect
    redis_msg = next(UNACKED_ITERATOR)
StopIteration

During handling of the above exception, another exception occurred:

Traceback (most recent call last):
  File "/ragflow/.venv/lib/python3.10/site-packages/valkey/connection.py", line 302, in connect
    sock = self.retry.call_with_retry(
  File "/ragflow/.venv/lib/python3.10/site-packages/valkey/retry.py", line 62, in call_with_retry
    return do()
  File "/ragflow/.venv/lib/python3.10/site-packages/valkey/connection.py", line 303, in <lambda>
    lambda: self._connect(), lambda error: self.disconnect(error)
  File "/ragflow/.venv/lib/python3.10/site-packages/valkey/connection.py", line 696, in _connect
    for res in socket.getaddrinfo(
  File "/usr/lib/python3.10/socket.py", line 955, in getaddrinfo
    for res in _socket.getaddrinfo(host, port, family, type, proto, flags):
socket.gaierror: [Errno -3] Temporary failure in name resolution

During handling of the above exception, another exception occurred:

Traceback (most recent call last):
  File "/ragflow/rag/utils/redis_conn.py", line 228, in queue_consumer
    group_info = self.REDIS.xinfo_groups(queue_name)
  File "/ragflow/.venv/lib/python3.10/site-packages/valkey/commands/core.py", line 3810, in xinfo_groups
    return self.execute_command("XINFO GROUPS", name)
  File "/ragflow/.venv/lib/python3.10/site-packages/valkey/client.py", line 564, in execute_command
    conn = self.connection or pool.get_connection(command_name, **options)
  File "/ragflow/.venv/lib/python3.10/site-packages/valkey/connection.py", line 1107, in get_connection
    connection.connect()
  File "/ragflow/.venv/lib/python3.10/site-packages/valkey/connection.py", line 308, in connect
    raise ConnectionError(self._error_message(e))
valkey.exceptions.ConnectionError: Error -3 connecting to redis:6379. Temporary failure in name resolution.
2025-06-18 15:58:53,525 ERROR    37 RedisDB.queue_consumer rag_flow_svr_queue_1 got exception: Error -3 connecting to redis:6379. Temporary failure in name resolution.
Traceback (most recent call last):
  File "/ragflow/rag/svr/task_executor.py", line 193, in collect
    redis_msg = next(UNACKED_ITERATOR)
StopIteration

During handling of the above exception, another exception occurred:

Traceback (most recent call last):
  File "/ragflow/.venv/lib/python3.10/site-packages/valkey/connection.py", line 302, in connect
    sock = self.retry.call_with_retry(
  File "/ragflow/.venv/lib/python3.10/site-packages/valkey/retry.py", line 62, in call_with_retry
    return do()
  File "/ragflow/.venv/lib/python3.10/site-packages/valkey/connection.py", line 303, in <lambda>
    lambda: self._connect(), lambda error: self.disconnect(error)
  File "/ragflow/.venv/lib/python3.10/site-packages/valkey/connection.py", line 696, in _connect
    for res in socket.getaddrinfo(
  File "/usr/lib/python3.10/socket.py", line 955, in getaddrinfo
    for res in _socket.getaddrinfo(host, port, family, type, proto, flags):
socket.gaierror: [Errno -3] Temporary failure in name resolution

During handling of the above exception, another exception occurred:

Traceback (most recent call last):
  File "/ragflow/rag/utils/redis_conn.py", line 228, in queue_consumer
    group_info = self.REDIS.xinfo_groups(queue_name)
  File "/ragflow/.venv/lib/python3.10/site-packages/valkey/commands/core.py", line 3810, in xinfo_groups
    return self.execute_command("XINFO GROUPS", name)
  File "/ragflow/.venv/lib/python3.10/site-packages/valkey/client.py", line 564, in execute_command
    conn = self.connection or pool.get_connection(command_name, **options)
  File "/ragflow/.venv/lib/python3.10/site-packages/valkey/connection.py", line 1107, in get_connection
    connection.connect()
  File "/ragflow/.venv/lib/python3.10/site-packages/valkey/connection.py", line 308, in connect
    raise ConnectionError(self._error_message(e))
valkey.exceptions.ConnectionError: Error -3 connecting to redis:6379. Temporary failure in name resolution.
2025-06-18 15:58:53,529 ERROR    37 RedisDB.queue_consumer rag_flow_svr_queue got exception: Error -3 connecting to redis:6379. Temporary failure in name resolution.
Traceback (most recent call last):
  File "/ragflow/rag/svr/task_executor.py", line 193, in collect
    redis_msg = next(UNACKED_ITERATOR)
StopIteration

During handling of the above exception, another exception occurred:

Traceback (most recent call last):
  File "/ragflow/.venv/lib/python3.10/site-packages/valkey/connection.py", line 302, in connect
    sock = self.retry.call_with_retry(
  File "/ragflow/.venv/lib/python3.10/site-packages/valkey/retry.py", line 62, in call_with_retry
    return do()
  File "/ragflow/.venv/lib/python3.10/site-packages/valkey/connection.py", line 303, in <lambda>
    lambda: self._connect(), lambda error: self.disconnect(error)
  File "/ragflow/.venv/lib/python3.10/site-packages/valkey/connection.py", line 696, in _connect
    for res in socket.getaddrinfo(
  File "/usr/lib/python3.10/socket.py", line 955, in getaddrinfo
    for res in _socket.getaddrinfo(host, port, family, type, proto, flags):
socket.gaierror: [Errno -3] Temporary failure in name resolution

During handling of the above exception, another exception occurred:

Traceback (most recent call last):
  File "/ragflow/rag/utils/redis_conn.py", line 228, in queue_consumer
    group_info = self.REDIS.xinfo_groups(queue_name)
  File "/ragflow/.venv/lib/python3.10/site-packages/valkey/commands/core.py", line 3810, in xinfo_groups
    return self.execute_command("XINFO GROUPS", name)
  File "/ragflow/.venv/lib/python3.10/site-packages/valkey/client.py", line 564, in execute_command
    conn = self.connection or pool.get_connection(command_name, **options)
  File "/ragflow/.venv/lib/python3.10/site-packages/valkey/connection.py", line 1107, in get_connection
    connection.connect()
  File "/ragflow/.venv/lib/python3.10/site-packages/valkey/connection.py", line 308, in connect
    raise ConnectionError(self._error_message(e))
valkey.exceptions.ConnectionError: Error -3 connecting to redis:6379. Temporary failure in name resolution.
2025-06-18 15:58:53,613 ERROR    37 RedisDB.queue_consumer rag_flow_svr_queue_1 got exception: Error -3 connecting to redis:6379. Temporary failure in name resolution.
Traceback (most recent call last):
  File "/ragflow/rag/svr/task_executor.py", line 193, in collect
    redis_msg = next(UNACKED_ITERATOR)
StopIteration

During handling of the above exception, another exception occurred:

Traceback (most recent call last):
  File "/ragflow/.venv/lib/python3.10/site-packages/valkey/connection.py", line 302, in connect
    sock = self.retry.call_with_retry(
  File "/ragflow/.venv/lib/python3.10/site-packages/valkey/retry.py", line 62, in call_with_retry
    return do()
  File "/ragflow/.venv/lib/python3.10/site-packages/valkey/connection.py", line 303, in <lambda>
    lambda: self._connect(), lambda error: self.disconnect(error)
  File "/ragflow/.venv/lib/python3.10/site-packages/valkey/connection.py", line 696, in _connect
    for res in socket.getaddrinfo(
  File "/usr/lib/python3.10/socket.py", line 955, in getaddrinfo
    for res in _socket.getaddrinfo(host, port, family, type, proto, flags):
socket.gaierror: [Errno -3] Temporary failure in name resolution

During handling of the above exception, another exception occurred:

Traceback (most recent call last):
  File "/ragflow/rag/utils/redis_conn.py", line 228, in queue_consumer
    group_info = self.REDIS.xinfo_groups(queue_name)
  File "/ragflow/.venv/lib/python3.10/site-packages/valkey/commands/core.py", line 3810, in xinfo_groups
    return self.execute_command("XINFO GROUPS", name)
  File "/ragflow/.venv/lib/python3.10/site-packages/valkey/client.py", line 564, in execute_command
    conn = self.connection or pool.get_connection(command_name, **options)
  File "/ragflow/.venv/lib/python3.10/site-packages/valkey/connection.py", line 1107, in get_connection
    connection.connect()
  File "/ragflow/.venv/lib/python3.10/site-packages/valkey/connection.py", line 308, in connect
    raise ConnectionError(self._error_message(e))
valkey.exceptions.ConnectionError: Error -3 connecting to redis:6379. Temporary failure in name resolution.
2025-06-18 15:58:53,616 ERROR    37 RedisDB.queue_consumer rag_flow_svr_queue got exception: Error -3 connecting to redis:6379. Temporary failure in name resolution.
Traceback (most recent call last):
  File "/ragflow/rag/svr/task_executor.py", line 193, in collect
    redis_msg = next(UNACKED_ITERATOR)
StopIteration

During handling of the above exception, another exception occurred:

Traceback (most recent call last):
  File "/ragflow/.venv/lib/python3.10/site-packages/valkey/connection.py", line 302, in connect
    sock = self.retry.call_with_retry(
  File "/ragflow/.venv/lib/python3.10/site-packages/valkey/retry.py", line 62, in call_with_retry
    return do()
  File "/ragflow/.venv/lib/python3.10/site-packages/valkey/connection.py", line 303, in <lambda>
    lambda: self._connect(), lambda error: self.disconnect(error)
  File "/ragflow/.venv/lib/python3.10/site-packages/valkey/connection.py", line 696, in _connect
    for res in socket.getaddrinfo(
  File "/usr/lib/python3.10/socket.py", line 955, in getaddrinfo
    for res in _socket.getaddrinfo(host, port, family, type, proto, flags):
socket.gaierror: [Errno -3] Temporary failure in name resolution

During handling of the above exception, another exception occurred:

Traceback (most recent call last):
  File "/ragflow/rag/utils/redis_conn.py", line 228, in queue_consumer
    group_info = self.REDIS.xinfo_groups(queue_name)
  File "/ragflow/.venv/lib/python3.10/site-packages/valkey/commands/core.py", line 3810, in xinfo_groups
    return self.execute_command("XINFO GROUPS", name)
  File "/ragflow/.venv/lib/python3.10/site-packages/valkey/client.py", line 564, in execute_command
    conn = self.connection or pool.get_connection(command_name, **options)
  File "/ragflow/.venv/lib/python3.10/site-packages/valkey/connection.py", line 1107, in get_connection
    connection.connect()
  File "/ragflow/.venv/lib/python3.10/site-packages/valkey/connection.py", line 308, in connect
    raise ConnectionError(self._error_message(e))
valkey.exceptions.ConnectionError: Error -3 connecting to redis:6379. Temporary failure in name resolution.
2025-06-18 15:58:53,713 ERROR    37 RedisDB.queue_consumer rag_flow_svr_queue_1 got exception: Error -3 connecting to redis:6379. Temporary failure in name resolution.
Traceback (most recent call last):
  File "/ragflow/rag/svr/task_executor.py", line 193, in collect
    redis_msg = next(UNACKED_ITERATOR)
StopIteration

During handling of the above exception, another exception occurred:

Traceback (most recent call last):
  File "/ragflow/.venv/lib/python3.10/site-packages/valkey/connection.py", line 302, in connect
    sock = self.retry.call_with_retry(
  File "/ragflow/.venv/lib/python3.10/site-packages/valkey/retry.py", line 62, in call_with_retry
    return do()
  File "/ragflow/.venv/lib/python3.10/site-packages/valkey/connection.py", line 303, in <lambda>
    lambda: self._connect(), lambda error: self.disconnect(error)
  File "/ragflow/.venv/lib/python3.10/site-packages/valkey/connection.py", line 696, in _connect
    for res in socket.getaddrinfo(
  File "/usr/lib/python3.10/socket.py", line 955, in getaddrinfo
    for res in _socket.getaddrinfo(host, port, family, type, proto, flags):
socket.gaierror: [Errno -3] Temporary failure in name resolution

During handling of the above exception, another exception occurred:

Traceback (most recent call last):
  File "/ragflow/rag/utils/redis_conn.py", line 228, in queue_consumer
    group_info = self.REDIS.xinfo_groups(queue_name)
  File "/ragflow/.venv/lib/python3.10/site-packages/valkey/commands/core.py", line 3810, in xinfo_groups
    return self.execute_command("XINFO GROUPS", name)
  File "/ragflow/.venv/lib/python3.10/site-packages/valkey/client.py", line 564, in execute_command
    conn = self.connection or pool.get_connection(command_name, **options)
  File "/ragflow/.venv/lib/python3.10/site-packages/valkey/connection.py", line 1107, in get_connection
    connection.connect()
  File "/ragflow/.venv/lib/python3.10/site-packages/valkey/connection.py", line 308, in connect
    raise ConnectionError(self._error_message(e))
valkey.exceptions.ConnectionError: Error -3 connecting to redis:6379. Temporary failure in name resolution.
2025-06-18 15:58:53,716 ERROR    37 RedisDB.queue_consumer rag_flow_svr_queue got exception: Error -3 connecting to redis:6379. Temporary failure in name resolution.
Traceback (most recent call last):
  File "/ragflow/rag/svr/task_executor.py", line 193, in collect
    redis_msg = next(UNACKED_ITERATOR)
StopIteration

During handling of the above exception, another exception occurred:

Traceback (most recent call last):
  File "/ragflow/.venv/lib/python3.10/site-packages/valkey/connection.py", line 302, in connect
    sock = self.retry.call_with_retry(
  File "/ragflow/.venv/lib/python3.10/site-packages/valkey/retry.py", line 62, in call_with_retry
    return do()
  File "/ragflow/.venv/lib/python3.10/site-packages/valkey/connection.py", line 303, in <lambda>
    lambda: self._connect(), lambda error: self.disconnect(error)
  File "/ragflow/.venv/lib/python3.10/site-packages/valkey/connection.py", line 696, in _connect
    for res in socket.getaddrinfo(
  File "/usr/lib/python3.10/socket.py", line 955, in getaddrinfo
    for res in _socket.getaddrinfo(host, port, family, type, proto, flags):
socket.gaierror: [Errno -3] Temporary failure in name resolution

During handling of the above exception, another exception occurred:

Traceback (most recent call last):
  File "/ragflow/rag/utils/redis_conn.py", line 228, in queue_consumer
    group_info = self.REDIS.xinfo_groups(queue_name)
  File "/ragflow/.venv/lib/python3.10/site-packages/valkey/commands/core.py", line 3810, in xinfo_groups
    return self.execute_command("XINFO GROUPS", name)
  File "/ragflow/.venv/lib/python3.10/site-packages/valkey/client.py", line 564, in execute_command
    conn = self.connection or pool.get_connection(command_name, **options)
  File "/ragflow/.venv/lib/python3.10/site-packages/valkey/connection.py", line 1107, in get_connection
    connection.connect()
  File "/ragflow/.venv/lib/python3.10/site-packages/valkey/connection.py", line 308, in connect
    raise ConnectionError(self._error_message(e))
valkey.exceptions.ConnectionError: Error -3 connecting to redis:6379. Temporary failure in name resolution.
2025-06-18 15:58:53,810 ERROR    37 RedisDB.queue_consumer rag_flow_svr_queue_1 got exception: Error -3 connecting to redis:6379. Temporary failure in name resolution.
Traceback (most recent call last):
  File "/ragflow/rag/svr/task_executor.py", line 193, in collect
    redis_msg = next(UNACKED_ITERATOR)
StopIteration

During handling of the above exception, another exception occurred:

Traceback (most recent call last):
  File "/ragflow/.venv/lib/python3.10/site-packages/valkey/connection.py", line 302, in connect
    sock = self.retry.call_with_retry(
  File "/ragflow/.venv/lib/python3.10/site-packages/valkey/retry.py", line 62, in call_with_retry
    return do()
  File "/ragflow/.venv/lib/python3.10/site-packages/valkey/connection.py", line 303, in <lambda>
    lambda: self._connect(), lambda error: self.disconnect(error)
  File "/ragflow/.venv/lib/python3.10/site-packages/valkey/connection.py", line 696, in _connect
    for res in socket.getaddrinfo(
  File "/usr/lib/python3.10/socket.py", line 955, in getaddrinfo
    for res in _socket.getaddrinfo(host, port, family, type, proto, flags):
socket.gaierror: [Errno -3] Temporary failure in name resolution

During handling of the above exception, another exception occurred:

Traceback (most recent call last):
  File "/ragflow/rag/utils/redis_conn.py", line 228, in queue_consumer
    group_info = self.REDIS.xinfo_groups(queue_name)
  File "/ragflow/.venv/lib/python3.10/site-packages/valkey/commands/core.py", line 3810, in xinfo_groups
    return self.execute_command("XINFO GROUPS", name)
  File "/ragflow/.venv/lib/python3.10/site-packages/valkey/client.py", line 564, in execute_command
    conn = self.connection or pool.get_connection(command_name, **options)
  File "/ragflow/.venv/lib/python3.10/site-packages/valkey/connection.py", line 1107, in get_connection
    connection.connect()
  File "/ragflow/.venv/lib/python3.10/site-packages/valkey/connection.py", line 308, in connect
    raise ConnectionError(self._error_message(e))
valkey.exceptions.ConnectionError: Error -3 connecting to redis:6379. Temporary failure in name resolution.
2025-06-18 15:58:53,814 ERROR    37 RedisDB.queue_consumer rag_flow_svr_queue got exception: Error -3 connecting to redis:6379. Temporary failure in name resolution.
Traceback (most recent call last):
  File "/ragflow/rag/svr/task_executor.py", line 193, in collect
    redis_msg = next(UNACKED_ITERATOR)
StopIteration

During handling of the above exception, another exception occurred:

Traceback (most recent call last):
  File "/ragflow/.venv/lib/python3.10/site-packages/valkey/connection.py", line 302, in connect
    sock = self.retry.call_with_retry(
  File "/ragflow/.venv/lib/python3.10/site-packages/valkey/retry.py", line 62, in call_with_retry
    return do()
  File "/ragflow/.venv/lib/python3.10/site-packages/valkey/connection.py", line 303, in <lambda>
    lambda: self._connect(), lambda error: self.disconnect(error)
  File "/ragflow/.venv/lib/python3.10/site-packages/valkey/connection.py", line 696, in _connect
    for res in socket.getaddrinfo(
  File "/usr/lib/python3.10/socket.py", line 955, in getaddrinfo
    for res in _socket.getaddrinfo(host, port, family, type, proto, flags):
socket.gaierror: [Errno -3] Temporary failure in name resolution

During handling of the above exception, another exception occurred:

Traceback (most recent call last):
  File "/ragflow/rag/utils/redis_conn.py", line 228, in queue_consumer
    group_info = self.REDIS.xinfo_groups(queue_name)
  File "/ragflow/.venv/lib/python3.10/site-packages/valkey/commands/core.py", line 3810, in xinfo_groups
    return self.execute_command("XINFO GROUPS", name)
  File "/ragflow/.venv/lib/python3.10/site-packages/valkey/client.py", line 564, in execute_command
    conn = self.connection or pool.get_connection(command_name, **options)
  File "/ragflow/.venv/lib/python3.10/site-packages/valkey/connection.py", line 1107, in get_connection
    connection.connect()
  File "/ragflow/.venv/lib/python3.10/site-packages/valkey/connection.py", line 308, in connect
    raise ConnectionError(self._error_message(e))
valkey.exceptions.ConnectionError: Error -3 connecting to redis:6379. Temporary failure in name resolution.
2025-06-18 15:58:53,908 ERROR    37 RedisDB.queue_consumer rag_flow_svr_queue_1 got exception: Error -3 connecting to redis:6379. Temporary failure in name resolution.
Traceback (most recent call last):
  File "/ragflow/rag/svr/task_executor.py", line 193, in collect
    redis_msg = next(UNACKED_ITERATOR)
StopIteration

During handling of the above exception, another exception occurred:

Traceback (most recent call last):
  File "/ragflow/.venv/lib/python3.10/site-packages/valkey/connection.py", line 302, in connect
    sock = self.retry.call_with_retry(
  File "/ragflow/.venv/lib/python3.10/site-packages/valkey/retry.py", line 62, in call_with_retry
    return do()
  File "/ragflow/.venv/lib/python3.10/site-packages/valkey/connection.py", line 303, in <lambda>
    lambda: self._connect(), lambda error: self.disconnect(error)
  File "/ragflow/.venv/lib/python3.10/site-packages/valkey/connection.py", line 696, in _connect
    for res in socket.getaddrinfo(
  File "/usr/lib/python3.10/socket.py", line 955, in getaddrinfo
    for res in _socket.getaddrinfo(host, port, family, type, proto, flags):
socket.gaierror: [Errno -3] Temporary failure in name resolution

During handling of the above exception, another exception occurred:

Traceback (most recent call last):
  File "/ragflow/rag/utils/redis_conn.py", line 228, in queue_consumer
    group_info = self.REDIS.xinfo_groups(queue_name)
  File "/ragflow/.venv/lib/python3.10/site-packages/valkey/commands/core.py", line 3810, in xinfo_groups
    return self.execute_command("XINFO GROUPS", name)
  File "/ragflow/.venv/lib/python3.10/site-packages/valkey/client.py", line 564, in execute_command
    conn = self.connection or pool.get_connection(command_name, **options)
  File "/ragflow/.venv/lib/python3.10/site-packages/valkey/connection.py", line 1107, in get_connection
    connection.connect()
  File "/ragflow/.venv/lib/python3.10/site-packages/valkey/connection.py", line 308, in connect
    raise ConnectionError(self._error_message(e))
valkey.exceptions.ConnectionError: Error -3 connecting to redis:6379. Temporary failure in name resolution.
2025-06-18 15:58:53,911 ERROR    37 RedisDB.queue_consumer rag_flow_svr_queue got exception: Error -3 connecting to redis:6379. Temporary failure in name resolution.
Traceback (most recent call last):
  File "/ragflow/rag/svr/task_executor.py", line 193, in collect
    redis_msg = next(UNACKED_ITERATOR)
StopIteration

During handling of the above exception, another exception occurred:

Traceback (most recent call last):
  File "/ragflow/.venv/lib/python3.10/site-packages/valkey/connection.py", line 302, in connect
    sock = self.retry.call_with_retry(
  File "/ragflow/.venv/lib/python3.10/site-packages/valkey/retry.py", line 62, in call_with_retry
    return do()
  File "/ragflow/.venv/lib/python3.10/site-packages/valkey/connection.py", line 303, in <lambda>
    lambda: self._connect(), lambda error: self.disconnect(error)
  File "/ragflow/.venv/lib/python3.10/site-packages/valkey/connection.py", line 696, in _connect
    for res in socket.getaddrinfo(
  File "/usr/lib/python3.10/socket.py", line 955, in getaddrinfo
    for res in _socket.getaddrinfo(host, port, family, type, proto, flags):
socket.gaierror: [Errno -3] Temporary failure in name resolution

During handling of the above exception, another exception occurred:

Traceback (most recent call last):
  File "/ragflow/rag/utils/redis_conn.py", line 228, in queue_consumer
    group_info = self.REDIS.xinfo_groups(queue_name)
  File "/ragflow/.venv/lib/python3.10/site-packages/valkey/commands/core.py", line 3810, in xinfo_groups
    return self.execute_command("XINFO GROUPS", name)
  File "/ragflow/.venv/lib/python3.10/site-packages/valkey/client.py", line 564, in execute_command
    conn = self.connection or pool.get_connection(command_name, **options)
  File "/ragflow/.venv/lib/python3.10/site-packages/valkey/connection.py", line 1107, in get_connection
    connection.connect()
  File "/ragflow/.venv/lib/python3.10/site-packages/valkey/connection.py", line 308, in connect
    raise ConnectionError(self._error_message(e))
valkey.exceptions.ConnectionError: Error -3 connecting to redis:6379. Temporary failure in name resolution.
