2025-06-18 12:49:36,794 INFO     53 task_executor_d0f472b29657_0 log path: /ragflow/logs/task_executor_d0f472b29657_0.log, log levels: {'peewee': 'WARNING', 'pdfminer': 'WARNING', 'root': 'INFO'}
2025-06-18 12:49:36,795 INFO     53 
  ______           __      ______                     __
 /_  __/___ ______/ /__   / ____/  _____  _______  __/ /_____  _____
  / / / __ `/ ___/ //_/  / __/ | |/_/ _ \/ ___/ / / / __/ __ \/ ___/
 / / / /_/ (__  ) ,<    / /____>  </  __/ /__/ /_/ / /_/ /_/ / /
/_/  \__,_/____/_/|_|  /_____/_/|_|\___/\___/\__,_/\__/\____/_/
    
2025-06-18 12:49:36,795 INFO     53 TaskExecutor: RAGFlow version: v0.19.0 slim
2025-06-18 12:49:36,796 INFO     53 Use Elasticsearch http://es01:9200 as the doc engine.
2025-06-18 12:49:36,802 INFO     53 GET http://es01:9200/ [status:N/A duration:0.005s]
2025-06-18 12:49:36,802 WARNING  53 Node <Urllib3HttpNode(http://es01:9200)> has failed for 1 times in a row, putting on 1 second timeout
2025-06-18 12:49:36,803 WARNING  53 Retrying request after failure (attempt 0 of 3)
Traceback (most recent call last):
  File "/ragflow/.venv/lib/python3.10/site-packages/elastic_transport/_transport.py", line 328, in perform_request
    meta, raw_data = node.perform_request(
  File "/ragflow/.venv/lib/python3.10/site-packages/elastic_transport/_node/_http_urllib3.py", line 202, in perform_request
    raise err from None
elastic_transport.ConnectionError: Connection error caused by: NameResolutionError(<urllib3.connection.HTTPConnection object at 0x7f8645fe6a40>: Failed to resolve 'es01' ([Errno -3] Temporary failure in name resolution))
2025-06-18 12:49:36,808 INFO     53 GET http://es01:9200/ [status:N/A duration:0.003s]
2025-06-18 12:49:36,808 WARNING  53 Node <Urllib3HttpNode(http://es01:9200)> has failed for 2 times in a row, putting on 2 second timeout
2025-06-18 12:49:36,808 WARNING  53 Retrying request after failure (attempt 1 of 3)
Traceback (most recent call last):
  File "/ragflow/.venv/lib/python3.10/site-packages/elastic_transport/_transport.py", line 328, in perform_request
    meta, raw_data = node.perform_request(
  File "/ragflow/.venv/lib/python3.10/site-packages/elastic_transport/_node/_http_urllib3.py", line 202, in perform_request
    raise err from None
elastic_transport.ConnectionError: Connection error caused by: NameResolutionError(<urllib3.connection.HTTPConnection object at 0x7f864733d1e0>: Failed to resolve 'es01' ([Errno -3] Temporary failure in name resolution))
2025-06-18 12:49:36,811 INFO     53 GET http://es01:9200/ [status:N/A duration:0.002s]
2025-06-18 12:49:36,811 WARNING  53 Node <Urllib3HttpNode(http://es01:9200)> has failed for 3 times in a row, putting on 4 second timeout
2025-06-18 12:49:36,811 WARNING  53 Retrying request after failure (attempt 2 of 3)
Traceback (most recent call last):
  File "/ragflow/.venv/lib/python3.10/site-packages/elastic_transport/_transport.py", line 328, in perform_request
    meta, raw_data = node.perform_request(
  File "/ragflow/.venv/lib/python3.10/site-packages/elastic_transport/_node/_http_urllib3.py", line 202, in perform_request
    raise err from None
elastic_transport.ConnectionError: Connection error caused by: NameResolutionError(<urllib3.connection.HTTPConnection object at 0x7f864733e170>: Failed to resolve 'es01' ([Errno -3] Temporary failure in name resolution))
2025-06-18 12:49:36,815 INFO     53 GET http://es01:9200/ [status:N/A duration:0.003s]
2025-06-18 12:49:36,816 WARNING  53 Node <Urllib3HttpNode(http://es01:9200)> has failed for 4 times in a row, putting on 8 second timeout
2025-06-18 12:49:36,816 WARNING  53 Connection error caused by: ConnectionError(Connection error caused by: NameResolutionError(<urllib3.connection.HTTPConnection object at 0x7f8645fe6a40>: Failed to resolve 'es01' ([Errno -3] Temporary failure in name resolution))). Waiting Elasticsearch http://es01:9200 to be healthy.
2025-06-18 12:49:41,828 INFO     53 GET http://es01:9200/ [status:N/A duration:0.005s]
2025-06-18 12:49:41,829 WARNING  53 Node <Urllib3HttpNode(http://es01:9200)> has failed for 1 times in a row, putting on 1 second timeout
2025-06-18 12:49:41,832 WARNING  53 Retrying request after failure (attempt 0 of 3)
Traceback (most recent call last):
  File "/ragflow/.venv/lib/python3.10/site-packages/elastic_transport/_transport.py", line 328, in perform_request
    meta, raw_data = node.perform_request(
  File "/ragflow/.venv/lib/python3.10/site-packages/elastic_transport/_node/_http_urllib3.py", line 202, in perform_request
    raise err from None
elastic_transport.ConnectionError: Connection error caused by: NameResolutionError(<urllib3.connection.HTTPConnection object at 0x7f8602797f70>: Failed to resolve 'es01' ([Errno -3] Temporary failure in name resolution))
2025-06-18 12:49:41,835 INFO     53 GET http://es01:9200/ [status:N/A duration:0.002s]
2025-06-18 12:49:41,835 WARNING  53 Node <Urllib3HttpNode(http://es01:9200)> has failed for 2 times in a row, putting on 2 second timeout
2025-06-18 12:49:41,835 WARNING  53 Retrying request after failure (attempt 1 of 3)
Traceback (most recent call last):
  File "/ragflow/.venv/lib/python3.10/site-packages/elastic_transport/_transport.py", line 328, in perform_request
    meta, raw_data = node.perform_request(
  File "/ragflow/.venv/lib/python3.10/site-packages/elastic_transport/_node/_http_urllib3.py", line 202, in perform_request
    raise err from None
elastic_transport.ConnectionError: Connection error caused by: NameResolutionError(<urllib3.connection.HTTPConnection object at 0x7f8602797a30>: Failed to resolve 'es01' ([Errno -3] Temporary failure in name resolution))
2025-06-18 12:49:41,838 INFO     53 GET http://es01:9200/ [status:N/A duration:0.002s]
2025-06-18 12:49:41,838 WARNING  53 Node <Urllib3HttpNode(http://es01:9200)> has failed for 3 times in a row, putting on 4 second timeout
2025-06-18 12:49:41,838 WARNING  53 Retrying request after failure (attempt 2 of 3)
Traceback (most recent call last):
  File "/ragflow/.venv/lib/python3.10/site-packages/elastic_transport/_transport.py", line 328, in perform_request
    meta, raw_data = node.perform_request(
  File "/ragflow/.venv/lib/python3.10/site-packages/elastic_transport/_node/_http_urllib3.py", line 202, in perform_request
    raise err from None
elastic_transport.ConnectionError: Connection error caused by: NameResolutionError(<urllib3.connection.HTTPConnection object at 0x7f8602794e50>: Failed to resolve 'es01' ([Errno -3] Temporary failure in name resolution))
2025-06-18 12:49:41,840 INFO     53 GET http://es01:9200/ [status:N/A duration:0.002s]
2025-06-18 12:49:41,841 WARNING  53 Node <Urllib3HttpNode(http://es01:9200)> has failed for 4 times in a row, putting on 8 second timeout
2025-06-18 12:49:41,841 WARNING  53 Connection error caused by: ConnectionError(Connection error caused by: NameResolutionError(<urllib3.connection.HTTPConnection object at 0x7f8602797f70>: Failed to resolve 'es01' ([Errno -3] Temporary failure in name resolution))). Waiting Elasticsearch http://es01:9200 to be healthy.
2025-06-18 12:49:46,846 INFO     53 Resurrected node <Urllib3HttpNode(http://es01:9200)> (force=False)
2025-06-18 12:49:46,851 INFO     53 HEAD http://es01:9200/ [status:N/A duration:0.004s]
2025-06-18 12:49:46,851 WARNING  53 Node <Urllib3HttpNode(http://es01:9200)> has failed for 5 times in a row, putting on 16 second timeout
2025-06-18 12:49:46,852 WARNING  53 Retrying request after failure (attempt 0 of 3)
Traceback (most recent call last):
  File "/ragflow/.venv/lib/python3.10/site-packages/elastic_transport/_transport.py", line 328, in perform_request
    meta, raw_data = node.perform_request(
  File "/ragflow/.venv/lib/python3.10/site-packages/elastic_transport/_node/_http_urllib3.py", line 202, in perform_request
    raise err from None
elastic_transport.ConnectionError: Connection error caused by: NameResolutionError(<urllib3.connection.HTTPConnection object at 0x7f8602796e90>: Failed to resolve 'es01' ([Errno -3] Temporary failure in name resolution))
2025-06-18 12:49:46,852 INFO     53 Resurrected node <Urllib3HttpNode(http://es01:9200)> (force=False)
2025-06-18 12:49:46,855 INFO     53 HEAD http://es01:9200/ [status:N/A duration:0.003s]
2025-06-18 12:49:46,856 WARNING  53 Node <Urllib3HttpNode(http://es01:9200)> has failed for 6 times in a row, putting on 30 second timeout
2025-06-18 12:49:46,856 WARNING  53 Retrying request after failure (attempt 1 of 3)
Traceback (most recent call last):
  File "/ragflow/.venv/lib/python3.10/site-packages/elastic_transport/_transport.py", line 328, in perform_request
    meta, raw_data = node.perform_request(
  File "/ragflow/.venv/lib/python3.10/site-packages/elastic_transport/_node/_http_urllib3.py", line 202, in perform_request
    raise err from None
elastic_transport.ConnectionError: Connection error caused by: NameResolutionError(<urllib3.connection.HTTPConnection object at 0x7f8602795ed0>: Failed to resolve 'es01' ([Errno -3] Temporary failure in name resolution))
2025-06-18 12:49:46,856 INFO     53 Resurrected node <Urllib3HttpNode(http://es01:9200)> (force=False)
2025-06-18 12:49:46,860 INFO     53 HEAD http://es01:9200/ [status:N/A duration:0.003s]
2025-06-18 12:49:46,860 WARNING  53 Node <Urllib3HttpNode(http://es01:9200)> has failed for 7 times in a row, putting on 30 second timeout
2025-06-18 12:49:46,860 WARNING  53 Retrying request after failure (attempt 2 of 3)
Traceback (most recent call last):
  File "/ragflow/.venv/lib/python3.10/site-packages/elastic_transport/_transport.py", line 328, in perform_request
    meta, raw_data = node.perform_request(
  File "/ragflow/.venv/lib/python3.10/site-packages/elastic_transport/_node/_http_urllib3.py", line 202, in perform_request
    raise err from None
elastic_transport.ConnectionError: Connection error caused by: NameResolutionError(<urllib3.connection.HTTPConnection object at 0x7f86027940d0>: Failed to resolve 'es01' ([Errno -3] Temporary failure in name resolution))
2025-06-18 12:49:46,863 INFO     53 HEAD http://es01:9200/ [status:N/A duration:0.002s]
2025-06-18 12:49:46,863 WARNING  53 Node <Urllib3HttpNode(http://es01:9200)> has failed for 8 times in a row, putting on 30 second timeout
2025-06-18 12:49:46,863 ERROR    53 Elasticsearch http://es01:9200 is unhealthy in 120s.
