2025-06-18 00:20:31,330 INFO     38 task_executor_62985bc8af57_0 log path: /ragflow/logs/task_executor_62985bc8af57_0.log, log levels: {'peewee': 'WARNING', 'pdfminer': 'WARNING', 'root': 'INFO'}
2025-06-18 00:20:31,331 INFO     38 
  ______           __      ______                     __
 /_  __/___ ______/ /__   / ____/  _____  _______  __/ /_____  _____
  / / / __ `/ ___/ //_/  / __/ | |/_/ _ \/ ___/ / / / __/ __ \/ ___/
 / / / /_/ (__  ) ,<    / /____>  </  __/ /__/ /_/ / /_/ /_/ / /
/_/  \__,_/____/_/|_|  /_____/_/|_|\___/\___/\__,_/\__/\____/_/
    
2025-06-18 00:20:31,331 INFO     38 TaskExecutor: RAGFlow version: v0.19.0 slim
2025-06-18 00:20:31,332 INFO     38 Use Elasticsearch http://es01:9200 as the doc engine.
2025-06-18 00:20:31,641 INFO     38 GET http://es01:9200/ [status:200 duration:0.308s]
2025-06-18 00:20:31,649 INFO     38 HEAD http://es01:9200/ [status:200 duration:0.007s]
2025-06-18 00:20:31,650 INFO     38 Elasticsearch http://es01:9200 is healthy.
2025-06-18 00:20:31,661 WARNING  38 Load term.freq FAIL!
2025-06-18 00:20:31,670 WARNING  38 Realtime synonym is disabled, since no redis connection.
2025-06-18 00:20:31,681 WARNING  38 Load term.freq FAIL!
2025-06-18 00:20:31,688 WARNING  38 Realtime synonym is disabled, since no redis connection.
2025-06-18 00:20:31,688 INFO     38 MAX_CONTENT_LENGTH: 134217728
2025-06-18 00:20:31,688 INFO     38 MAX_FILE_COUNT_PER_USER: 0
2025-06-18 00:20:31,696 INFO     38 task_executor_62985bc8af57_0 reported heartbeat: {"name": "task_executor_62985bc8af57_0", "now": "2025-06-18T00:20:31.695+08:00", "boot_at": "2025-06-18T00:20:31.330+08:00", "pending": 0, "lag": 0, "done": 0, "failed": 0, "current": {}}
2025-06-18 00:20:31,697 INFO     38 task_executor_be491dd4ec56_0 expired, removed
2025-06-18 00:20:31,698 WARNING  38 RedisDB.get_unacked_iterator queue rag_flow_svr_queue_1 doesn't exist
2025-06-18 00:21:01,701 INFO     38 task_executor_62985bc8af57_0 reported heartbeat: {"name": "task_executor_62985bc8af57_0", "now": "2025-06-18T00:21:01.699+08:00", "boot_at": "2025-06-18T00:20:31.330+08:00", "pending": 0, "lag": 0, "done": 0, "failed": 0, "current": {}}
2025-06-18 00:21:31,705 INFO     38 task_executor_62985bc8af57_0 reported heartbeat: {"name": "task_executor_62985bc8af57_0", "now": "2025-06-18T00:21:31.704+08:00", "boot_at": "2025-06-18T00:20:31.330+08:00", "pending": 0, "lag": 0, "done": 0, "failed": 0, "current": {}}
2025-06-18 00:22:01,709 INFO     38 task_executor_62985bc8af57_0 reported heartbeat: {"name": "task_executor_62985bc8af57_0", "now": "2025-06-18T00:22:01.707+08:00", "boot_at": "2025-06-18T00:20:31.330+08:00", "pending": 0, "lag": 0, "done": 0, "failed": 0, "current": {}}
2025-06-18 00:22:31,714 INFO     38 task_executor_62985bc8af57_0 reported heartbeat: {"name": "task_executor_62985bc8af57_0", "now": "2025-06-18T00:22:31.713+08:00", "boot_at": "2025-06-18T00:20:31.330+08:00", "pending": 0, "lag": 0, "done": 0, "failed": 0, "current": {}}
2025-06-18 00:23:01,720 INFO     38 task_executor_62985bc8af57_0 reported heartbeat: {"name": "task_executor_62985bc8af57_0", "now": "2025-06-18T00:23:01.718+08:00", "boot_at": "2025-06-18T00:20:31.330+08:00", "pending": 0, "lag": 0, "done": 0, "failed": 0, "current": {}}
2025-06-18 00:23:31,725 INFO     38 task_executor_62985bc8af57_0 reported heartbeat: {"name": "task_executor_62985bc8af57_0", "now": "2025-06-18T00:23:31.723+08:00", "boot_at": "2025-06-18T00:20:31.330+08:00", "pending": 0, "lag": 0, "done": 0, "failed": 0, "current": {}}
2025-06-18 00:24:01,730 INFO     38 task_executor_62985bc8af57_0 reported heartbeat: {"name": "task_executor_62985bc8af57_0", "now": "2025-06-18T00:24:01.728+08:00", "boot_at": "2025-06-18T00:20:31.330+08:00", "pending": 0, "lag": 0, "done": 0, "failed": 0, "current": {}}
2025-06-18 00:24:31,736 INFO     38 task_executor_62985bc8af57_0 reported heartbeat: {"name": "task_executor_62985bc8af57_0", "now": "2025-06-18T00:24:31.734+08:00", "boot_at": "2025-06-18T00:20:31.330+08:00", "pending": 0, "lag": 0, "done": 0, "failed": 0, "current": {}}
2025-06-18 00:25:01,742 INFO     38 task_executor_62985bc8af57_0 reported heartbeat: {"name": "task_executor_62985bc8af57_0", "now": "2025-06-18T00:25:01.740+08:00", "boot_at": "2025-06-18T00:20:31.330+08:00", "pending": 0, "lag": 0, "done": 0, "failed": 0, "current": {}}
2025-06-18 00:25:31,746 INFO     38 task_executor_62985bc8af57_0 reported heartbeat: {"name": "task_executor_62985bc8af57_0", "now": "2025-06-18T00:25:31.744+08:00", "boot_at": "2025-06-18T00:20:31.330+08:00", "pending": 0, "lag": 0, "done": 0, "failed": 0, "current": {}}
2025-06-18 00:26:01,750 INFO     38 task_executor_62985bc8af57_0 reported heartbeat: {"name": "task_executor_62985bc8af57_0", "now": "2025-06-18T00:26:01.748+08:00", "boot_at": "2025-06-18T00:20:31.330+08:00", "pending": 0, "lag": 0, "done": 0, "failed": 0, "current": {}}
2025-06-18 00:26:31,755 INFO     38 task_executor_62985bc8af57_0 reported heartbeat: {"name": "task_executor_62985bc8af57_0", "now": "2025-06-18T00:26:31.753+08:00", "boot_at": "2025-06-18T00:20:31.330+08:00", "pending": 0, "lag": 0, "done": 0, "failed": 0, "current": {}}
2025-06-18 00:27:01,759 INFO     38 task_executor_62985bc8af57_0 reported heartbeat: {"name": "task_executor_62985bc8af57_0", "now": "2025-06-18T00:27:01.758+08:00", "boot_at": "2025-06-18T00:20:31.330+08:00", "pending": 0, "lag": 0, "done": 0, "failed": 0, "current": {}}
2025-06-18 00:27:31,763 INFO     38 task_executor_62985bc8af57_0 reported heartbeat: {"name": "task_executor_62985bc8af57_0", "now": "2025-06-18T00:27:31.761+08:00", "boot_at": "2025-06-18T00:20:31.330+08:00", "pending": 0, "lag": 0, "done": 0, "failed": 0, "current": {}}
2025-06-18 00:28:01,769 INFO     38 task_executor_62985bc8af57_0 reported heartbeat: {"name": "task_executor_62985bc8af57_0", "now": "2025-06-18T00:28:01.767+08:00", "boot_at": "2025-06-18T00:20:31.330+08:00", "pending": 0, "lag": 0, "done": 0, "failed": 0, "current": {}}
2025-06-18 00:28:31,773 INFO     38 task_executor_62985bc8af57_0 reported heartbeat: {"name": "task_executor_62985bc8af57_0", "now": "2025-06-18T00:28:31.771+08:00", "boot_at": "2025-06-18T00:20:31.330+08:00", "pending": 0, "lag": 0, "done": 0, "failed": 0, "current": {}}
2025-06-18 00:29:01,778 INFO     38 task_executor_62985bc8af57_0 reported heartbeat: {"name": "task_executor_62985bc8af57_0", "now": "2025-06-18T00:29:01.776+08:00", "boot_at": "2025-06-18T00:20:31.330+08:00", "pending": 0, "lag": 0, "done": 0, "failed": 0, "current": {}}
2025-06-18 00:29:31,782 INFO     38 task_executor_62985bc8af57_0 reported heartbeat: {"name": "task_executor_62985bc8af57_0", "now": "2025-06-18T00:29:31.780+08:00", "boot_at": "2025-06-18T00:20:31.330+08:00", "pending": 0, "lag": 0, "done": 0, "failed": 0, "current": {}}
2025-06-18 00:30:01,787 INFO     38 task_executor_62985bc8af57_0 reported heartbeat: {"name": "task_executor_62985bc8af57_0", "now": "2025-06-18T00:30:01.785+08:00", "boot_at": "2025-06-18T00:20:31.330+08:00", "pending": 0, "lag": 0, "done": 0, "failed": 0, "current": {}}
2025-06-18 00:30:31,792 INFO     38 task_executor_62985bc8af57_0 reported heartbeat: {"name": "task_executor_62985bc8af57_0", "now": "2025-06-18T00:30:31.790+08:00", "boot_at": "2025-06-18T00:20:31.330+08:00", "pending": 0, "lag": 0, "done": 0, "failed": 0, "current": {}}
2025-06-18 00:31:01,797 INFO     38 task_executor_62985bc8af57_0 reported heartbeat: {"name": "task_executor_62985bc8af57_0", "now": "2025-06-18T00:31:01.795+08:00", "boot_at": "2025-06-18T00:20:31.330+08:00", "pending": 0, "lag": 0, "done": 0, "failed": 0, "current": {}}
2025-06-18 00:31:31,801 INFO     38 task_executor_62985bc8af57_0 reported heartbeat: {"name": "task_executor_62985bc8af57_0", "now": "2025-06-18T00:31:31.799+08:00", "boot_at": "2025-06-18T00:20:31.330+08:00", "pending": 0, "lag": 0, "done": 0, "failed": 0, "current": {}}
2025-06-18 00:32:01,805 INFO     38 task_executor_62985bc8af57_0 reported heartbeat: {"name": "task_executor_62985bc8af57_0", "now": "2025-06-18T00:32:01.804+08:00", "boot_at": "2025-06-18T00:20:31.330+08:00", "pending": 0, "lag": 0, "done": 0, "failed": 0, "current": {}}
2025-06-18 00:32:31,811 INFO     38 task_executor_62985bc8af57_0 reported heartbeat: {"name": "task_executor_62985bc8af57_0", "now": "2025-06-18T00:32:31.809+08:00", "boot_at": "2025-06-18T00:20:31.330+08:00", "pending": 0, "lag": 0, "done": 0, "failed": 0, "current": {}}
2025-06-18 00:33:01,816 INFO     38 task_executor_62985bc8af57_0 reported heartbeat: {"name": "task_executor_62985bc8af57_0", "now": "2025-06-18T00:33:01.814+08:00", "boot_at": "2025-06-18T00:20:31.330+08:00", "pending": 0, "lag": 0, "done": 0, "failed": 0, "current": {}}
2025-06-18 00:33:31,821 INFO     38 task_executor_62985bc8af57_0 reported heartbeat: {"name": "task_executor_62985bc8af57_0", "now": "2025-06-18T00:33:31.819+08:00", "boot_at": "2025-06-18T00:20:31.330+08:00", "pending": 0, "lag": 0, "done": 0, "failed": 0, "current": {}}
2025-06-18 00:34:01,825 INFO     38 task_executor_62985bc8af57_0 reported heartbeat: {"name": "task_executor_62985bc8af57_0", "now": "2025-06-18T00:34:01.823+08:00", "boot_at": "2025-06-18T00:20:31.330+08:00", "pending": 0, "lag": 0, "done": 0, "failed": 0, "current": {}}
2025-06-18 00:34:31,831 INFO     38 task_executor_62985bc8af57_0 reported heartbeat: {"name": "task_executor_62985bc8af57_0", "now": "2025-06-18T00:34:31.828+08:00", "boot_at": "2025-06-18T00:20:31.330+08:00", "pending": 0, "lag": 0, "done": 0, "failed": 0, "current": {}}
2025-06-18 00:35:01,836 INFO     38 task_executor_62985bc8af57_0 reported heartbeat: {"name": "task_executor_62985bc8af57_0", "now": "2025-06-18T00:35:01.834+08:00", "boot_at": "2025-06-18T00:20:31.330+08:00", "pending": 0, "lag": 0, "done": 0, "failed": 0, "current": {}}
2025-06-18 00:35:31,844 INFO     38 task_executor_62985bc8af57_0 reported heartbeat: {"name": "task_executor_62985bc8af57_0", "now": "2025-06-18T00:35:31.842+08:00", "boot_at": "2025-06-18T00:20:31.330+08:00", "pending": 0, "lag": 0, "done": 0, "failed": 0, "current": {}}
2025-06-18 00:36:01,848 INFO     38 task_executor_62985bc8af57_0 reported heartbeat: {"name": "task_executor_62985bc8af57_0", "now": "2025-06-18T00:36:01.847+08:00", "boot_at": "2025-06-18T00:20:31.330+08:00", "pending": 0, "lag": 0, "done": 0, "failed": 0, "current": {}}
2025-06-18 00:36:31,853 INFO     38 task_executor_62985bc8af57_0 reported heartbeat: {"name": "task_executor_62985bc8af57_0", "now": "2025-06-18T00:36:31.852+08:00", "boot_at": "2025-06-18T00:20:31.330+08:00", "pending": 0, "lag": 0, "done": 0, "failed": 0, "current": {}}
2025-06-18 00:37:01,858 INFO     38 task_executor_62985bc8af57_0 reported heartbeat: {"name": "task_executor_62985bc8af57_0", "now": "2025-06-18T00:37:01.856+08:00", "boot_at": "2025-06-18T00:20:31.330+08:00", "pending": 0, "lag": 0, "done": 0, "failed": 0, "current": {}}
2025-06-18 00:37:31,863 INFO     38 task_executor_62985bc8af57_0 reported heartbeat: {"name": "task_executor_62985bc8af57_0", "now": "2025-06-18T00:37:31.861+08:00", "boot_at": "2025-06-18T00:20:31.330+08:00", "pending": 0, "lag": 0, "done": 0, "failed": 0, "current": {}}
2025-06-18 00:38:01,868 INFO     38 task_executor_62985bc8af57_0 reported heartbeat: {"name": "task_executor_62985bc8af57_0", "now": "2025-06-18T00:38:01.866+08:00", "boot_at": "2025-06-18T00:20:31.330+08:00", "pending": 0, "lag": 0, "done": 0, "failed": 0, "current": {}}
2025-06-18 00:38:31,873 INFO     38 task_executor_62985bc8af57_0 reported heartbeat: {"name": "task_executor_62985bc8af57_0", "now": "2025-06-18T00:38:31.871+08:00", "boot_at": "2025-06-18T00:20:31.330+08:00", "pending": 0, "lag": 0, "done": 0, "failed": 0, "current": {}}
2025-06-18 00:39:01,878 INFO     38 task_executor_62985bc8af57_0 reported heartbeat: {"name": "task_executor_62985bc8af57_0", "now": "2025-06-18T00:39:01.876+08:00", "boot_at": "2025-06-18T00:20:31.330+08:00", "pending": 0, "lag": 0, "done": 0, "failed": 0, "current": {}}
2025-06-18 00:39:31,883 INFO     38 task_executor_62985bc8af57_0 reported heartbeat: {"name": "task_executor_62985bc8af57_0", "now": "2025-06-18T00:39:31.881+08:00", "boot_at": "2025-06-18T00:20:31.330+08:00", "pending": 0, "lag": 0, "done": 0, "failed": 0, "current": {}}
2025-06-18 00:40:01,887 INFO     38 task_executor_62985bc8af57_0 reported heartbeat: {"name": "task_executor_62985bc8af57_0", "now": "2025-06-18T00:40:01.885+08:00", "boot_at": "2025-06-18T00:20:31.330+08:00", "pending": 0, "lag": 0, "done": 0, "failed": 0, "current": {}}
2025-06-18 00:40:31,892 INFO     38 task_executor_62985bc8af57_0 reported heartbeat: {"name": "task_executor_62985bc8af57_0", "now": "2025-06-18T00:40:31.890+08:00", "boot_at": "2025-06-18T00:20:31.330+08:00", "pending": 0, "lag": 0, "done": 0, "failed": 0, "current": {}}
2025-06-18 00:41:01,897 INFO     38 task_executor_62985bc8af57_0 reported heartbeat: {"name": "task_executor_62985bc8af57_0", "now": "2025-06-18T00:41:01.895+08:00", "boot_at": "2025-06-18T00:20:31.330+08:00", "pending": 0, "lag": 0, "done": 0, "failed": 0, "current": {}}
2025-06-18 00:41:31,901 INFO     38 task_executor_62985bc8af57_0 reported heartbeat: {"name": "task_executor_62985bc8af57_0", "now": "2025-06-18T00:41:31.899+08:00", "boot_at": "2025-06-18T00:20:31.330+08:00", "pending": 0, "lag": 0, "done": 0, "failed": 0, "current": {}}
2025-06-18 00:42:01,906 INFO     38 task_executor_62985bc8af57_0 reported heartbeat: {"name": "task_executor_62985bc8af57_0", "now": "2025-06-18T00:42:01.904+08:00", "boot_at": "2025-06-18T00:20:31.330+08:00", "pending": 0, "lag": 0, "done": 0, "failed": 0, "current": {}}
2025-06-18 00:42:31,911 INFO     38 task_executor_62985bc8af57_0 reported heartbeat: {"name": "task_executor_62985bc8af57_0", "now": "2025-06-18T00:42:31.909+08:00", "boot_at": "2025-06-18T00:20:31.330+08:00", "pending": 0, "lag": 0, "done": 0, "failed": 0, "current": {}}
2025-06-18 00:43:01,916 INFO     38 task_executor_62985bc8af57_0 reported heartbeat: {"name": "task_executor_62985bc8af57_0", "now": "2025-06-18T00:43:01.914+08:00", "boot_at": "2025-06-18T00:20:31.330+08:00", "pending": 0, "lag": 0, "done": 0, "failed": 0, "current": {}}
2025-06-18 00:43:31,920 INFO     38 task_executor_62985bc8af57_0 reported heartbeat: {"name": "task_executor_62985bc8af57_0", "now": "2025-06-18T00:43:31.918+08:00", "boot_at": "2025-06-18T00:20:31.330+08:00", "pending": 0, "lag": 0, "done": 0, "failed": 0, "current": {}}
2025-06-18 00:44:01,925 INFO     38 task_executor_62985bc8af57_0 reported heartbeat: {"name": "task_executor_62985bc8af57_0", "now": "2025-06-18T00:44:01.924+08:00", "boot_at": "2025-06-18T00:20:31.330+08:00", "pending": 0, "lag": 0, "done": 0, "failed": 0, "current": {}}
2025-06-18 00:44:31,930 INFO     38 task_executor_62985bc8af57_0 reported heartbeat: {"name": "task_executor_62985bc8af57_0", "now": "2025-06-18T00:44:31.928+08:00", "boot_at": "2025-06-18T00:20:31.330+08:00", "pending": 0, "lag": 0, "done": 0, "failed": 0, "current": {}}
2025-06-18 00:45:01,935 INFO     38 task_executor_62985bc8af57_0 reported heartbeat: {"name": "task_executor_62985bc8af57_0", "now": "2025-06-18T00:45:01.933+08:00", "boot_at": "2025-06-18T00:20:31.330+08:00", "pending": 0, "lag": 0, "done": 0, "failed": 0, "current": {}}
2025-06-18 00:45:31,939 INFO     38 task_executor_62985bc8af57_0 reported heartbeat: {"name": "task_executor_62985bc8af57_0", "now": "2025-06-18T00:45:31.937+08:00", "boot_at": "2025-06-18T00:20:31.330+08:00", "pending": 0, "lag": 0, "done": 0, "failed": 0, "current": {}}
2025-06-18 00:46:01,944 INFO     38 task_executor_62985bc8af57_0 reported heartbeat: {"name": "task_executor_62985bc8af57_0", "now": "2025-06-18T00:46:01.942+08:00", "boot_at": "2025-06-18T00:20:31.330+08:00", "pending": 0, "lag": 0, "done": 0, "failed": 0, "current": {}}
2025-06-18 00:46:31,950 INFO     38 task_executor_62985bc8af57_0 reported heartbeat: {"name": "task_executor_62985bc8af57_0", "now": "2025-06-18T00:46:31.948+08:00", "boot_at": "2025-06-18T00:20:31.330+08:00", "pending": 0, "lag": 0, "done": 0, "failed": 0, "current": {}}
2025-06-18 00:47:01,954 INFO     38 task_executor_62985bc8af57_0 reported heartbeat: {"name": "task_executor_62985bc8af57_0", "now": "2025-06-18T00:47:01.952+08:00", "boot_at": "2025-06-18T00:20:31.330+08:00", "pending": 0, "lag": 0, "done": 0, "failed": 0, "current": {}}
2025-06-18 00:47:31,959 INFO     38 task_executor_62985bc8af57_0 reported heartbeat: {"name": "task_executor_62985bc8af57_0", "now": "2025-06-18T00:47:31.958+08:00", "boot_at": "2025-06-18T00:20:31.330+08:00", "pending": 0, "lag": 0, "done": 0, "failed": 0, "current": {}}
2025-06-18 00:48:01,964 INFO     38 task_executor_62985bc8af57_0 reported heartbeat: {"name": "task_executor_62985bc8af57_0", "now": "2025-06-18T00:48:01.962+08:00", "boot_at": "2025-06-18T00:20:31.330+08:00", "pending": 0, "lag": 0, "done": 0, "failed": 0, "current": {}}
2025-06-18 00:48:31,968 INFO     38 task_executor_62985bc8af57_0 reported heartbeat: {"name": "task_executor_62985bc8af57_0", "now": "2025-06-18T00:48:31.966+08:00", "boot_at": "2025-06-18T00:20:31.330+08:00", "pending": 0, "lag": 0, "done": 0, "failed": 0, "current": {}}
2025-06-18 00:49:01,973 INFO     38 task_executor_62985bc8af57_0 reported heartbeat: {"name": "task_executor_62985bc8af57_0", "now": "2025-06-18T00:49:01.971+08:00", "boot_at": "2025-06-18T00:20:31.330+08:00", "pending": 0, "lag": 0, "done": 0, "failed": 0, "current": {}}
2025-06-18 00:49:31,978 INFO     38 task_executor_62985bc8af57_0 reported heartbeat: {"name": "task_executor_62985bc8af57_0", "now": "2025-06-18T00:49:31.976+08:00", "boot_at": "2025-06-18T00:20:31.330+08:00", "pending": 0, "lag": 0, "done": 0, "failed": 0, "current": {}}
2025-06-18 00:50:01,982 INFO     38 task_executor_62985bc8af57_0 reported heartbeat: {"name": "task_executor_62985bc8af57_0", "now": "2025-06-18T00:50:01.980+08:00", "boot_at": "2025-06-18T00:20:31.330+08:00", "pending": 0, "lag": 0, "done": 0, "failed": 0, "current": {}}
2025-06-18 00:50:31,987 INFO     38 task_executor_62985bc8af57_0 reported heartbeat: {"name": "task_executor_62985bc8af57_0", "now": "2025-06-18T00:50:31.985+08:00", "boot_at": "2025-06-18T00:20:31.330+08:00", "pending": 0, "lag": 0, "done": 0, "failed": 0, "current": {}}
2025-06-18 00:51:01,992 INFO     38 task_executor_62985bc8af57_0 reported heartbeat: {"name": "task_executor_62985bc8af57_0", "now": "2025-06-18T00:51:01.990+08:00", "boot_at": "2025-06-18T00:20:31.330+08:00", "pending": 0, "lag": 0, "done": 0, "failed": 0, "current": {}}
2025-06-18 00:51:31,996 INFO     38 task_executor_62985bc8af57_0 reported heartbeat: {"name": "task_executor_62985bc8af57_0", "now": "2025-06-18T00:51:31.995+08:00", "boot_at": "2025-06-18T00:20:31.330+08:00", "pending": 0, "lag": 0, "done": 0, "failed": 0, "current": {}}
2025-06-18 00:52:02,000 INFO     38 task_executor_62985bc8af57_0 reported heartbeat: {"name": "task_executor_62985bc8af57_0", "now": "2025-06-18T00:52:01.999+08:00", "boot_at": "2025-06-18T00:20:31.330+08:00", "pending": 0, "lag": 0, "done": 0, "failed": 0, "current": {}}
2025-06-18 00:52:32,004 INFO     38 task_executor_62985bc8af57_0 reported heartbeat: {"name": "task_executor_62985bc8af57_0", "now": "2025-06-18T00:52:32.002+08:00", "boot_at": "2025-06-18T00:20:31.330+08:00", "pending": 0, "lag": 0, "done": 0, "failed": 0, "current": {}}
2025-06-18 00:52:57,503 ERROR    38 RedisDB.queue_consumer rag_flow_svr_queue_1 got exception: Error -3 connecting to redis:6379. Temporary failure in name resolution.
Traceback (most recent call last):
  File "/ragflow/rag/svr/task_executor.py", line 193, in collect
    redis_msg = next(UNACKED_ITERATOR)
StopIteration

During handling of the above exception, another exception occurred:

Traceback (most recent call last):
  File "/ragflow/.venv/lib/python3.10/site-packages/valkey/connection.py", line 1116, in get_connection
    if connection.can_read() and connection.client_cache is None:
  File "/ragflow/.venv/lib/python3.10/site-packages/valkey/connection.py", line 524, in can_read
    return self._parser.can_read(timeout)
  File "/ragflow/.venv/lib/python3.10/site-packages/valkey/_parsers/base.py", line 128, in can_read
    return self._buffer and self._buffer.can_read(timeout)
  File "/ragflow/.venv/lib/python3.10/site-packages/valkey/_parsers/socket.py", line 95, in can_read
    return bool(self.unread_bytes()) or self._read_from_socket(
  File "/ragflow/.venv/lib/python3.10/site-packages/valkey/_parsers/socket.py", line 68, in _read_from_socket
    raise ConnectionError(SERVER_CLOSED_CONNECTION_ERROR)
valkey.exceptions.ConnectionError: Connection closed by server.

During handling of the above exception, another exception occurred:

Traceback (most recent call last):
  File "/ragflow/.venv/lib/python3.10/site-packages/valkey/connection.py", line 302, in connect
    sock = self.retry.call_with_retry(
  File "/ragflow/.venv/lib/python3.10/site-packages/valkey/retry.py", line 62, in call_with_retry
    return do()
  File "/ragflow/.venv/lib/python3.10/site-packages/valkey/connection.py", line 303, in <lambda>
    lambda: self._connect(), lambda error: self.disconnect(error)
  File "/ragflow/.venv/lib/python3.10/site-packages/valkey/connection.py", line 696, in _connect
    for res in socket.getaddrinfo(
  File "/usr/lib/python3.10/socket.py", line 955, in getaddrinfo
    for res in _socket.getaddrinfo(host, port, family, type, proto, flags):
socket.gaierror: [Errno -3] Temporary failure in name resolution

During handling of the above exception, another exception occurred:

Traceback (most recent call last):
  File "/ragflow/rag/utils/redis_conn.py", line 228, in queue_consumer
    group_info = self.REDIS.xinfo_groups(queue_name)
  File "/ragflow/.venv/lib/python3.10/site-packages/valkey/commands/core.py", line 3810, in xinfo_groups
    return self.execute_command("XINFO GROUPS", name)
  File "/ragflow/.venv/lib/python3.10/site-packages/valkey/client.py", line 564, in execute_command
    conn = self.connection or pool.get_connection(command_name, **options)
  File "/ragflow/.venv/lib/python3.10/site-packages/valkey/connection.py", line 1120, in get_connection
    connection.connect()
  File "/ragflow/.venv/lib/python3.10/site-packages/valkey/connection.py", line 308, in connect
    raise ConnectionError(self._error_message(e))
valkey.exceptions.ConnectionError: Error -3 connecting to redis:6379. Temporary failure in name resolution.
2025-06-18 00:52:57,520 ERROR    38 RedisDB.queue_consumer rag_flow_svr_queue got exception: Error -3 connecting to redis:6379. Temporary failure in name resolution.
Traceback (most recent call last):
  File "/ragflow/rag/svr/task_executor.py", line 193, in collect
    redis_msg = next(UNACKED_ITERATOR)
StopIteration

During handling of the above exception, another exception occurred:

Traceback (most recent call last):
  File "/ragflow/.venv/lib/python3.10/site-packages/valkey/connection.py", line 302, in connect
    sock = self.retry.call_with_retry(
  File "/ragflow/.venv/lib/python3.10/site-packages/valkey/retry.py", line 62, in call_with_retry
    return do()
  File "/ragflow/.venv/lib/python3.10/site-packages/valkey/connection.py", line 303, in <lambda>
    lambda: self._connect(), lambda error: self.disconnect(error)
  File "/ragflow/.venv/lib/python3.10/site-packages/valkey/connection.py", line 696, in _connect
    for res in socket.getaddrinfo(
  File "/usr/lib/python3.10/socket.py", line 955, in getaddrinfo
    for res in _socket.getaddrinfo(host, port, family, type, proto, flags):
socket.gaierror: [Errno -3] Temporary failure in name resolution

During handling of the above exception, another exception occurred:

Traceback (most recent call last):
  File "/ragflow/rag/utils/redis_conn.py", line 228, in queue_consumer
    group_info = self.REDIS.xinfo_groups(queue_name)
  File "/ragflow/.venv/lib/python3.10/site-packages/valkey/commands/core.py", line 3810, in xinfo_groups
    return self.execute_command("XINFO GROUPS", name)
  File "/ragflow/.venv/lib/python3.10/site-packages/valkey/client.py", line 564, in execute_command
    conn = self.connection or pool.get_connection(command_name, **options)
  File "/ragflow/.venv/lib/python3.10/site-packages/valkey/connection.py", line 1107, in get_connection
    connection.connect()
  File "/ragflow/.venv/lib/python3.10/site-packages/valkey/connection.py", line 308, in connect
    raise ConnectionError(self._error_message(e))
valkey.exceptions.ConnectionError: Error -3 connecting to redis:6379. Temporary failure in name resolution.
2025-06-18 00:52:57,603 ERROR    38 RedisDB.queue_consumer rag_flow_svr_queue_1 got exception: Error -3 connecting to redis:6379. Temporary failure in name resolution.
Traceback (most recent call last):
  File "/ragflow/rag/svr/task_executor.py", line 193, in collect
    redis_msg = next(UNACKED_ITERATOR)
StopIteration

During handling of the above exception, another exception occurred:

Traceback (most recent call last):
  File "/ragflow/.venv/lib/python3.10/site-packages/valkey/connection.py", line 302, in connect
    sock = self.retry.call_with_retry(
  File "/ragflow/.venv/lib/python3.10/site-packages/valkey/retry.py", line 62, in call_with_retry
    return do()
  File "/ragflow/.venv/lib/python3.10/site-packages/valkey/connection.py", line 303, in <lambda>
    lambda: self._connect(), lambda error: self.disconnect(error)
  File "/ragflow/.venv/lib/python3.10/site-packages/valkey/connection.py", line 696, in _connect
    for res in socket.getaddrinfo(
  File "/usr/lib/python3.10/socket.py", line 955, in getaddrinfo
    for res in _socket.getaddrinfo(host, port, family, type, proto, flags):
socket.gaierror: [Errno -3] Temporary failure in name resolution

During handling of the above exception, another exception occurred:

Traceback (most recent call last):
  File "/ragflow/rag/utils/redis_conn.py", line 228, in queue_consumer
    group_info = self.REDIS.xinfo_groups(queue_name)
  File "/ragflow/.venv/lib/python3.10/site-packages/valkey/commands/core.py", line 3810, in xinfo_groups
    return self.execute_command("XINFO GROUPS", name)
  File "/ragflow/.venv/lib/python3.10/site-packages/valkey/client.py", line 564, in execute_command
    conn = self.connection or pool.get_connection(command_name, **options)
  File "/ragflow/.venv/lib/python3.10/site-packages/valkey/connection.py", line 1107, in get_connection
    connection.connect()
  File "/ragflow/.venv/lib/python3.10/site-packages/valkey/connection.py", line 308, in connect
    raise ConnectionError(self._error_message(e))
valkey.exceptions.ConnectionError: Error -3 connecting to redis:6379. Temporary failure in name resolution.
2025-06-18 00:52:57,607 ERROR    38 RedisDB.queue_consumer rag_flow_svr_queue got exception: Error -3 connecting to redis:6379. Temporary failure in name resolution.
Traceback (most recent call last):
  File "/ragflow/rag/svr/task_executor.py", line 193, in collect
    redis_msg = next(UNACKED_ITERATOR)
StopIteration

During handling of the above exception, another exception occurred:

Traceback (most recent call last):
  File "/ragflow/.venv/lib/python3.10/site-packages/valkey/connection.py", line 302, in connect
    sock = self.retry.call_with_retry(
  File "/ragflow/.venv/lib/python3.10/site-packages/valkey/retry.py", line 62, in call_with_retry
    return do()
  File "/ragflow/.venv/lib/python3.10/site-packages/valkey/connection.py", line 303, in <lambda>
    lambda: self._connect(), lambda error: self.disconnect(error)
  File "/ragflow/.venv/lib/python3.10/site-packages/valkey/connection.py", line 696, in _connect
    for res in socket.getaddrinfo(
  File "/usr/lib/python3.10/socket.py", line 955, in getaddrinfo
    for res in _socket.getaddrinfo(host, port, family, type, proto, flags):
socket.gaierror: [Errno -3] Temporary failure in name resolution

During handling of the above exception, another exception occurred:

Traceback (most recent call last):
  File "/ragflow/rag/utils/redis_conn.py", line 228, in queue_consumer
    group_info = self.REDIS.xinfo_groups(queue_name)
  File "/ragflow/.venv/lib/python3.10/site-packages/valkey/commands/core.py", line 3810, in xinfo_groups
    return self.execute_command("XINFO GROUPS", name)
  File "/ragflow/.venv/lib/python3.10/site-packages/valkey/client.py", line 564, in execute_command
    conn = self.connection or pool.get_connection(command_name, **options)
  File "/ragflow/.venv/lib/python3.10/site-packages/valkey/connection.py", line 1107, in get_connection
    connection.connect()
  File "/ragflow/.venv/lib/python3.10/site-packages/valkey/connection.py", line 308, in connect
    raise ConnectionError(self._error_message(e))
valkey.exceptions.ConnectionError: Error -3 connecting to redis:6379. Temporary failure in name resolution.
2025-06-18 00:52:57,703 ERROR    38 RedisDB.queue_consumer rag_flow_svr_queue_1 got exception: Error -3 connecting to redis:6379. Temporary failure in name resolution.
Traceback (most recent call last):
  File "/ragflow/rag/svr/task_executor.py", line 193, in collect
    redis_msg = next(UNACKED_ITERATOR)
StopIteration

During handling of the above exception, another exception occurred:

Traceback (most recent call last):
  File "/ragflow/.venv/lib/python3.10/site-packages/valkey/connection.py", line 302, in connect
    sock = self.retry.call_with_retry(
  File "/ragflow/.venv/lib/python3.10/site-packages/valkey/retry.py", line 62, in call_with_retry
    return do()
  File "/ragflow/.venv/lib/python3.10/site-packages/valkey/connection.py", line 303, in <lambda>
    lambda: self._connect(), lambda error: self.disconnect(error)
  File "/ragflow/.venv/lib/python3.10/site-packages/valkey/connection.py", line 696, in _connect
    for res in socket.getaddrinfo(
  File "/usr/lib/python3.10/socket.py", line 955, in getaddrinfo
    for res in _socket.getaddrinfo(host, port, family, type, proto, flags):
socket.gaierror: [Errno -3] Temporary failure in name resolution

During handling of the above exception, another exception occurred:

Traceback (most recent call last):
  File "/ragflow/rag/utils/redis_conn.py", line 228, in queue_consumer
    group_info = self.REDIS.xinfo_groups(queue_name)
  File "/ragflow/.venv/lib/python3.10/site-packages/valkey/commands/core.py", line 3810, in xinfo_groups
    return self.execute_command("XINFO GROUPS", name)
  File "/ragflow/.venv/lib/python3.10/site-packages/valkey/client.py", line 564, in execute_command
    conn = self.connection or pool.get_connection(command_name, **options)
  File "/ragflow/.venv/lib/python3.10/site-packages/valkey/connection.py", line 1107, in get_connection
    connection.connect()
  File "/ragflow/.venv/lib/python3.10/site-packages/valkey/connection.py", line 308, in connect
    raise ConnectionError(self._error_message(e))
valkey.exceptions.ConnectionError: Error -3 connecting to redis:6379. Temporary failure in name resolution.
2025-06-18 00:52:57,711 ERROR    38 RedisDB.queue_consumer rag_flow_svr_queue got exception: Error -3 connecting to redis:6379. Temporary failure in name resolution.
Traceback (most recent call last):
  File "/ragflow/rag/svr/task_executor.py", line 193, in collect
    redis_msg = next(UNACKED_ITERATOR)
StopIteration

During handling of the above exception, another exception occurred:

Traceback (most recent call last):
  File "/ragflow/.venv/lib/python3.10/site-packages/valkey/connection.py", line 302, in connect
    sock = self.retry.call_with_retry(
  File "/ragflow/.venv/lib/python3.10/site-packages/valkey/retry.py", line 62, in call_with_retry
    return do()
  File "/ragflow/.venv/lib/python3.10/site-packages/valkey/connection.py", line 303, in <lambda>
    lambda: self._connect(), lambda error: self.disconnect(error)
  File "/ragflow/.venv/lib/python3.10/site-packages/valkey/connection.py", line 696, in _connect
    for res in socket.getaddrinfo(
  File "/usr/lib/python3.10/socket.py", line 955, in getaddrinfo
    for res in _socket.getaddrinfo(host, port, family, type, proto, flags):
socket.gaierror: [Errno -3] Temporary failure in name resolution

During handling of the above exception, another exception occurred:

Traceback (most recent call last):
  File "/ragflow/rag/utils/redis_conn.py", line 228, in queue_consumer
    group_info = self.REDIS.xinfo_groups(queue_name)
  File "/ragflow/.venv/lib/python3.10/site-packages/valkey/commands/core.py", line 3810, in xinfo_groups
    return self.execute_command("XINFO GROUPS", name)
  File "/ragflow/.venv/lib/python3.10/site-packages/valkey/client.py", line 564, in execute_command
    conn = self.connection or pool.get_connection(command_name, **options)
  File "/ragflow/.venv/lib/python3.10/site-packages/valkey/connection.py", line 1107, in get_connection
    connection.connect()
  File "/ragflow/.venv/lib/python3.10/site-packages/valkey/connection.py", line 308, in connect
    raise ConnectionError(self._error_message(e))
valkey.exceptions.ConnectionError: Error -3 connecting to redis:6379. Temporary failure in name resolution.
2025-06-18 00:52:57,804 ERROR    38 RedisDB.queue_consumer rag_flow_svr_queue_1 got exception: Error -3 connecting to redis:6379. Temporary failure in name resolution.
Traceback (most recent call last):
  File "/ragflow/rag/svr/task_executor.py", line 193, in collect
    redis_msg = next(UNACKED_ITERATOR)
StopIteration

During handling of the above exception, another exception occurred:

Traceback (most recent call last):
  File "/ragflow/.venv/lib/python3.10/site-packages/valkey/connection.py", line 302, in connect
    sock = self.retry.call_with_retry(
  File "/ragflow/.venv/lib/python3.10/site-packages/valkey/retry.py", line 62, in call_with_retry
    return do()
  File "/ragflow/.venv/lib/python3.10/site-packages/valkey/connection.py", line 303, in <lambda>
    lambda: self._connect(), lambda error: self.disconnect(error)
  File "/ragflow/.venv/lib/python3.10/site-packages/valkey/connection.py", line 696, in _connect
    for res in socket.getaddrinfo(
  File "/usr/lib/python3.10/socket.py", line 955, in getaddrinfo
    for res in _socket.getaddrinfo(host, port, family, type, proto, flags):
socket.gaierror: [Errno -3] Temporary failure in name resolution

During handling of the above exception, another exception occurred:

Traceback (most recent call last):
  File "/ragflow/rag/utils/redis_conn.py", line 228, in queue_consumer
    group_info = self.REDIS.xinfo_groups(queue_name)
  File "/ragflow/.venv/lib/python3.10/site-packages/valkey/commands/core.py", line 3810, in xinfo_groups
    return self.execute_command("XINFO GROUPS", name)
  File "/ragflow/.venv/lib/python3.10/site-packages/valkey/client.py", line 564, in execute_command
    conn = self.connection or pool.get_connection(command_name, **options)
  File "/ragflow/.venv/lib/python3.10/site-packages/valkey/connection.py", line 1107, in get_connection
    connection.connect()
  File "/ragflow/.venv/lib/python3.10/site-packages/valkey/connection.py", line 308, in connect
    raise ConnectionError(self._error_message(e))
valkey.exceptions.ConnectionError: Error -3 connecting to redis:6379. Temporary failure in name resolution.
2025-06-18 00:52:57,807 ERROR    38 RedisDB.queue_consumer rag_flow_svr_queue got exception: Error -3 connecting to redis:6379. Temporary failure in name resolution.
Traceback (most recent call last):
  File "/ragflow/rag/svr/task_executor.py", line 193, in collect
    redis_msg = next(UNACKED_ITERATOR)
StopIteration

During handling of the above exception, another exception occurred:

Traceback (most recent call last):
  File "/ragflow/.venv/lib/python3.10/site-packages/valkey/connection.py", line 302, in connect
    sock = self.retry.call_with_retry(
  File "/ragflow/.venv/lib/python3.10/site-packages/valkey/retry.py", line 62, in call_with_retry
    return do()
  File "/ragflow/.venv/lib/python3.10/site-packages/valkey/connection.py", line 303, in <lambda>
    lambda: self._connect(), lambda error: self.disconnect(error)
  File "/ragflow/.venv/lib/python3.10/site-packages/valkey/connection.py", line 696, in _connect
    for res in socket.getaddrinfo(
  File "/usr/lib/python3.10/socket.py", line 955, in getaddrinfo
    for res in _socket.getaddrinfo(host, port, family, type, proto, flags):
socket.gaierror: [Errno -3] Temporary failure in name resolution

During handling of the above exception, another exception occurred:

Traceback (most recent call last):
  File "/ragflow/rag/utils/redis_conn.py", line 228, in queue_consumer
    group_info = self.REDIS.xinfo_groups(queue_name)
  File "/ragflow/.venv/lib/python3.10/site-packages/valkey/commands/core.py", line 3810, in xinfo_groups
    return self.execute_command("XINFO GROUPS", name)
  File "/ragflow/.venv/lib/python3.10/site-packages/valkey/client.py", line 564, in execute_command
    conn = self.connection or pool.get_connection(command_name, **options)
  File "/ragflow/.venv/lib/python3.10/site-packages/valkey/connection.py", line 1107, in get_connection
    connection.connect()
  File "/ragflow/.venv/lib/python3.10/site-packages/valkey/connection.py", line 308, in connect
    raise ConnectionError(self._error_message(e))
valkey.exceptions.ConnectionError: Error -3 connecting to redis:6379. Temporary failure in name resolution.
2025-06-18 00:52:57,906 ERROR    38 RedisDB.queue_consumer rag_flow_svr_queue_1 got exception: Error -3 connecting to redis:6379. Temporary failure in name resolution.
Traceback (most recent call last):
  File "/ragflow/rag/svr/task_executor.py", line 193, in collect
    redis_msg = next(UNACKED_ITERATOR)
StopIteration

During handling of the above exception, another exception occurred:

Traceback (most recent call last):
  File "/ragflow/.venv/lib/python3.10/site-packages/valkey/connection.py", line 302, in connect
    sock = self.retry.call_with_retry(
  File "/ragflow/.venv/lib/python3.10/site-packages/valkey/retry.py", line 62, in call_with_retry
    return do()
  File "/ragflow/.venv/lib/python3.10/site-packages/valkey/connection.py", line 303, in <lambda>
    lambda: self._connect(), lambda error: self.disconnect(error)
  File "/ragflow/.venv/lib/python3.10/site-packages/valkey/connection.py", line 696, in _connect
    for res in socket.getaddrinfo(
  File "/usr/lib/python3.10/socket.py", line 955, in getaddrinfo
    for res in _socket.getaddrinfo(host, port, family, type, proto, flags):
socket.gaierror: [Errno -3] Temporary failure in name resolution

During handling of the above exception, another exception occurred:

Traceback (most recent call last):
  File "/ragflow/rag/utils/redis_conn.py", line 228, in queue_consumer
    group_info = self.REDIS.xinfo_groups(queue_name)
  File "/ragflow/.venv/lib/python3.10/site-packages/valkey/commands/core.py", line 3810, in xinfo_groups
    return self.execute_command("XINFO GROUPS", name)
  File "/ragflow/.venv/lib/python3.10/site-packages/valkey/client.py", line 564, in execute_command
    conn = self.connection or pool.get_connection(command_name, **options)
  File "/ragflow/.venv/lib/python3.10/site-packages/valkey/connection.py", line 1107, in get_connection
    connection.connect()
  File "/ragflow/.venv/lib/python3.10/site-packages/valkey/connection.py", line 308, in connect
    raise ConnectionError(self._error_message(e))
valkey.exceptions.ConnectionError: Error -3 connecting to redis:6379. Temporary failure in name resolution.
2025-06-18 00:52:57,908 ERROR    38 RedisDB.queue_consumer rag_flow_svr_queue got exception: Error -3 connecting to redis:6379. Temporary failure in name resolution.
Traceback (most recent call last):
  File "/ragflow/rag/svr/task_executor.py", line 193, in collect
    redis_msg = next(UNACKED_ITERATOR)
StopIteration

During handling of the above exception, another exception occurred:

Traceback (most recent call last):
  File "/ragflow/.venv/lib/python3.10/site-packages/valkey/connection.py", line 302, in connect
    sock = self.retry.call_with_retry(
  File "/ragflow/.venv/lib/python3.10/site-packages/valkey/retry.py", line 62, in call_with_retry
    return do()
  File "/ragflow/.venv/lib/python3.10/site-packages/valkey/connection.py", line 303, in <lambda>
    lambda: self._connect(), lambda error: self.disconnect(error)
  File "/ragflow/.venv/lib/python3.10/site-packages/valkey/connection.py", line 696, in _connect
    for res in socket.getaddrinfo(
  File "/usr/lib/python3.10/socket.py", line 955, in getaddrinfo
    for res in _socket.getaddrinfo(host, port, family, type, proto, flags):
socket.gaierror: [Errno -3] Temporary failure in name resolution

During handling of the above exception, another exception occurred:

Traceback (most recent call last):
  File "/ragflow/rag/utils/redis_conn.py", line 228, in queue_consumer
    group_info = self.REDIS.xinfo_groups(queue_name)
  File "/ragflow/.venv/lib/python3.10/site-packages/valkey/commands/core.py", line 3810, in xinfo_groups
    return self.execute_command("XINFO GROUPS", name)
  File "/ragflow/.venv/lib/python3.10/site-packages/valkey/client.py", line 564, in execute_command
    conn = self.connection or pool.get_connection(command_name, **options)
  File "/ragflow/.venv/lib/python3.10/site-packages/valkey/connection.py", line 1107, in get_connection
    connection.connect()
  File "/ragflow/.venv/lib/python3.10/site-packages/valkey/connection.py", line 308, in connect
    raise ConnectionError(self._error_message(e))
valkey.exceptions.ConnectionError: Error -3 connecting to redis:6379. Temporary failure in name resolution.
2025-06-18 00:53:02,009 WARNING  38 RedisDB.queue_info rag_flow_svr_queue got exception: Error -3 connecting to redis:6379. Temporary failure in name resolution.
2025-06-18 00:53:02,012 WARNING  38 RedisDB.zadd task_executor_62985bc8af57_0 got exception: Error -3 connecting to redis:6379. Temporary failure in name resolution.
2025-06-18 00:53:02,012 INFO     38 task_executor_62985bc8af57_0 reported heartbeat: {"name": "task_executor_62985bc8af57_0", "now": "2025-06-18T00:53:02.007+08:00", "boot_at": "2025-06-18T00:20:31.330+08:00", "pending": 0, "lag": 0, "done": 0, "failed": 0, "current": {}}
2025-06-18 00:53:02,014 WARNING  38 RedisDB.zcount task_executor_62985bc8af57_0 got exception: Error -3 connecting to redis:6379. Temporary failure in name resolution.
2025-06-18 00:53:02,016 ERROR    38 report_status got exception
Traceback (most recent call last):
  File "/ragflow/.venv/lib/python3.10/site-packages/valkey/connection.py", line 302, in connect
    sock = self.retry.call_with_retry(
  File "/ragflow/.venv/lib/python3.10/site-packages/valkey/retry.py", line 62, in call_with_retry
    return do()
  File "/ragflow/.venv/lib/python3.10/site-packages/valkey/connection.py", line 303, in <lambda>
    lambda: self._connect(), lambda error: self.disconnect(error)
  File "/ragflow/.venv/lib/python3.10/site-packages/valkey/connection.py", line 696, in _connect
    for res in socket.getaddrinfo(
  File "/usr/lib/python3.10/socket.py", line 955, in getaddrinfo
    for res in _socket.getaddrinfo(host, port, family, type, proto, flags):
socket.gaierror: [Errno -3] Temporary failure in name resolution

During handling of the above exception, another exception occurred:

Traceback (most recent call last):
  File "/ragflow/rag/svr/task_executor.py", line 670, in report_status
    if redis_lock.acquire():
  File "/ragflow/rag/utils/redis_conn.py", line 350, in acquire
    REDIS_CONN.delete_if_equal(self.lock_key, self.lock_value)
  File "/ragflow/rag/utils/redis_conn.py", line 324, in delete_if_equal
    return bool(self.lua_delete_if_equal(keys=[key], args=[expected_value], client=self.REDIS))
  File "/ragflow/.venv/lib/python3.10/site-packages/valkey/commands/core.py", line 6356, in __call__
    return client.evalsha(self.sha, len(keys), *args)
  File "/ragflow/.venv/lib/python3.10/site-packages/valkey/commands/core.py", line 5730, in evalsha
    return self._evalsha("EVALSHA", sha, numkeys, *keys_and_args)
  File "/ragflow/.venv/lib/python3.10/site-packages/valkey/commands/core.py", line 5714, in _evalsha
    return self.execute_command(command, sha, numkeys, *keys_and_args)
  File "/ragflow/.venv/lib/python3.10/site-packages/valkey/client.py", line 564, in execute_command
    conn = self.connection or pool.get_connection(command_name, **options)
  File "/ragflow/.venv/lib/python3.10/site-packages/valkey/connection.py", line 1107, in get_connection
    connection.connect()
  File "/ragflow/.venv/lib/python3.10/site-packages/valkey/connection.py", line 308, in connect
    raise ConnectionError(self._error_message(e))
valkey.exceptions.ConnectionError: Error -3 connecting to redis:6379. Temporary failure in name resolution.
