2025-06-19 14:00:03,019 INFO     59 task_executor_66bc09bbe0eb_0 log path: /ragflow/logs/task_executor_66bc09bbe0eb_0.log, log levels: {'peewee': 'WARNING', 'pdfminer': 'WARNING', 'root': 'INFO'}
2025-06-19 14:00:03,020 INFO     59 
  ______           __      ______                     __
 /_  __/___ ______/ /__   / ____/  _____  _______  __/ /_____  _____
  / / / __ `/ ___/ //_/  / __/ | |/_/ _ \/ ___/ / / / __/ __ \/ ___/
 / / / /_/ (__  ) ,<    / /____>  </  __/ /__/ /_/ / /_/ /_/ / /
/_/  \__,_/____/_/|_|  /_____/_/|_|\___/\___/\__,_/\__/\____/_/
    
2025-06-19 14:00:03,020 INFO     59 TaskExecutor: RAGFlow version: v0.19.0 slim
2025-06-19 14:00:03,021 INFO     59 Use Elasticsearch http://es01:9200 as the doc engine.
2025-06-19 14:00:03,027 INFO     59 GET http://es01:9200/ [status:N/A duration:0.005s]
2025-06-19 14:00:03,028 WARNING  59 Node <Urllib3HttpNode(http://es01:9200)> has failed for 1 times in a row, putting on 1 second timeout
2025-06-19 14:00:03,028 WARNING  59 Retrying request after failure (attempt 0 of 3)
Traceback (most recent call last):
  File "/ragflow/.venv/lib/python3.10/site-packages/elastic_transport/_transport.py", line 328, in perform_request
    meta, raw_data = node.perform_request(
  File "/ragflow/.venv/lib/python3.10/site-packages/elastic_transport/_node/_http_urllib3.py", line 202, in perform_request
    raise err from None
elastic_transport.ConnectionError: Connection error caused by: NameResolutionError(<urllib3.connection.HTTPConnection object at 0x7ff75f11dc60>: Failed to resolve 'es01' ([Errno -3] Temporary failure in name resolution))
2025-06-19 14:00:03,033 INFO     59 GET http://es01:9200/ [status:N/A duration:0.003s]
2025-06-19 14:00:03,033 WARNING  59 Node <Urllib3HttpNode(http://es01:9200)> has failed for 2 times in a row, putting on 2 second timeout
2025-06-19 14:00:03,033 WARNING  59 Retrying request after failure (attempt 1 of 3)
Traceback (most recent call last):
  File "/ragflow/.venv/lib/python3.10/site-packages/elastic_transport/_transport.py", line 328, in perform_request
    meta, raw_data = node.perform_request(
  File "/ragflow/.venv/lib/python3.10/site-packages/elastic_transport/_node/_http_urllib3.py", line 202, in perform_request
    raise err from None
elastic_transport.ConnectionError: Connection error caused by: NameResolutionError(<urllib3.connection.HTTPConnection object at 0x7ff7611bc6a0>: Failed to resolve 'es01' ([Errno -3] Temporary failure in name resolution))
2025-06-19 14:00:03,037 INFO     59 GET http://es01:9200/ [status:N/A duration:0.003s]
2025-06-19 14:00:03,038 WARNING  59 Node <Urllib3HttpNode(http://es01:9200)> has failed for 3 times in a row, putting on 4 second timeout
2025-06-19 14:00:03,038 WARNING  59 Retrying request after failure (attempt 2 of 3)
Traceback (most recent call last):
  File "/ragflow/.venv/lib/python3.10/site-packages/elastic_transport/_transport.py", line 328, in perform_request
    meta, raw_data = node.perform_request(
  File "/ragflow/.venv/lib/python3.10/site-packages/elastic_transport/_node/_http_urllib3.py", line 202, in perform_request
    raise err from None
elastic_transport.ConnectionError: Connection error caused by: NameResolutionError(<urllib3.connection.HTTPConnection object at 0x7ff7611bc070>: Failed to resolve 'es01' ([Errno -3] Temporary failure in name resolution))
2025-06-19 14:00:03,043 INFO     59 GET http://es01:9200/ [status:N/A duration:0.005s]
2025-06-19 14:00:03,043 WARNING  59 Node <Urllib3HttpNode(http://es01:9200)> has failed for 4 times in a row, putting on 8 second timeout
2025-06-19 14:00:03,044 WARNING  59 Connection error caused by: ConnectionError(Connection error caused by: NameResolutionError(<urllib3.connection.HTTPConnection object at 0x7ff75f11dc60>: Failed to resolve 'es01' ([Errno -3] Temporary failure in name resolution))). Waiting Elasticsearch http://es01:9200 to be healthy.
2025-06-19 14:00:08,056 INFO     59 GET http://es01:9200/ [status:N/A duration:0.005s]
2025-06-19 14:00:08,056 WARNING  59 Node <Urllib3HttpNode(http://es01:9200)> has failed for 1 times in a row, putting on 1 second timeout
2025-06-19 14:00:08,060 WARNING  59 Retrying request after failure (attempt 0 of 3)
Traceback (most recent call last):
  File "/ragflow/.venv/lib/python3.10/site-packages/elastic_transport/_transport.py", line 328, in perform_request
    meta, raw_data = node.perform_request(
  File "/ragflow/.venv/lib/python3.10/site-packages/elastic_transport/_node/_http_urllib3.py", line 202, in perform_request
    raise err from None
elastic_transport.ConnectionError: Connection error caused by: NameResolutionError(<urllib3.connection.HTTPConnection object at 0x7ff7611a68f0>: Failed to resolve 'es01' ([Errno -3] Temporary failure in name resolution))
2025-06-19 14:00:08,068 INFO     59 GET http://es01:9200/ [status:N/A duration:0.007s]
2025-06-19 14:00:08,068 WARNING  59 Node <Urllib3HttpNode(http://es01:9200)> has failed for 2 times in a row, putting on 2 second timeout
2025-06-19 14:00:08,068 WARNING  59 Retrying request after failure (attempt 1 of 3)
Traceback (most recent call last):
  File "/ragflow/.venv/lib/python3.10/site-packages/elastic_transport/_transport.py", line 328, in perform_request
    meta, raw_data = node.perform_request(
  File "/ragflow/.venv/lib/python3.10/site-packages/elastic_transport/_node/_http_urllib3.py", line 202, in perform_request
    raise err from None
elastic_transport.ConnectionError: Connection error caused by: NameResolutionError(<urllib3.connection.HTTPConnection object at 0x7ff7611a5870>: Failed to resolve 'es01' ([Errno -3] Temporary failure in name resolution))
2025-06-19 14:00:08,074 INFO     59 GET http://es01:9200/ [status:N/A duration:0.005s]
2025-06-19 14:00:08,074 WARNING  59 Node <Urllib3HttpNode(http://es01:9200)> has failed for 3 times in a row, putting on 4 second timeout
2025-06-19 14:00:08,075 WARNING  59 Retrying request after failure (attempt 2 of 3)
Traceback (most recent call last):
  File "/ragflow/.venv/lib/python3.10/site-packages/elastic_transport/_transport.py", line 328, in perform_request
    meta, raw_data = node.perform_request(
  File "/ragflow/.venv/lib/python3.10/site-packages/elastic_transport/_node/_http_urllib3.py", line 202, in perform_request
    raise err from None
elastic_transport.ConnectionError: Connection error caused by: NameResolutionError(<urllib3.connection.HTTPConnection object at 0x7ff7611a54e0>: Failed to resolve 'es01' ([Errno -3] Temporary failure in name resolution))
2025-06-19 14:00:08,078 INFO     59 GET http://es01:9200/ [status:N/A duration:0.003s]
2025-06-19 14:00:08,078 WARNING  59 Node <Urllib3HttpNode(http://es01:9200)> has failed for 4 times in a row, putting on 8 second timeout
2025-06-19 14:00:08,078 WARNING  59 Connection error caused by: ConnectionError(Connection error caused by: NameResolutionError(<urllib3.connection.HTTPConnection object at 0x7ff7611a68f0>: Failed to resolve 'es01' ([Errno -3] Temporary failure in name resolution))). Waiting Elasticsearch http://es01:9200 to be healthy.
2025-06-19 14:00:13,084 INFO     59 Resurrected node <Urllib3HttpNode(http://es01:9200)> (force=False)
2025-06-19 14:00:13,090 INFO     59 HEAD http://es01:9200/ [status:N/A duration:0.005s]
2025-06-19 14:00:13,091 WARNING  59 Node <Urllib3HttpNode(http://es01:9200)> has failed for 5 times in a row, putting on 16 second timeout
2025-06-19 14:00:13,091 WARNING  59 Retrying request after failure (attempt 0 of 3)
Traceback (most recent call last):
  File "/ragflow/.venv/lib/python3.10/site-packages/elastic_transport/_transport.py", line 328, in perform_request
    meta, raw_data = node.perform_request(
  File "/ragflow/.venv/lib/python3.10/site-packages/elastic_transport/_node/_http_urllib3.py", line 202, in perform_request
    raise err from None
elastic_transport.ConnectionError: Connection error caused by: NameResolutionError(<urllib3.connection.HTTPConnection object at 0x7ff7611a7100>: Failed to resolve 'es01' ([Errno -3] Temporary failure in name resolution))
2025-06-19 14:00:13,091 INFO     59 Resurrected node <Urllib3HttpNode(http://es01:9200)> (force=False)
2025-06-19 14:00:13,094 INFO     59 HEAD http://es01:9200/ [status:N/A duration:0.003s]
2025-06-19 14:00:13,095 WARNING  59 Node <Urllib3HttpNode(http://es01:9200)> has failed for 6 times in a row, putting on 30 second timeout
2025-06-19 14:00:13,095 WARNING  59 Retrying request after failure (attempt 1 of 3)
Traceback (most recent call last):
  File "/ragflow/.venv/lib/python3.10/site-packages/elastic_transport/_transport.py", line 328, in perform_request
    meta, raw_data = node.perform_request(
  File "/ragflow/.venv/lib/python3.10/site-packages/elastic_transport/_node/_http_urllib3.py", line 202, in perform_request
    raise err from None
elastic_transport.ConnectionError: Connection error caused by: NameResolutionError(<urllib3.connection.HTTPConnection object at 0x7ff7611a6f20>: Failed to resolve 'es01' ([Errno -3] Temporary failure in name resolution))
2025-06-19 14:00:13,095 INFO     59 Resurrected node <Urllib3HttpNode(http://es01:9200)> (force=False)
2025-06-19 14:00:13,098 INFO     59 HEAD http://es01:9200/ [status:N/A duration:0.003s]
2025-06-19 14:00:13,098 WARNING  59 Node <Urllib3HttpNode(http://es01:9200)> has failed for 7 times in a row, putting on 30 second timeout
2025-06-19 14:00:13,098 WARNING  59 Retrying request after failure (attempt 2 of 3)
Traceback (most recent call last):
  File "/ragflow/.venv/lib/python3.10/site-packages/elastic_transport/_transport.py", line 328, in perform_request
    meta, raw_data = node.perform_request(
  File "/ragflow/.venv/lib/python3.10/site-packages/elastic_transport/_node/_http_urllib3.py", line 202, in perform_request
    raise err from None
elastic_transport.ConnectionError: Connection error caused by: NameResolutionError(<urllib3.connection.HTTPConnection object at 0x7ff7611a7010>: Failed to resolve 'es01' ([Errno -3] Temporary failure in name resolution))
2025-06-19 14:00:13,101 INFO     59 HEAD http://es01:9200/ [status:N/A duration:0.002s]
2025-06-19 14:00:13,101 WARNING  59 Node <Urllib3HttpNode(http://es01:9200)> has failed for 8 times in a row, putting on 30 second timeout
2025-06-19 14:00:13,101 ERROR    59 Elasticsearch http://es01:9200 is unhealthy in 120s.
