2025-06-19 13:14:35,516 INFO     56 task_executor_392458ac5864_0 log path: /ragflow/logs/task_executor_392458ac5864_0.log, log levels: {'peewee': 'WARNING', 'pdfminer': 'WARNING', 'root': 'INFO'}
2025-06-19 13:14:35,516 INFO     56 
  ______           __      ______                     __
 /_  __/___ ______/ /__   / ____/  _____  _______  __/ /_____  _____
  / / / __ `/ ___/ //_/  / __/ | |/_/ _ \/ ___/ / / / __/ __ \/ ___/
 / / / /_/ (__  ) ,<    / /____>  </  __/ /__/ /_/ / /_/ /_/ / /
/_/  \__,_/____/_/|_|  /_____/_/|_|\___/\___/\__,_/\__/\____/_/
    
2025-06-19 13:14:35,516 INFO     56 TaskExecutor: RAGFlow version: v0.19.0 slim
2025-06-19 13:14:35,517 INFO     56 Use Elasticsearch http://es01:9200 as the doc engine.
2025-06-19 13:14:35,524 INFO     56 GET http://es01:9200/ [status:N/A duration:0.005s]
2025-06-19 13:14:35,524 WARNING  56 Node <Urllib3HttpNode(http://es01:9200)> has failed for 1 times in a row, putting on 1 second timeout
2025-06-19 13:14:35,524 WARNING  56 Retrying request after failure (attempt 0 of 3)
Traceback (most recent call last):
  File "/ragflow/.venv/lib/python3.10/site-packages/elastic_transport/_transport.py", line 328, in perform_request
    meta, raw_data = node.perform_request(
  File "/ragflow/.venv/lib/python3.10/site-packages/elastic_transport/_node/_http_urllib3.py", line 202, in perform_request
    raise err from None
elastic_transport.ConnectionError: Connection error caused by: NameResolutionError(<urllib3.connection.HTTPConnection object at 0x7fc12ade4df0>: Failed to resolve 'es01' ([Errno -3] Temporary failure in name resolution))
2025-06-19 13:14:35,529 INFO     56 GET http://es01:9200/ [status:N/A duration:0.003s]
2025-06-19 13:14:35,529 WARNING  56 Node <Urllib3HttpNode(http://es01:9200)> has failed for 2 times in a row, putting on 2 second timeout
2025-06-19 13:14:35,530 WARNING  56 Retrying request after failure (attempt 1 of 3)
Traceback (most recent call last):
  File "/ragflow/.venv/lib/python3.10/site-packages/elastic_transport/_transport.py", line 328, in perform_request
    meta, raw_data = node.perform_request(
  File "/ragflow/.venv/lib/python3.10/site-packages/elastic_transport/_node/_http_urllib3.py", line 202, in perform_request
    raise err from None
elastic_transport.ConnectionError: Connection error caused by: NameResolutionError(<urllib3.connection.HTTPConnection object at 0x7fc12ade7250>: Failed to resolve 'es01' ([Errno -3] Temporary failure in name resolution))
2025-06-19 13:14:35,532 INFO     56 GET http://es01:9200/ [status:N/A duration:0.002s]
2025-06-19 13:14:35,533 WARNING  56 Node <Urllib3HttpNode(http://es01:9200)> has failed for 3 times in a row, putting on 4 second timeout
2025-06-19 13:14:35,533 WARNING  56 Retrying request after failure (attempt 2 of 3)
Traceback (most recent call last):
  File "/ragflow/.venv/lib/python3.10/site-packages/elastic_transport/_transport.py", line 328, in perform_request
    meta, raw_data = node.perform_request(
  File "/ragflow/.venv/lib/python3.10/site-packages/elastic_transport/_node/_http_urllib3.py", line 202, in perform_request
    raise err from None
elastic_transport.ConnectionError: Connection error caused by: NameResolutionError(<urllib3.connection.HTTPConnection object at 0x7fc12ade40a0>: Failed to resolve 'es01' ([Errno -3] Temporary failure in name resolution))
2025-06-19 13:14:35,536 INFO     56 GET http://es01:9200/ [status:N/A duration:0.002s]
2025-06-19 13:14:35,536 WARNING  56 Node <Urllib3HttpNode(http://es01:9200)> has failed for 4 times in a row, putting on 8 second timeout
2025-06-19 13:14:35,536 WARNING  56 Connection error caused by: ConnectionError(Connection error caused by: NameResolutionError(<urllib3.connection.HTTPConnection object at 0x7fc12ade4df0>: Failed to resolve 'es01' ([Errno -3] Temporary failure in name resolution))). Waiting Elasticsearch http://es01:9200 to be healthy.
2025-06-19 13:14:40,549 INFO     56 GET http://es01:9200/ [status:N/A duration:0.006s]
2025-06-19 13:14:40,549 WARNING  56 Node <Urllib3HttpNode(http://es01:9200)> has failed for 1 times in a row, putting on 1 second timeout
2025-06-19 13:14:40,549 WARNING  56 Retrying request after failure (attempt 0 of 3)
Traceback (most recent call last):
  File "/ragflow/.venv/lib/python3.10/site-packages/elastic_transport/_transport.py", line 328, in perform_request
    meta, raw_data = node.perform_request(
  File "/ragflow/.venv/lib/python3.10/site-packages/elastic_transport/_node/_http_urllib3.py", line 202, in perform_request
    raise err from None
elastic_transport.ConnectionError: Connection error caused by: NameResolutionError(<urllib3.connection.HTTPConnection object at 0x7fc1289bc5b0>: Failed to resolve 'es01' ([Errno -3] Temporary failure in name resolution))
2025-06-19 13:14:40,553 INFO     56 GET http://es01:9200/ [status:N/A duration:0.003s]
2025-06-19 13:14:40,553 WARNING  56 Node <Urllib3HttpNode(http://es01:9200)> has failed for 2 times in a row, putting on 2 second timeout
2025-06-19 13:14:40,553 WARNING  56 Retrying request after failure (attempt 1 of 3)
Traceback (most recent call last):
  File "/ragflow/.venv/lib/python3.10/site-packages/elastic_transport/_transport.py", line 328, in perform_request
    meta, raw_data = node.perform_request(
  File "/ragflow/.venv/lib/python3.10/site-packages/elastic_transport/_node/_http_urllib3.py", line 202, in perform_request
    raise err from None
elastic_transport.ConnectionError: Connection error caused by: NameResolutionError(<urllib3.connection.HTTPConnection object at 0x7fc1289bdb70>: Failed to resolve 'es01' ([Errno -3] Temporary failure in name resolution))
2025-06-19 13:14:40,555 INFO     56 GET http://es01:9200/ [status:N/A duration:0.002s]
2025-06-19 13:14:40,556 WARNING  56 Node <Urllib3HttpNode(http://es01:9200)> has failed for 3 times in a row, putting on 4 second timeout
2025-06-19 13:14:40,556 WARNING  56 Retrying request after failure (attempt 2 of 3)
Traceback (most recent call last):
  File "/ragflow/.venv/lib/python3.10/site-packages/elastic_transport/_transport.py", line 328, in perform_request
    meta, raw_data = node.perform_request(
  File "/ragflow/.venv/lib/python3.10/site-packages/elastic_transport/_node/_http_urllib3.py", line 202, in perform_request
    raise err from None
elastic_transport.ConnectionError: Connection error caused by: NameResolutionError(<urllib3.connection.HTTPConnection object at 0x7fc1289bf9a0>: Failed to resolve 'es01' ([Errno -3] Temporary failure in name resolution))
2025-06-19 13:14:40,559 INFO     56 GET http://es01:9200/ [status:N/A duration:0.003s]
2025-06-19 13:14:40,560 WARNING  56 Node <Urllib3HttpNode(http://es01:9200)> has failed for 4 times in a row, putting on 8 second timeout
2025-06-19 13:14:40,560 WARNING  56 Connection error caused by: ConnectionError(Connection error caused by: NameResolutionError(<urllib3.connection.HTTPConnection object at 0x7fc1289bc5b0>: Failed to resolve 'es01' ([Errno -3] Temporary failure in name resolution))). Waiting Elasticsearch http://es01:9200 to be healthy.
2025-06-19 13:14:45,566 INFO     56 Resurrected node <Urllib3HttpNode(http://es01:9200)> (force=False)
2025-06-19 13:14:45,572 INFO     56 HEAD http://es01:9200/ [status:N/A duration:0.005s]
2025-06-19 13:14:45,572 WARNING  56 Node <Urllib3HttpNode(http://es01:9200)> has failed for 5 times in a row, putting on 16 second timeout
2025-06-19 13:14:45,572 WARNING  56 Retrying request after failure (attempt 0 of 3)
Traceback (most recent call last):
  File "/ragflow/.venv/lib/python3.10/site-packages/elastic_transport/_transport.py", line 328, in perform_request
    meta, raw_data = node.perform_request(
  File "/ragflow/.venv/lib/python3.10/site-packages/elastic_transport/_node/_http_urllib3.py", line 202, in perform_request
    raise err from None
elastic_transport.ConnectionError: Connection error caused by: NameResolutionError(<urllib3.connection.HTTPConnection object at 0x7fc1289be7a0>: Failed to resolve 'es01' ([Errno -3] Temporary failure in name resolution))
2025-06-19 13:14:45,573 INFO     56 Resurrected node <Urllib3HttpNode(http://es01:9200)> (force=False)
2025-06-19 13:14:45,577 INFO     56 HEAD http://es01:9200/ [status:N/A duration:0.004s]
2025-06-19 13:14:45,577 WARNING  56 Node <Urllib3HttpNode(http://es01:9200)> has failed for 6 times in a row, putting on 30 second timeout
2025-06-19 13:14:45,577 WARNING  56 Retrying request after failure (attempt 1 of 3)
Traceback (most recent call last):
  File "/ragflow/.venv/lib/python3.10/site-packages/elastic_transport/_transport.py", line 328, in perform_request
    meta, raw_data = node.perform_request(
  File "/ragflow/.venv/lib/python3.10/site-packages/elastic_transport/_node/_http_urllib3.py", line 202, in perform_request
    raise err from None
elastic_transport.ConnectionError: Connection error caused by: NameResolutionError(<urllib3.connection.HTTPConnection object at 0x7fc1289bdcc0>: Failed to resolve 'es01' ([Errno -3] Temporary failure in name resolution))
2025-06-19 13:14:45,578 INFO     56 Resurrected node <Urllib3HttpNode(http://es01:9200)> (force=False)
2025-06-19 13:14:45,581 INFO     56 HEAD http://es01:9200/ [status:N/A duration:0.003s]
2025-06-19 13:14:45,581 WARNING  56 Node <Urllib3HttpNode(http://es01:9200)> has failed for 7 times in a row, putting on 30 second timeout
2025-06-19 13:14:45,581 WARNING  56 Retrying request after failure (attempt 2 of 3)
Traceback (most recent call last):
  File "/ragflow/.venv/lib/python3.10/site-packages/elastic_transport/_transport.py", line 328, in perform_request
    meta, raw_data = node.perform_request(
  File "/ragflow/.venv/lib/python3.10/site-packages/elastic_transport/_node/_http_urllib3.py", line 202, in perform_request
    raise err from None
elastic_transport.ConnectionError: Connection error caused by: NameResolutionError(<urllib3.connection.HTTPConnection object at 0x7fc1289bea10>: Failed to resolve 'es01' ([Errno -3] Temporary failure in name resolution))
2025-06-19 13:14:45,584 INFO     56 HEAD http://es01:9200/ [status:N/A duration:0.002s]
2025-06-19 13:14:45,584 WARNING  56 Node <Urllib3HttpNode(http://es01:9200)> has failed for 8 times in a row, putting on 30 second timeout
2025-06-19 13:14:45,584 ERROR    56 Elasticsearch http://es01:9200 is unhealthy in 120s.
