2025-06-19 14:40:00,097 INFO     39 task_executor_f6a9794b866e_0 log path: /ragflow/logs/task_executor_f6a9794b866e_0.log, log levels: {'peewee': 'WARNING', 'pdfminer': 'WARNING', 'root': 'INFO'}
2025-06-19 14:40:00,097 INFO     39 
  ______           __      ______                     __
 /_  __/___ ______/ /__   / ____/  _____  _______  __/ /_____  _____
  / / / __ `/ ___/ //_/  / __/ | |/_/ _ \/ ___/ / / / __/ __ \/ ___/
 / / / /_/ (__  ) ,<    / /____>  </  __/ /__/ /_/ / /_/ /_/ / /
/_/  \__,_/____/_/|_|  /_____/_/|_|\___/\___/\__,_/\__/\____/_/
    
2025-06-19 14:40:00,098 INFO     39 TaskExecutor: RAGFlow version: v0.19.0 slim
2025-06-19 14:40:00,098 INFO     39 Use Elasticsearch http://es01:9200 as the doc engine.
2025-06-19 14:40:00,124 INFO     39 GET http://es01:9200/ [status:200 duration:0.025s]
2025-06-19 14:40:00,136 INFO     39 HEAD http://es01:9200/ [status:200 duration:0.011s]
2025-06-19 14:40:00,137 INFO     39 Elasticsearch http://es01:9200 is healthy.
2025-06-19 14:40:00,148 WARNING  39 Load term.freq FAIL!
2025-06-19 14:40:00,158 WARNING  39 Realtime synonym is disabled, since no redis connection.
2025-06-19 14:40:00,169 WARNING  39 Load term.freq FAIL!
2025-06-19 14:40:00,178 WARNING  39 Realtime synonym is disabled, since no redis connection.
2025-06-19 14:40:00,178 INFO     39 MAX_CONTENT_LENGTH: 134217728
2025-06-19 14:40:00,179 INFO     39 MAX_FILE_COUNT_PER_USER: 0
2025-06-19 14:40:00,188 INFO     39 task_executor_f6a9794b866e_0 reported heartbeat: {"name": "task_executor_f6a9794b866e_0", "now": "2025-06-19T14:40:00.186+08:00", "boot_at": "2025-06-19T14:40:00.096+08:00", "pending": 0, "lag": 0, "done": 0, "failed": 0, "current": {}}
2025-06-19 14:40:00,191 INFO     39 task_executor_438900a23c5d_0 expired, removed
2025-06-19 14:40:00,193 WARNING  39 RedisDB.get_unacked_iterator queue rag_flow_svr_queue_1 doesn't exist
2025-06-19 14:40:30,195 INFO     39 task_executor_f6a9794b866e_0 reported heartbeat: {"name": "task_executor_f6a9794b866e_0", "now": "2025-06-19T14:40:30.193+08:00", "boot_at": "2025-06-19T14:40:00.096+08:00", "pending": 0, "lag": 0, "done": 0, "failed": 0, "current": {}}
2025-06-19 14:41:00,199 INFO     39 task_executor_f6a9794b866e_0 reported heartbeat: {"name": "task_executor_f6a9794b866e_0", "now": "2025-06-19T14:41:00.198+08:00", "boot_at": "2025-06-19T14:40:00.096+08:00", "pending": 0, "lag": 0, "done": 0, "failed": 0, "current": {}}
2025-06-19 14:41:30,204 INFO     39 task_executor_f6a9794b866e_0 reported heartbeat: {"name": "task_executor_f6a9794b866e_0", "now": "2025-06-19T14:41:30.202+08:00", "boot_at": "2025-06-19T14:40:00.096+08:00", "pending": 0, "lag": 0, "done": 0, "failed": 0, "current": {}}
2025-06-19 14:42:00,208 INFO     39 task_executor_f6a9794b866e_0 reported heartbeat: {"name": "task_executor_f6a9794b866e_0", "now": "2025-06-19T14:42:00.207+08:00", "boot_at": "2025-06-19T14:40:00.096+08:00", "pending": 0, "lag": 0, "done": 0, "failed": 0, "current": {}}
2025-06-19 14:42:30,215 INFO     39 task_executor_f6a9794b866e_0 reported heartbeat: {"name": "task_executor_f6a9794b866e_0", "now": "2025-06-19T14:42:30.213+08:00", "boot_at": "2025-06-19T14:40:00.096+08:00", "pending": 0, "lag": 0, "done": 0, "failed": 0, "current": {}}
2025-06-19 14:42:51,229 ERROR    39 RedisDB.queue_consumer rag_flow_svr_queue_1 got exception: Error while reading from redis:6379 : (104, 'Connection reset by peer')
Traceback (most recent call last):
  File "/ragflow/rag/svr/task_executor.py", line 193, in collect
    redis_msg = next(UNACKED_ITERATOR)
StopIteration

During handling of the above exception, another exception occurred:

Traceback (most recent call last):
  File "/ragflow/.venv/lib/python3.10/site-packages/valkey/connection.py", line 546, in read_response
    response = self._parser.read_response(disable_decoding=disable_decoding)
  File "/ragflow/.venv/lib/python3.10/site-packages/valkey/_parsers/resp2.py", line 15, in read_response
    result = self._read_response(disable_decoding=disable_decoding)
  File "/ragflow/.venv/lib/python3.10/site-packages/valkey/_parsers/resp2.py", line 25, in _read_response
    raw = self._buffer.readline()
  File "/ragflow/.venv/lib/python3.10/site-packages/valkey/_parsers/socket.py", line 115, in readline
    self._read_from_socket()
  File "/ragflow/.venv/lib/python3.10/site-packages/valkey/_parsers/socket.py", line 65, in _read_from_socket
    data = self._sock.recv(socket_read_size)
ConnectionResetError: [Errno 104] Connection reset by peer

During handling of the above exception, another exception occurred:

Traceback (most recent call last):
  File "/ragflow/rag/utils/redis_conn.py", line 228, in queue_consumer
    group_info = self.REDIS.xinfo_groups(queue_name)
  File "/ragflow/.venv/lib/python3.10/site-packages/valkey/commands/core.py", line 3810, in xinfo_groups
    return self.execute_command("XINFO GROUPS", name)
  File "/ragflow/.venv/lib/python3.10/site-packages/valkey/client.py", line 570, in execute_command
    response = conn.retry.call_with_retry(
  File "/ragflow/.venv/lib/python3.10/site-packages/valkey/retry.py", line 65, in call_with_retry
    fail(error)
  File "/ragflow/.venv/lib/python3.10/site-packages/valkey/client.py", line 574, in <lambda>
    lambda error: self._disconnect_raise(conn, error),
  File "/ragflow/.venv/lib/python3.10/site-packages/valkey/client.py", line 556, in _disconnect_raise
    raise error
  File "/ragflow/.venv/lib/python3.10/site-packages/valkey/retry.py", line 62, in call_with_retry
    return do()
  File "/ragflow/.venv/lib/python3.10/site-packages/valkey/client.py", line 571, in <lambda>
    lambda: self._send_command_parse_response(
  File "/ragflow/.venv/lib/python3.10/site-packages/valkey/client.py", line 543, in _send_command_parse_response
    return self.parse_response(conn, command_name, **options)
  File "/ragflow/.venv/lib/python3.10/site-packages/valkey/client.py", line 590, in parse_response
    response = connection.read_response()
  File "/ragflow/.venv/lib/python3.10/site-packages/valkey/connection.py", line 554, in read_response
    raise ConnectionError(
valkey.exceptions.ConnectionError: Error while reading from redis:6379 : (104, 'Connection reset by peer')
2025-06-19 14:42:51,237 ERROR    39 RedisDB.queue_consumer rag_flow_svr_queue got exception: Error 111 connecting to redis:6379. Connection refused.
Traceback (most recent call last):
  File "/ragflow/rag/svr/task_executor.py", line 193, in collect
    redis_msg = next(UNACKED_ITERATOR)
StopIteration

During handling of the above exception, another exception occurred:

Traceback (most recent call last):
  File "/ragflow/.venv/lib/python3.10/site-packages/valkey/connection.py", line 302, in connect
    sock = self.retry.call_with_retry(
  File "/ragflow/.venv/lib/python3.10/site-packages/valkey/retry.py", line 62, in call_with_retry
    return do()
  File "/ragflow/.venv/lib/python3.10/site-packages/valkey/connection.py", line 303, in <lambda>
    lambda: self._connect(), lambda error: self.disconnect(error)
  File "/ragflow/.venv/lib/python3.10/site-packages/valkey/connection.py", line 728, in _connect
    raise err
  File "/ragflow/.venv/lib/python3.10/site-packages/valkey/connection.py", line 716, in _connect
    sock.connect(socket_address)
ConnectionRefusedError: [Errno 111] Connection refused

During handling of the above exception, another exception occurred:

Traceback (most recent call last):
  File "/ragflow/rag/utils/redis_conn.py", line 228, in queue_consumer
    group_info = self.REDIS.xinfo_groups(queue_name)
  File "/ragflow/.venv/lib/python3.10/site-packages/valkey/commands/core.py", line 3810, in xinfo_groups
    return self.execute_command("XINFO GROUPS", name)
  File "/ragflow/.venv/lib/python3.10/site-packages/valkey/client.py", line 564, in execute_command
    conn = self.connection or pool.get_connection(command_name, **options)
  File "/ragflow/.venv/lib/python3.10/site-packages/valkey/connection.py", line 1107, in get_connection
    connection.connect()
  File "/ragflow/.venv/lib/python3.10/site-packages/valkey/connection.py", line 308, in connect
    raise ConnectionError(self._error_message(e))
valkey.exceptions.ConnectionError: Error 111 connecting to redis:6379. Connection refused.
2025-06-19 14:42:51,305 ERROR    39 RedisDB.queue_consumer rag_flow_svr_queue_1 got exception: Error 111 connecting to redis:6379. Connection refused.
Traceback (most recent call last):
  File "/ragflow/rag/svr/task_executor.py", line 193, in collect
    redis_msg = next(UNACKED_ITERATOR)
StopIteration

During handling of the above exception, another exception occurred:

Traceback (most recent call last):
  File "/ragflow/.venv/lib/python3.10/site-packages/valkey/connection.py", line 302, in connect
    sock = self.retry.call_with_retry(
  File "/ragflow/.venv/lib/python3.10/site-packages/valkey/retry.py", line 62, in call_with_retry
    return do()
  File "/ragflow/.venv/lib/python3.10/site-packages/valkey/connection.py", line 303, in <lambda>
    lambda: self._connect(), lambda error: self.disconnect(error)
  File "/ragflow/.venv/lib/python3.10/site-packages/valkey/connection.py", line 728, in _connect
    raise err
  File "/ragflow/.venv/lib/python3.10/site-packages/valkey/connection.py", line 716, in _connect
    sock.connect(socket_address)
ConnectionRefusedError: [Errno 111] Connection refused

During handling of the above exception, another exception occurred:

Traceback (most recent call last):
  File "/ragflow/rag/utils/redis_conn.py", line 228, in queue_consumer
    group_info = self.REDIS.xinfo_groups(queue_name)
  File "/ragflow/.venv/lib/python3.10/site-packages/valkey/commands/core.py", line 3810, in xinfo_groups
    return self.execute_command("XINFO GROUPS", name)
  File "/ragflow/.venv/lib/python3.10/site-packages/valkey/client.py", line 564, in execute_command
    conn = self.connection or pool.get_connection(command_name, **options)
  File "/ragflow/.venv/lib/python3.10/site-packages/valkey/connection.py", line 1107, in get_connection
    connection.connect()
  File "/ragflow/.venv/lib/python3.10/site-packages/valkey/connection.py", line 308, in connect
    raise ConnectionError(self._error_message(e))
valkey.exceptions.ConnectionError: Error 111 connecting to redis:6379. Connection refused.
2025-06-19 14:42:51,307 ERROR    39 RedisDB.queue_consumer rag_flow_svr_queue got exception: Error 111 connecting to redis:6379. Connection refused.
Traceback (most recent call last):
  File "/ragflow/rag/svr/task_executor.py", line 193, in collect
    redis_msg = next(UNACKED_ITERATOR)
StopIteration

During handling of the above exception, another exception occurred:

Traceback (most recent call last):
  File "/ragflow/.venv/lib/python3.10/site-packages/valkey/connection.py", line 302, in connect
    sock = self.retry.call_with_retry(
  File "/ragflow/.venv/lib/python3.10/site-packages/valkey/retry.py", line 62, in call_with_retry
    return do()
  File "/ragflow/.venv/lib/python3.10/site-packages/valkey/connection.py", line 303, in <lambda>
    lambda: self._connect(), lambda error: self.disconnect(error)
  File "/ragflow/.venv/lib/python3.10/site-packages/valkey/connection.py", line 728, in _connect
    raise err
  File "/ragflow/.venv/lib/python3.10/site-packages/valkey/connection.py", line 716, in _connect
    sock.connect(socket_address)
ConnectionRefusedError: [Errno 111] Connection refused

During handling of the above exception, another exception occurred:

Traceback (most recent call last):
  File "/ragflow/rag/utils/redis_conn.py", line 228, in queue_consumer
    group_info = self.REDIS.xinfo_groups(queue_name)
  File "/ragflow/.venv/lib/python3.10/site-packages/valkey/commands/core.py", line 3810, in xinfo_groups
    return self.execute_command("XINFO GROUPS", name)
  File "/ragflow/.venv/lib/python3.10/site-packages/valkey/client.py", line 564, in execute_command
    conn = self.connection or pool.get_connection(command_name, **options)
  File "/ragflow/.venv/lib/python3.10/site-packages/valkey/connection.py", line 1107, in get_connection
    connection.connect()
  File "/ragflow/.venv/lib/python3.10/site-packages/valkey/connection.py", line 308, in connect
    raise ConnectionError(self._error_message(e))
valkey.exceptions.ConnectionError: Error 111 connecting to redis:6379. Connection refused.
2025-06-19 14:42:51,405 ERROR    39 RedisDB.queue_consumer rag_flow_svr_queue_1 got exception: Error 111 connecting to redis:6379. Connection refused.
Traceback (most recent call last):
  File "/ragflow/rag/svr/task_executor.py", line 193, in collect
    redis_msg = next(UNACKED_ITERATOR)
StopIteration

During handling of the above exception, another exception occurred:

Traceback (most recent call last):
  File "/ragflow/.venv/lib/python3.10/site-packages/valkey/connection.py", line 302, in connect
    sock = self.retry.call_with_retry(
  File "/ragflow/.venv/lib/python3.10/site-packages/valkey/retry.py", line 62, in call_with_retry
    return do()
  File "/ragflow/.venv/lib/python3.10/site-packages/valkey/connection.py", line 303, in <lambda>
    lambda: self._connect(), lambda error: self.disconnect(error)
  File "/ragflow/.venv/lib/python3.10/site-packages/valkey/connection.py", line 728, in _connect
    raise err
  File "/ragflow/.venv/lib/python3.10/site-packages/valkey/connection.py", line 716, in _connect
    sock.connect(socket_address)
ConnectionRefusedError: [Errno 111] Connection refused

During handling of the above exception, another exception occurred:

Traceback (most recent call last):
  File "/ragflow/rag/utils/redis_conn.py", line 228, in queue_consumer
    group_info = self.REDIS.xinfo_groups(queue_name)
  File "/ragflow/.venv/lib/python3.10/site-packages/valkey/commands/core.py", line 3810, in xinfo_groups
    return self.execute_command("XINFO GROUPS", name)
  File "/ragflow/.venv/lib/python3.10/site-packages/valkey/client.py", line 564, in execute_command
    conn = self.connection or pool.get_connection(command_name, **options)
  File "/ragflow/.venv/lib/python3.10/site-packages/valkey/connection.py", line 1107, in get_connection
    connection.connect()
  File "/ragflow/.venv/lib/python3.10/site-packages/valkey/connection.py", line 308, in connect
    raise ConnectionError(self._error_message(e))
valkey.exceptions.ConnectionError: Error 111 connecting to redis:6379. Connection refused.
2025-06-19 14:42:51,407 ERROR    39 RedisDB.queue_consumer rag_flow_svr_queue got exception: Error 111 connecting to redis:6379. Connection refused.
Traceback (most recent call last):
  File "/ragflow/rag/svr/task_executor.py", line 193, in collect
    redis_msg = next(UNACKED_ITERATOR)
StopIteration

During handling of the above exception, another exception occurred:

Traceback (most recent call last):
  File "/ragflow/.venv/lib/python3.10/site-packages/valkey/connection.py", line 302, in connect
    sock = self.retry.call_with_retry(
  File "/ragflow/.venv/lib/python3.10/site-packages/valkey/retry.py", line 62, in call_with_retry
    return do()
  File "/ragflow/.venv/lib/python3.10/site-packages/valkey/connection.py", line 303, in <lambda>
    lambda: self._connect(), lambda error: self.disconnect(error)
  File "/ragflow/.venv/lib/python3.10/site-packages/valkey/connection.py", line 728, in _connect
    raise err
  File "/ragflow/.venv/lib/python3.10/site-packages/valkey/connection.py", line 716, in _connect
    sock.connect(socket_address)
ConnectionRefusedError: [Errno 111] Connection refused

During handling of the above exception, another exception occurred:

Traceback (most recent call last):
  File "/ragflow/rag/utils/redis_conn.py", line 228, in queue_consumer
    group_info = self.REDIS.xinfo_groups(queue_name)
  File "/ragflow/.venv/lib/python3.10/site-packages/valkey/commands/core.py", line 3810, in xinfo_groups
    return self.execute_command("XINFO GROUPS", name)
  File "/ragflow/.venv/lib/python3.10/site-packages/valkey/client.py", line 564, in execute_command
    conn = self.connection or pool.get_connection(command_name, **options)
  File "/ragflow/.venv/lib/python3.10/site-packages/valkey/connection.py", line 1107, in get_connection
    connection.connect()
  File "/ragflow/.venv/lib/python3.10/site-packages/valkey/connection.py", line 308, in connect
    raise ConnectionError(self._error_message(e))
valkey.exceptions.ConnectionError: Error 111 connecting to redis:6379. Connection refused.
2025-06-19 14:43:00,202 WARNING  39 recover_pending_tasks got exception
