2025-06-20 14:10:03,863 INFO     58 task_executor_59377a27b2ea_0 log path: /ragflow/logs/task_executor_59377a27b2ea_0.log, log levels: {'peewee': 'WARNING', 'pdfminer': 'WARNING', 'root': 'INFO'}
2025-06-20 14:10:03,863 INFO     58 
  ______           __      ______                     __
 /_  __/___ ______/ /__   / ____/  _____  _______  __/ /_____  _____
  / / / __ `/ ___/ //_/  / __/ | |/_/ _ \/ ___/ / / / __/ __ \/ ___/
 / / / /_/ (__  ) ,<    / /____>  </  __/ /__/ /_/ / /_/ /_/ / /
/_/  \__,_/____/_/|_|  /_____/_/|_|\___/\___/\__,_/\__/\____/_/
    
2025-06-20 14:10:03,864 INFO     58 TaskExecutor: RAGFlow version: v0.19.0 slim
2025-06-20 14:10:03,864 INFO     58 Use Elasticsearch http://es01:9200 as the doc engine.
2025-06-20 14:10:03,871 INFO     58 GET http://es01:9200/ [status:N/A duration:0.005s]
2025-06-20 14:10:03,871 WARNING  58 Node <Urllib3HttpNode(http://es01:9200)> has failed for 1 times in a row, putting on 1 second timeout
2025-06-20 14:10:03,871 WARNING  58 Retrying request after failure (attempt 0 of 3)
Traceback (most recent call last):
  File "/ragflow/.venv/lib/python3.10/site-packages/elastic_transport/_transport.py", line 328, in perform_request
    meta, raw_data = node.perform_request(
  File "/ragflow/.venv/lib/python3.10/site-packages/elastic_transport/_node/_http_urllib3.py", line 202, in perform_request
    raise err from None
elastic_transport.ConnectionError: Connection error caused by: NameResolutionError(<urllib3.connection.HTTPConnection object at 0x7f71895ae8f0>: Failed to resolve 'es01' ([Errno -3] Temporary failure in name resolution))
2025-06-20 14:10:03,878 INFO     58 GET http://es01:9200/ [status:N/A duration:0.004s]
2025-06-20 14:10:03,878 WARNING  58 Node <Urllib3HttpNode(http://es01:9200)> has failed for 2 times in a row, putting on 2 second timeout
2025-06-20 14:10:03,878 WARNING  58 Retrying request after failure (attempt 1 of 3)
Traceback (most recent call last):
  File "/ragflow/.venv/lib/python3.10/site-packages/elastic_transport/_transport.py", line 328, in perform_request
    meta, raw_data = node.perform_request(
  File "/ragflow/.venv/lib/python3.10/site-packages/elastic_transport/_node/_http_urllib3.py", line 202, in perform_request
    raise err from None
elastic_transport.ConnectionError: Connection error caused by: NameResolutionError(<urllib3.connection.HTTPConnection object at 0x7f71895ad570>: Failed to resolve 'es01' ([Errno -3] Temporary failure in name resolution))
2025-06-20 14:10:03,881 INFO     58 GET http://es01:9200/ [status:N/A duration:0.002s]
2025-06-20 14:10:03,881 WARNING  58 Node <Urllib3HttpNode(http://es01:9200)> has failed for 3 times in a row, putting on 4 second timeout
2025-06-20 14:10:03,882 WARNING  58 Retrying request after failure (attempt 2 of 3)
Traceback (most recent call last):
  File "/ragflow/.venv/lib/python3.10/site-packages/elastic_transport/_transport.py", line 328, in perform_request
    meta, raw_data = node.perform_request(
  File "/ragflow/.venv/lib/python3.10/site-packages/elastic_transport/_node/_http_urllib3.py", line 202, in perform_request
    raise err from None
elastic_transport.ConnectionError: Connection error caused by: NameResolutionError(<urllib3.connection.HTTPConnection object at 0x7f71895ad3c0>: Failed to resolve 'es01' ([Errno -3] Temporary failure in name resolution))
2025-06-20 14:10:03,884 INFO     58 GET http://es01:9200/ [status:N/A duration:0.002s]
2025-06-20 14:10:03,884 WARNING  58 Node <Urllib3HttpNode(http://es01:9200)> has failed for 4 times in a row, putting on 8 second timeout
2025-06-20 14:10:03,885 WARNING  58 Connection error caused by: ConnectionError(Connection error caused by: NameResolutionError(<urllib3.connection.HTTPConnection object at 0x7f71895ae8f0>: Failed to resolve 'es01' ([Errno -3] Temporary failure in name resolution))). Waiting Elasticsearch http://es01:9200 to be healthy.
2025-06-20 14:10:08,897 INFO     58 GET http://es01:9200/ [status:N/A duration:0.005s]
2025-06-20 14:10:08,897 WARNING  58 Node <Urllib3HttpNode(http://es01:9200)> has failed for 1 times in a row, putting on 1 second timeout
2025-06-20 14:10:08,898 WARNING  58 Retrying request after failure (attempt 0 of 3)
Traceback (most recent call last):
  File "/ragflow/.venv/lib/python3.10/site-packages/elastic_transport/_transport.py", line 328, in perform_request
    meta, raw_data = node.perform_request(
  File "/ragflow/.venv/lib/python3.10/site-packages/elastic_transport/_node/_http_urllib3.py", line 202, in perform_request
    raise err from None
elastic_transport.ConnectionError: Connection error caused by: NameResolutionError(<urllib3.connection.HTTPConnection object at 0x7f718f8fd450>: Failed to resolve 'es01' ([Errno -3] Temporary failure in name resolution))
2025-06-20 14:10:08,901 INFO     58 GET http://es01:9200/ [status:N/A duration:0.003s]
2025-06-20 14:10:08,901 WARNING  58 Node <Urllib3HttpNode(http://es01:9200)> has failed for 2 times in a row, putting on 2 second timeout
2025-06-20 14:10:08,901 WARNING  58 Retrying request after failure (attempt 1 of 3)
Traceback (most recent call last):
  File "/ragflow/.venv/lib/python3.10/site-packages/elastic_transport/_transport.py", line 328, in perform_request
    meta, raw_data = node.perform_request(
  File "/ragflow/.venv/lib/python3.10/site-packages/elastic_transport/_node/_http_urllib3.py", line 202, in perform_request
    raise err from None
elastic_transport.ConnectionError: Connection error caused by: NameResolutionError(<urllib3.connection.HTTPConnection object at 0x7f718f8fffd0>: Failed to resolve 'es01' ([Errno -3] Temporary failure in name resolution))
2025-06-20 14:10:08,904 INFO     58 GET http://es01:9200/ [status:N/A duration:0.002s]
2025-06-20 14:10:08,904 WARNING  58 Node <Urllib3HttpNode(http://es01:9200)> has failed for 3 times in a row, putting on 4 second timeout
2025-06-20 14:10:08,904 WARNING  58 Retrying request after failure (attempt 2 of 3)
Traceback (most recent call last):
  File "/ragflow/.venv/lib/python3.10/site-packages/elastic_transport/_transport.py", line 328, in perform_request
    meta, raw_data = node.perform_request(
  File "/ragflow/.venv/lib/python3.10/site-packages/elastic_transport/_node/_http_urllib3.py", line 202, in perform_request
    raise err from None
elastic_transport.ConnectionError: Connection error caused by: NameResolutionError(<urllib3.connection.HTTPConnection object at 0x7f718f8fd840>: Failed to resolve 'es01' ([Errno -3] Temporary failure in name resolution))
2025-06-20 14:10:08,906 INFO     58 GET http://es01:9200/ [status:N/A duration:0.002s]
2025-06-20 14:10:08,906 WARNING  58 Node <Urllib3HttpNode(http://es01:9200)> has failed for 4 times in a row, putting on 8 second timeout
2025-06-20 14:10:08,907 WARNING  58 Connection error caused by: ConnectionError(Connection error caused by: NameResolutionError(<urllib3.connection.HTTPConnection object at 0x7f718f8fd450>: Failed to resolve 'es01' ([Errno -3] Temporary failure in name resolution))). Waiting Elasticsearch http://es01:9200 to be healthy.
2025-06-20 14:10:13,912 INFO     58 Resurrected node <Urllib3HttpNode(http://es01:9200)> (force=False)
2025-06-20 14:10:13,916 INFO     58 HEAD http://es01:9200/ [status:N/A duration:0.003s]
2025-06-20 14:10:13,917 WARNING  58 Node <Urllib3HttpNode(http://es01:9200)> has failed for 5 times in a row, putting on 16 second timeout
2025-06-20 14:10:13,917 WARNING  58 Retrying request after failure (attempt 0 of 3)
Traceback (most recent call last):
  File "/ragflow/.venv/lib/python3.10/site-packages/elastic_transport/_transport.py", line 328, in perform_request
    meta, raw_data = node.perform_request(
  File "/ragflow/.venv/lib/python3.10/site-packages/elastic_transport/_node/_http_urllib3.py", line 202, in perform_request
    raise err from None
elastic_transport.ConnectionError: Connection error caused by: NameResolutionError(<urllib3.connection.HTTPConnection object at 0x7f718f8fc940>: Failed to resolve 'es01' ([Errno -3] Temporary failure in name resolution))
2025-06-20 14:10:13,917 INFO     58 Resurrected node <Urllib3HttpNode(http://es01:9200)> (force=False)
2025-06-20 14:10:13,920 INFO     58 HEAD http://es01:9200/ [status:N/A duration:0.003s]
2025-06-20 14:10:13,921 WARNING  58 Node <Urllib3HttpNode(http://es01:9200)> has failed for 6 times in a row, putting on 30 second timeout
2025-06-20 14:10:13,921 WARNING  58 Retrying request after failure (attempt 1 of 3)
Traceback (most recent call last):
  File "/ragflow/.venv/lib/python3.10/site-packages/elastic_transport/_transport.py", line 328, in perform_request
    meta, raw_data = node.perform_request(
  File "/ragflow/.venv/lib/python3.10/site-packages/elastic_transport/_node/_http_urllib3.py", line 202, in perform_request
    raise err from None
elastic_transport.ConnectionError: Connection error caused by: NameResolutionError(<urllib3.connection.HTTPConnection object at 0x7f718f8fdf30>: Failed to resolve 'es01' ([Errno -3] Temporary failure in name resolution))
2025-06-20 14:10:13,921 INFO     58 Resurrected node <Urllib3HttpNode(http://es01:9200)> (force=False)
2025-06-20 14:10:13,924 INFO     58 HEAD http://es01:9200/ [status:N/A duration:0.003s]
2025-06-20 14:10:13,924 WARNING  58 Node <Urllib3HttpNode(http://es01:9200)> has failed for 7 times in a row, putting on 30 second timeout
2025-06-20 14:10:13,924 WARNING  58 Retrying request after failure (attempt 2 of 3)
Traceback (most recent call last):
  File "/ragflow/.venv/lib/python3.10/site-packages/elastic_transport/_transport.py", line 328, in perform_request
    meta, raw_data = node.perform_request(
  File "/ragflow/.venv/lib/python3.10/site-packages/elastic_transport/_node/_http_urllib3.py", line 202, in perform_request
    raise err from None
elastic_transport.ConnectionError: Connection error caused by: NameResolutionError(<urllib3.connection.HTTPConnection object at 0x7f718f8ff6a0>: Failed to resolve 'es01' ([Errno -3] Temporary failure in name resolution))
2025-06-20 14:10:13,929 INFO     58 HEAD http://es01:9200/ [status:N/A duration:0.004s]
2025-06-20 14:10:13,929 WARNING  58 Node <Urllib3HttpNode(http://es01:9200)> has failed for 8 times in a row, putting on 30 second timeout
2025-06-20 14:10:13,929 ERROR    58 Elasticsearch http://es01:9200 is unhealthy in 120s.
