2025-06-17 23:51:46,963 INFO     38 task_executor_be491dd4ec56_0 log path: /ragflow/logs/task_executor_be491dd4ec56_0.log, log levels: {'peewee': 'WARNING', 'pdfminer': 'WARNING', 'root': 'INFO'}
2025-06-17 23:51:46,963 INFO     38 
  ______           __      ______                     __
 /_  __/___ ______/ /__   / ____/  _____  _______  __/ /_____  _____
  / / / __ `/ ___/ //_/  / __/ | |/_/ _ \/ ___/ / / / __/ __ \/ ___/
 / / / /_/ (__  ) ,<    / /____>  </  __/ /__/ /_/ / /_/ /_/ / /
/_/  \__,_/____/_/|_|  /_____/_/|_|\___/\___/\__,_/\__/\____/_/
    
2025-06-17 23:51:46,963 INFO     38 TaskExecutor: RAGFlow version: v0.19.0 slim
2025-06-17 23:51:46,964 INFO     38 Use Elasticsearch http://es01:9200 as the doc engine.
2025-06-17 23:51:46,980 INFO     38 GET http://es01:9200/ [status:200 duration:0.015s]
2025-06-17 23:51:46,987 INFO     38 HEAD http://es01:9200/ [status:200 duration:0.007s]
2025-06-17 23:51:46,988 INFO     38 Elasticsearch http://es01:9200 is healthy.
2025-06-17 23:51:46,998 WARNING  38 Load term.freq FAIL!
2025-06-17 23:51:47,006 WARNING  38 Realtime synonym is disabled, since no redis connection.
2025-06-17 23:51:47,016 WARNING  38 Load term.freq FAIL!
2025-06-17 23:51:47,024 WARNING  38 Realtime synonym is disabled, since no redis connection.
2025-06-17 23:51:47,024 INFO     38 MAX_CONTENT_LENGTH: 134217728
2025-06-17 23:51:47,024 INFO     38 MAX_FILE_COUNT_PER_USER: 0
2025-06-17 23:51:47,032 INFO     38 task_executor_be491dd4ec56_0 reported heartbeat: {"name": "task_executor_be491dd4ec56_0", "now": "2025-06-17T23:51:47.031+08:00", "boot_at": "2025-06-17T23:51:46.962+08:00", "pending": 0, "lag": 0, "done": 0, "failed": 0, "current": {}}
2025-06-17 23:51:47,035 INFO     38 task_executor_cc5b045a34c3_0 expired, removed
2025-06-17 23:51:47,037 WARNING  38 RedisDB.get_unacked_iterator queue rag_flow_svr_queue_1 doesn't exist
2025-06-17 23:52:17,040 INFO     38 task_executor_be491dd4ec56_0 reported heartbeat: {"name": "task_executor_be491dd4ec56_0", "now": "2025-06-17T23:52:17.037+08:00", "boot_at": "2025-06-17T23:51:46.962+08:00", "pending": 0, "lag": 0, "done": 0, "failed": 0, "current": {}}
2025-06-17 23:52:47,044 INFO     38 task_executor_be491dd4ec56_0 reported heartbeat: {"name": "task_executor_be491dd4ec56_0", "now": "2025-06-17T23:52:47.043+08:00", "boot_at": "2025-06-17T23:51:46.962+08:00", "pending": 0, "lag": 0, "done": 0, "failed": 0, "current": {}}
2025-06-17 23:53:17,049 INFO     38 task_executor_be491dd4ec56_0 reported heartbeat: {"name": "task_executor_be491dd4ec56_0", "now": "2025-06-17T23:53:17.047+08:00", "boot_at": "2025-06-17T23:51:46.962+08:00", "pending": 0, "lag": 0, "done": 0, "failed": 0, "current": {}}
2025-06-17 23:53:47,055 INFO     38 task_executor_be491dd4ec56_0 reported heartbeat: {"name": "task_executor_be491dd4ec56_0", "now": "2025-06-17T23:53:47.052+08:00", "boot_at": "2025-06-17T23:51:46.962+08:00", "pending": 0, "lag": 0, "done": 0, "failed": 0, "current": {}}
2025-06-17 23:54:17,060 INFO     38 task_executor_be491dd4ec56_0 reported heartbeat: {"name": "task_executor_be491dd4ec56_0", "now": "2025-06-17T23:54:17.057+08:00", "boot_at": "2025-06-17T23:51:46.962+08:00", "pending": 0, "lag": 0, "done": 0, "failed": 0, "current": {}}
2025-06-17 23:54:47,066 INFO     38 task_executor_be491dd4ec56_0 reported heartbeat: {"name": "task_executor_be491dd4ec56_0", "now": "2025-06-17T23:54:47.064+08:00", "boot_at": "2025-06-17T23:51:46.962+08:00", "pending": 0, "lag": 0, "done": 0, "failed": 0, "current": {}}
2025-06-17 23:55:17,072 INFO     38 task_executor_be491dd4ec56_0 reported heartbeat: {"name": "task_executor_be491dd4ec56_0", "now": "2025-06-17T23:55:17.069+08:00", "boot_at": "2025-06-17T23:51:46.962+08:00", "pending": 0, "lag": 0, "done": 0, "failed": 0, "current": {}}
2025-06-17 23:55:47,077 INFO     38 task_executor_be491dd4ec56_0 reported heartbeat: {"name": "task_executor_be491dd4ec56_0", "now": "2025-06-17T23:55:47.075+08:00", "boot_at": "2025-06-17T23:51:46.962+08:00", "pending": 0, "lag": 0, "done": 0, "failed": 0, "current": {}}
2025-06-17 23:56:17,082 INFO     38 task_executor_be491dd4ec56_0 reported heartbeat: {"name": "task_executor_be491dd4ec56_0", "now": "2025-06-17T23:56:17.080+08:00", "boot_at": "2025-06-17T23:51:46.962+08:00", "pending": 0, "lag": 0, "done": 0, "failed": 0, "current": {}}
2025-06-17 23:56:47,087 INFO     38 task_executor_be491dd4ec56_0 reported heartbeat: {"name": "task_executor_be491dd4ec56_0", "now": "2025-06-17T23:56:47.085+08:00", "boot_at": "2025-06-17T23:51:46.962+08:00", "pending": 0, "lag": 0, "done": 0, "failed": 0, "current": {}}
2025-06-17 23:57:17,091 INFO     38 task_executor_be491dd4ec56_0 reported heartbeat: {"name": "task_executor_be491dd4ec56_0", "now": "2025-06-17T23:57:17.089+08:00", "boot_at": "2025-06-17T23:51:46.962+08:00", "pending": 0, "lag": 0, "done": 0, "failed": 0, "current": {}}
2025-06-17 23:57:47,096 INFO     38 task_executor_be491dd4ec56_0 reported heartbeat: {"name": "task_executor_be491dd4ec56_0", "now": "2025-06-17T23:57:47.094+08:00", "boot_at": "2025-06-17T23:51:46.962+08:00", "pending": 0, "lag": 0, "done": 0, "failed": 0, "current": {}}
2025-06-17 23:58:17,101 INFO     38 task_executor_be491dd4ec56_0 reported heartbeat: {"name": "task_executor_be491dd4ec56_0", "now": "2025-06-17T23:58:17.099+08:00", "boot_at": "2025-06-17T23:51:46.962+08:00", "pending": 0, "lag": 0, "done": 0, "failed": 0, "current": {}}
2025-06-17 23:58:47,108 INFO     38 task_executor_be491dd4ec56_0 reported heartbeat: {"name": "task_executor_be491dd4ec56_0", "now": "2025-06-17T23:58:47.105+08:00", "boot_at": "2025-06-17T23:51:46.962+08:00", "pending": 0, "lag": 0, "done": 0, "failed": 0, "current": {}}
2025-06-17 23:59:17,115 INFO     38 task_executor_be491dd4ec56_0 reported heartbeat: {"name": "task_executor_be491dd4ec56_0", "now": "2025-06-17T23:59:17.113+08:00", "boot_at": "2025-06-17T23:51:46.962+08:00", "pending": 0, "lag": 0, "done": 0, "failed": 0, "current": {}}
2025-06-17 23:59:47,122 INFO     38 task_executor_be491dd4ec56_0 reported heartbeat: {"name": "task_executor_be491dd4ec56_0", "now": "2025-06-17T23:59:47.120+08:00", "boot_at": "2025-06-17T23:51:46.962+08:00", "pending": 0, "lag": 0, "done": 0, "failed": 0, "current": {}}
2025-06-18 00:00:17,127 INFO     38 task_executor_be491dd4ec56_0 reported heartbeat: {"name": "task_executor_be491dd4ec56_0", "now": "2025-06-18T00:00:17.125+08:00", "boot_at": "2025-06-17T23:51:46.962+08:00", "pending": 0, "lag": 0, "done": 0, "failed": 0, "current": {}}
2025-06-18 00:00:47,133 INFO     38 task_executor_be491dd4ec56_0 reported heartbeat: {"name": "task_executor_be491dd4ec56_0", "now": "2025-06-18T00:00:47.131+08:00", "boot_at": "2025-06-17T23:51:46.962+08:00", "pending": 0, "lag": 0, "done": 0, "failed": 0, "current": {}}
2025-06-18 00:01:17,138 INFO     38 task_executor_be491dd4ec56_0 reported heartbeat: {"name": "task_executor_be491dd4ec56_0", "now": "2025-06-18T00:01:17.136+08:00", "boot_at": "2025-06-17T23:51:46.962+08:00", "pending": 0, "lag": 0, "done": 0, "failed": 0, "current": {}}
2025-06-18 00:01:47,144 INFO     38 task_executor_be491dd4ec56_0 reported heartbeat: {"name": "task_executor_be491dd4ec56_0", "now": "2025-06-18T00:01:47.142+08:00", "boot_at": "2025-06-17T23:51:46.962+08:00", "pending": 0, "lag": 0, "done": 0, "failed": 0, "current": {}}
2025-06-18 00:02:17,150 INFO     38 task_executor_be491dd4ec56_0 reported heartbeat: {"name": "task_executor_be491dd4ec56_0", "now": "2025-06-18T00:02:17.148+08:00", "boot_at": "2025-06-17T23:51:46.962+08:00", "pending": 0, "lag": 0, "done": 0, "failed": 0, "current": {}}
2025-06-18 00:02:47,155 INFO     38 task_executor_be491dd4ec56_0 reported heartbeat: {"name": "task_executor_be491dd4ec56_0", "now": "2025-06-18T00:02:47.154+08:00", "boot_at": "2025-06-17T23:51:46.962+08:00", "pending": 0, "lag": 0, "done": 0, "failed": 0, "current": {}}
2025-06-18 00:03:17,160 INFO     38 task_executor_be491dd4ec56_0 reported heartbeat: {"name": "task_executor_be491dd4ec56_0", "now": "2025-06-18T00:03:17.158+08:00", "boot_at": "2025-06-17T23:51:46.962+08:00", "pending": 0, "lag": 0, "done": 0, "failed": 0, "current": {}}
2025-06-18 00:03:47,168 INFO     38 task_executor_be491dd4ec56_0 reported heartbeat: {"name": "task_executor_be491dd4ec56_0", "now": "2025-06-18T00:03:47.166+08:00", "boot_at": "2025-06-17T23:51:46.962+08:00", "pending": 0, "lag": 0, "done": 0, "failed": 0, "current": {}}
2025-06-18 00:04:17,173 INFO     38 task_executor_be491dd4ec56_0 reported heartbeat: {"name": "task_executor_be491dd4ec56_0", "now": "2025-06-18T00:04:17.171+08:00", "boot_at": "2025-06-17T23:51:46.962+08:00", "pending": 0, "lag": 0, "done": 0, "failed": 0, "current": {}}
2025-06-18 00:04:47,179 INFO     38 task_executor_be491dd4ec56_0 reported heartbeat: {"name": "task_executor_be491dd4ec56_0", "now": "2025-06-18T00:04:47.176+08:00", "boot_at": "2025-06-17T23:51:46.962+08:00", "pending": 0, "lag": 0, "done": 0, "failed": 0, "current": {}}
2025-06-18 00:05:17,199 INFO     38 task_executor_be491dd4ec56_0 reported heartbeat: {"name": "task_executor_be491dd4ec56_0", "now": "2025-06-18T00:05:17.197+08:00", "boot_at": "2025-06-17T23:51:46.962+08:00", "pending": 0, "lag": 0, "done": 0, "failed": 0, "current": {}}
2025-06-18 00:05:47,205 INFO     38 task_executor_be491dd4ec56_0 reported heartbeat: {"name": "task_executor_be491dd4ec56_0", "now": "2025-06-18T00:05:47.202+08:00", "boot_at": "2025-06-17T23:51:46.962+08:00", "pending": 0, "lag": 0, "done": 0, "failed": 0, "current": {}}
2025-06-18 00:06:17,234 INFO     38 task_executor_be491dd4ec56_0 reported heartbeat: {"name": "task_executor_be491dd4ec56_0", "now": "2025-06-18T00:06:17.232+08:00", "boot_at": "2025-06-17T23:51:46.962+08:00", "pending": 0, "lag": 0, "done": 0, "failed": 0, "current": {}}
2025-06-18 00:06:47,241 INFO     38 task_executor_be491dd4ec56_0 reported heartbeat: {"name": "task_executor_be491dd4ec56_0", "now": "2025-06-18T00:06:47.238+08:00", "boot_at": "2025-06-17T23:51:46.962+08:00", "pending": 0, "lag": 0, "done": 0, "failed": 0, "current": {}}
2025-06-18 00:07:17,246 INFO     38 task_executor_be491dd4ec56_0 reported heartbeat: {"name": "task_executor_be491dd4ec56_0", "now": "2025-06-18T00:07:17.244+08:00", "boot_at": "2025-06-17T23:51:46.962+08:00", "pending": 0, "lag": 0, "done": 0, "failed": 0, "current": {}}
2025-06-18 00:07:47,254 INFO     38 task_executor_be491dd4ec56_0 reported heartbeat: {"name": "task_executor_be491dd4ec56_0", "now": "2025-06-18T00:07:47.251+08:00", "boot_at": "2025-06-17T23:51:46.962+08:00", "pending": 0, "lag": 0, "done": 0, "failed": 0, "current": {}}
2025-06-18 00:08:17,260 INFO     38 task_executor_be491dd4ec56_0 reported heartbeat: {"name": "task_executor_be491dd4ec56_0", "now": "2025-06-18T00:08:17.258+08:00", "boot_at": "2025-06-17T23:51:46.962+08:00", "pending": 0, "lag": 0, "done": 0, "failed": 0, "current": {}}
2025-06-18 00:08:47,265 INFO     38 task_executor_be491dd4ec56_0 reported heartbeat: {"name": "task_executor_be491dd4ec56_0", "now": "2025-06-18T00:08:47.264+08:00", "boot_at": "2025-06-17T23:51:46.962+08:00", "pending": 0, "lag": 0, "done": 0, "failed": 0, "current": {}}
2025-06-18 00:09:17,269 INFO     38 task_executor_be491dd4ec56_0 reported heartbeat: {"name": "task_executor_be491dd4ec56_0", "now": "2025-06-18T00:09:17.268+08:00", "boot_at": "2025-06-17T23:51:46.962+08:00", "pending": 0, "lag": 0, "done": 0, "failed": 0, "current": {}}
2025-06-18 00:09:47,272 INFO     38 task_executor_be491dd4ec56_0 reported heartbeat: {"name": "task_executor_be491dd4ec56_0", "now": "2025-06-18T00:09:47.271+08:00", "boot_at": "2025-06-17T23:51:46.962+08:00", "pending": 0, "lag": 0, "done": 0, "failed": 0, "current": {}}
2025-06-18 00:10:17,276 INFO     38 task_executor_be491dd4ec56_0 reported heartbeat: {"name": "task_executor_be491dd4ec56_0", "now": "2025-06-18T00:10:17.275+08:00", "boot_at": "2025-06-17T23:51:46.962+08:00", "pending": 0, "lag": 0, "done": 0, "failed": 0, "current": {}}
2025-06-18 00:10:33,362 ERROR    38 RedisDB.queue_consumer rag_flow_svr_queue_1 got exception: Error -3 connecting to redis:6379. Temporary failure in name resolution.
Traceback (most recent call last):
  File "/ragflow/rag/svr/task_executor.py", line 193, in collect
    redis_msg = next(UNACKED_ITERATOR)
StopIteration

During handling of the above exception, another exception occurred:

Traceback (most recent call last):
  File "/ragflow/.venv/lib/python3.10/site-packages/valkey/connection.py", line 1116, in get_connection
    if connection.can_read() and connection.client_cache is None:
  File "/ragflow/.venv/lib/python3.10/site-packages/valkey/connection.py", line 524, in can_read
    return self._parser.can_read(timeout)
  File "/ragflow/.venv/lib/python3.10/site-packages/valkey/_parsers/base.py", line 128, in can_read
    return self._buffer and self._buffer.can_read(timeout)
  File "/ragflow/.venv/lib/python3.10/site-packages/valkey/_parsers/socket.py", line 95, in can_read
    return bool(self.unread_bytes()) or self._read_from_socket(
  File "/ragflow/.venv/lib/python3.10/site-packages/valkey/_parsers/socket.py", line 68, in _read_from_socket
    raise ConnectionError(SERVER_CLOSED_CONNECTION_ERROR)
valkey.exceptions.ConnectionError: Connection closed by server.

During handling of the above exception, another exception occurred:

Traceback (most recent call last):
  File "/ragflow/.venv/lib/python3.10/site-packages/valkey/connection.py", line 302, in connect
    sock = self.retry.call_with_retry(
  File "/ragflow/.venv/lib/python3.10/site-packages/valkey/retry.py", line 62, in call_with_retry
    return do()
  File "/ragflow/.venv/lib/python3.10/site-packages/valkey/connection.py", line 303, in <lambda>
    lambda: self._connect(), lambda error: self.disconnect(error)
  File "/ragflow/.venv/lib/python3.10/site-packages/valkey/connection.py", line 696, in _connect
    for res in socket.getaddrinfo(
  File "/usr/lib/python3.10/socket.py", line 955, in getaddrinfo
    for res in _socket.getaddrinfo(host, port, family, type, proto, flags):
socket.gaierror: [Errno -3] Temporary failure in name resolution

During handling of the above exception, another exception occurred:

Traceback (most recent call last):
  File "/ragflow/rag/utils/redis_conn.py", line 228, in queue_consumer
    group_info = self.REDIS.xinfo_groups(queue_name)
  File "/ragflow/.venv/lib/python3.10/site-packages/valkey/commands/core.py", line 3810, in xinfo_groups
    return self.execute_command("XINFO GROUPS", name)
  File "/ragflow/.venv/lib/python3.10/site-packages/valkey/client.py", line 564, in execute_command
    conn = self.connection or pool.get_connection(command_name, **options)
  File "/ragflow/.venv/lib/python3.10/site-packages/valkey/connection.py", line 1120, in get_connection
    connection.connect()
  File "/ragflow/.venv/lib/python3.10/site-packages/valkey/connection.py", line 308, in connect
    raise ConnectionError(self._error_message(e))
valkey.exceptions.ConnectionError: Error -3 connecting to redis:6379. Temporary failure in name resolution.
2025-06-18 00:10:33,376 ERROR    38 RedisDB.queue_consumer rag_flow_svr_queue got exception: Error -3 connecting to redis:6379. Temporary failure in name resolution.
Traceback (most recent call last):
  File "/ragflow/rag/svr/task_executor.py", line 193, in collect
    redis_msg = next(UNACKED_ITERATOR)
StopIteration

During handling of the above exception, another exception occurred:

Traceback (most recent call last):
  File "/ragflow/.venv/lib/python3.10/site-packages/valkey/connection.py", line 302, in connect
    sock = self.retry.call_with_retry(
  File "/ragflow/.venv/lib/python3.10/site-packages/valkey/retry.py", line 62, in call_with_retry
    return do()
  File "/ragflow/.venv/lib/python3.10/site-packages/valkey/connection.py", line 303, in <lambda>
    lambda: self._connect(), lambda error: self.disconnect(error)
  File "/ragflow/.venv/lib/python3.10/site-packages/valkey/connection.py", line 696, in _connect
    for res in socket.getaddrinfo(
  File "/usr/lib/python3.10/socket.py", line 955, in getaddrinfo
    for res in _socket.getaddrinfo(host, port, family, type, proto, flags):
socket.gaierror: [Errno -3] Temporary failure in name resolution

During handling of the above exception, another exception occurred:

Traceback (most recent call last):
  File "/ragflow/rag/utils/redis_conn.py", line 228, in queue_consumer
    group_info = self.REDIS.xinfo_groups(queue_name)
  File "/ragflow/.venv/lib/python3.10/site-packages/valkey/commands/core.py", line 3810, in xinfo_groups
    return self.execute_command("XINFO GROUPS", name)
  File "/ragflow/.venv/lib/python3.10/site-packages/valkey/client.py", line 564, in execute_command
    conn = self.connection or pool.get_connection(command_name, **options)
  File "/ragflow/.venv/lib/python3.10/site-packages/valkey/connection.py", line 1107, in get_connection
    connection.connect()
  File "/ragflow/.venv/lib/python3.10/site-packages/valkey/connection.py", line 308, in connect
    raise ConnectionError(self._error_message(e))
valkey.exceptions.ConnectionError: Error -3 connecting to redis:6379. Temporary failure in name resolution.
2025-06-18 00:10:33,461 ERROR    38 RedisDB.queue_consumer rag_flow_svr_queue_1 got exception: Error -3 connecting to redis:6379. Temporary failure in name resolution.
Traceback (most recent call last):
  File "/ragflow/rag/svr/task_executor.py", line 193, in collect
    redis_msg = next(UNACKED_ITERATOR)
StopIteration

During handling of the above exception, another exception occurred:

Traceback (most recent call last):
  File "/ragflow/.venv/lib/python3.10/site-packages/valkey/connection.py", line 302, in connect
    sock = self.retry.call_with_retry(
  File "/ragflow/.venv/lib/python3.10/site-packages/valkey/retry.py", line 62, in call_with_retry
    return do()
  File "/ragflow/.venv/lib/python3.10/site-packages/valkey/connection.py", line 303, in <lambda>
    lambda: self._connect(), lambda error: self.disconnect(error)
  File "/ragflow/.venv/lib/python3.10/site-packages/valkey/connection.py", line 696, in _connect
    for res in socket.getaddrinfo(
  File "/usr/lib/python3.10/socket.py", line 955, in getaddrinfo
    for res in _socket.getaddrinfo(host, port, family, type, proto, flags):
socket.gaierror: [Errno -3] Temporary failure in name resolution

During handling of the above exception, another exception occurred:

Traceback (most recent call last):
  File "/ragflow/rag/utils/redis_conn.py", line 228, in queue_consumer
    group_info = self.REDIS.xinfo_groups(queue_name)
  File "/ragflow/.venv/lib/python3.10/site-packages/valkey/commands/core.py", line 3810, in xinfo_groups
    return self.execute_command("XINFO GROUPS", name)
  File "/ragflow/.venv/lib/python3.10/site-packages/valkey/client.py", line 564, in execute_command
    conn = self.connection or pool.get_connection(command_name, **options)
  File "/ragflow/.venv/lib/python3.10/site-packages/valkey/connection.py", line 1107, in get_connection
    connection.connect()
  File "/ragflow/.venv/lib/python3.10/site-packages/valkey/connection.py", line 308, in connect
    raise ConnectionError(self._error_message(e))
valkey.exceptions.ConnectionError: Error -3 connecting to redis:6379. Temporary failure in name resolution.
2025-06-18 00:10:33,465 ERROR    38 RedisDB.queue_consumer rag_flow_svr_queue got exception: Error -3 connecting to redis:6379. Temporary failure in name resolution.
Traceback (most recent call last):
  File "/ragflow/rag/svr/task_executor.py", line 193, in collect
    redis_msg = next(UNACKED_ITERATOR)
StopIteration

During handling of the above exception, another exception occurred:

Traceback (most recent call last):
  File "/ragflow/.venv/lib/python3.10/site-packages/valkey/connection.py", line 302, in connect
    sock = self.retry.call_with_retry(
  File "/ragflow/.venv/lib/python3.10/site-packages/valkey/retry.py", line 62, in call_with_retry
    return do()
  File "/ragflow/.venv/lib/python3.10/site-packages/valkey/connection.py", line 303, in <lambda>
    lambda: self._connect(), lambda error: self.disconnect(error)
  File "/ragflow/.venv/lib/python3.10/site-packages/valkey/connection.py", line 696, in _connect
    for res in socket.getaddrinfo(
  File "/usr/lib/python3.10/socket.py", line 955, in getaddrinfo
    for res in _socket.getaddrinfo(host, port, family, type, proto, flags):
socket.gaierror: [Errno -3] Temporary failure in name resolution

During handling of the above exception, another exception occurred:

Traceback (most recent call last):
  File "/ragflow/rag/utils/redis_conn.py", line 228, in queue_consumer
    group_info = self.REDIS.xinfo_groups(queue_name)
  File "/ragflow/.venv/lib/python3.10/site-packages/valkey/commands/core.py", line 3810, in xinfo_groups
    return self.execute_command("XINFO GROUPS", name)
  File "/ragflow/.venv/lib/python3.10/site-packages/valkey/client.py", line 564, in execute_command
    conn = self.connection or pool.get_connection(command_name, **options)
  File "/ragflow/.venv/lib/python3.10/site-packages/valkey/connection.py", line 1107, in get_connection
    connection.connect()
  File "/ragflow/.venv/lib/python3.10/site-packages/valkey/connection.py", line 308, in connect
    raise ConnectionError(self._error_message(e))
valkey.exceptions.ConnectionError: Error -3 connecting to redis:6379. Temporary failure in name resolution.
2025-06-18 00:10:33,562 ERROR    38 RedisDB.queue_consumer rag_flow_svr_queue_1 got exception: Error -3 connecting to redis:6379. Temporary failure in name resolution.
Traceback (most recent call last):
  File "/ragflow/rag/svr/task_executor.py", line 193, in collect
    redis_msg = next(UNACKED_ITERATOR)
StopIteration

During handling of the above exception, another exception occurred:

Traceback (most recent call last):
  File "/ragflow/.venv/lib/python3.10/site-packages/valkey/connection.py", line 302, in connect
    sock = self.retry.call_with_retry(
  File "/ragflow/.venv/lib/python3.10/site-packages/valkey/retry.py", line 62, in call_with_retry
    return do()
  File "/ragflow/.venv/lib/python3.10/site-packages/valkey/connection.py", line 303, in <lambda>
    lambda: self._connect(), lambda error: self.disconnect(error)
  File "/ragflow/.venv/lib/python3.10/site-packages/valkey/connection.py", line 696, in _connect
    for res in socket.getaddrinfo(
  File "/usr/lib/python3.10/socket.py", line 955, in getaddrinfo
    for res in _socket.getaddrinfo(host, port, family, type, proto, flags):
socket.gaierror: [Errno -3] Temporary failure in name resolution

During handling of the above exception, another exception occurred:

Traceback (most recent call last):
  File "/ragflow/rag/utils/redis_conn.py", line 228, in queue_consumer
    group_info = self.REDIS.xinfo_groups(queue_name)
  File "/ragflow/.venv/lib/python3.10/site-packages/valkey/commands/core.py", line 3810, in xinfo_groups
    return self.execute_command("XINFO GROUPS", name)
  File "/ragflow/.venv/lib/python3.10/site-packages/valkey/client.py", line 564, in execute_command
    conn = self.connection or pool.get_connection(command_name, **options)
  File "/ragflow/.venv/lib/python3.10/site-packages/valkey/connection.py", line 1107, in get_connection
    connection.connect()
  File "/ragflow/.venv/lib/python3.10/site-packages/valkey/connection.py", line 308, in connect
    raise ConnectionError(self._error_message(e))
valkey.exceptions.ConnectionError: Error -3 connecting to redis:6379. Temporary failure in name resolution.
2025-06-18 00:10:33,566 ERROR    38 RedisDB.queue_consumer rag_flow_svr_queue got exception: Error -3 connecting to redis:6379. Temporary failure in name resolution.
Traceback (most recent call last):
  File "/ragflow/rag/svr/task_executor.py", line 193, in collect
    redis_msg = next(UNACKED_ITERATOR)
StopIteration

During handling of the above exception, another exception occurred:

Traceback (most recent call last):
  File "/ragflow/.venv/lib/python3.10/site-packages/valkey/connection.py", line 302, in connect
    sock = self.retry.call_with_retry(
  File "/ragflow/.venv/lib/python3.10/site-packages/valkey/retry.py", line 62, in call_with_retry
    return do()
  File "/ragflow/.venv/lib/python3.10/site-packages/valkey/connection.py", line 303, in <lambda>
    lambda: self._connect(), lambda error: self.disconnect(error)
  File "/ragflow/.venv/lib/python3.10/site-packages/valkey/connection.py", line 696, in _connect
    for res in socket.getaddrinfo(
  File "/usr/lib/python3.10/socket.py", line 955, in getaddrinfo
    for res in _socket.getaddrinfo(host, port, family, type, proto, flags):
socket.gaierror: [Errno -3] Temporary failure in name resolution

During handling of the above exception, another exception occurred:

Traceback (most recent call last):
  File "/ragflow/rag/utils/redis_conn.py", line 228, in queue_consumer
    group_info = self.REDIS.xinfo_groups(queue_name)
  File "/ragflow/.venv/lib/python3.10/site-packages/valkey/commands/core.py", line 3810, in xinfo_groups
    return self.execute_command("XINFO GROUPS", name)
  File "/ragflow/.venv/lib/python3.10/site-packages/valkey/client.py", line 564, in execute_command
    conn = self.connection or pool.get_connection(command_name, **options)
  File "/ragflow/.venv/lib/python3.10/site-packages/valkey/connection.py", line 1107, in get_connection
    connection.connect()
  File "/ragflow/.venv/lib/python3.10/site-packages/valkey/connection.py", line 308, in connect
    raise ConnectionError(self._error_message(e))
valkey.exceptions.ConnectionError: Error -3 connecting to redis:6379. Temporary failure in name resolution.
2025-06-18 00:10:33,662 ERROR    38 RedisDB.queue_consumer rag_flow_svr_queue_1 got exception: Error -3 connecting to redis:6379. Temporary failure in name resolution.
Traceback (most recent call last):
  File "/ragflow/rag/svr/task_executor.py", line 193, in collect
    redis_msg = next(UNACKED_ITERATOR)
StopIteration

During handling of the above exception, another exception occurred:

Traceback (most recent call last):
  File "/ragflow/.venv/lib/python3.10/site-packages/valkey/connection.py", line 302, in connect
    sock = self.retry.call_with_retry(
  File "/ragflow/.venv/lib/python3.10/site-packages/valkey/retry.py", line 62, in call_with_retry
    return do()
  File "/ragflow/.venv/lib/python3.10/site-packages/valkey/connection.py", line 303, in <lambda>
    lambda: self._connect(), lambda error: self.disconnect(error)
  File "/ragflow/.venv/lib/python3.10/site-packages/valkey/connection.py", line 696, in _connect
    for res in socket.getaddrinfo(
  File "/usr/lib/python3.10/socket.py", line 955, in getaddrinfo
    for res in _socket.getaddrinfo(host, port, family, type, proto, flags):
socket.gaierror: [Errno -3] Temporary failure in name resolution

During handling of the above exception, another exception occurred:

Traceback (most recent call last):
  File "/ragflow/rag/utils/redis_conn.py", line 228, in queue_consumer
    group_info = self.REDIS.xinfo_groups(queue_name)
  File "/ragflow/.venv/lib/python3.10/site-packages/valkey/commands/core.py", line 3810, in xinfo_groups
    return self.execute_command("XINFO GROUPS", name)
  File "/ragflow/.venv/lib/python3.10/site-packages/valkey/client.py", line 564, in execute_command
    conn = self.connection or pool.get_connection(command_name, **options)
  File "/ragflow/.venv/lib/python3.10/site-packages/valkey/connection.py", line 1107, in get_connection
    connection.connect()
  File "/ragflow/.venv/lib/python3.10/site-packages/valkey/connection.py", line 308, in connect
    raise ConnectionError(self._error_message(e))
valkey.exceptions.ConnectionError: Error -3 connecting to redis:6379. Temporary failure in name resolution.
2025-06-18 00:10:33,666 ERROR    38 RedisDB.queue_consumer rag_flow_svr_queue got exception: Error -3 connecting to redis:6379. Temporary failure in name resolution.
Traceback (most recent call last):
  File "/ragflow/rag/svr/task_executor.py", line 193, in collect
    redis_msg = next(UNACKED_ITERATOR)
StopIteration

During handling of the above exception, another exception occurred:

Traceback (most recent call last):
  File "/ragflow/.venv/lib/python3.10/site-packages/valkey/connection.py", line 302, in connect
    sock = self.retry.call_with_retry(
  File "/ragflow/.venv/lib/python3.10/site-packages/valkey/retry.py", line 62, in call_with_retry
    return do()
  File "/ragflow/.venv/lib/python3.10/site-packages/valkey/connection.py", line 303, in <lambda>
    lambda: self._connect(), lambda error: self.disconnect(error)
  File "/ragflow/.venv/lib/python3.10/site-packages/valkey/connection.py", line 696, in _connect
    for res in socket.getaddrinfo(
  File "/usr/lib/python3.10/socket.py", line 955, in getaddrinfo
    for res in _socket.getaddrinfo(host, port, family, type, proto, flags):
socket.gaierror: [Errno -3] Temporary failure in name resolution

During handling of the above exception, another exception occurred:

Traceback (most recent call last):
  File "/ragflow/rag/utils/redis_conn.py", line 228, in queue_consumer
    group_info = self.REDIS.xinfo_groups(queue_name)
  File "/ragflow/.venv/lib/python3.10/site-packages/valkey/commands/core.py", line 3810, in xinfo_groups
    return self.execute_command("XINFO GROUPS", name)
  File "/ragflow/.venv/lib/python3.10/site-packages/valkey/client.py", line 564, in execute_command
    conn = self.connection or pool.get_connection(command_name, **options)
  File "/ragflow/.venv/lib/python3.10/site-packages/valkey/connection.py", line 1107, in get_connection
    connection.connect()
  File "/ragflow/.venv/lib/python3.10/site-packages/valkey/connection.py", line 308, in connect
    raise ConnectionError(self._error_message(e))
valkey.exceptions.ConnectionError: Error -3 connecting to redis:6379. Temporary failure in name resolution.
2025-06-18 00:10:33,763 ERROR    38 RedisDB.queue_consumer rag_flow_svr_queue_1 got exception: Error -3 connecting to redis:6379. Temporary failure in name resolution.
Traceback (most recent call last):
  File "/ragflow/rag/svr/task_executor.py", line 193, in collect
    redis_msg = next(UNACKED_ITERATOR)
StopIteration

During handling of the above exception, another exception occurred:

Traceback (most recent call last):
  File "/ragflow/.venv/lib/python3.10/site-packages/valkey/connection.py", line 302, in connect
    sock = self.retry.call_with_retry(
  File "/ragflow/.venv/lib/python3.10/site-packages/valkey/retry.py", line 62, in call_with_retry
    return do()
  File "/ragflow/.venv/lib/python3.10/site-packages/valkey/connection.py", line 303, in <lambda>
    lambda: self._connect(), lambda error: self.disconnect(error)
  File "/ragflow/.venv/lib/python3.10/site-packages/valkey/connection.py", line 696, in _connect
    for res in socket.getaddrinfo(
  File "/usr/lib/python3.10/socket.py", line 955, in getaddrinfo
    for res in _socket.getaddrinfo(host, port, family, type, proto, flags):
socket.gaierror: [Errno -3] Temporary failure in name resolution

During handling of the above exception, another exception occurred:

Traceback (most recent call last):
  File "/ragflow/rag/utils/redis_conn.py", line 228, in queue_consumer
    group_info = self.REDIS.xinfo_groups(queue_name)
  File "/ragflow/.venv/lib/python3.10/site-packages/valkey/commands/core.py", line 3810, in xinfo_groups
    return self.execute_command("XINFO GROUPS", name)
  File "/ragflow/.venv/lib/python3.10/site-packages/valkey/client.py", line 564, in execute_command
    conn = self.connection or pool.get_connection(command_name, **options)
  File "/ragflow/.venv/lib/python3.10/site-packages/valkey/connection.py", line 1107, in get_connection
    connection.connect()
  File "/ragflow/.venv/lib/python3.10/site-packages/valkey/connection.py", line 308, in connect
    raise ConnectionError(self._error_message(e))
valkey.exceptions.ConnectionError: Error -3 connecting to redis:6379. Temporary failure in name resolution.
2025-06-18 00:10:33,767 ERROR    38 RedisDB.queue_consumer rag_flow_svr_queue got exception: Error -3 connecting to redis:6379. Temporary failure in name resolution.
Traceback (most recent call last):
  File "/ragflow/rag/svr/task_executor.py", line 193, in collect
    redis_msg = next(UNACKED_ITERATOR)
StopIteration

During handling of the above exception, another exception occurred:

Traceback (most recent call last):
  File "/ragflow/.venv/lib/python3.10/site-packages/valkey/connection.py", line 302, in connect
    sock = self.retry.call_with_retry(
  File "/ragflow/.venv/lib/python3.10/site-packages/valkey/retry.py", line 62, in call_with_retry
    return do()
  File "/ragflow/.venv/lib/python3.10/site-packages/valkey/connection.py", line 303, in <lambda>
    lambda: self._connect(), lambda error: self.disconnect(error)
  File "/ragflow/.venv/lib/python3.10/site-packages/valkey/connection.py", line 696, in _connect
    for res in socket.getaddrinfo(
  File "/usr/lib/python3.10/socket.py", line 955, in getaddrinfo
    for res in _socket.getaddrinfo(host, port, family, type, proto, flags):
socket.gaierror: [Errno -3] Temporary failure in name resolution

During handling of the above exception, another exception occurred:

Traceback (most recent call last):
  File "/ragflow/rag/utils/redis_conn.py", line 228, in queue_consumer
    group_info = self.REDIS.xinfo_groups(queue_name)
  File "/ragflow/.venv/lib/python3.10/site-packages/valkey/commands/core.py", line 3810, in xinfo_groups
    return self.execute_command("XINFO GROUPS", name)
  File "/ragflow/.venv/lib/python3.10/site-packages/valkey/client.py", line 564, in execute_command
    conn = self.connection or pool.get_connection(command_name, **options)
  File "/ragflow/.venv/lib/python3.10/site-packages/valkey/connection.py", line 1107, in get_connection
    connection.connect()
  File "/ragflow/.venv/lib/python3.10/site-packages/valkey/connection.py", line 308, in connect
    raise ConnectionError(self._error_message(e))
valkey.exceptions.ConnectionError: Error -3 connecting to redis:6379. Temporary failure in name resolution.
2025-06-18 00:10:38,382 ERROR    38 RedisDB.queue_consumer rag_flow_svr_queue_1 got exception: Error -3 connecting to redis:6379. Temporary failure in name resolution.
Traceback (most recent call last):
  File "/ragflow/rag/svr/task_executor.py", line 193, in collect
    redis_msg = next(UNACKED_ITERATOR)
StopIteration

During handling of the above exception, another exception occurred:

Traceback (most recent call last):
  File "/ragflow/.venv/lib/python3.10/site-packages/valkey/connection.py", line 302, in connect
    sock = self.retry.call_with_retry(
  File "/ragflow/.venv/lib/python3.10/site-packages/valkey/retry.py", line 62, in call_with_retry
    return do()
  File "/ragflow/.venv/lib/python3.10/site-packages/valkey/connection.py", line 303, in <lambda>
    lambda: self._connect(), lambda error: self.disconnect(error)
  File "/ragflow/.venv/lib/python3.10/site-packages/valkey/connection.py", line 696, in _connect
    for res in socket.getaddrinfo(
  File "/usr/lib/python3.10/socket.py", line 955, in getaddrinfo
    for res in _socket.getaddrinfo(host, port, family, type, proto, flags):
socket.gaierror: [Errno -3] Temporary failure in name resolution

During handling of the above exception, another exception occurred:

Traceback (most recent call last):
  File "/ragflow/rag/utils/redis_conn.py", line 228, in queue_consumer
    group_info = self.REDIS.xinfo_groups(queue_name)
  File "/ragflow/.venv/lib/python3.10/site-packages/valkey/commands/core.py", line 3810, in xinfo_groups
    return self.execute_command("XINFO GROUPS", name)
  File "/ragflow/.venv/lib/python3.10/site-packages/valkey/client.py", line 564, in execute_command
    conn = self.connection or pool.get_connection(command_name, **options)
  File "/ragflow/.venv/lib/python3.10/site-packages/valkey/connection.py", line 1107, in get_connection
    connection.connect()
  File "/ragflow/.venv/lib/python3.10/site-packages/valkey/connection.py", line 308, in connect
    raise ConnectionError(self._error_message(e))
valkey.exceptions.ConnectionError: Error -3 connecting to redis:6379. Temporary failure in name resolution.
2025-06-18 00:10:38,386 ERROR    38 RedisDB.queue_consumer rag_flow_svr_queue got exception: Error -3 connecting to redis:6379. Temporary failure in name resolution.
Traceback (most recent call last):
  File "/ragflow/rag/svr/task_executor.py", line 193, in collect
    redis_msg = next(UNACKED_ITERATOR)
StopIteration

During handling of the above exception, another exception occurred:

Traceback (most recent call last):
  File "/ragflow/.venv/lib/python3.10/site-packages/valkey/connection.py", line 302, in connect
    sock = self.retry.call_with_retry(
  File "/ragflow/.venv/lib/python3.10/site-packages/valkey/retry.py", line 62, in call_with_retry
    return do()
  File "/ragflow/.venv/lib/python3.10/site-packages/valkey/connection.py", line 303, in <lambda>
    lambda: self._connect(), lambda error: self.disconnect(error)
  File "/ragflow/.venv/lib/python3.10/site-packages/valkey/connection.py", line 696, in _connect
    for res in socket.getaddrinfo(
  File "/usr/lib/python3.10/socket.py", line 955, in getaddrinfo
    for res in _socket.getaddrinfo(host, port, family, type, proto, flags):
socket.gaierror: [Errno -3] Temporary failure in name resolution

During handling of the above exception, another exception occurred:

Traceback (most recent call last):
  File "/ragflow/rag/utils/redis_conn.py", line 228, in queue_consumer
    group_info = self.REDIS.xinfo_groups(queue_name)
  File "/ragflow/.venv/lib/python3.10/site-packages/valkey/commands/core.py", line 3810, in xinfo_groups
    return self.execute_command("XINFO GROUPS", name)
  File "/ragflow/.venv/lib/python3.10/site-packages/valkey/client.py", line 564, in execute_command
    conn = self.connection or pool.get_connection(command_name, **options)
  File "/ragflow/.venv/lib/python3.10/site-packages/valkey/connection.py", line 1107, in get_connection
    connection.connect()
  File "/ragflow/.venv/lib/python3.10/site-packages/valkey/connection.py", line 308, in connect
    raise ConnectionError(self._error_message(e))
valkey.exceptions.ConnectionError: Error -3 connecting to redis:6379. Temporary failure in name resolution.
2025-06-18 00:10:38,471 ERROR    38 RedisDB.queue_consumer rag_flow_svr_queue_1 got exception: Error -3 connecting to redis:6379. Temporary failure in name resolution.
Traceback (most recent call last):
  File "/ragflow/rag/svr/task_executor.py", line 193, in collect
    redis_msg = next(UNACKED_ITERATOR)
StopIteration

During handling of the above exception, another exception occurred:

Traceback (most recent call last):
  File "/ragflow/.venv/lib/python3.10/site-packages/valkey/connection.py", line 302, in connect
    sock = self.retry.call_with_retry(
  File "/ragflow/.venv/lib/python3.10/site-packages/valkey/retry.py", line 62, in call_with_retry
    return do()
  File "/ragflow/.venv/lib/python3.10/site-packages/valkey/connection.py", line 303, in <lambda>
    lambda: self._connect(), lambda error: self.disconnect(error)
  File "/ragflow/.venv/lib/python3.10/site-packages/valkey/connection.py", line 696, in _connect
    for res in socket.getaddrinfo(
  File "/usr/lib/python3.10/socket.py", line 955, in getaddrinfo
    for res in _socket.getaddrinfo(host, port, family, type, proto, flags):
socket.gaierror: [Errno -3] Temporary failure in name resolution

During handling of the above exception, another exception occurred:

Traceback (most recent call last):
  File "/ragflow/rag/utils/redis_conn.py", line 228, in queue_consumer
    group_info = self.REDIS.xinfo_groups(queue_name)
  File "/ragflow/.venv/lib/python3.10/site-packages/valkey/commands/core.py", line 3810, in xinfo_groups
    return self.execute_command("XINFO GROUPS", name)
  File "/ragflow/.venv/lib/python3.10/site-packages/valkey/client.py", line 564, in execute_command
    conn = self.connection or pool.get_connection(command_name, **options)
  File "/ragflow/.venv/lib/python3.10/site-packages/valkey/connection.py", line 1107, in get_connection
    connection.connect()
  File "/ragflow/.venv/lib/python3.10/site-packages/valkey/connection.py", line 308, in connect
    raise ConnectionError(self._error_message(e))
valkey.exceptions.ConnectionError: Error -3 connecting to redis:6379. Temporary failure in name resolution.
2025-06-18 00:10:38,474 ERROR    38 RedisDB.queue_consumer rag_flow_svr_queue got exception: Error -3 connecting to redis:6379. Temporary failure in name resolution.
Traceback (most recent call last):
  File "/ragflow/rag/svr/task_executor.py", line 193, in collect
    redis_msg = next(UNACKED_ITERATOR)
StopIteration

During handling of the above exception, another exception occurred:

Traceback (most recent call last):
  File "/ragflow/.venv/lib/python3.10/site-packages/valkey/connection.py", line 302, in connect
    sock = self.retry.call_with_retry(
  File "/ragflow/.venv/lib/python3.10/site-packages/valkey/retry.py", line 62, in call_with_retry
    return do()
  File "/ragflow/.venv/lib/python3.10/site-packages/valkey/connection.py", line 303, in <lambda>
    lambda: self._connect(), lambda error: self.disconnect(error)
  File "/ragflow/.venv/lib/python3.10/site-packages/valkey/connection.py", line 696, in _connect
    for res in socket.getaddrinfo(
  File "/usr/lib/python3.10/socket.py", line 955, in getaddrinfo
    for res in _socket.getaddrinfo(host, port, family, type, proto, flags):
socket.gaierror: [Errno -3] Temporary failure in name resolution

During handling of the above exception, another exception occurred:

Traceback (most recent call last):
  File "/ragflow/rag/utils/redis_conn.py", line 228, in queue_consumer
    group_info = self.REDIS.xinfo_groups(queue_name)
  File "/ragflow/.venv/lib/python3.10/site-packages/valkey/commands/core.py", line 3810, in xinfo_groups
    return self.execute_command("XINFO GROUPS", name)
  File "/ragflow/.venv/lib/python3.10/site-packages/valkey/client.py", line 564, in execute_command
    conn = self.connection or pool.get_connection(command_name, **options)
  File "/ragflow/.venv/lib/python3.10/site-packages/valkey/connection.py", line 1107, in get_connection
    connection.connect()
  File "/ragflow/.venv/lib/python3.10/site-packages/valkey/connection.py", line 308, in connect
    raise ConnectionError(self._error_message(e))
valkey.exceptions.ConnectionError: Error -3 connecting to redis:6379. Temporary failure in name resolution.
2025-06-18 00:10:38,572 ERROR    38 RedisDB.queue_consumer rag_flow_svr_queue_1 got exception: Error -3 connecting to redis:6379. Temporary failure in name resolution.
Traceback (most recent call last):
  File "/ragflow/rag/svr/task_executor.py", line 193, in collect
    redis_msg = next(UNACKED_ITERATOR)
StopIteration

During handling of the above exception, another exception occurred:

Traceback (most recent call last):
  File "/ragflow/.venv/lib/python3.10/site-packages/valkey/connection.py", line 302, in connect
    sock = self.retry.call_with_retry(
  File "/ragflow/.venv/lib/python3.10/site-packages/valkey/retry.py", line 62, in call_with_retry
    return do()
  File "/ragflow/.venv/lib/python3.10/site-packages/valkey/connection.py", line 303, in <lambda>
    lambda: self._connect(), lambda error: self.disconnect(error)
  File "/ragflow/.venv/lib/python3.10/site-packages/valkey/connection.py", line 696, in _connect
    for res in socket.getaddrinfo(
  File "/usr/lib/python3.10/socket.py", line 955, in getaddrinfo
    for res in _socket.getaddrinfo(host, port, family, type, proto, flags):
socket.gaierror: [Errno -3] Temporary failure in name resolution

During handling of the above exception, another exception occurred:

Traceback (most recent call last):
  File "/ragflow/rag/utils/redis_conn.py", line 228, in queue_consumer
    group_info = self.REDIS.xinfo_groups(queue_name)
  File "/ragflow/.venv/lib/python3.10/site-packages/valkey/commands/core.py", line 3810, in xinfo_groups
    return self.execute_command("XINFO GROUPS", name)
  File "/ragflow/.venv/lib/python3.10/site-packages/valkey/client.py", line 564, in execute_command
    conn = self.connection or pool.get_connection(command_name, **options)
  File "/ragflow/.venv/lib/python3.10/site-packages/valkey/connection.py", line 1107, in get_connection
    connection.connect()
  File "/ragflow/.venv/lib/python3.10/site-packages/valkey/connection.py", line 308, in connect
    raise ConnectionError(self._error_message(e))
valkey.exceptions.ConnectionError: Error -3 connecting to redis:6379. Temporary failure in name resolution.
2025-06-18 00:10:38,576 ERROR    38 RedisDB.queue_consumer rag_flow_svr_queue got exception: Error -3 connecting to redis:6379. Temporary failure in name resolution.
Traceback (most recent call last):
  File "/ragflow/rag/svr/task_executor.py", line 193, in collect
    redis_msg = next(UNACKED_ITERATOR)
StopIteration

During handling of the above exception, another exception occurred:

Traceback (most recent call last):
  File "/ragflow/.venv/lib/python3.10/site-packages/valkey/connection.py", line 302, in connect
    sock = self.retry.call_with_retry(
  File "/ragflow/.venv/lib/python3.10/site-packages/valkey/retry.py", line 62, in call_with_retry
    return do()
  File "/ragflow/.venv/lib/python3.10/site-packages/valkey/connection.py", line 303, in <lambda>
    lambda: self._connect(), lambda error: self.disconnect(error)
  File "/ragflow/.venv/lib/python3.10/site-packages/valkey/connection.py", line 696, in _connect
    for res in socket.getaddrinfo(
  File "/usr/lib/python3.10/socket.py", line 955, in getaddrinfo
    for res in _socket.getaddrinfo(host, port, family, type, proto, flags):
socket.gaierror: [Errno -3] Temporary failure in name resolution

During handling of the above exception, another exception occurred:

Traceback (most recent call last):
  File "/ragflow/rag/utils/redis_conn.py", line 228, in queue_consumer
    group_info = self.REDIS.xinfo_groups(queue_name)
  File "/ragflow/.venv/lib/python3.10/site-packages/valkey/commands/core.py", line 3810, in xinfo_groups
    return self.execute_command("XINFO GROUPS", name)
  File "/ragflow/.venv/lib/python3.10/site-packages/valkey/client.py", line 564, in execute_command
    conn = self.connection or pool.get_connection(command_name, **options)
  File "/ragflow/.venv/lib/python3.10/site-packages/valkey/connection.py", line 1107, in get_connection
    connection.connect()
  File "/ragflow/.venv/lib/python3.10/site-packages/valkey/connection.py", line 308, in connect
    raise ConnectionError(self._error_message(e))
valkey.exceptions.ConnectionError: Error -3 connecting to redis:6379. Temporary failure in name resolution.
2025-06-18 00:10:38,672 ERROR    38 RedisDB.queue_consumer rag_flow_svr_queue_1 got exception: Error -3 connecting to redis:6379. Temporary failure in name resolution.
Traceback (most recent call last):
  File "/ragflow/rag/svr/task_executor.py", line 193, in collect
    redis_msg = next(UNACKED_ITERATOR)
StopIteration

During handling of the above exception, another exception occurred:

Traceback (most recent call last):
  File "/ragflow/.venv/lib/python3.10/site-packages/valkey/connection.py", line 302, in connect
    sock = self.retry.call_with_retry(
  File "/ragflow/.venv/lib/python3.10/site-packages/valkey/retry.py", line 62, in call_with_retry
    return do()
  File "/ragflow/.venv/lib/python3.10/site-packages/valkey/connection.py", line 303, in <lambda>
    lambda: self._connect(), lambda error: self.disconnect(error)
  File "/ragflow/.venv/lib/python3.10/site-packages/valkey/connection.py", line 696, in _connect
    for res in socket.getaddrinfo(
  File "/usr/lib/python3.10/socket.py", line 955, in getaddrinfo
    for res in _socket.getaddrinfo(host, port, family, type, proto, flags):
socket.gaierror: [Errno -3] Temporary failure in name resolution

During handling of the above exception, another exception occurred:

Traceback (most recent call last):
  File "/ragflow/rag/utils/redis_conn.py", line 228, in queue_consumer
    group_info = self.REDIS.xinfo_groups(queue_name)
  File "/ragflow/.venv/lib/python3.10/site-packages/valkey/commands/core.py", line 3810, in xinfo_groups
    return self.execute_command("XINFO GROUPS", name)
  File "/ragflow/.venv/lib/python3.10/site-packages/valkey/client.py", line 564, in execute_command
    conn = self.connection or pool.get_connection(command_name, **options)
  File "/ragflow/.venv/lib/python3.10/site-packages/valkey/connection.py", line 1107, in get_connection
    connection.connect()
  File "/ragflow/.venv/lib/python3.10/site-packages/valkey/connection.py", line 308, in connect
    raise ConnectionError(self._error_message(e))
valkey.exceptions.ConnectionError: Error -3 connecting to redis:6379. Temporary failure in name resolution.
2025-06-18 00:10:38,675 ERROR    38 RedisDB.queue_consumer rag_flow_svr_queue got exception: Error -3 connecting to redis:6379. Temporary failure in name resolution.
Traceback (most recent call last):
  File "/ragflow/rag/svr/task_executor.py", line 193, in collect
    redis_msg = next(UNACKED_ITERATOR)
StopIteration

During handling of the above exception, another exception occurred:

Traceback (most recent call last):
  File "/ragflow/.venv/lib/python3.10/site-packages/valkey/connection.py", line 302, in connect
    sock = self.retry.call_with_retry(
  File "/ragflow/.venv/lib/python3.10/site-packages/valkey/retry.py", line 62, in call_with_retry
    return do()
  File "/ragflow/.venv/lib/python3.10/site-packages/valkey/connection.py", line 303, in <lambda>
    lambda: self._connect(), lambda error: self.disconnect(error)
  File "/ragflow/.venv/lib/python3.10/site-packages/valkey/connection.py", line 696, in _connect
    for res in socket.getaddrinfo(
  File "/usr/lib/python3.10/socket.py", line 955, in getaddrinfo
    for res in _socket.getaddrinfo(host, port, family, type, proto, flags):
socket.gaierror: [Errno -3] Temporary failure in name resolution

During handling of the above exception, another exception occurred:

Traceback (most recent call last):
  File "/ragflow/rag/utils/redis_conn.py", line 228, in queue_consumer
    group_info = self.REDIS.xinfo_groups(queue_name)
  File "/ragflow/.venv/lib/python3.10/site-packages/valkey/commands/core.py", line 3810, in xinfo_groups
    return self.execute_command("XINFO GROUPS", name)
  File "/ragflow/.venv/lib/python3.10/site-packages/valkey/client.py", line 564, in execute_command
    conn = self.connection or pool.get_connection(command_name, **options)
  File "/ragflow/.venv/lib/python3.10/site-packages/valkey/connection.py", line 1107, in get_connection
    connection.connect()
  File "/ragflow/.venv/lib/python3.10/site-packages/valkey/connection.py", line 308, in connect
    raise ConnectionError(self._error_message(e))
valkey.exceptions.ConnectionError: Error -3 connecting to redis:6379. Temporary failure in name resolution.
2025-06-18 00:10:38,773 ERROR    38 RedisDB.queue_consumer rag_flow_svr_queue_1 got exception: Error -3 connecting to redis:6379. Temporary failure in name resolution.
Traceback (most recent call last):
  File "/ragflow/rag/svr/task_executor.py", line 193, in collect
    redis_msg = next(UNACKED_ITERATOR)
StopIteration

During handling of the above exception, another exception occurred:

Traceback (most recent call last):
  File "/ragflow/.venv/lib/python3.10/site-packages/valkey/connection.py", line 302, in connect
    sock = self.retry.call_with_retry(
  File "/ragflow/.venv/lib/python3.10/site-packages/valkey/retry.py", line 62, in call_with_retry
    return do()
  File "/ragflow/.venv/lib/python3.10/site-packages/valkey/connection.py", line 303, in <lambda>
    lambda: self._connect(), lambda error: self.disconnect(error)
  File "/ragflow/.venv/lib/python3.10/site-packages/valkey/connection.py", line 696, in _connect
    for res in socket.getaddrinfo(
  File "/usr/lib/python3.10/socket.py", line 955, in getaddrinfo
    for res in _socket.getaddrinfo(host, port, family, type, proto, flags):
socket.gaierror: [Errno -3] Temporary failure in name resolution

During handling of the above exception, another exception occurred:

Traceback (most recent call last):
  File "/ragflow/rag/utils/redis_conn.py", line 228, in queue_consumer
    group_info = self.REDIS.xinfo_groups(queue_name)
  File "/ragflow/.venv/lib/python3.10/site-packages/valkey/commands/core.py", line 3810, in xinfo_groups
    return self.execute_command("XINFO GROUPS", name)
  File "/ragflow/.venv/lib/python3.10/site-packages/valkey/client.py", line 564, in execute_command
    conn = self.connection or pool.get_connection(command_name, **options)
  File "/ragflow/.venv/lib/python3.10/site-packages/valkey/connection.py", line 1107, in get_connection
    connection.connect()
  File "/ragflow/.venv/lib/python3.10/site-packages/valkey/connection.py", line 308, in connect
    raise ConnectionError(self._error_message(e))
valkey.exceptions.ConnectionError: Error -3 connecting to redis:6379. Temporary failure in name resolution.
2025-06-18 00:10:38,776 ERROR    38 RedisDB.queue_consumer rag_flow_svr_queue got exception: Error -3 connecting to redis:6379. Temporary failure in name resolution.
Traceback (most recent call last):
  File "/ragflow/rag/svr/task_executor.py", line 193, in collect
    redis_msg = next(UNACKED_ITERATOR)
StopIteration

During handling of the above exception, another exception occurred:

Traceback (most recent call last):
  File "/ragflow/.venv/lib/python3.10/site-packages/valkey/connection.py", line 302, in connect
    sock = self.retry.call_with_retry(
  File "/ragflow/.venv/lib/python3.10/site-packages/valkey/retry.py", line 62, in call_with_retry
    return do()
  File "/ragflow/.venv/lib/python3.10/site-packages/valkey/connection.py", line 303, in <lambda>
    lambda: self._connect(), lambda error: self.disconnect(error)
  File "/ragflow/.venv/lib/python3.10/site-packages/valkey/connection.py", line 696, in _connect
    for res in socket.getaddrinfo(
  File "/usr/lib/python3.10/socket.py", line 955, in getaddrinfo
    for res in _socket.getaddrinfo(host, port, family, type, proto, flags):
socket.gaierror: [Errno -3] Temporary failure in name resolution

During handling of the above exception, another exception occurred:

Traceback (most recent call last):
  File "/ragflow/rag/utils/redis_conn.py", line 228, in queue_consumer
    group_info = self.REDIS.xinfo_groups(queue_name)
  File "/ragflow/.venv/lib/python3.10/site-packages/valkey/commands/core.py", line 3810, in xinfo_groups
    return self.execute_command("XINFO GROUPS", name)
  File "/ragflow/.venv/lib/python3.10/site-packages/valkey/client.py", line 564, in execute_command
    conn = self.connection or pool.get_connection(command_name, **options)
  File "/ragflow/.venv/lib/python3.10/site-packages/valkey/connection.py", line 1107, in get_connection
    connection.connect()
  File "/ragflow/.venv/lib/python3.10/site-packages/valkey/connection.py", line 308, in connect
    raise ConnectionError(self._error_message(e))
valkey.exceptions.ConnectionError: Error -3 connecting to redis:6379. Temporary failure in name resolution.
