2025-06-19 13:19:19,769 INFO     58 task_executor_48008c2bb316_0 log path: /ragflow/logs/task_executor_48008c2bb316_0.log, log levels: {'peewee': 'WARNING', 'pdfminer': 'WARNING', 'root': 'INFO'}
2025-06-19 13:19:19,769 INFO     58 
  ______           __      ______                     __
 /_  __/___ ______/ /__   / ____/  _____  _______  __/ /_____  _____
  / / / __ `/ ___/ //_/  / __/ | |/_/ _ \/ ___/ / / / __/ __ \/ ___/
 / / / /_/ (__  ) ,<    / /____>  </  __/ /__/ /_/ / /_/ /_/ / /
/_/  \__,_/____/_/|_|  /_____/_/|_|\___/\___/\__,_/\__/\____/_/
    
2025-06-19 13:19:19,770 INFO     58 TaskExecutor: RAGFlow version: v0.19.0 slim
2025-06-19 13:19:19,770 INFO     58 Use Elasticsearch http://es01:9200 as the doc engine.
2025-06-19 13:19:19,776 INFO     58 GET http://es01:9200/ [status:N/A duration:0.004s]
2025-06-19 13:19:19,776 WARNING  58 Node <Urllib3HttpNode(http://es01:9200)> has failed for 1 times in a row, putting on 1 second timeout
2025-06-19 13:19:19,776 WARNING  58 Retrying request after failure (attempt 0 of 3)
Traceback (most recent call last):
  File "/ragflow/.venv/lib/python3.10/site-packages/elastic_transport/_transport.py", line 328, in perform_request
    meta, raw_data = node.perform_request(
  File "/ragflow/.venv/lib/python3.10/site-packages/elastic_transport/_node/_http_urllib3.py", line 202, in perform_request
    raise err from None
elastic_transport.ConnectionError: Connection error caused by: NameResolutionError(<urllib3.connection.HTTPConnection object at 0x7f632cff21d0>: Failed to resolve 'es01' ([Errno -3] Temporary failure in name resolution))
2025-06-19 13:19:19,778 INFO     58 GET http://es01:9200/ [status:N/A duration:0.002s]
2025-06-19 13:19:19,778 WARNING  58 Node <Urllib3HttpNode(http://es01:9200)> has failed for 2 times in a row, putting on 2 second timeout
2025-06-19 13:19:19,778 WARNING  58 Retrying request after failure (attempt 1 of 3)
Traceback (most recent call last):
  File "/ragflow/.venv/lib/python3.10/site-packages/elastic_transport/_transport.py", line 328, in perform_request
    meta, raw_data = node.perform_request(
  File "/ragflow/.venv/lib/python3.10/site-packages/elastic_transport/_node/_http_urllib3.py", line 202, in perform_request
    raise err from None
elastic_transport.ConnectionError: Connection error caused by: NameResolutionError(<urllib3.connection.HTTPConnection object at 0x7f632cff1ae0>: Failed to resolve 'es01' ([Errno -3] Temporary failure in name resolution))
2025-06-19 13:19:19,782 INFO     58 GET http://es01:9200/ [status:N/A duration:0.004s]
2025-06-19 13:19:19,783 WARNING  58 Node <Urllib3HttpNode(http://es01:9200)> has failed for 3 times in a row, putting on 4 second timeout
2025-06-19 13:19:19,783 WARNING  58 Retrying request after failure (attempt 2 of 3)
Traceback (most recent call last):
  File "/ragflow/.venv/lib/python3.10/site-packages/elastic_transport/_transport.py", line 328, in perform_request
    meta, raw_data = node.perform_request(
  File "/ragflow/.venv/lib/python3.10/site-packages/elastic_transport/_node/_http_urllib3.py", line 202, in perform_request
    raise err from None
elastic_transport.ConnectionError: Connection error caused by: NameResolutionError(<urllib3.connection.HTTPConnection object at 0x7f632cff3100>: Failed to resolve 'es01' ([Errno -3] Temporary failure in name resolution))
2025-06-19 13:19:19,789 INFO     58 GET http://es01:9200/ [status:N/A duration:0.005s]
2025-06-19 13:19:19,789 WARNING  58 Node <Urllib3HttpNode(http://es01:9200)> has failed for 4 times in a row, putting on 8 second timeout
2025-06-19 13:19:19,789 WARNING  58 Connection error caused by: ConnectionError(Connection error caused by: NameResolutionError(<urllib3.connection.HTTPConnection object at 0x7f632cff21d0>: Failed to resolve 'es01' ([Errno -3] Temporary failure in name resolution))). Waiting Elasticsearch http://es01:9200 to be healthy.
2025-06-19 13:19:24,802 INFO     58 GET http://es01:9200/ [status:N/A duration:0.006s]
2025-06-19 13:19:24,803 WARNING  58 Node <Urllib3HttpNode(http://es01:9200)> has failed for 1 times in a row, putting on 1 second timeout
2025-06-19 13:19:24,806 WARNING  58 Retrying request after failure (attempt 0 of 3)
Traceback (most recent call last):
  File "/ragflow/.venv/lib/python3.10/site-packages/elastic_transport/_transport.py", line 328, in perform_request
    meta, raw_data = node.perform_request(
  File "/ragflow/.venv/lib/python3.10/site-packages/elastic_transport/_node/_http_urllib3.py", line 202, in perform_request
    raise err from None
elastic_transport.ConnectionError: Connection error caused by: NameResolutionError(<urllib3.connection.HTTPConnection object at 0x7f632cff0af0>: Failed to resolve 'es01' ([Errno -3] Temporary failure in name resolution))
2025-06-19 13:19:24,810 INFO     58 GET http://es01:9200/ [status:N/A duration:0.003s]
2025-06-19 13:19:24,810 WARNING  58 Node <Urllib3HttpNode(http://es01:9200)> has failed for 2 times in a row, putting on 2 second timeout
2025-06-19 13:19:24,811 WARNING  58 Retrying request after failure (attempt 1 of 3)
Traceback (most recent call last):
  File "/ragflow/.venv/lib/python3.10/site-packages/elastic_transport/_transport.py", line 328, in perform_request
    meta, raw_data = node.perform_request(
  File "/ragflow/.venv/lib/python3.10/site-packages/elastic_transport/_node/_http_urllib3.py", line 202, in perform_request
    raise err from None
elastic_transport.ConnectionError: Connection error caused by: NameResolutionError(<urllib3.connection.HTTPConnection object at 0x7f63705e26b0>: Failed to resolve 'es01' ([Errno -3] Temporary failure in name resolution))
2025-06-19 13:19:24,813 INFO     58 GET http://es01:9200/ [status:N/A duration:0.002s]
2025-06-19 13:19:24,814 WARNING  58 Node <Urllib3HttpNode(http://es01:9200)> has failed for 3 times in a row, putting on 4 second timeout
2025-06-19 13:19:24,814 WARNING  58 Retrying request after failure (attempt 2 of 3)
Traceback (most recent call last):
  File "/ragflow/.venv/lib/python3.10/site-packages/elastic_transport/_transport.py", line 328, in perform_request
    meta, raw_data = node.perform_request(
  File "/ragflow/.venv/lib/python3.10/site-packages/elastic_transport/_node/_http_urllib3.py", line 202, in perform_request
    raise err from None
elastic_transport.ConnectionError: Connection error caused by: NameResolutionError(<urllib3.connection.HTTPConnection object at 0x7f63705e0100>: Failed to resolve 'es01' ([Errno -3] Temporary failure in name resolution))
2025-06-19 13:19:24,816 INFO     58 GET http://es01:9200/ [status:N/A duration:0.002s]
2025-06-19 13:19:24,816 WARNING  58 Node <Urllib3HttpNode(http://es01:9200)> has failed for 4 times in a row, putting on 8 second timeout
2025-06-19 13:19:24,817 WARNING  58 Connection error caused by: ConnectionError(Connection error caused by: NameResolutionError(<urllib3.connection.HTTPConnection object at 0x7f632cff0af0>: Failed to resolve 'es01' ([Errno -3] Temporary failure in name resolution))). Waiting Elasticsearch http://es01:9200 to be healthy.
2025-06-19 13:19:29,822 INFO     58 Resurrected node <Urllib3HttpNode(http://es01:9200)> (force=False)
2025-06-19 13:19:29,828 INFO     58 HEAD http://es01:9200/ [status:N/A duration:0.005s]
2025-06-19 13:19:29,829 WARNING  58 Node <Urllib3HttpNode(http://es01:9200)> has failed for 5 times in a row, putting on 16 second timeout
2025-06-19 13:19:29,829 WARNING  58 Retrying request after failure (attempt 0 of 3)
Traceback (most recent call last):
  File "/ragflow/.venv/lib/python3.10/site-packages/elastic_transport/_transport.py", line 328, in perform_request
    meta, raw_data = node.perform_request(
  File "/ragflow/.venv/lib/python3.10/site-packages/elastic_transport/_node/_http_urllib3.py", line 202, in perform_request
    raise err from None
elastic_transport.ConnectionError: Connection error caused by: NameResolutionError(<urllib3.connection.HTTPConnection object at 0x7f63705e2ce0>: Failed to resolve 'es01' ([Errno -3] Temporary failure in name resolution))
2025-06-19 13:19:29,830 INFO     58 Resurrected node <Urllib3HttpNode(http://es01:9200)> (force=False)
2025-06-19 13:19:29,832 INFO     58 HEAD http://es01:9200/ [status:N/A duration:0.002s]
2025-06-19 13:19:29,832 WARNING  58 Node <Urllib3HttpNode(http://es01:9200)> has failed for 6 times in a row, putting on 30 second timeout
2025-06-19 13:19:29,833 WARNING  58 Retrying request after failure (attempt 1 of 3)
Traceback (most recent call last):
  File "/ragflow/.venv/lib/python3.10/site-packages/elastic_transport/_transport.py", line 328, in perform_request
    meta, raw_data = node.perform_request(
  File "/ragflow/.venv/lib/python3.10/site-packages/elastic_transport/_node/_http_urllib3.py", line 202, in perform_request
    raise err from None
elastic_transport.ConnectionError: Connection error caused by: NameResolutionError(<urllib3.connection.HTTPConnection object at 0x7f63705e2200>: Failed to resolve 'es01' ([Errno -3] Temporary failure in name resolution))
2025-06-19 13:19:29,833 INFO     58 Resurrected node <Urllib3HttpNode(http://es01:9200)> (force=False)
2025-06-19 13:19:29,836 INFO     58 HEAD http://es01:9200/ [status:N/A duration:0.003s]
2025-06-19 13:19:29,836 WARNING  58 Node <Urllib3HttpNode(http://es01:9200)> has failed for 7 times in a row, putting on 30 second timeout
2025-06-19 13:19:29,837 WARNING  58 Retrying request after failure (attempt 2 of 3)
Traceback (most recent call last):
  File "/ragflow/.venv/lib/python3.10/site-packages/elastic_transport/_transport.py", line 328, in perform_request
    meta, raw_data = node.perform_request(
  File "/ragflow/.venv/lib/python3.10/site-packages/elastic_transport/_node/_http_urllib3.py", line 202, in perform_request
    raise err from None
elastic_transport.ConnectionError: Connection error caused by: NameResolutionError(<urllib3.connection.HTTPConnection object at 0x7f63705e2b90>: Failed to resolve 'es01' ([Errno -3] Temporary failure in name resolution))
2025-06-19 13:19:29,839 INFO     58 HEAD http://es01:9200/ [status:N/A duration:0.002s]
2025-06-19 13:19:29,839 WARNING  58 Node <Urllib3HttpNode(http://es01:9200)> has failed for 8 times in a row, putting on 30 second timeout
2025-06-19 13:19:29,839 ERROR    58 Elasticsearch http://es01:9200 is unhealthy in 120s.
