2025-06-19 14:49:59,760 INFO     58 task_executor_82d7ce233179_0 log path: /ragflow/logs/task_executor_82d7ce233179_0.log, log levels: {'peewee': 'WARNING', 'pdfminer': 'WARNING', 'root': 'INFO'}
2025-06-19 14:49:59,761 INFO     58 
  ______           __      ______                     __
 /_  __/___ ______/ /__   / ____/  _____  _______  __/ /_____  _____
  / / / __ `/ ___/ //_/  / __/ | |/_/ _ \/ ___/ / / / __/ __ \/ ___/
 / / / /_/ (__  ) ,<    / /____>  </  __/ /__/ /_/ / /_/ /_/ / /
/_/  \__,_/____/_/|_|  /_____/_/|_|\___/\___/\__,_/\__/\____/_/
    
2025-06-19 14:49:59,762 INFO     58 TaskExecutor: RAGFlow version: v0.19.0 slim
2025-06-19 14:49:59,762 INFO     58 Use Elasticsearch http://es01:9200 as the doc engine.
2025-06-19 14:49:59,767 INFO     58 GET http://es01:9200/ [status:N/A duration:0.003s]
2025-06-19 14:49:59,767 WARNING  58 Node <Urllib3HttpNode(http://es01:9200)> has failed for 1 times in a row, putting on 1 second timeout
2025-06-19 14:49:59,767 WARNING  58 Retrying request after failure (attempt 0 of 3)
Traceback (most recent call last):
  File "/ragflow/.venv/lib/python3.10/site-packages/elastic_transport/_transport.py", line 328, in perform_request
    meta, raw_data = node.perform_request(
  File "/ragflow/.venv/lib/python3.10/site-packages/elastic_transport/_node/_http_urllib3.py", line 202, in perform_request
    raise err from None
elastic_transport.ConnectionError: Connection error caused by: NameResolutionError(<urllib3.connection.HTTPConnection object at 0x7fb5141bba00>: Failed to resolve 'es01' ([Errno -3] Temporary failure in name resolution))
2025-06-19 14:49:59,770 INFO     58 GET http://es01:9200/ [status:N/A duration:0.002s]
2025-06-19 14:49:59,770 WARNING  58 Node <Urllib3HttpNode(http://es01:9200)> has failed for 2 times in a row, putting on 2 second timeout
2025-06-19 14:49:59,770 WARNING  58 Retrying request after failure (attempt 1 of 3)
Traceback (most recent call last):
  File "/ragflow/.venv/lib/python3.10/site-packages/elastic_transport/_transport.py", line 328, in perform_request
    meta, raw_data = node.perform_request(
  File "/ragflow/.venv/lib/python3.10/site-packages/elastic_transport/_node/_http_urllib3.py", line 202, in perform_request
    raise err from None
elastic_transport.ConnectionError: Connection error caused by: NameResolutionError(<urllib3.connection.HTTPConnection object at 0x7fb5141bb8b0>: Failed to resolve 'es01' ([Errno -3] Temporary failure in name resolution))
2025-06-19 14:49:59,772 INFO     58 GET http://es01:9200/ [status:N/A duration:0.002s]
2025-06-19 14:49:59,772 WARNING  58 Node <Urllib3HttpNode(http://es01:9200)> has failed for 3 times in a row, putting on 4 second timeout
2025-06-19 14:49:59,772 WARNING  58 Retrying request after failure (attempt 2 of 3)
Traceback (most recent call last):
  File "/ragflow/.venv/lib/python3.10/site-packages/elastic_transport/_transport.py", line 328, in perform_request
    meta, raw_data = node.perform_request(
  File "/ragflow/.venv/lib/python3.10/site-packages/elastic_transport/_node/_http_urllib3.py", line 202, in perform_request
    raise err from None
elastic_transport.ConnectionError: Connection error caused by: NameResolutionError(<urllib3.connection.HTTPConnection object at 0x7fb5141b9a50>: Failed to resolve 'es01' ([Errno -3] Temporary failure in name resolution))
2025-06-19 14:49:59,774 INFO     58 GET http://es01:9200/ [status:N/A duration:0.001s]
2025-06-19 14:49:59,774 WARNING  58 Node <Urllib3HttpNode(http://es01:9200)> has failed for 4 times in a row, putting on 8 second timeout
2025-06-19 14:49:59,774 WARNING  58 Connection error caused by: ConnectionError(Connection error caused by: NameResolutionError(<urllib3.connection.HTTPConnection object at 0x7fb5141bba00>: Failed to resolve 'es01' ([Errno -3] Temporary failure in name resolution))). Waiting Elasticsearch http://es01:9200 to be healthy.
2025-06-19 14:50:04,786 INFO     58 GET http://es01:9200/ [status:N/A duration:0.005s]
2025-06-19 14:50:04,787 WARNING  58 Node <Urllib3HttpNode(http://es01:9200)> has failed for 1 times in a row, putting on 1 second timeout
2025-06-19 14:50:04,787 WARNING  58 Retrying request after failure (attempt 0 of 3)
Traceback (most recent call last):
  File "/ragflow/.venv/lib/python3.10/site-packages/elastic_transport/_transport.py", line 328, in perform_request
    meta, raw_data = node.perform_request(
  File "/ragflow/.venv/lib/python3.10/site-packages/elastic_transport/_node/_http_urllib3.py", line 202, in perform_request
    raise err from None
elastic_transport.ConnectionError: Connection error caused by: NameResolutionError(<urllib3.connection.HTTPConnection object at 0x7fb50d32de70>: Failed to resolve 'es01' ([Errno -3] Temporary failure in name resolution))
2025-06-19 14:50:04,790 INFO     58 GET http://es01:9200/ [status:N/A duration:0.002s]
2025-06-19 14:50:04,790 WARNING  58 Node <Urllib3HttpNode(http://es01:9200)> has failed for 2 times in a row, putting on 2 second timeout
2025-06-19 14:50:04,790 WARNING  58 Retrying request after failure (attempt 1 of 3)
Traceback (most recent call last):
  File "/ragflow/.venv/lib/python3.10/site-packages/elastic_transport/_transport.py", line 328, in perform_request
    meta, raw_data = node.perform_request(
  File "/ragflow/.venv/lib/python3.10/site-packages/elastic_transport/_node/_http_urllib3.py", line 202, in perform_request
    raise err from None
elastic_transport.ConnectionError: Connection error caused by: NameResolutionError(<urllib3.connection.HTTPConnection object at 0x7fb50d32fbe0>: Failed to resolve 'es01' ([Errno -3] Temporary failure in name resolution))
2025-06-19 14:50:04,793 INFO     58 GET http://es01:9200/ [status:N/A duration:0.002s]
2025-06-19 14:50:04,793 WARNING  58 Node <Urllib3HttpNode(http://es01:9200)> has failed for 3 times in a row, putting on 4 second timeout
2025-06-19 14:50:04,793 WARNING  58 Retrying request after failure (attempt 2 of 3)
Traceback (most recent call last):
  File "/ragflow/.venv/lib/python3.10/site-packages/elastic_transport/_transport.py", line 328, in perform_request
    meta, raw_data = node.perform_request(
  File "/ragflow/.venv/lib/python3.10/site-packages/elastic_transport/_node/_http_urllib3.py", line 202, in perform_request
    raise err from None
elastic_transport.ConnectionError: Connection error caused by: NameResolutionError(<urllib3.connection.HTTPConnection object at 0x7fb50d32fee0>: Failed to resolve 'es01' ([Errno -3] Temporary failure in name resolution))
2025-06-19 14:50:04,796 INFO     58 GET http://es01:9200/ [status:N/A duration:0.002s]
2025-06-19 14:50:04,796 WARNING  58 Node <Urllib3HttpNode(http://es01:9200)> has failed for 4 times in a row, putting on 8 second timeout
2025-06-19 14:50:04,796 WARNING  58 Connection error caused by: ConnectionError(Connection error caused by: NameResolutionError(<urllib3.connection.HTTPConnection object at 0x7fb50d32de70>: Failed to resolve 'es01' ([Errno -3] Temporary failure in name resolution))). Waiting Elasticsearch http://es01:9200 to be healthy.
2025-06-19 14:50:09,802 INFO     58 Resurrected node <Urllib3HttpNode(http://es01:9200)> (force=False)
2025-06-19 14:50:09,807 INFO     58 HEAD http://es01:9200/ [status:N/A duration:0.004s]
2025-06-19 14:50:09,807 WARNING  58 Node <Urllib3HttpNode(http://es01:9200)> has failed for 5 times in a row, putting on 16 second timeout
2025-06-19 14:50:09,807 WARNING  58 Retrying request after failure (attempt 0 of 3)
Traceback (most recent call last):
  File "/ragflow/.venv/lib/python3.10/site-packages/elastic_transport/_transport.py", line 328, in perform_request
    meta, raw_data = node.perform_request(
  File "/ragflow/.venv/lib/python3.10/site-packages/elastic_transport/_node/_http_urllib3.py", line 202, in perform_request
    raise err from None
elastic_transport.ConnectionError: Connection error caused by: NameResolutionError(<urllib3.connection.HTTPConnection object at 0x7fb50d32e650>: Failed to resolve 'es01' ([Errno -3] Temporary failure in name resolution))
2025-06-19 14:50:09,808 INFO     58 Resurrected node <Urllib3HttpNode(http://es01:9200)> (force=False)
2025-06-19 14:50:09,811 INFO     58 HEAD http://es01:9200/ [status:N/A duration:0.002s]
2025-06-19 14:50:09,811 WARNING  58 Node <Urllib3HttpNode(http://es01:9200)> has failed for 6 times in a row, putting on 30 second timeout
2025-06-19 14:50:09,811 WARNING  58 Retrying request after failure (attempt 1 of 3)
Traceback (most recent call last):
  File "/ragflow/.venv/lib/python3.10/site-packages/elastic_transport/_transport.py", line 328, in perform_request
    meta, raw_data = node.perform_request(
  File "/ragflow/.venv/lib/python3.10/site-packages/elastic_transport/_node/_http_urllib3.py", line 202, in perform_request
    raise err from None
elastic_transport.ConnectionError: Connection error caused by: NameResolutionError(<urllib3.connection.HTTPConnection object at 0x7fb50d32ef50>: Failed to resolve 'es01' ([Errno -3] Temporary failure in name resolution))
2025-06-19 14:50:09,811 INFO     58 Resurrected node <Urllib3HttpNode(http://es01:9200)> (force=False)
2025-06-19 14:50:09,815 INFO     58 HEAD http://es01:9200/ [status:N/A duration:0.003s]
2025-06-19 14:50:09,815 WARNING  58 Node <Urllib3HttpNode(http://es01:9200)> has failed for 7 times in a row, putting on 30 second timeout
2025-06-19 14:50:09,815 WARNING  58 Retrying request after failure (attempt 2 of 3)
Traceback (most recent call last):
  File "/ragflow/.venv/lib/python3.10/site-packages/elastic_transport/_transport.py", line 328, in perform_request
    meta, raw_data = node.perform_request(
  File "/ragflow/.venv/lib/python3.10/site-packages/elastic_transport/_node/_http_urllib3.py", line 202, in perform_request
    raise err from None
elastic_transport.ConnectionError: Connection error caused by: NameResolutionError(<urllib3.connection.HTTPConnection object at 0x7fb50d32d420>: Failed to resolve 'es01' ([Errno -3] Temporary failure in name resolution))
2025-06-19 14:50:09,817 INFO     58 HEAD http://es01:9200/ [status:N/A duration:0.002s]
2025-06-19 14:50:09,818 WARNING  58 Node <Urllib3HttpNode(http://es01:9200)> has failed for 8 times in a row, putting on 30 second timeout
2025-06-19 14:50:09,818 ERROR    58 Elasticsearch http://es01:9200 is unhealthy in 120s.
