2025-06-17 23:17:37,151 INFO     38 task_executor_b6acf9e49527_0 log path: /ragflow/logs/task_executor_b6acf9e49527_0.log, log levels: {'peewee': 'WARNING', 'pdfminer': 'WARNING', 'root': 'INFO'}
2025-06-17 23:17:37,151 INFO     38 
  ______           __      ______                     __
 /_  __/___ ______/ /__   / ____/  _____  _______  __/ /_____  _____
  / / / __ `/ ___/ //_/  / __/ | |/_/ _ \/ ___/ / / / __/ __ \/ ___/
 / / / /_/ (__  ) ,<    / /____>  </  __/ /__/ /_/ / /_/ /_/ / /
/_/  \__,_/____/_/|_|  /_____/_/|_|\___/\___/\__,_/\__/\____/_/
    
2025-06-17 23:17:37,152 INFO     38 TaskExecutor: RAGFlow version: v0.19.0 slim
2025-06-17 23:17:37,152 INFO     38 Use Elasticsearch http://es01:9200 as the doc engine.
2025-06-17 23:17:37,174 INFO     38 GET http://es01:9200/ [status:200 duration:0.020s]
2025-06-17 23:17:37,185 INFO     38 HEAD http://es01:9200/ [status:200 duration:0.010s]
2025-06-17 23:17:37,186 INFO     38 Elasticsearch http://es01:9200 is healthy.
2025-06-17 23:17:37,196 WARNING  38 Load term.freq FAIL!
2025-06-17 23:17:37,204 WARNING  38 Realtime synonym is disabled, since no redis connection.
2025-06-17 23:17:37,215 WARNING  38 Load term.freq FAIL!
2025-06-17 23:17:37,222 WARNING  38 Realtime synonym is disabled, since no redis connection.
2025-06-17 23:17:37,223 INFO     38 MAX_CONTENT_LENGTH: 134217728
2025-06-17 23:17:37,223 INFO     38 MAX_FILE_COUNT_PER_USER: 0
2025-06-17 23:17:37,230 INFO     38 task_executor_b6acf9e49527_0 reported heartbeat: {"name": "task_executor_b6acf9e49527_0", "now": "2025-06-17T23:17:37.229+08:00", "boot_at": "2025-06-17T23:17:37.150+08:00", "pending": 0, "lag": 0, "done": 0, "failed": 0, "current": {}}
2025-06-17 23:17:37,232 INFO     38 task_executor_40812c71df4c_0 expired, removed
2025-06-17 23:17:37,233 WARNING  38 RedisDB.get_unacked_iterator queue rag_flow_svr_queue_1 doesn't exist
2025-06-17 23:18:07,236 INFO     38 task_executor_b6acf9e49527_0 reported heartbeat: {"name": "task_executor_b6acf9e49527_0", "now": "2025-06-17T23:18:07.234+08:00", "boot_at": "2025-06-17T23:17:37.150+08:00", "pending": 0, "lag": 0, "done": 0, "failed": 0, "current": {}}
2025-06-17 23:18:37,241 INFO     38 task_executor_b6acf9e49527_0 reported heartbeat: {"name": "task_executor_b6acf9e49527_0", "now": "2025-06-17T23:18:37.240+08:00", "boot_at": "2025-06-17T23:17:37.150+08:00", "pending": 0, "lag": 0, "done": 0, "failed": 0, "current": {}}
2025-06-17 23:19:07,247 INFO     38 task_executor_b6acf9e49527_0 reported heartbeat: {"name": "task_executor_b6acf9e49527_0", "now": "2025-06-17T23:19:07.245+08:00", "boot_at": "2025-06-17T23:17:37.150+08:00", "pending": 0, "lag": 0, "done": 0, "failed": 0, "current": {}}
2025-06-17 23:19:37,251 INFO     38 task_executor_b6acf9e49527_0 reported heartbeat: {"name": "task_executor_b6acf9e49527_0", "now": "2025-06-17T23:19:37.249+08:00", "boot_at": "2025-06-17T23:17:37.150+08:00", "pending": 0, "lag": 0, "done": 0, "failed": 0, "current": {}}
2025-06-17 23:20:07,256 INFO     38 task_executor_b6acf9e49527_0 reported heartbeat: {"name": "task_executor_b6acf9e49527_0", "now": "2025-06-17T23:20:07.254+08:00", "boot_at": "2025-06-17T23:17:37.150+08:00", "pending": 0, "lag": 0, "done": 0, "failed": 0, "current": {}}
2025-06-17 23:20:37,261 INFO     38 task_executor_b6acf9e49527_0 reported heartbeat: {"name": "task_executor_b6acf9e49527_0", "now": "2025-06-17T23:20:37.259+08:00", "boot_at": "2025-06-17T23:17:37.150+08:00", "pending": 0, "lag": 0, "done": 0, "failed": 0, "current": {}}
