2025-06-18 00:18:17,136 INFO     52 task_executor_7effdf3fee30_0 log path: /ragflow/logs/task_executor_7effdf3fee30_0.log, log levels: {'peewee': 'WARNING', 'pdfminer': 'WARNING', 'root': 'INFO'}
2025-06-18 00:18:17,137 INFO     52 
  ______           __      ______                     __
 /_  __/___ ______/ /__   / ____/  _____  _______  __/ /_____  _____
  / / / __ `/ ___/ //_/  / __/ | |/_/ _ \/ ___/ / / / __/ __ \/ ___/
 / / / /_/ (__  ) ,<    / /____>  </  __/ /__/ /_/ / /_/ /_/ / /
/_/  \__,_/____/_/|_|  /_____/_/|_|\___/\___/\__,_/\__/\____/_/
    
2025-06-18 00:18:17,137 INFO     52 TaskExecutor: RAGFlow version: v0.19.0 slim
2025-06-18 00:18:17,137 INFO     52 Use Elasticsearch http://es01:9200 as the doc engine.
2025-06-18 00:18:17,143 INFO     52 GET http://es01:9200/ [status:N/A duration:0.004s]
2025-06-18 00:18:17,143 WARNING  52 Node <Urllib3HttpNode(http://es01:9200)> has failed for 1 times in a row, putting on 1 second timeout
2025-06-18 00:18:17,143 WARNING  52 Retrying request after failure (attempt 0 of 3)
Traceback (most recent call last):
  File "/ragflow/.venv/lib/python3.10/site-packages/elastic_transport/_transport.py", line 328, in perform_request
    meta, raw_data = node.perform_request(
  File "/ragflow/.venv/lib/python3.10/site-packages/elastic_transport/_node/_http_urllib3.py", line 202, in perform_request
    raise err from None
elastic_transport.ConnectionError: Connection error caused by: NameResolutionError(<urllib3.connection.HTTPConnection object at 0x7f45ecd37940>: Failed to resolve 'es01' ([Errno -3] Temporary failure in name resolution))
2025-06-18 00:18:17,146 INFO     52 GET http://es01:9200/ [status:N/A duration:0.003s]
2025-06-18 00:18:17,146 WARNING  52 Node <Urllib3HttpNode(http://es01:9200)> has failed for 2 times in a row, putting on 2 second timeout
2025-06-18 00:18:17,147 WARNING  52 Retrying request after failure (attempt 1 of 3)
Traceback (most recent call last):
  File "/ragflow/.venv/lib/python3.10/site-packages/elastic_transport/_transport.py", line 328, in perform_request
    meta, raw_data = node.perform_request(
  File "/ragflow/.venv/lib/python3.10/site-packages/elastic_transport/_node/_http_urllib3.py", line 202, in perform_request
    raise err from None
elastic_transport.ConnectionError: Connection error caused by: NameResolutionError(<urllib3.connection.HTTPConnection object at 0x7f45ecd37910>: Failed to resolve 'es01' ([Errno -3] Temporary failure in name resolution))
2025-06-18 00:18:17,150 INFO     52 GET http://es01:9200/ [status:N/A duration:0.003s]
2025-06-18 00:18:17,150 WARNING  52 Node <Urllib3HttpNode(http://es01:9200)> has failed for 3 times in a row, putting on 4 second timeout
2025-06-18 00:18:17,151 WARNING  52 Retrying request after failure (attempt 2 of 3)
Traceback (most recent call last):
  File "/ragflow/.venv/lib/python3.10/site-packages/elastic_transport/_transport.py", line 328, in perform_request
    meta, raw_data = node.perform_request(
  File "/ragflow/.venv/lib/python3.10/site-packages/elastic_transport/_node/_http_urllib3.py", line 202, in perform_request
    raise err from None
elastic_transport.ConnectionError: Connection error caused by: NameResolutionError(<urllib3.connection.HTTPConnection object at 0x7f45ecd34f70>: Failed to resolve 'es01' ([Errno -3] Temporary failure in name resolution))
2025-06-18 00:18:17,156 INFO     52 GET http://es01:9200/ [status:N/A duration:0.004s]
2025-06-18 00:18:17,156 WARNING  52 Node <Urllib3HttpNode(http://es01:9200)> has failed for 4 times in a row, putting on 8 second timeout
2025-06-18 00:18:17,157 WARNING  52 Connection error caused by: ConnectionError(Connection error caused by: NameResolutionError(<urllib3.connection.HTTPConnection object at 0x7f45ecd37940>: Failed to resolve 'es01' ([Errno -3] Temporary failure in name resolution))). Waiting Elasticsearch http://es01:9200 to be healthy.
2025-06-18 00:18:22,169 INFO     52 GET http://es01:9200/ [status:N/A duration:0.005s]
2025-06-18 00:18:22,170 WARNING  52 Node <Urllib3HttpNode(http://es01:9200)> has failed for 1 times in a row, putting on 1 second timeout
2025-06-18 00:18:22,170 WARNING  52 Retrying request after failure (attempt 0 of 3)
Traceback (most recent call last):
  File "/ragflow/.venv/lib/python3.10/site-packages/elastic_transport/_transport.py", line 328, in perform_request
    meta, raw_data = node.perform_request(
  File "/ragflow/.venv/lib/python3.10/site-packages/elastic_transport/_node/_http_urllib3.py", line 202, in perform_request
    raise err from None
elastic_transport.ConnectionError: Connection error caused by: NameResolutionError(<urllib3.connection.HTTPConnection object at 0x7f45ecdf5630>: Failed to resolve 'es01' ([Errno -3] Temporary failure in name resolution))
2025-06-18 00:18:22,174 INFO     52 GET http://es01:9200/ [status:N/A duration:0.003s]
2025-06-18 00:18:22,174 WARNING  52 Node <Urllib3HttpNode(http://es01:9200)> has failed for 2 times in a row, putting on 2 second timeout
2025-06-18 00:18:22,174 WARNING  52 Retrying request after failure (attempt 1 of 3)
Traceback (most recent call last):
  File "/ragflow/.venv/lib/python3.10/site-packages/elastic_transport/_transport.py", line 328, in perform_request
    meta, raw_data = node.perform_request(
  File "/ragflow/.venv/lib/python3.10/site-packages/elastic_transport/_node/_http_urllib3.py", line 202, in perform_request
    raise err from None
elastic_transport.ConnectionError: Connection error caused by: NameResolutionError(<urllib3.connection.HTTPConnection object at 0x7f45ecdf7c70>: Failed to resolve 'es01' ([Errno -3] Temporary failure in name resolution))
2025-06-18 00:18:22,177 INFO     52 GET http://es01:9200/ [status:N/A duration:0.002s]
2025-06-18 00:18:22,178 WARNING  52 Node <Urllib3HttpNode(http://es01:9200)> has failed for 3 times in a row, putting on 4 second timeout
2025-06-18 00:18:22,178 WARNING  52 Retrying request after failure (attempt 2 of 3)
Traceback (most recent call last):
  File "/ragflow/.venv/lib/python3.10/site-packages/elastic_transport/_transport.py", line 328, in perform_request
    meta, raw_data = node.perform_request(
  File "/ragflow/.venv/lib/python3.10/site-packages/elastic_transport/_node/_http_urllib3.py", line 202, in perform_request
    raise err from None
elastic_transport.ConnectionError: Connection error caused by: NameResolutionError(<urllib3.connection.HTTPConnection object at 0x7f45ecdf65f0>: Failed to resolve 'es01' ([Errno -3] Temporary failure in name resolution))
2025-06-18 00:18:22,182 INFO     52 GET http://es01:9200/ [status:N/A duration:0.003s]
2025-06-18 00:18:22,182 WARNING  52 Node <Urllib3HttpNode(http://es01:9200)> has failed for 4 times in a row, putting on 8 second timeout
2025-06-18 00:18:22,182 WARNING  52 Connection error caused by: ConnectionError(Connection error caused by: NameResolutionError(<urllib3.connection.HTTPConnection object at 0x7f45ecdf5630>: Failed to resolve 'es01' ([Errno -3] Temporary failure in name resolution))). Waiting Elasticsearch http://es01:9200 to be healthy.
2025-06-18 00:18:27,188 INFO     52 Resurrected node <Urllib3HttpNode(http://es01:9200)> (force=False)
2025-06-18 00:18:27,193 INFO     52 HEAD http://es01:9200/ [status:N/A duration:0.004s]
2025-06-18 00:18:27,193 WARNING  52 Node <Urllib3HttpNode(http://es01:9200)> has failed for 5 times in a row, putting on 16 second timeout
2025-06-18 00:18:27,193 WARNING  52 Retrying request after failure (attempt 0 of 3)
Traceback (most recent call last):
  File "/ragflow/.venv/lib/python3.10/site-packages/elastic_transport/_transport.py", line 328, in perform_request
    meta, raw_data = node.perform_request(
  File "/ragflow/.venv/lib/python3.10/site-packages/elastic_transport/_node/_http_urllib3.py", line 202, in perform_request
    raise err from None
elastic_transport.ConnectionError: Connection error caused by: NameResolutionError(<urllib3.connection.HTTPConnection object at 0x7f45ecdf6d70>: Failed to resolve 'es01' ([Errno -3] Temporary failure in name resolution))
2025-06-18 00:18:27,194 INFO     52 Resurrected node <Urllib3HttpNode(http://es01:9200)> (force=False)
2025-06-18 00:18:27,197 INFO     52 HEAD http://es01:9200/ [status:N/A duration:0.003s]
2025-06-18 00:18:27,198 WARNING  52 Node <Urllib3HttpNode(http://es01:9200)> has failed for 6 times in a row, putting on 30 second timeout
2025-06-18 00:18:27,198 WARNING  52 Retrying request after failure (attempt 1 of 3)
Traceback (most recent call last):
  File "/ragflow/.venv/lib/python3.10/site-packages/elastic_transport/_transport.py", line 328, in perform_request
    meta, raw_data = node.perform_request(
  File "/ragflow/.venv/lib/python3.10/site-packages/elastic_transport/_node/_http_urllib3.py", line 202, in perform_request
    raise err from None
elastic_transport.ConnectionError: Connection error caused by: NameResolutionError(<urllib3.connection.HTTPConnection object at 0x7f45ecdf6620>: Failed to resolve 'es01' ([Errno -3] Temporary failure in name resolution))
2025-06-18 00:18:27,198 INFO     52 Resurrected node <Urllib3HttpNode(http://es01:9200)> (force=False)
2025-06-18 00:18:27,201 INFO     52 HEAD http://es01:9200/ [status:N/A duration:0.003s]
2025-06-18 00:18:27,201 WARNING  52 Node <Urllib3HttpNode(http://es01:9200)> has failed for 7 times in a row, putting on 30 second timeout
2025-06-18 00:18:27,202 WARNING  52 Retrying request after failure (attempt 2 of 3)
Traceback (most recent call last):
  File "/ragflow/.venv/lib/python3.10/site-packages/elastic_transport/_transport.py", line 328, in perform_request
    meta, raw_data = node.perform_request(
  File "/ragflow/.venv/lib/python3.10/site-packages/elastic_transport/_node/_http_urllib3.py", line 202, in perform_request
    raise err from None
elastic_transport.ConnectionError: Connection error caused by: NameResolutionError(<urllib3.connection.HTTPConnection object at 0x7f45ecdf6500>: Failed to resolve 'es01' ([Errno -3] Temporary failure in name resolution))
2025-06-18 00:18:27,204 INFO     52 HEAD http://es01:9200/ [status:N/A duration:0.002s]
2025-06-18 00:18:27,204 WARNING  52 Node <Urllib3HttpNode(http://es01:9200)> has failed for 8 times in a row, putting on 30 second timeout
2025-06-18 00:18:27,204 ERROR    52 Elasticsearch http://es01:9200 is unhealthy in 120s.
