2025-06-18 02:05:02,152 INFO     84 task_executor_17fccd3ab310_0 log path: /ragflow/logs/task_executor_17fccd3ab310_0.log, log levels: {'peewee': 'WARNING', 'pdfminer': 'WARNING', 'root': 'INFO'}
2025-06-18 02:05:02,153 INFO     84 
  ______           __      ______                     __
 /_  __/___ ______/ /__   / ____/  _____  _______  __/ /_____  _____
  / / / __ `/ ___/ //_/  / __/ | |/_/ _ \/ ___/ / / / __/ __ \/ ___/
 / / / /_/ (__  ) ,<    / /____>  </  __/ /__/ /_/ / /_/ /_/ / /
/_/  \__,_/____/_/|_|  /_____/_/|_|\___/\___/\__,_/\__/\____/_/
    
2025-06-18 02:05:02,153 INFO     84 TaskExecutor: RAGFlow version: v0.19.0 slim
2025-06-18 02:05:02,154 INFO     84 Use Elasticsearch http://es01:9200 as the doc engine.
2025-06-18 02:05:02,160 INFO     84 GET http://es01:9200/ [status:N/A duration:0.005s]
2025-06-18 02:05:02,161 WARNING  84 Node <Urllib3HttpNode(http://es01:9200)> has failed for 1 times in a row, putting on 1 second timeout
2025-06-18 02:05:02,161 WARNING  84 Retrying request after failure (attempt 0 of 3)
Traceback (most recent call last):
  File "/ragflow/.venv/lib/python3.10/site-packages/elastic_transport/_transport.py", line 328, in perform_request
    meta, raw_data = node.perform_request(
  File "/ragflow/.venv/lib/python3.10/site-packages/elastic_transport/_node/_http_urllib3.py", line 202, in perform_request
    raise err from None
elastic_transport.ConnectionError: Connection error caused by: NameResolutionError(<urllib3.connection.HTTPConnection object at 0x7f74120d86d0>: Failed to resolve 'es01' ([Errno -3] Temporary failure in name resolution))
2025-06-18 02:05:02,167 INFO     84 GET http://es01:9200/ [status:N/A duration:0.004s]
2025-06-18 02:05:02,168 WARNING  84 Node <Urllib3HttpNode(http://es01:9200)> has failed for 2 times in a row, putting on 2 second timeout
2025-06-18 02:05:02,168 WARNING  84 Retrying request after failure (attempt 1 of 3)
Traceback (most recent call last):
  File "/ragflow/.venv/lib/python3.10/site-packages/elastic_transport/_transport.py", line 328, in perform_request
    meta, raw_data = node.perform_request(
  File "/ragflow/.venv/lib/python3.10/site-packages/elastic_transport/_node/_http_urllib3.py", line 202, in perform_request
    raise err from None
elastic_transport.ConnectionError: Connection error caused by: NameResolutionError(<urllib3.connection.HTTPConnection object at 0x7f74120d8ca0>: Failed to resolve 'es01' ([Errno -3] Temporary failure in name resolution))
2025-06-18 02:05:02,171 INFO     84 GET http://es01:9200/ [status:N/A duration:0.002s]
2025-06-18 02:05:02,171 WARNING  84 Node <Urllib3HttpNode(http://es01:9200)> has failed for 3 times in a row, putting on 4 second timeout
2025-06-18 02:05:02,171 WARNING  84 Retrying request after failure (attempt 2 of 3)
Traceback (most recent call last):
  File "/ragflow/.venv/lib/python3.10/site-packages/elastic_transport/_transport.py", line 328, in perform_request
    meta, raw_data = node.perform_request(
  File "/ragflow/.venv/lib/python3.10/site-packages/elastic_transport/_node/_http_urllib3.py", line 202, in perform_request
    raise err from None
elastic_transport.ConnectionError: Connection error caused by: NameResolutionError(<urllib3.connection.HTTPConnection object at 0x7f74120dbf70>: Failed to resolve 'es01' ([Errno -3] Temporary failure in name resolution))
2025-06-18 02:05:02,174 INFO     84 GET http://es01:9200/ [status:N/A duration:0.002s]
2025-06-18 02:05:02,174 WARNING  84 Node <Urllib3HttpNode(http://es01:9200)> has failed for 4 times in a row, putting on 8 second timeout
2025-06-18 02:05:02,174 WARNING  84 Connection error caused by: ConnectionError(Connection error caused by: NameResolutionError(<urllib3.connection.HTTPConnection object at 0x7f74120d86d0>: Failed to resolve 'es01' ([Errno -3] Temporary failure in name resolution))). Waiting Elasticsearch http://es01:9200 to be healthy.
2025-06-18 02:05:07,186 INFO     84 GET http://es01:9200/ [status:N/A duration:0.005s]
2025-06-18 02:05:07,187 WARNING  84 Node <Urllib3HttpNode(http://es01:9200)> has failed for 1 times in a row, putting on 1 second timeout
2025-06-18 02:05:07,187 WARNING  84 Retrying request after failure (attempt 0 of 3)
Traceback (most recent call last):
  File "/ragflow/.venv/lib/python3.10/site-packages/elastic_transport/_transport.py", line 328, in perform_request
    meta, raw_data = node.perform_request(
  File "/ragflow/.venv/lib/python3.10/site-packages/elastic_transport/_node/_http_urllib3.py", line 202, in perform_request
    raise err from None
elastic_transport.ConnectionError: Connection error caused by: NameResolutionError(<urllib3.connection.HTTPConnection object at 0x7f73c1bb47f0>: Failed to resolve 'es01' ([Errno -3] Temporary failure in name resolution))
2025-06-18 02:05:07,190 INFO     84 GET http://es01:9200/ [status:N/A duration:0.002s]
2025-06-18 02:05:07,190 WARNING  84 Node <Urllib3HttpNode(http://es01:9200)> has failed for 2 times in a row, putting on 2 second timeout
2025-06-18 02:05:07,190 WARNING  84 Retrying request after failure (attempt 1 of 3)
Traceback (most recent call last):
  File "/ragflow/.venv/lib/python3.10/site-packages/elastic_transport/_transport.py", line 328, in perform_request
    meta, raw_data = node.perform_request(
  File "/ragflow/.venv/lib/python3.10/site-packages/elastic_transport/_node/_http_urllib3.py", line 202, in perform_request
    raise err from None
elastic_transport.ConnectionError: Connection error caused by: NameResolutionError(<urllib3.connection.HTTPConnection object at 0x7f73c1bb4130>: Failed to resolve 'es01' ([Errno -3] Temporary failure in name resolution))
2025-06-18 02:05:07,193 INFO     84 GET http://es01:9200/ [status:N/A duration:0.002s]
2025-06-18 02:05:07,193 WARNING  84 Node <Urllib3HttpNode(http://es01:9200)> has failed for 3 times in a row, putting on 4 second timeout
2025-06-18 02:05:07,193 WARNING  84 Retrying request after failure (attempt 2 of 3)
Traceback (most recent call last):
  File "/ragflow/.venv/lib/python3.10/site-packages/elastic_transport/_transport.py", line 328, in perform_request
    meta, raw_data = node.perform_request(
  File "/ragflow/.venv/lib/python3.10/site-packages/elastic_transport/_node/_http_urllib3.py", line 202, in perform_request
    raise err from None
elastic_transport.ConnectionError: Connection error caused by: NameResolutionError(<urllib3.connection.HTTPConnection object at 0x7f73c1bb6440>: Failed to resolve 'es01' ([Errno -3] Temporary failure in name resolution))
2025-06-18 02:05:07,195 INFO     84 GET http://es01:9200/ [status:N/A duration:0.002s]
2025-06-18 02:05:07,195 WARNING  84 Node <Urllib3HttpNode(http://es01:9200)> has failed for 4 times in a row, putting on 8 second timeout
2025-06-18 02:05:07,196 WARNING  84 Connection error caused by: ConnectionError(Connection error caused by: NameResolutionError(<urllib3.connection.HTTPConnection object at 0x7f73c1bb47f0>: Failed to resolve 'es01' ([Errno -3] Temporary failure in name resolution))). Waiting Elasticsearch http://es01:9200 to be healthy.
2025-06-18 02:05:12,201 INFO     84 Resurrected node <Urllib3HttpNode(http://es01:9200)> (force=False)
2025-06-18 02:05:12,207 INFO     84 HEAD http://es01:9200/ [status:N/A duration:0.006s]
2025-06-18 02:05:12,208 WARNING  84 Node <Urllib3HttpNode(http://es01:9200)> has failed for 5 times in a row, putting on 16 second timeout
2025-06-18 02:05:12,208 WARNING  84 Retrying request after failure (attempt 0 of 3)
Traceback (most recent call last):
  File "/ragflow/.venv/lib/python3.10/site-packages/elastic_transport/_transport.py", line 328, in perform_request
    meta, raw_data = node.perform_request(
  File "/ragflow/.venv/lib/python3.10/site-packages/elastic_transport/_node/_http_urllib3.py", line 202, in perform_request
    raise err from None
elastic_transport.ConnectionError: Connection error caused by: NameResolutionError(<urllib3.connection.HTTPConnection object at 0x7f73c1bb6800>: Failed to resolve 'es01' ([Errno -3] Temporary failure in name resolution))
2025-06-18 02:05:12,209 INFO     84 Resurrected node <Urllib3HttpNode(http://es01:9200)> (force=False)
2025-06-18 02:05:12,212 INFO     84 HEAD http://es01:9200/ [status:N/A duration:0.003s]
2025-06-18 02:05:12,212 WARNING  84 Node <Urllib3HttpNode(http://es01:9200)> has failed for 6 times in a row, putting on 30 second timeout
2025-06-18 02:05:12,212 WARNING  84 Retrying request after failure (attempt 1 of 3)
Traceback (most recent call last):
  File "/ragflow/.venv/lib/python3.10/site-packages/elastic_transport/_transport.py", line 328, in perform_request
    meta, raw_data = node.perform_request(
  File "/ragflow/.venv/lib/python3.10/site-packages/elastic_transport/_node/_http_urllib3.py", line 202, in perform_request
    raise err from None
elastic_transport.ConnectionError: Connection error caused by: NameResolutionError(<urllib3.connection.HTTPConnection object at 0x7f73c1bb58d0>: Failed to resolve 'es01' ([Errno -3] Temporary failure in name resolution))
2025-06-18 02:05:12,213 INFO     84 Resurrected node <Urllib3HttpNode(http://es01:9200)> (force=False)
2025-06-18 02:05:12,216 INFO     84 HEAD http://es01:9200/ [status:N/A duration:0.003s]
2025-06-18 02:05:12,216 WARNING  84 Node <Urllib3HttpNode(http://es01:9200)> has failed for 7 times in a row, putting on 30 second timeout
2025-06-18 02:05:12,216 WARNING  84 Retrying request after failure (attempt 2 of 3)
Traceback (most recent call last):
  File "/ragflow/.venv/lib/python3.10/site-packages/elastic_transport/_transport.py", line 328, in perform_request
    meta, raw_data = node.perform_request(
  File "/ragflow/.venv/lib/python3.10/site-packages/elastic_transport/_node/_http_urllib3.py", line 202, in perform_request
    raise err from None
elastic_transport.ConnectionError: Connection error caused by: NameResolutionError(<urllib3.connection.HTTPConnection object at 0x7f73c1bb5930>: Failed to resolve 'es01' ([Errno -3] Temporary failure in name resolution))
2025-06-18 02:05:12,218 INFO     84 HEAD http://es01:9200/ [status:N/A duration:0.002s]
2025-06-18 02:05:12,218 WARNING  84 Node <Urllib3HttpNode(http://es01:9200)> has failed for 8 times in a row, putting on 30 second timeout
2025-06-18 02:05:12,219 ERROR    84 Elasticsearch http://es01:9200 is unhealthy in 120s.
