2025-06-17 21:22:44,404 INFO     49 task_executor_1e1c5e4586c6_0 log path: /ragflow/logs/task_executor_1e1c5e4586c6_0.log, log levels: {'peewee': 'WARNING', 'pdfminer': 'WARNING', 'root': 'INFO'}
2025-06-17 21:22:44,405 INFO     49 
  ______           __      ______                     __
 /_  __/___ ______/ /__   / ____/  _____  _______  __/ /_____  _____
  / / / __ `/ ___/ //_/  / __/ | |/_/ _ \/ ___/ / / / __/ __ \/ ___/
 / / / /_/ (__  ) ,<    / /____>  </  __/ /__/ /_/ / /_/ /_/ / /
/_/  \__,_/____/_/|_|  /_____/_/|_|\___/\___/\__,_/\__/\____/_/
    
2025-06-17 21:22:44,405 INFO     49 TaskExecutor: RAGFlow version: v0.19.0 slim
2025-06-17 21:22:44,406 INFO     49 Use Elasticsearch http://es01:9200 as the doc engine.
2025-06-17 21:22:44,412 INFO     49 GET http://es01:9200/ [status:N/A duration:0.005s]
2025-06-17 21:22:44,412 WARNING  49 Node <Urllib3HttpNode(http://es01:9200)> has failed for 1 times in a row, putting on 1 second timeout
2025-06-17 21:22:44,412 WARNING  49 Retrying request after failure (attempt 0 of 3)
Traceback (most recent call last):
  File "/ragflow/.venv/lib/python3.10/site-packages/elastic_transport/_transport.py", line 328, in perform_request
    meta, raw_data = node.perform_request(
  File "/ragflow/.venv/lib/python3.10/site-packages/elastic_transport/_node/_http_urllib3.py", line 202, in perform_request
    raise err from None
elastic_transport.ConnectionError: Connection error caused by: NameResolutionError(<urllib3.connection.HTTPConnection object at 0x7f347f1ccee0>: Failed to resolve 'es01' ([Errno -3] Temporary failure in name resolution))
2025-06-17 21:22:44,415 INFO     49 GET http://es01:9200/ [status:N/A duration:0.002s]
2025-06-17 21:22:44,415 WARNING  49 Node <Urllib3HttpNode(http://es01:9200)> has failed for 2 times in a row, putting on 2 second timeout
2025-06-17 21:22:44,415 WARNING  49 Retrying request after failure (attempt 1 of 3)
Traceback (most recent call last):
  File "/ragflow/.venv/lib/python3.10/site-packages/elastic_transport/_transport.py", line 328, in perform_request
    meta, raw_data = node.perform_request(
  File "/ragflow/.venv/lib/python3.10/site-packages/elastic_transport/_node/_http_urllib3.py", line 202, in perform_request
    raise err from None
elastic_transport.ConnectionError: Connection error caused by: NameResolutionError(<urllib3.connection.HTTPConnection object at 0x7f347f1ceb60>: Failed to resolve 'es01' ([Errno -3] Temporary failure in name resolution))
2025-06-17 21:22:44,416 INFO     49 GET http://es01:9200/ [status:N/A duration:0.001s]
2025-06-17 21:22:44,416 WARNING  49 Node <Urllib3HttpNode(http://es01:9200)> has failed for 3 times in a row, putting on 4 second timeout
2025-06-17 21:22:44,416 WARNING  49 Retrying request after failure (attempt 2 of 3)
Traceback (most recent call last):
  File "/ragflow/.venv/lib/python3.10/site-packages/elastic_transport/_transport.py", line 328, in perform_request
    meta, raw_data = node.perform_request(
  File "/ragflow/.venv/lib/python3.10/site-packages/elastic_transport/_node/_http_urllib3.py", line 202, in perform_request
    raise err from None
elastic_transport.ConnectionError: Connection error caused by: NameResolutionError(<urllib3.connection.HTTPConnection object at 0x7f347f1cc490>: Failed to resolve 'es01' ([Errno -3] Temporary failure in name resolution))
2025-06-17 21:22:44,418 INFO     49 GET http://es01:9200/ [status:N/A duration:0.001s]
2025-06-17 21:22:44,418 WARNING  49 Node <Urllib3HttpNode(http://es01:9200)> has failed for 4 times in a row, putting on 8 second timeout
2025-06-17 21:22:44,418 WARNING  49 Connection error caused by: ConnectionError(Connection error caused by: NameResolutionError(<urllib3.connection.HTTPConnection object at 0x7f347f1ccee0>: Failed to resolve 'es01' ([Errno -3] Temporary failure in name resolution))). Waiting Elasticsearch http://es01:9200 to be healthy.
2025-06-17 21:22:49,431 INFO     49 GET http://es01:9200/ [status:N/A duration:0.006s]
2025-06-17 21:22:49,432 WARNING  49 Node <Urllib3HttpNode(http://es01:9200)> has failed for 1 times in a row, putting on 1 second timeout
2025-06-17 21:22:49,432 WARNING  49 Retrying request after failure (attempt 0 of 3)
Traceback (most recent call last):
  File "/ragflow/.venv/lib/python3.10/site-packages/elastic_transport/_transport.py", line 328, in perform_request
    meta, raw_data = node.perform_request(
  File "/ragflow/.venv/lib/python3.10/site-packages/elastic_transport/_node/_http_urllib3.py", line 202, in perform_request
    raise err from None
elastic_transport.ConnectionError: Connection error caused by: NameResolutionError(<urllib3.connection.HTTPConnection object at 0x7f347f1cf340>: Failed to resolve 'es01' ([Errno -3] Temporary failure in name resolution))
2025-06-17 21:22:49,437 INFO     49 GET http://es01:9200/ [status:N/A duration:0.003s]
2025-06-17 21:22:49,437 WARNING  49 Node <Urllib3HttpNode(http://es01:9200)> has failed for 2 times in a row, putting on 2 second timeout
2025-06-17 21:22:49,437 WARNING  49 Retrying request after failure (attempt 1 of 3)
Traceback (most recent call last):
  File "/ragflow/.venv/lib/python3.10/site-packages/elastic_transport/_transport.py", line 328, in perform_request
    meta, raw_data = node.perform_request(
  File "/ragflow/.venv/lib/python3.10/site-packages/elastic_transport/_node/_http_urllib3.py", line 202, in perform_request
    raise err from None
elastic_transport.ConnectionError: Connection error caused by: NameResolutionError(<urllib3.connection.HTTPConnection object at 0x7f347f1cd6f0>: Failed to resolve 'es01' ([Errno -3] Temporary failure in name resolution))
2025-06-17 21:22:49,440 INFO     49 GET http://es01:9200/ [status:N/A duration:0.002s]
2025-06-17 21:22:49,440 WARNING  49 Node <Urllib3HttpNode(http://es01:9200)> has failed for 3 times in a row, putting on 4 second timeout
2025-06-17 21:22:49,441 WARNING  49 Retrying request after failure (attempt 2 of 3)
Traceback (most recent call last):
  File "/ragflow/.venv/lib/python3.10/site-packages/elastic_transport/_transport.py", line 328, in perform_request
    meta, raw_data = node.perform_request(
  File "/ragflow/.venv/lib/python3.10/site-packages/elastic_transport/_node/_http_urllib3.py", line 202, in perform_request
    raise err from None
elastic_transport.ConnectionError: Connection error caused by: NameResolutionError(<urllib3.connection.HTTPConnection object at 0x7f347f1cc430>: Failed to resolve 'es01' ([Errno -3] Temporary failure in name resolution))
2025-06-17 21:22:49,443 INFO     49 GET http://es01:9200/ [status:N/A duration:0.002s]
2025-06-17 21:22:49,443 WARNING  49 Node <Urllib3HttpNode(http://es01:9200)> has failed for 4 times in a row, putting on 8 second timeout
2025-06-17 21:22:49,443 WARNING  49 Connection error caused by: ConnectionError(Connection error caused by: NameResolutionError(<urllib3.connection.HTTPConnection object at 0x7f347f1cf340>: Failed to resolve 'es01' ([Errno -3] Temporary failure in name resolution))). Waiting Elasticsearch http://es01:9200 to be healthy.
2025-06-17 21:22:54,449 INFO     49 Resurrected node <Urllib3HttpNode(http://es01:9200)> (force=False)
2025-06-17 21:22:54,456 INFO     49 HEAD http://es01:9200/ [status:N/A duration:0.006s]
2025-06-17 21:22:54,456 WARNING  49 Node <Urllib3HttpNode(http://es01:9200)> has failed for 5 times in a row, putting on 16 second timeout
2025-06-17 21:22:54,456 WARNING  49 Retrying request after failure (attempt 0 of 3)
Traceback (most recent call last):
  File "/ragflow/.venv/lib/python3.10/site-packages/elastic_transport/_transport.py", line 328, in perform_request
    meta, raw_data = node.perform_request(
  File "/ragflow/.venv/lib/python3.10/site-packages/elastic_transport/_node/_http_urllib3.py", line 202, in perform_request
    raise err from None
elastic_transport.ConnectionError: Connection error caused by: NameResolutionError(<urllib3.connection.HTTPConnection object at 0x7f347f1cda20>: Failed to resolve 'es01' ([Errno -3] Temporary failure in name resolution))
2025-06-17 21:22:54,457 INFO     49 Resurrected node <Urllib3HttpNode(http://es01:9200)> (force=False)
2025-06-17 21:22:54,460 INFO     49 HEAD http://es01:9200/ [status:N/A duration:0.003s]
2025-06-17 21:22:54,460 WARNING  49 Node <Urllib3HttpNode(http://es01:9200)> has failed for 6 times in a row, putting on 30 second timeout
2025-06-17 21:22:54,460 WARNING  49 Retrying request after failure (attempt 1 of 3)
Traceback (most recent call last):
  File "/ragflow/.venv/lib/python3.10/site-packages/elastic_transport/_transport.py", line 328, in perform_request
    meta, raw_data = node.perform_request(
  File "/ragflow/.venv/lib/python3.10/site-packages/elastic_transport/_node/_http_urllib3.py", line 202, in perform_request
    raise err from None
elastic_transport.ConnectionError: Connection error caused by: NameResolutionError(<urllib3.connection.HTTPConnection object at 0x7f347f1ce800>: Failed to resolve 'es01' ([Errno -3] Temporary failure in name resolution))
2025-06-17 21:22:54,461 INFO     49 Resurrected node <Urllib3HttpNode(http://es01:9200)> (force=False)
2025-06-17 21:22:54,464 INFO     49 HEAD http://es01:9200/ [status:N/A duration:0.003s]
2025-06-17 21:22:54,464 WARNING  49 Node <Urllib3HttpNode(http://es01:9200)> has failed for 7 times in a row, putting on 30 second timeout
2025-06-17 21:22:54,464 WARNING  49 Retrying request after failure (attempt 2 of 3)
Traceback (most recent call last):
  File "/ragflow/.venv/lib/python3.10/site-packages/elastic_transport/_transport.py", line 328, in perform_request
    meta, raw_data = node.perform_request(
  File "/ragflow/.venv/lib/python3.10/site-packages/elastic_transport/_node/_http_urllib3.py", line 202, in perform_request
    raise err from None
elastic_transport.ConnectionError: Connection error caused by: NameResolutionError(<urllib3.connection.HTTPConnection object at 0x7f347f1cdc90>: Failed to resolve 'es01' ([Errno -3] Temporary failure in name resolution))
2025-06-17 21:22:54,466 INFO     49 HEAD http://es01:9200/ [status:N/A duration:0.002s]
2025-06-17 21:22:54,466 WARNING  49 Node <Urllib3HttpNode(http://es01:9200)> has failed for 8 times in a row, putting on 30 second timeout
2025-06-17 21:22:54,467 ERROR    49 Elasticsearch http://es01:9200 is unhealthy in 120s.
